<?xml version="1.0" encoding="UTF-8"?>
<testsuite name="org.springframework.jdbc.datasource.embedded.EmbeddedDatabaseFactoryBeanTests" tests="1" skipped="0" failures="0" errors="0" timestamp="2020-12-16T17:34:43" hostname="DESKTOP-EMRC5FU" time="0.005">
  <properties/>
  <testcase name="testFactoryBeanLifecycle" classname="org.springframework.jdbc.datasource.embedded.EmbeddedDatabaseFactoryBeanTests" time="0.005"/>
  <system-out><![CDATA[]]></system-out>
  <system-err><![CDATA[]]></system-err>
</testsuite>
