<?xml version="1.0" encoding="UTF-8"?>
<testsuite name="org.springframework.jdbc.core.RowMapperTests" tests="5" skipped="0" failures="0" errors="0" timestamp="2020-12-16T17:34:41" hostname="DESKTOP-EMRC5FU" time="0.01">
  <properties/>
  <testcase name="preparedStatementSetterWithRowMapper" classname="org.springframework.jdbc.core.RowMapperTests" time="0.007"/>
  <testcase name="queryWithArgsAndRowMapper" classname="org.springframework.jdbc.core.RowMapperTests" time="0.001"/>
  <testcase name="queryWithArgsAndTypesAndRowMapper" classname="org.springframework.jdbc.core.RowMapperTests" time="0.001"/>
  <testcase name="staticQueryWithRowMapper" classname="org.springframework.jdbc.core.RowMapperTests" time="0.0"/>
  <testcase name="preparedStatementCreatorWithRowMapper" classname="org.springframework.jdbc.core.RowMapperTests" time="0.001"/>
  <system-out><![CDATA[]]></system-out>
  <system-err><![CDATA[]]></system-err>
</testsuite>
