<?xml version="1.0" encoding="UTF-8"?>
<testsuite name="org.springframework.jdbc.core.simple.SimpleJdbcCallTests" tests="13" skipped="0" failures="0" errors="0" timestamp="2020-12-16T17:34:41" hostname="DESKTOP-EMRC5FU" time="0.018">
  <properties/>
  <testcase name="testAddInvoiceProcWithoutMetaDataUsingArrayParams" classname="org.springframework.jdbc.core.simple.SimpleJdbcCallTests" time="0.002"/>
  <testcase name="testAddInvoiceProcWithMetaDataUsingMapParamSource" classname="org.springframework.jdbc.core.simple.SimpleJdbcCallTests" time="0.004"/>
  <testcase name="testAddInvoiceFuncWithoutMetaDataUsingArrayParams" classname="org.springframework.jdbc.core.simple.SimpleJdbcCallTests" time="0.0"/>
  <testcase name="testAddInvoiceFuncWithMetaDataUsingMapParamSource" classname="org.springframework.jdbc.core.simple.SimpleJdbcCallTests" time="0.002"/>
  <testcase name="testUnnamedParameterHandling" classname="org.springframework.jdbc.core.simple.SimpleJdbcCallTests" time="0.0"/>
  <testcase name="testAddInvoiceFuncWithoutMetaDataUsingMapParamSource" classname="org.springframework.jdbc.core.simple.SimpleJdbcCallTests" time="0.001"/>
  <testcase name="testAddInvoiceProcWithoutMetaDataUsingMapParamSource" classname="org.springframework.jdbc.core.simple.SimpleJdbcCallTests" time="0.001"/>
  <testcase name="testNoSuchStoredProcedure" classname="org.springframework.jdbc.core.simple.SimpleJdbcCallTests" time="0.001"/>
  <testcase name="testCorrectFunctionStatement" classname="org.springframework.jdbc.core.simple.SimpleJdbcCallTests" time="0.001"/>
  <testcase name="testCorrectFunctionStatementNamed" classname="org.springframework.jdbc.core.simple.SimpleJdbcCallTests" time="0.001"/>
  <testcase name="testAddInvoiceFuncWithMetaDataUsingArrayParams" classname="org.springframework.jdbc.core.simple.SimpleJdbcCallTests" time="0.001"/>
  <testcase name="testAddInvoiceProcWithMetaDataUsingArrayParams" classname="org.springframework.jdbc.core.simple.SimpleJdbcCallTests" time="0.002"/>
  <testcase name="testCorrectProcedureStatementNamed" classname="org.springframework.jdbc.core.simple.SimpleJdbcCallTests" time="0.001"/>
  <system-out><![CDATA[]]></system-out>
  <system-err><![CDATA[]]></system-err>
</testsuite>
