<?xml version="1.0" encoding="UTF-8"?>
<testsuite name="org.springframework.jdbc.datasource.embedded.EmbeddedDatabaseBuilderTests" tests="11" skipped="0" failures="0" errors="0" timestamp="2020-12-16T17:34:41" hostname="DESKTOP-EMRC5FU" time="1.914">
  <properties/>
  <testcase name="createSameSchemaTwiceWithGeneratedUniqueDbNames" classname="org.springframework.jdbc.datasource.embedded.EmbeddedDatabaseBuilderTests" time="0.016"/>
  <testcase name="setTypeToDerbyAndIgnoreFailedDrops" classname="org.springframework.jdbc.datasource.embedded.EmbeddedDatabaseBuilderTests" time="1.787"/>
  <testcase name="addScriptWithBogusFileName" classname="org.springframework.jdbc.datasource.embedded.EmbeddedDatabaseBuilderTests" time="0.012"/>
  <testcase name="createSameSchemaTwiceWithoutUniqueDbNames" classname="org.springframework.jdbc.datasource.embedded.EmbeddedDatabaseBuilderTests" time="0.011"/>
  <testcase name="addScripts" classname="org.springframework.jdbc.datasource.embedded.EmbeddedDatabaseBuilderTests" time="0.015"/>
  <testcase name="addScriptsWithDefaultCommentPrefix" classname="org.springframework.jdbc.datasource.embedded.EmbeddedDatabaseBuilderTests" time="0.015"/>
  <testcase name="addScriptsWithCustomBlockComments" classname="org.springframework.jdbc.datasource.embedded.EmbeddedDatabaseBuilderTests" time="0.011"/>
  <testcase name="addScript" classname="org.springframework.jdbc.datasource.embedded.EmbeddedDatabaseBuilderTests" time="0.014"/>
  <testcase name="addScriptsWithCustomCommentPrefix" classname="org.springframework.jdbc.datasource.embedded.EmbeddedDatabaseBuilderTests" time="0.014"/>
  <testcase name="setTypeToH2" classname="org.springframework.jdbc.datasource.embedded.EmbeddedDatabaseBuilderTests" time="0.005"/>
  <testcase name="addDefaultScripts" classname="org.springframework.jdbc.datasource.embedded.EmbeddedDatabaseBuilderTests" time="0.014"/>
  <system-out><![CDATA[]]></system-out>
  <system-err><![CDATA[]]></system-err>
</testsuite>
