<?xml version="1.0" encoding="UTF-8"?>
<testsuite name="org.springframework.jdbc.core.simple.TableMetaDataContextTests" tests="2" skipped="0" failures="0" errors="0" timestamp="2020-12-16T17:34:41" hostname="DESKTOP-EMRC5FU" time="0.003">
  <properties/>
  <testcase name="testTableWithSingleColumnGeneratedKey" classname="org.springframework.jdbc.core.simple.TableMetaDataContextTests" time="0.001"/>
  <testcase name="testMatchInParametersAndSqlTypeInfoWrapping" classname="org.springframework.jdbc.core.simple.TableMetaDataContextTests" time="0.002"/>
  <system-out><![CDATA[]]></system-out>
  <system-err><![CDATA[]]></system-err>
</testsuite>
