<?xml version="1.0" encoding="UTF-8"?>
<testsuite name="org.springframework.jdbc.core.BeanPropertyRowMapperTests" tests="10" skipped="0" failures="0" errors="0" timestamp="2020-12-16T17:34:40" hostname="DESKTOP-EMRC5FU" time="0.675">
  <properties/>
  <testcase name="testOverridingSameClassDefinedForMapping" classname="org.springframework.jdbc.core.BeanPropertyRowMapperTests" time="0.002"/>
  <testcase name="testMappingWithInheritance" classname="org.springframework.jdbc.core.BeanPropertyRowMapperTests" time="0.651"/>
  <testcase name="testMappingWithNoUnpopulatedFieldsFound" classname="org.springframework.jdbc.core.BeanPropertyRowMapperTests" time="0.002"/>
  <testcase name="testQueryWithSpaceInColumnNameAndLocalDateTime" classname="org.springframework.jdbc.core.BeanPropertyRowMapperTests" time="0.006"/>
  <testcase name="testMappingNullValue" classname="org.springframework.jdbc.core.BeanPropertyRowMapperTests" time="0.002"/>
  <testcase name="testQueryWithSpaceInColumnNameAndLocalDate" classname="org.springframework.jdbc.core.BeanPropertyRowMapperTests" time="0.005"/>
  <testcase name="testMappingWithUnpopulatedFieldsNotChecked" classname="org.springframework.jdbc.core.BeanPropertyRowMapperTests" time="0.003"/>
  <testcase name="testOverridingDifferentClassDefinedForMapping" classname="org.springframework.jdbc.core.BeanPropertyRowMapperTests" time="0.001"/>
  <testcase name="testStaticQueryWithRowMapper" classname="org.springframework.jdbc.core.BeanPropertyRowMapperTests" time="0.002"/>
  <testcase name="testMappingWithUnpopulatedFieldsNotAccepted" classname="org.springframework.jdbc.core.BeanPropertyRowMapperTests" time="0.001"/>
  <system-out><![CDATA[]]></system-out>
  <system-err><![CDATA[]]></system-err>
</testsuite>
