<?xml version="1.0" encoding="UTF-8"?>
<testsuite name="org.springframework.jdbc.support.SQLExceptionCustomTranslatorTests" tests="2" skipped="0" failures="0" errors="0" timestamp="2020-12-16T17:34:44" hostname="DESKTOP-EMRC5FU" time="0.0">
  <properties/>
  <testcase name="dataAccessResourceException" classname="org.springframework.jdbc.support.SQLExceptionCustomTranslatorTests" time="0.0"/>
  <testcase name="badSqlGrammarException" classname="org.springframework.jdbc.support.SQLExceptionCustomTranslatorTests" time="0.0"/>
  <system-out><![CDATA[]]></system-out>
  <system-err><![CDATA[]]></system-err>
</testsuite>
