<?xml version="1.0" encoding="UTF-8"?>
<testsuite name="org.springframework.jdbc.support.KeyHolderTests" tests="5" skipped="0" failures="0" errors="0" timestamp="2020-12-16T17:34:44" hostname="DESKTOP-EMRC5FU" time="0.002">
  <properties/>
  <testcase name="singleKey" classname="org.springframework.jdbc.support.KeyHolderTests" time="0.0"/>
  <testcase name="singleKeyNonNumeric" classname="org.springframework.jdbc.support.KeyHolderTests" time="0.0"/>
  <testcase name="multipleKeys" classname="org.springframework.jdbc.support.KeyHolderTests" time="0.001"/>
  <testcase name="multipleKeyRows" classname="org.springframework.jdbc.support.KeyHolderTests" time="0.0"/>
  <testcase name="noKeyReturnedInMap" classname="org.springframework.jdbc.support.KeyHolderTests" time="0.001"/>
  <system-out><![CDATA[]]></system-out>
  <system-err><![CDATA[]]></system-err>
</testsuite>
