<?xml version="1.0" encoding="UTF-8"?>
<testsuite name="org.springframework.jdbc.datasource.init.CompositeDatabasePopulatorTests" tests="5" skipped="0" failures="0" errors="0" timestamp="2020-12-16T17:34:43" hostname="DESKTOP-EMRC5FU" time="0.004">
  <properties/>
  <testcase name="addPopulators" classname="org.springframework.jdbc.datasource.init.CompositeDatabasePopulatorTests" time="0.004"/>
  <testcase name="constructWithCollection" classname="org.springframework.jdbc.datasource.init.CompositeDatabasePopulatorTests" time="0.0"/>
  <testcase name="setPopulatorsForOverride" classname="org.springframework.jdbc.datasource.init.CompositeDatabasePopulatorTests" time="0.0"/>
  <testcase name="constructWithVarargs" classname="org.springframework.jdbc.datasource.init.CompositeDatabasePopulatorTests" time="0.0"/>
  <testcase name="setPopulatorsWithMultiple" classname="org.springframework.jdbc.datasource.init.CompositeDatabasePopulatorTests" time="0.0"/>
  <system-out><![CDATA[]]></system-out>
  <system-err><![CDATA[]]></system-err>
</testsuite>
