<?xml version="1.0" encoding="UTF-8"?>
<testsuite name="org.springframework.jdbc.object.GenericSqlQueryTests" tests="3" skipped="0" failures="0" errors="0" timestamp="2020-12-16T17:34:44" hostname="DESKTOP-EMRC5FU" time="0.05">
  <properties/>
  <testcase name="testCustomerQueryWithNamedParameters" classname="org.springframework.jdbc.object.GenericSqlQueryTests" time="0.029"/>
  <testcase name="testCustomerQueryWithRowMapperInstance" classname="org.springframework.jdbc.object.GenericSqlQueryTests" time="0.01"/>
  <testcase name="testCustomerQueryWithPlaceholders" classname="org.springframework.jdbc.object.GenericSqlQueryTests" time="0.01"/>
  <system-out><![CDATA[]]></system-out>
  <system-err><![CDATA[]]></system-err>
</testsuite>
