<?xml version="1.0" encoding="UTF-8"?>
<testsuite name="org.springframework.jdbc.core.SingleColumnRowMapperTests" tests="3" skipped="0" failures="0" errors="0" timestamp="2020-12-16T17:34:41" hostname="DESKTOP-EMRC5FU" time="0.002">
  <properties/>
  <testcase name="useCustomConversionService" classname="org.springframework.jdbc.core.SingleColumnRowMapperTests" time="0.001"/>
  <testcase name="doesNotUseConversionService" classname="org.springframework.jdbc.core.SingleColumnRowMapperTests" time="0.0"/>
  <testcase name="useDefaultConversionService" classname="org.springframework.jdbc.core.SingleColumnRowMapperTests" time="0.001"/>
  <system-out><![CDATA[]]></system-out>
  <system-err><![CDATA[]]></system-err>
</testsuite>
