<?xml version="1.0" encoding="UTF-8"?>
<testsuite name="org.springframework.context.index.processor.CandidateComponentsIndexerTests" tests="25" skipped="0" failures="0" errors="0" timestamp="2020-12-16T17:34:03" hostname="DESKTOP-EMRC5FU" time="8.911">
  <properties/>
  <testcase name="persistenceEmbeddable" classname="org.springframework.context.index.processor.CandidateComponentsIndexerTests" time="1.044"/>
  <testcase name="stereotypeService" classname="org.springframework.context.index.processor.CandidateComponentsIndexerTests" time="0.355"/>
  <testcase name="cdiNamed" classname="org.springframework.context.index.processor.CandidateComponentsIndexerTests" time="0.389"/>
  <testcase name="typeStereotypeFromInterfaceFromSuperClass" classname="org.springframework.context.index.processor.CandidateComponentsIndexerTests" time="0.206"/>
  <testcase name="typeStereotypeOnIndexedInterface" classname="org.springframework.context.index.processor.CandidateComponentsIndexerTests" time="0.282"/>
  <testcase name="stereotypeRepository" classname="org.springframework.context.index.processor.CandidateComponentsIndexerTests" time="0.341"/>
  <testcase name="stereotypeControllerMetaAnnotation" classname="org.springframework.context.index.processor.CandidateComponentsIndexerTests" time="0.293"/>
  <testcase name="embeddedNonStaticCandidateAreIgnored" classname="org.springframework.context.index.processor.CandidateComponentsIndexerTests" time="0.198"/>
  <testcase name="noAnnotation" classname="org.springframework.context.index.processor.CandidateComponentsIndexerTests" time="1.153"/>
  <testcase name="typeStereotypeFromMetaInterface" classname="org.springframework.context.index.processor.CandidateComponentsIndexerTests" time="0.204"/>
  <testcase name="stereotypeOnAbstractClass" classname="org.springframework.context.index.processor.CandidateComponentsIndexerTests" time="0.191"/>
  <testcase name="typeStereotypeFromSeveralInterfaces" classname="org.springframework.context.index.processor.CandidateComponentsIndexerTests" time="0.187"/>
  <testcase name="typeStereotypeOnInterfaceFromSeveralInterfaces" classname="org.springframework.context.index.processor.CandidateComponentsIndexerTests" time="0.278"/>
  <testcase name="cdiManagedBean" classname="org.springframework.context.index.processor.CandidateComponentsIndexerTests" time="0.377"/>
  <testcase name="embeddedCandidatesAreDetected" classname="org.springframework.context.index.processor.CandidateComponentsIndexerTests" time="0.201"/>
  <testcase name="stereotypeControllerMetaIndex" classname="org.springframework.context.index.processor.CandidateComponentsIndexerTests" time="0.279"/>
  <testcase name="persistenceEntity" classname="org.springframework.context.index.processor.CandidateComponentsIndexerTests" time="0.395"/>
  <testcase name="packageInfo" classname="org.springframework.context.index.processor.CandidateComponentsIndexerTests" time="0.165"/>
  <testcase name="persistenceConverter" classname="org.springframework.context.index.processor.CandidateComponentsIndexerTests" time="0.376"/>
  <testcase name="typeStereotypeOnInterface" classname="org.springframework.context.index.processor.CandidateComponentsIndexerTests" time="0.18"/>
  <testcase name="cdiTransactional" classname="org.springframework.context.index.processor.CandidateComponentsIndexerTests" time="0.383"/>
  <testcase name="persistenceMappedSuperClass" classname="org.springframework.context.index.processor.CandidateComponentsIndexerTests" time="0.376"/>
  <testcase name="stereotypeController" classname="org.springframework.context.index.processor.CandidateComponentsIndexerTests" time="0.332"/>
  <testcase name="noCandidate" classname="org.springframework.context.index.processor.CandidateComponentsIndexerTests" time="0.513"/>
  <testcase name="stereotypeComponent" classname="org.springframework.context.index.processor.CandidateComponentsIndexerTests" time="0.212"/>
  <system-out><![CDATA[]]></system-out>
  <system-err><![CDATA[]]></system-err>
</testsuite>
