<?xml version="1.0" encoding="UTF-8"?>
<testsuite name="org.springframework.context.index.processor.PropertiesMarshallerTests" tests="2" skipped="0" failures="0" errors="0" timestamp="2020-12-16T17:34:12" hostname="DESKTOP-EMRC5FU" time="0.006">
  <properties/>
  <testcase name="readWrite" classname="org.springframework.context.index.processor.PropertiesMarshallerTests" time="0.0"/>
  <testcase name="metadataIsWrittenDeterministically" classname="org.springframework.context.index.processor.PropertiesMarshallerTests" time="0.006"/>
  <system-out><![CDATA[]]></system-out>
  <system-err><![CDATA[]]></system-err>
</testsuite>
