<?xml version="1.0" encoding="UTF-8"?>
<testsuite name="org.springframework.ejb.config.JeeNamespaceHandlerTests" tests="9" skipped="0" failures="0" errors="0" timestamp="2020-12-16T17:33:40" hostname="DESKTOP-EMRC5FU" time="0.098">
  <properties/>
  <testcase name="testSimpleDefinition" classname="org.springframework.ejb.config.JeeNamespaceHandlerTests" time="0.026"/>
  <testcase name="testComplexRemoteSlsb" classname="org.springframework.ejb.config.JeeNamespaceHandlerTests" time="0.009"/>
  <testcase name="testLazyInitJndiLookup" classname="org.springframework.ejb.config.JeeNamespaceHandlerTests" time="0.008"/>
  <testcase name="testWithEnvironment" classname="org.springframework.ejb.config.JeeNamespaceHandlerTests" time="0.009"/>
  <testcase name="testWithReferencedEnvironment" classname="org.springframework.ejb.config.JeeNamespaceHandlerTests" time="0.012"/>
  <testcase name="testComplexLocalSlsb" classname="org.springframework.ejb.config.JeeNamespaceHandlerTests" time="0.009"/>
  <testcase name="testSimpleRemoteSlsb" classname="org.springframework.ejb.config.JeeNamespaceHandlerTests" time="0.008"/>
  <testcase name="testComplexDefinition" classname="org.springframework.ejb.config.JeeNamespaceHandlerTests" time="0.009"/>
  <testcase name="testSimpleLocalSlsb" classname="org.springframework.ejb.config.JeeNamespaceHandlerTests" time="0.008"/>
  <system-out><![CDATA[]]></system-out>
  <system-err><![CDATA[]]></system-err>
</testsuite>
