<?xml version="1.0" encoding="UTF-8"?>
<testsuite name="org.springframework.jmx.export.assembler.InterfaceBasedMBeanInfoAssemblerCustomTests" tests="14" skipped="0" failures="0" errors="0" timestamp="2020-12-16T17:33:52" hostname="DESKTOP-EMRC5FU" time="0.044">
  <properties/>
  <testcase name="testGetAgeIsReadOnly" classname="org.springframework.jmx.export.assembler.InterfaceBasedMBeanInfoAssemblerCustomTests" time="0.007"/>
  <testcase name="testDescriptionNotNull" classname="org.springframework.jmx.export.assembler.InterfaceBasedMBeanInfoAssemblerCustomTests" time="0.002"/>
  <testcase name="testGetMBeanAttributeInfo" classname="org.springframework.jmx.export.assembler.InterfaceBasedMBeanInfoAssemblerCustomTests" time="0.003"/>
  <testcase name="testSetAttribute" classname="org.springframework.jmx.export.assembler.InterfaceBasedMBeanInfoAssemblerCustomTests" time="0.003"/>
  <testcase name="testAttributeInfoHasDescriptors" classname="org.springframework.jmx.export.assembler.InterfaceBasedMBeanInfoAssemblerCustomTests" time="0.002"/>
  <testcase name="testGetMBeanInfo" classname="org.springframework.jmx.export.assembler.InterfaceBasedMBeanInfoAssemblerCustomTests" time="0.002"/>
  <testcase name="testGetMBeanOperationInfo" classname="org.springframework.jmx.export.assembler.InterfaceBasedMBeanInfoAssemblerCustomTests" time="0.002"/>
  <testcase name="testRegisterOperations" classname="org.springframework.jmx.export.assembler.InterfaceBasedMBeanInfoAssemblerCustomTests" time="0.003"/>
  <testcase name="testRegisterAttributes" classname="org.springframework.jmx.export.assembler.InterfaceBasedMBeanInfoAssemblerCustomTests" time="0.002"/>
  <testcase name="testNotificationMetadata" classname="org.springframework.jmx.export.assembler.InterfaceBasedMBeanInfoAssemblerCustomTests" time="0.007"/>
  <testcase name="testAttributeHasCorrespondingOperations" classname="org.springframework.jmx.export.assembler.InterfaceBasedMBeanInfoAssemblerCustomTests" time="0.002"/>
  <testcase name="testMBeanRegistration" classname="org.springframework.jmx.export.assembler.InterfaceBasedMBeanInfoAssemblerCustomTests" time="0.003"/>
  <testcase name="testGetAttribute" classname="org.springframework.jmx.export.assembler.InterfaceBasedMBeanInfoAssemblerCustomTests" time="0.002"/>
  <testcase name="testOperationInvocation" classname="org.springframework.jmx.export.assembler.InterfaceBasedMBeanInfoAssemblerCustomTests" time="0.003"/>
  <system-out><![CDATA[]]></system-out>
  <system-err><![CDATA[]]></system-err>
</testsuite>
