<?xml version="1.0" encoding="UTF-8"?>
<testsuite name="org.springframework.context.support.BeanFactoryPostProcessorTests" tests="9" skipped="0" failures="0" errors="0" timestamp="2020-12-16T17:33:36" hostname="DESKTOP-EMRC5FU" time="0.006">
  <properties/>
  <testcase name="testDefinedBeanFactoryPostProcessor" classname="org.springframework.context.support.BeanFactoryPostProcessorTests" time="0.0"/>
  <testcase name="testBeanFactoryPostProcessorWithInnerBeanAsApplicationListener" classname="org.springframework.context.support.BeanFactoryPostProcessorTests" time="0.002"/>
  <testcase name="testRegisteredBeanFactoryPostProcessor" classname="org.springframework.context.support.BeanFactoryPostProcessorTests" time="0.0"/>
  <testcase name="testMultipleDefinedBeanFactoryPostProcessors" classname="org.springframework.context.support.BeanFactoryPostProcessorTests" time="0.002"/>
  <testcase name="testBeanFactoryPostProcessorNotExecutedByBeanFactory" classname="org.springframework.context.support.BeanFactoryPostProcessorTests" time="0.0"/>
  <testcase name="testBeanDefinitionRegistryPostProcessor" classname="org.springframework.context.support.BeanFactoryPostProcessorTests" time="0.001"/>
  <testcase name="testBeanFactoryPostProcessorAsApplicationListener" classname="org.springframework.context.support.BeanFactoryPostProcessorTests" time="0.0"/>
  <testcase name="testBeanDefinitionRegistryPostProcessorRegisteringAnother" classname="org.springframework.context.support.BeanFactoryPostProcessorTests" time="0.001"/>
  <testcase name="testPrioritizedBeanDefinitionRegistryPostProcessorRegisteringAnother" classname="org.springframework.context.support.BeanFactoryPostProcessorTests" time="0.0"/>
  <system-out><![CDATA[]]></system-out>
  <system-err><![CDATA[]]></system-err>
</testsuite>
