<?xml version="1.0" encoding="UTF-8"?>
<testsuite name="org.springframework.context.annotation.NestedConfigurationClassTests" tests="8" skipped="0" failures="0" errors="0" timestamp="2020-12-16T17:33:34" hostname="DESKTOP-EMRC5FU" time="0.044">
  <properties/>
  <testcase name="twoLevelsWithNoBeanMethods" classname="org.springframework.context.annotation.NestedConfigurationClassTests" time="0.008"/>
  <testcase name="twoLevelsDeepWithInheritanceThroughImport" classname="org.springframework.context.annotation.NestedConfigurationClassTests" time="0.009"/>
  <testcase name="twoLevelsDeep" classname="org.springframework.context.annotation.NestedConfigurationClassTests" time="0.004"/>
  <testcase name="oneLevelDeep" classname="org.springframework.context.annotation.NestedConfigurationClassTests" time="0.002"/>
  <testcase name="twoLevelsDeepWithInheritance" classname="org.springframework.context.annotation.NestedConfigurationClassTests" time="0.004"/>
  <testcase name="twoLevelsInLiteMode" classname="org.springframework.context.annotation.NestedConfigurationClassTests" time="0.003"/>
  <testcase name="twoLevelsDeepWithInheritanceAndScopedProxy" classname="org.springframework.context.annotation.NestedConfigurationClassTests" time="0.01"/>
  <testcase name="twoLevelsOnNonAnnotatedBaseClass" classname="org.springframework.context.annotation.NestedConfigurationClassTests" time="0.004"/>
  <system-out><![CDATA[]]></system-out>
  <system-err><![CDATA[]]></system-err>
</testsuite>
