<?xml version="1.0" encoding="UTF-8"?>
<testsuite name="org.springframework.scripting.groovy.GroovyAspectIntegrationTests" tests="4" skipped="0" failures="0" errors="0" timestamp="2020-12-16T17:33:56" hostname="DESKTOP-EMRC5FU" time="0.104">
  <properties/>
  <testcase name="testJavaBean" classname="org.springframework.scripting.groovy.GroovyAspectIntegrationTests" time="0.011"/>
  <testcase name="testGroovyBeanProxyTargetClass" classname="org.springframework.scripting.groovy.GroovyAspectIntegrationTests" time="0.045"/>
  <testcase name="testGroovyBeanDynamic" classname="org.springframework.scripting.groovy.GroovyAspectIntegrationTests" time="0.026"/>
  <testcase name="testGroovyBeanInterface" classname="org.springframework.scripting.groovy.GroovyAspectIntegrationTests" time="0.022"/>
  <system-out><![CDATA[]]></system-out>
  <system-err><![CDATA[]]></system-err>
</testsuite>
