<?xml version="1.0" encoding="UTF-8"?>
<testsuite name="org.springframework.aop.aspectj.generic.GenericBridgeMethodMatchingClassProxyTests" tests="4" skipped="0" failures="0" errors="0" timestamp="2020-12-16T17:33:22" hostname="DESKTOP-EMRC5FU" time="0.036">
  <properties/>
  <testcase name="testGenericBaseInterfaceMethodThroughClass" classname="org.springframework.aop.aspectj.generic.GenericBridgeMethodMatchingClassProxyTests" time="0.017"/>
  <testcase name="testGenericDerivedInterfaceMethodThroughClass" classname="org.springframework.aop.aspectj.generic.GenericBridgeMethodMatchingClassProxyTests" time="0.006"/>
  <testcase name="testGenericBaseInterfaceMethodThroughInterface" classname="org.springframework.aop.aspectj.generic.GenericBridgeMethodMatchingClassProxyTests" time="0.007"/>
  <testcase name="testGenericDerivedInterfaceMethodThroughInterface" classname="org.springframework.aop.aspectj.generic.GenericBridgeMethodMatchingClassProxyTests" time="0.006"/>
  <system-out><![CDATA[]]></system-out>
  <system-err><![CDATA[]]></system-err>
</testsuite>
