<?xml version="1.0" encoding="UTF-8"?>
<testsuite name="org.springframework.aop.aspectj.TargetPointcutSelectionTests" tests="2" skipped="0" failures="0" errors="0" timestamp="2020-12-16T17:33:23" hostname="DESKTOP-EMRC5FU" time="0.017">
  <properties/>
  <testcase name="targetSelectionForMatchedType" classname="org.springframework.aop.aspectj.TargetPointcutSelectionTests" time="0.01"/>
  <testcase name="targetNonSelectionForMismatchedType" classname="org.springframework.aop.aspectj.TargetPointcutSelectionTests" time="0.007"/>
  <system-out><![CDATA[]]></system-out>
  <system-err><![CDATA[]]></system-err>
</testsuite>
