<?xml version="1.0" encoding="UTF-8"?>
<testsuite name="org.springframework.jmx.support.ConnectorServerFactoryBeanTests" tests="4" skipped="0" failures="0" errors="0" timestamp="2020-12-16T17:33:53" hostname="DESKTOP-EMRC5FU" time="0.013">
  <properties/>
  <testcase name="startupWithSuppliedServer" classname="org.springframework.jmx.support.ConnectorServerFactoryBeanTests" time="0.007"/>
  <testcase name="noRegisterWithMBeanServer" classname="org.springframework.jmx.support.ConnectorServerFactoryBeanTests" time="0.001"/>
  <testcase name="registerWithMBeanServer" classname="org.springframework.jmx.support.ConnectorServerFactoryBeanTests" time="0.002"/>
  <testcase name="startupWithLocatedServer" classname="org.springframework.jmx.support.ConnectorServerFactoryBeanTests" time="0.003"/>
  <system-out><![CDATA[]]></system-out>
  <system-err><![CDATA[]]></system-err>
</testsuite>
