<?xml version="1.0" encoding="UTF-8"?>
<testsuite name="org.springframework.context.annotation.ComponentScanParserScopedProxyTests" tests="5" skipped="0" failures="0" errors="0" timestamp="2020-12-16T17:33:32" hostname="DESKTOP-EMRC5FU" time="0.053">
  <properties/>
  <testcase name="testDefaultScopedProxy" classname="org.springframework.context.annotation.ComponentScanParserScopedProxyTests" time="0.01"/>
  <testcase name="testTargetClassScopedProxy" classname="org.springframework.context.annotation.ComponentScanParserScopedProxyTests" time="0.017"/>
  <testcase name="testInterfacesScopedProxy" classname="org.springframework.context.annotation.ComponentScanParserScopedProxyTests" time="0.011"/>
  <testcase name="testNoScopedProxy" classname="org.springframework.context.annotation.ComponentScanParserScopedProxyTests" time="0.009"/>
  <testcase name="testInvalidConfigScopedProxy" classname="org.springframework.context.annotation.ComponentScanParserScopedProxyTests" time="0.006"/>
  <system-out><![CDATA[]]></system-out>
  <system-err><![CDATA[]]></system-err>
</testsuite>
