<?xml version="1.0" encoding="UTF-8"?>
<testsuite name="org.springframework.context.support.GenericXmlApplicationContextTests" tests="4" skipped="0" failures="0" errors="0" timestamp="2020-12-16T17:33:38" hostname="DESKTOP-EMRC5FU" time="0.014">
  <properties/>
  <testcase name="classRelativeResourceLoading_ctor" classname="org.springframework.context.support.GenericXmlApplicationContextTests" time="0.004"/>
  <testcase name="classRelativeResourceLoading_load" classname="org.springframework.context.support.GenericXmlApplicationContextTests" time="0.003"/>
  <testcase name="fullyQualifiedResourceLoading_ctor" classname="org.springframework.context.support.GenericXmlApplicationContextTests" time="0.003"/>
  <testcase name="fullyQualifiedResourceLoading_load" classname="org.springframework.context.support.GenericXmlApplicationContextTests" time="0.003"/>
  <system-out><![CDATA[]]></system-out>
  <system-err><![CDATA[]]></system-err>
</testsuite>
