<?xml version="1.0" encoding="UTF-8"?>
<testsuite name="org.springframework.format.number.NumberFormattingTests" tests="9" skipped="0" failures="0" errors="0" timestamp="2020-12-16T17:33:41" hostname="DESKTOP-EMRC5FU" time="0.008">
  <properties/>
  <testcase name="testPercentFormatting" classname="org.springframework.format.number.NumberFormattingTests" time="0.003"/>
  <testcase name="testPatternArrayFormatting" classname="org.springframework.format.number.NumberFormattingTests" time="0.001"/>
  <testcase name="testPatternListFormatting" classname="org.springframework.format.number.NumberFormattingTests" time="0.001"/>
  <testcase name="testDefaultNumberFormattingAnnotated" classname="org.springframework.format.number.NumberFormattingTests" time="0.0"/>
  <testcase name="testPatternFormatting" classname="org.springframework.format.number.NumberFormattingTests" time="0.001"/>
  <testcase name="testPatternList2FormattingListElement" classname="org.springframework.format.number.NumberFormattingTests" time="0.0"/>
  <testcase name="testPatternList2FormattingList" classname="org.springframework.format.number.NumberFormattingTests" time="0.001"/>
  <testcase name="testCurrencyFormatting" classname="org.springframework.format.number.NumberFormattingTests" time="0.0"/>
  <testcase name="testDefaultNumberFormatting" classname="org.springframework.format.number.NumberFormattingTests" time="0.001"/>
  <system-out><![CDATA[]]></system-out>
  <system-err><![CDATA[]]></system-err>
</testsuite>
