<?xml version="1.0" encoding="UTF-8"?>
<testsuite name="org.springframework.context.annotation.Spr12636Tests" tests="2" skipped="0" failures="0" errors="0" timestamp="2020-12-16T17:33:34" hostname="DESKTOP-EMRC5FU" time="0.014">
  <properties/>
  <testcase name="orderOnImplementation" classname="org.springframework.context.annotation.Spr12636Tests" time="0.002"/>
  <testcase name="orderOnImplementationWithProxy" classname="org.springframework.context.annotation.Spr12636Tests" time="0.012"/>
  <system-out><![CDATA[]]></system-out>
  <system-err><![CDATA[]]></system-err>
</testsuite>
