<?xml version="1.0" encoding="UTF-8"?>
<testsuite name="org.springframework.context.annotation.Spr11310Tests" tests="2" skipped="0" failures="0" errors="0" timestamp="2020-12-16T17:33:34" hostname="DESKTOP-EMRC5FU" time="0.009">
  <properties/>
  <testcase name="orderedArray" classname="org.springframework.context.annotation.Spr11310Tests" time="0.008"/>
  <testcase name="orderedList" classname="org.springframework.context.annotation.Spr11310Tests" time="0.001"/>
  <system-out><![CDATA[]]></system-out>
  <system-err><![CDATA[]]></system-err>
</testsuite>
