<?xml version="1.0" encoding="UTF-8"?>
<testsuite name="org.springframework.aop.scope.ScopedProxyTests" tests="5" skipped="0" failures="0" errors="0" timestamp="2020-12-16T17:33:24" hostname="DESKTOP-EMRC5FU" time="0.064">
  <properties/>
  <testcase name="testSimpleProxy" classname="org.springframework.aop.scope.ScopedProxyTests" time="0.013"/>
  <testcase name="testJdkScopedProxy" classname="org.springframework.aop.scope.ScopedProxyTests" time="0.009"/>
  <testcase name="testProxyAssignable" classname="org.springframework.aop.scope.ScopedProxyTests" time="0.008"/>
  <testcase name="testCglibScopedProxy" classname="org.springframework.aop.scope.ScopedProxyTests" time="0.021"/>
  <testcase name="testScopedOverride" classname="org.springframework.aop.scope.ScopedProxyTests" time="0.013"/>
  <system-out><![CDATA[]]></system-out>
  <system-err><![CDATA[]]></system-err>
</testsuite>
