<?xml version="1.0" encoding="UTF-8"?>
<testsuite name="org.springframework.scripting.groovy.GroovyAspectTests" tests="4" skipped="0" failures="0" errors="0" timestamp="2020-12-16T17:33:56" hostname="DESKTOP-EMRC5FU" time="0.056">
  <properties/>
  <testcase name="manualGroovyBeanWithStaticPointcut" classname="org.springframework.scripting.groovy.GroovyAspectTests" time="0.021"/>
  <testcase name="manualGroovyBeanWithDynamicPointcutProxyTargetClass" classname="org.springframework.scripting.groovy.GroovyAspectTests" time="0.016"/>
  <testcase name="manualGroovyBeanWithUnconditionalPointcut" classname="org.springframework.scripting.groovy.GroovyAspectTests" time="0.009"/>
  <testcase name="manualGroovyBeanWithDynamicPointcut" classname="org.springframework.scripting.groovy.GroovyAspectTests" time="0.009"/>
  <system-out><![CDATA[]]></system-out>
  <system-err><![CDATA[]]></system-err>
</testsuite>
