<?xml version="1.0" encoding="UTF-8"?>
<testsuite name="org.springframework.scheduling.config.SchedulerBeanDefinitionParserTests" tests="3" skipped="0" failures="0" errors="0" timestamp="2020-12-16T17:33:54" hostname="DESKTOP-EMRC5FU" time="0.015">
  <properties/>
  <testcase name="customScheduler" classname="org.springframework.scheduling.config.SchedulerBeanDefinitionParserTests" time="0.005"/>
  <testcase name="threadNamePrefix" classname="org.springframework.scheduling.config.SchedulerBeanDefinitionParserTests" time="0.005"/>
  <testcase name="defaultScheduler" classname="org.springframework.scheduling.config.SchedulerBeanDefinitionParserTests" time="0.005"/>
  <system-out><![CDATA[]]></system-out>
  <system-err><![CDATA[]]></system-err>
</testsuite>
