<?xml version="1.0" encoding="UTF-8"?>
<testsuite name="org.springframework.context.annotation.configuration.spr9031.Spr9031Tests" tests="2" skipped="0" failures="0" errors="0" timestamp="2020-12-16T17:33:33" hostname="DESKTOP-EMRC5FU" time="0.006">
  <properties/>
  <testcase name="withoutAsmAnnotationProcessing" classname="org.springframework.context.annotation.configuration.spr9031.Spr9031Tests" time="0.003"/>
  <testcase name="withAsmAnnotationProcessing" classname="org.springframework.context.annotation.configuration.spr9031.Spr9031Tests" time="0.003"/>
  <system-out><![CDATA[]]></system-out>
  <system-err><![CDATA[]]></system-err>
</testsuite>
