<?xml version="1.0" encoding="UTF-8"?>
<testsuite name="org.springframework.context.support.ApplicationContextLifecycleTests" tests="4" skipped="0" failures="0" errors="0" timestamp="2020-12-16T17:33:35" hostname="DESKTOP-EMRC5FU" time="0.021">
  <properties/>
  <testcase name="testStopOrder" classname="org.springframework.context.support.ApplicationContextLifecycleTests" time="0.008"/>
  <testcase name="testBeansStop" classname="org.springframework.context.support.ApplicationContextLifecycleTests" time="0.005"/>
  <testcase name="testBeansStart" classname="org.springframework.context.support.ApplicationContextLifecycleTests" time="0.004"/>
  <testcase name="testStartOrder" classname="org.springframework.context.support.ApplicationContextLifecycleTests" time="0.004"/>
  <system-out><![CDATA[]]></system-out>
  <system-err><![CDATA[]]></system-err>
</testsuite>
