<?xml version="1.0" encoding="UTF-8"?>
<testsuite name="org.springframework.context.support.SimpleThreadScopeTests" tests="2" skipped="0" failures="0" errors="0" timestamp="2020-12-16T17:33:40" hostname="DESKTOP-EMRC5FU" time="0.038">
  <properties/>
  <testcase name="getMultipleInstances" classname="org.springframework.context.support.SimpleThreadScopeTests" time="0.034"/>
  <testcase name="getFromScope" classname="org.springframework.context.support.SimpleThreadScopeTests" time="0.004"/>
  <system-out><![CDATA[]]></system-out>
  <system-err><![CDATA[]]></system-err>
</testsuite>
