<?xml version="1.0" encoding="UTF-8"?>
<testsuite name="org.springframework.aop.aspectj.AfterReturningAdviceBindingTests" tests="12" skipped="0" failures="0" errors="0" timestamp="2020-12-16T17:33:21" hostname="DESKTOP-EMRC5FU" time="0.267">
  <properties/>
  <testcase name="testNoInvokeWhenReturningParameterTypeDoesNotMatch" classname="org.springframework.aop.aspectj.AfterReturningAdviceBindingTests" time="0.05"/>
  <testcase name="testReturningBeanArray" classname="org.springframework.aop.aspectj.AfterReturningAdviceBindingTests" time="0.025"/>
  <testcase name="testReturningPrimitive" classname="org.springframework.aop.aspectj.AfterReturningAdviceBindingTests" time="0.023"/>
  <testcase name="testReturningBean" classname="org.springframework.aop.aspectj.AfterReturningAdviceBindingTests" time="0.021"/>
  <testcase name="testOneObjectArg" classname="org.springframework.aop.aspectj.AfterReturningAdviceBindingTests" time="0.019"/>
  <testcase name="testNeedsJoinPoint" classname="org.springframework.aop.aspectj.AfterReturningAdviceBindingTests" time="0.019"/>
  <testcase name="testReturningByType" classname="org.springframework.aop.aspectj.AfterReturningAdviceBindingTests" time="0.018"/>
  <testcase name="testReturningObject" classname="org.springframework.aop.aspectj.AfterReturningAdviceBindingTests" time="0.02"/>
  <testcase name="testReturningString" classname="org.springframework.aop.aspectj.AfterReturningAdviceBindingTests" time="0.017"/>
  <testcase name="testOneIntAndOneObjectArgs" classname="org.springframework.aop.aspectj.AfterReturningAdviceBindingTests" time="0.021"/>
  <testcase name="testNeedsJoinPointStaticPart" classname="org.springframework.aop.aspectj.AfterReturningAdviceBindingTests" time="0.016"/>
  <testcase name="testOneIntArg" classname="org.springframework.aop.aspectj.AfterReturningAdviceBindingTests" time="0.018"/>
  <system-out><![CDATA[]]></system-out>
  <system-err><![CDATA[]]></system-err>
</testsuite>
