<?xml version="1.0" encoding="UTF-8"?>
<testsuite name="org.springframework.context.annotation.LazyAutowiredAnnotationBeanPostProcessorTests" tests="10" skipped="0" failures="0" errors="0" timestamp="2020-12-16T17:33:34" hostname="DESKTOP-EMRC5FU" time="0.022">
  <properties/>
  <testcase name="testLazyResourceInjectionWithConstructorAndCustomAnnotation" classname="org.springframework.context.annotation.LazyAutowiredAnnotationBeanPostProcessorTests" time="0.002"/>
  <testcase name="testLazyOptionalResourceInjectionWithNonExistingTarget" classname="org.springframework.context.annotation.LazyAutowiredAnnotationBeanPostProcessorTests" time="0.003"/>
  <testcase name="testLazyResourceInjectionWithField" classname="org.springframework.context.annotation.LazyAutowiredAnnotationBeanPostProcessorTests" time="0.003"/>
  <testcase name="testLazyResourceInjectionWithMethodLevelLazy" classname="org.springframework.context.annotation.LazyAutowiredAnnotationBeanPostProcessorTests" time="0.004"/>
  <testcase name="testLazyResourceInjectionWithConstructor" classname="org.springframework.context.annotation.LazyAutowiredAnnotationBeanPostProcessorTests" time="0.001"/>
  <testcase name="testLazyResourceInjectionWithMethodAndCustomAnnotation" classname="org.springframework.context.annotation.LazyAutowiredAnnotationBeanPostProcessorTests" time="0.003"/>
  <testcase name="testLazyResourceInjectionWithFieldAndCustomAnnotation" classname="org.springframework.context.annotation.LazyAutowiredAnnotationBeanPostProcessorTests" time="0.001"/>
  <testcase name="testLazyResourceInjectionWithConstructorLevelLazy" classname="org.springframework.context.annotation.LazyAutowiredAnnotationBeanPostProcessorTests" time="0.001"/>
  <testcase name="testLazyResourceInjectionWithNonExistingTarget" classname="org.springframework.context.annotation.LazyAutowiredAnnotationBeanPostProcessorTests" time="0.0"/>
  <testcase name="testLazyResourceInjectionWithMethod" classname="org.springframework.context.annotation.LazyAutowiredAnnotationBeanPostProcessorTests" time="0.003"/>
  <system-out><![CDATA[]]></system-out>
  <system-err><![CDATA[]]></system-err>
</testsuite>
