<?xml version="1.0" encoding="UTF-8"?>
<testsuite name="org.springframework.context.support.Spr7283Tests" tests="1" skipped="0" failures="0" errors="0" timestamp="2020-12-16T17:33:40" hostname="DESKTOP-EMRC5FU" time="0.01">
  <properties/>
  <testcase name="testListWithInconsistentElementType" classname="org.springframework.context.support.Spr7283Tests" time="0.01"/>
  <system-out><![CDATA[]]></system-out>
  <system-err><![CDATA[]]></system-err>
</testsuite>
