<?xml version="1.0" encoding="UTF-8"?>
<testsuite name="org.springframework.aop.aspectj.ProceedTests" tests="4" skipped="0" failures="0" errors="0" timestamp="2020-12-16T17:33:23" hostname="DESKTOP-EMRC5FU" time="0.045">
  <properties/>
  <testcase name="testProceedWithArgsInSameAspect" classname="org.springframework.aop.aspectj.ProceedTests" time="0.015"/>
  <testcase name="testGetArgsIsDefensive" classname="org.springframework.aop.aspectj.ProceedTests" time="0.009"/>
  <testcase name="testProceedWithArgsAcrossAspects" classname="org.springframework.aop.aspectj.ProceedTests" time="0.009"/>
  <testcase name="testSimpleProceedWithChangedArgs" classname="org.springframework.aop.aspectj.ProceedTests" time="0.012"/>
  <system-out><![CDATA[]]></system-out>
  <system-err><![CDATA[]]></system-err>
</testsuite>
