<?xml version="1.0" encoding="UTF-8"?>
<testsuite name="org.springframework.context.annotation.ComponentScanAnnotationTests" tests="1" skipped="0" failures="0" errors="0" timestamp="2020-12-16T17:33:30" hostname="DESKTOP-EMRC5FU" time="0.0">
  <properties/>
  <testcase name="noop" classname="org.springframework.context.annotation.ComponentScanAnnotationTests" time="0.0"/>
  <system-out><![CDATA[]]></system-out>
  <system-err><![CDATA[]]></system-err>
</testsuite>
