<?xml version="1.0" encoding="UTF-8"?>
<testsuite name="org.springframework.context.annotation.AsmCircularImportDetectionTests" tests="2" skipped="0" failures="0" errors="0" timestamp="2020-12-16T17:33:29" hostname="DESKTOP-EMRC5FU" time="0.004">
  <properties/>
  <testcase name="complexCircularImportIsDetected" classname="org.springframework.context.annotation.AsmCircularImportDetectionTests" time="0.003"/>
  <testcase name="simpleCircularImportIsDetected" classname="org.springframework.context.annotation.AsmCircularImportDetectionTests" time="0.001"/>
  <system-out><![CDATA[]]></system-out>
  <system-err><![CDATA[]]></system-err>
</testsuite>
