<?xml version="1.0" encoding="UTF-8"?>
<testsuite name="org.springframework.context.event.ApplicationContextEventTests" tests="28" skipped="0" failures="0" errors="0" timestamp="2020-12-16T17:33:35" hostname="DESKTOP-EMRC5FU" time="0.072">
  <properties/>
  <testcase name="nonSingletonListenerInApplicationContext" classname="org.springframework.context.event.ApplicationContextEventTests" time="0.001"/>
  <testcase name="orderedListenersWithAnnotation" classname="org.springframework.context.event.ApplicationContextEventTests" time="0.001"/>
  <testcase name="lambdaAsListenerWithJava9StyleClassCastMessage" classname="org.springframework.context.event.ApplicationContextEventTests" time="0.0"/>
  <testcase name="multicastSimpleEvent" classname="org.springframework.context.event.ApplicationContextEventTests" time="0.004"/>
  <testcase name="listenerAndBroadcasterWithCircularReference" classname="org.springframework.context.event.ApplicationContextEventTests" time="0.001"/>
  <testcase name="innerBeanAsListener" classname="org.springframework.context.event.ApplicationContextEventTests" time="0.0"/>
  <testcase name="lambdaAsListenerWithErrorHandler" classname="org.springframework.context.event.ApplicationContextEventTests" time="0.001"/>
  <testcase name="multicastSmartGenericWrongTypeGenericListener" classname="org.springframework.context.event.ApplicationContextEventTests" time="0.011"/>
  <testcase name="simpleApplicationEventMulticasterWithTaskExecutor" classname="org.springframework.context.event.ApplicationContextEventTests" time="0.001"/>
  <testcase name="multicastConcreteTypeGenericListener" classname="org.springframework.context.event.ApplicationContextEventTests" time="0.0"/>
  <testcase name="beanPostProcessorPublishesEvents" classname="org.springframework.context.event.ApplicationContextEventTests" time="0.001"/>
  <testcase name="multicastConcreteWrongTypeGenericListener" classname="org.springframework.context.event.ApplicationContextEventTests" time="0.0"/>
  <testcase name="orderedListeners" classname="org.springframework.context.event.ApplicationContextEventTests" time="0.001"/>
  <testcase name="multicastGenericEvent" classname="org.springframework.context.event.ApplicationContextEventTests" time="0.0"/>
  <testcase name="proxiedListeners" classname="org.springframework.context.event.ApplicationContextEventTests" time="0.003"/>
  <testcase name="simpleApplicationEventMulticasterWithErrorHandler" classname="org.springframework.context.event.ApplicationContextEventTests" time="0.002"/>
  <testcase name="multicastSmartGenericTypeGenericListener" classname="org.springframework.context.event.ApplicationContextEventTests" time="0.0"/>
  <testcase name="lambdaAsListenerWithJava8StyleClassCastMessage" classname="org.springframework.context.event.ApplicationContextEventTests" time="0.0"/>
  <testcase name="anonymousClassAsListener" classname="org.springframework.context.event.ApplicationContextEventTests" time="0.001"/>
  <testcase name="lambdaAsListener" classname="org.springframework.context.event.ApplicationContextEventTests" time="0.0"/>
  <testcase name="proxiedListenersMixedWithTargetListeners" classname="org.springframework.context.event.ApplicationContextEventTests" time="0.0"/>
  <testcase name="testEventPublicationInterceptor" classname="org.springframework.context.event.ApplicationContextEventTests" time="0.017"/>
  <testcase name="multicastGenericEventWrongType" classname="org.springframework.context.event.ApplicationContextEventTests" time="0.001"/>
  <testcase name="simpleApplicationEventMulticasterWithException" classname="org.springframework.context.event.ApplicationContextEventTests" time="0.0"/>
  <testcase name="listenersInApplicationContext" classname="org.springframework.context.event.ApplicationContextEventTests" time="0.001"/>
  <testcase name="listenersInApplicationContextWithPayloadEvents" classname="org.springframework.context.event.ApplicationContextEventTests" time="0.0"/>
  <testcase name="multicastGenericEventWildcardSubType" classname="org.springframework.context.event.ApplicationContextEventTests" time="0.0"/>
  <testcase name="listenersInApplicationContextWithNestedChild" classname="org.springframework.context.event.ApplicationContextEventTests" time="0.025"/>
  <system-out><![CDATA[01:33:35.274 [Test worker] ERROR o.s.s.s.TaskUtils$LoggingErrorHandler - Unexpected error occurred in scheduled task
java.lang.RuntimeException: null
	at org.springframework.context.event.SimpleApplicationEventMulticaster.doInvokeListener(SimpleApplicationEventMulticaster.java:172) ~[main/:?]
	at org.springframework.context.event.SimpleApplicationEventMulticaster.invokeListener(SimpleApplicationEventMulticaster.java:158) ~[main/:?]
	at org.springframework.context.event.SimpleApplicationEventMulticaster.multicastEvent(SimpleApplicationEventMulticaster.java:139) ~[main/:?]
	at org.springframework.context.event.SimpleApplicationEventMulticaster.multicastEvent(SimpleApplicationEventMulticaster.java:127) ~[main/:?]
	at org.springframework.context.event.ApplicationContextEventTests.simpleApplicationEventMulticasterWithErrorHandler(ApplicationContextEventTests.java:180) ~[test/:?]
	at sun.reflect.NativeMethodAccessorImpl.invoke0(Native Method) ~[?:1.8.0_73]
	at sun.reflect.NativeMethodAccessorImpl.invoke(NativeMethodAccessorImpl.java:62) ~[?:1.8.0_73]
	at sun.reflect.DelegatingMethodAccessorImpl.invoke(DelegatingMethodAccessorImpl.java:43) ~[?:1.8.0_73]
	at java.lang.reflect.Method.invoke(Method.java:497) ~[?:1.8.0_73]
	at org.junit.runners.model.FrameworkMethod$1.runReflectiveCall(FrameworkMethod.java:59) ~[junit-4.13-beta-3.jar:4.13-beta-3]
	at org.junit.internal.runners.model.ReflectiveCallable.run(ReflectiveCallable.java:12) ~[junit-4.13-beta-3.jar:4.13-beta-3]
	at org.junit.runners.model.FrameworkMethod.invokeExplosively(FrameworkMethod.java:56) ~[junit-4.13-beta-3.jar:4.13-beta-3]
	at org.junit.internal.runners.statements.InvokeMethod.evaluate(InvokeMethod.java:17) ~[junit-4.13-beta-3.jar:4.13-beta-3]
	at org.junit.runners.ParentRunner$3.evaluate(ParentRunner.java:305) ~[junit-4.13-beta-3.jar:4.13-beta-3]
	at org.junit.runners.BlockJUnit4ClassRunner$1.evaluate(BlockJUnit4ClassRunner.java:100) ~[junit-4.13-beta-3.jar:4.13-beta-3]
	at org.junit.runners.ParentRunner.runLeaf(ParentRunner.java:365) ~[junit-4.13-beta-3.jar:4.13-beta-3]
	at org.junit.runners.BlockJUnit4ClassRunner.runChild(BlockJUnit4ClassRunner.java:103) ~[junit-4.13-beta-3.jar:4.13-beta-3]
	at org.junit.runners.BlockJUnit4ClassRunner.runChild(BlockJUnit4ClassRunner.java:63) ~[junit-4.13-beta-3.jar:4.13-beta-3]
	at org.junit.runners.ParentRunner$4.run(ParentRunner.java:330) ~[junit-4.13-beta-3.jar:4.13-beta-3]
	at org.junit.runners.ParentRunner$1.schedule(ParentRunner.java:78) ~[junit-4.13-beta-3.jar:4.13-beta-3]
	at org.junit.runners.ParentRunner.runChildren(ParentRunner.java:328) ~[junit-4.13-beta-3.jar:4.13-beta-3]
	at org.junit.runners.ParentRunner.access$100(ParentRunner.java:65) ~[junit-4.13-beta-3.jar:4.13-beta-3]
	at org.junit.runners.ParentRunner$2.evaluate(ParentRunner.java:292) ~[junit-4.13-beta-3.jar:4.13-beta-3]
	at org.junit.runners.ParentRunner$3.evaluate(ParentRunner.java:305) ~[junit-4.13-beta-3.jar:4.13-beta-3]
	at org.junit.runners.ParentRunner.run(ParentRunner.java:412) ~[junit-4.13-beta-3.jar:4.13-beta-3]
	at org.junit.runner.JUnitCore.run(JUnitCore.java:137) ~[junit-4.13-beta-3.jar:4.13-beta-3]
	at org.junit.runner.JUnitCore.run(JUnitCore.java:115) ~[junit-4.13-beta-3.jar:4.13-beta-3]
	at org.junit.vintage.engine.execution.RunnerExecutor.execute(RunnerExecutor.java:40) ~[junit-vintage-engine-5.5.1.jar:5.5.1]
	at java.util.stream.ForEachOps$ForEachOp$OfRef.accept(ForEachOps.java:184) ~[?:1.8.0_73]
	at java.util.stream.ReferencePipeline$3$1.accept(ReferencePipeline.java:193) ~[?:1.8.0_73]
	at java.util.Iterator.forEachRemaining(Iterator.java:116) ~[?:1.8.0_73]
	at java.util.Spliterators$IteratorSpliterator.forEachRemaining(Spliterators.java:1801) ~[?:1.8.0_73]
	at java.util.stream.AbstractPipeline.copyInto(AbstractPipeline.java:481) ~[?:1.8.0_73]
	at java.util.stream.AbstractPipeline.wrapAndCopyInto(AbstractPipeline.java:471) ~[?:1.8.0_73]
	at java.util.stream.ForEachOps$ForEachOp.evaluateSequential(ForEachOps.java:151) ~[?:1.8.0_73]
	at java.util.stream.ForEachOps$ForEachOp$OfRef.evaluateSequential(ForEachOps.java:174) ~[?:1.8.0_73]
	at java.util.stream.AbstractPipeline.evaluate(AbstractPipeline.java:234) ~[?:1.8.0_73]
	at java.util.stream.ReferencePipeline.forEach(ReferencePipeline.java:418) ~[?:1.8.0_73]
	at org.junit.vintage.engine.VintageTestEngine.executeAllChildren(VintageTestEngine.java:80) ~[junit-vintage-engine-5.5.1.jar:5.5.1]
	at org.junit.vintage.engine.VintageTestEngine.execute(VintageTestEngine.java:71) ~[junit-vintage-engine-5.5.1.jar:5.5.1]
	at org.junit.platform.launcher.core.DefaultLauncher.execute(DefaultLauncher.java:229) ~[junit-platform-launcher-1.5.1.jar:1.5.1]
	at org.junit.platform.launcher.core.DefaultLauncher.lambda$execute$6(DefaultLauncher.java:197) ~[junit-platform-launcher-1.5.1.jar:1.5.1]
	at org.junit.platform.launcher.core.DefaultLauncher.withInterceptedStreams(DefaultLauncher.java:211) [junit-platform-launcher-1.5.1.jar:1.5.1]
	at org.junit.platform.launcher.core.DefaultLauncher.execute(DefaultLauncher.java:191) [junit-platform-launcher-1.5.1.jar:1.5.1]
	at org.junit.platform.launcher.core.DefaultLauncher.execute(DefaultLauncher.java:128) [junit-platform-launcher-1.5.1.jar:1.5.1]
	at org.gradle.api.internal.tasks.testing.junitplatform.JUnitPlatformTestClassProcessor$CollectAllTestClassesExecutor.processAllTestClasses(JUnitPlatformTestClassProcessor.java:102) [gradle-testing-junit-platform-5.5.1.jar:5.5.1]
	at org.gradle.api.internal.tasks.testing.junitplatform.JUnitPlatformTestClassProcessor$CollectAllTestClassesExecutor.access$000(JUnitPlatformTestClassProcessor.java:82) [gradle-testing-junit-platform-5.5.1.jar:5.5.1]
	at org.gradle.api.internal.tasks.testing.junitplatform.JUnitPlatformTestClassProcessor.stop(JUnitPlatformTestClassProcessor.java:78) [gradle-testing-junit-platform-5.5.1.jar:5.5.1]
	at org.gradle.api.internal.tasks.testing.SuiteTestClassProcessor.stop(SuiteTestClassProcessor.java:61) [gradle-testing-base-5.5.1.jar:5.5.1]
	at sun.reflect.NativeMethodAccessorImpl.invoke0(Native Method) ~[?:1.8.0_73]
	at sun.reflect.NativeMethodAccessorImpl.invoke(NativeMethodAccessorImpl.java:62) ~[?:1.8.0_73]
	at sun.reflect.DelegatingMethodAccessorImpl.invoke(DelegatingMethodAccessorImpl.java:43) ~[?:1.8.0_73]
	at java.lang.reflect.Method.invoke(Method.java:497) ~[?:1.8.0_73]
	at org.gradle.internal.dispatch.ReflectionDispatch.dispatch(ReflectionDispatch.java:35) [gradle-messaging-5.5.1.jar:5.5.1]
	at org.gradle.internal.dispatch.ReflectionDispatch.dispatch(ReflectionDispatch.java:24) [gradle-messaging-5.5.1.jar:5.5.1]
	at org.gradle.internal.dispatch.ContextClassLoaderDispatch.dispatch(ContextClassLoaderDispatch.java:32) [gradle-messaging-5.5.1.jar:5.5.1]
	at org.gradle.internal.dispatch.ProxyDispatchAdapter$DispatchingInvocationHandler.invoke(ProxyDispatchAdapter.java:93) [gradle-messaging-5.5.1.jar:5.5.1]
	at com.sun.proxy.$Proxy2.stop(Unknown Source) [?:?]
	at org.gradle.api.internal.tasks.testing.worker.TestWorker.stop(TestWorker.java:132) [gradle-testing-base-5.5.1.jar:5.5.1]
	at sun.reflect.NativeMethodAccessorImpl.invoke0(Native Method) ~[?:1.8.0_73]
	at sun.reflect.NativeMethodAccessorImpl.invoke(NativeMethodAccessorImpl.java:62) ~[?:1.8.0_73]
	at sun.reflect.DelegatingMethodAccessorImpl.invoke(DelegatingMethodAccessorImpl.java:43) ~[?:1.8.0_73]
	at java.lang.reflect.Method.invoke(Method.java:497) ~[?:1.8.0_73]
	at org.gradle.internal.dispatch.ReflectionDispatch.dispatch(ReflectionDispatch.java:35) [gradle-messaging-5.5.1.jar:5.5.1]
	at org.gradle.internal.dispatch.ReflectionDispatch.dispatch(ReflectionDispatch.java:24) [gradle-messaging-5.5.1.jar:5.5.1]
	at org.gradle.internal.remote.internal.hub.MessageHubBackedObjectConnection$DispatchWrapper.dispatch(MessageHubBackedObjectConnection.java:175) [gradle-messaging-5.5.1.jar:5.5.1]
	at org.gradle.internal.remote.internal.hub.MessageHubBackedObjectConnection$DispatchWrapper.dispatch(MessageHubBackedObjectConnection.java:157) [gradle-messaging-5.5.1.jar:5.5.1]
	at org.gradle.internal.remote.internal.hub.MessageHub$Handler.run(MessageHub.java:404) [gradle-messaging-5.5.1.jar:5.5.1]
	at org.gradle.internal.concurrent.ExecutorPolicy$CatchAndRecordFailures.onExecute(ExecutorPolicy.java:63) [gradle-base-services-5.5.1.jar:5.5.1]
	at org.gradle.internal.concurrent.ManagedExecutorImpl$1.run(ManagedExecutorImpl.java:46) [gradle-base-services-5.5.1.jar:5.5.1]
	at java.util.concurrent.ThreadPoolExecutor.runWorker(ThreadPoolExecutor.java:1142) [?:1.8.0_73]
	at java.util.concurrent.ThreadPoolExecutor$Worker.run(ThreadPoolExecutor.java:617) [?:1.8.0_73]
	at org.gradle.internal.concurrent.ThreadFactoryImpl$ManagedThreadRunnable.run(ThreadFactoryImpl.java:55) [gradle-base-services-5.5.1.jar:5.5.1]
	at java.lang.Thread.run(Thread.java:745) [?:1.8.0_73]
]]></system-out>
  <system-err><![CDATA[]]></system-err>
</testsuite>
