<?xml version="1.0" encoding="UTF-8"?>
<testsuite name="org.springframework.ejb.config.JeeNamespaceHandlerEventTests" tests="3" skipped="0" failures="0" errors="0" timestamp="2020-12-16T17:33:40" hostname="DESKTOP-EMRC5FU" time="0.02">
  <properties/>
  <testcase name="testLocalSlsbComponentEventReceived" classname="org.springframework.ejb.config.JeeNamespaceHandlerEventTests" time="0.009"/>
  <testcase name="testJndiLookupComponentEventReceived" classname="org.springframework.ejb.config.JeeNamespaceHandlerEventTests" time="0.006"/>
  <testcase name="testRemoteSlsbComponentEventReceived" classname="org.springframework.ejb.config.JeeNamespaceHandlerEventTests" time="0.005"/>
  <system-out><![CDATA[]]></system-out>
  <system-err><![CDATA[]]></system-err>
</testsuite>
