<?xml version="1.0" encoding="UTF-8"?>
<testsuite name="org.springframework.beans.factory.support.QualifierAnnotationAutowireContextTests" tests="25" skipped="0" failures="0" errors="0" timestamp="2020-12-16T17:33:24" hostname="DESKTOP-EMRC5FU" time="0.033">
  <properties/>
  <testcase name="autowiredFieldResolvesWithBaseQualifierAndNonDefaultValue" classname="org.springframework.beans.factory.support.QualifierAnnotationAutowireContextTests" time="0.002"/>
  <testcase name="autowiredFieldResolvesQualifiedCandidate" classname="org.springframework.beans.factory.support.QualifierAnnotationAutowireContextTests" time="0.001"/>
  <testcase name="autowiredConstructorArgumentResolvesQualifiedCandidate" classname="org.springframework.beans.factory.support.QualifierAnnotationAutowireContextTests" time="0.001"/>
  <testcase name="autowiredConstructorArgumentWithMultipleNonQualifiedCandidates" classname="org.springframework.beans.factory.support.QualifierAnnotationAutowireContextTests" time="0.001"/>
  <testcase name="autowiredFieldDoesNotResolveWithMultipleQualifierValuesAndConflictingDefaultValue" classname="org.springframework.beans.factory.support.QualifierAnnotationAutowireContextTests" time="0.002"/>
  <testcase name="autowiredConstructorArgumentWithSingleNonQualifiedCandidate" classname="org.springframework.beans.factory.support.QualifierAnnotationAutowireContextTests" time="0.001"/>
  <testcase name="autowiredMethodParameterWithSingleNonQualifiedCandidate" classname="org.springframework.beans.factory.support.QualifierAnnotationAutowireContextTests" time="0.003"/>
  <testcase name="autowiredMethodParameterWithStaticallyQualifiedCandidateAmongOthers" classname="org.springframework.beans.factory.support.QualifierAnnotationAutowireContextTests" time="0.001"/>
  <testcase name="autowiredFieldResolvesQualifiedCandidateWithDefaultValueAndNoValueOnBeanDefinition" classname="org.springframework.beans.factory.support.QualifierAnnotationAutowireContextTests" time="0.0"/>
  <testcase name="autowiredMethodParameterWithMultipleNonQualifiedCandidates" classname="org.springframework.beans.factory.support.QualifierAnnotationAutowireContextTests" time="0.001"/>
  <testcase name="autowiredFieldResolvesWithDefaultValueAndExplicitDefaultValueOnBeanDefinition" classname="org.springframework.beans.factory.support.QualifierAnnotationAutowireContextTests" time="0.0"/>
  <testcase name="autowiredMethodParameterWithStaticallyQualifiedCandidate" classname="org.springframework.beans.factory.support.QualifierAnnotationAutowireContextTests" time="0.006"/>
  <testcase name="autowiredFieldDoesNotResolveWithBaseQualifierAndNonDefaultValueAndMultipleMatchingCandidates" classname="org.springframework.beans.factory.support.QualifierAnnotationAutowireContextTests" time="0.001"/>
  <testcase name="autowiredFieldResolvesWithMultipleQualifierValues" classname="org.springframework.beans.factory.support.QualifierAnnotationAutowireContextTests" time="0.0"/>
  <testcase name="autowiredMethodParameterWithSingleQualifiedCandidate" classname="org.springframework.beans.factory.support.QualifierAnnotationAutowireContextTests" time="0.001"/>
  <testcase name="autowiredFieldResolvesWithBaseQualifierAndDefaultValue" classname="org.springframework.beans.factory.support.QualifierAnnotationAutowireContextTests" time="0.001"/>
  <testcase name="autowiredFieldWithSingleQualifiedCandidate" classname="org.springframework.beans.factory.support.QualifierAnnotationAutowireContextTests" time="0.0"/>
  <testcase name="autowiredFieldWithMultipleNonQualifiedCandidates" classname="org.springframework.beans.factory.support.QualifierAnnotationAutowireContextTests" time="0.001"/>
  <testcase name="autowiredFieldResolvesMetaQualifiedCandidate" classname="org.springframework.beans.factory.support.QualifierAnnotationAutowireContextTests" time="0.002"/>
  <testcase name="autowiredConstructorArgumentWithSingleQualifiedCandidate" classname="org.springframework.beans.factory.support.QualifierAnnotationAutowireContextTests" time="0.001"/>
  <testcase name="autowiredFieldDoesNotResolveCandidateWithDefaultValueAndConflictingValueOnBeanDefinition" classname="org.springframework.beans.factory.support.QualifierAnnotationAutowireContextTests" time="0.001"/>
  <testcase name="autowiredFieldDoesNotResolveWithMultipleQualifierValuesAndMultipleMatchingCandidates" classname="org.springframework.beans.factory.support.QualifierAnnotationAutowireContextTests" time="0.001"/>
  <testcase name="autowiredMethodParameterResolvesQualifiedCandidate" classname="org.springframework.beans.factory.support.QualifierAnnotationAutowireContextTests" time="0.0"/>
  <testcase name="autowiredFieldWithSingleNonQualifiedCandidate" classname="org.springframework.beans.factory.support.QualifierAnnotationAutowireContextTests" time="0.001"/>
  <testcase name="autowiredFieldResolvesWithMultipleQualifierValuesAndExplicitDefaultValue" classname="org.springframework.beans.factory.support.QualifierAnnotationAutowireContextTests" time="0.001"/>
  <system-out><![CDATA[01:33:24.876 [Test worker] WARN  o.s.c.s.GenericApplicationContext - Exception encountered during context initialization - cancelling refresh attempt: org.springframework.beans.factory.UnsatisfiedDependencyException: Error creating bean with name 'autowired': Unsatisfied dependency expressed through constructor parameter 0; nested exception is org.springframework.beans.factory.NoSuchBeanDefinitionException: No qualifying bean of type 'org.springframework.beans.factory.support.QualifierAnnotationAutowireContextTests$Person' available: expected at least 1 bean which qualifies as autowire candidate. Dependency annotations: {@org.springframework.beans.factory.support.QualifierAnnotationAutowireContextTests$TestQualifier()}
01:33:24.877 [Test worker] WARN  o.s.c.s.GenericApplicationContext - Exception encountered during context initialization - cancelling refresh attempt: org.springframework.beans.factory.UnsatisfiedDependencyException: Error creating bean with name 'autowired': Unsatisfied dependency expressed through field 'person'; nested exception is org.springframework.beans.factory.NoSuchBeanDefinitionException: No qualifying bean of type 'org.springframework.beans.factory.support.QualifierAnnotationAutowireContextTests$Person' available: expected at least 1 bean which qualifies as autowire candidate. Dependency annotations: {@org.springframework.beans.factory.annotation.Autowired(required=true), @org.springframework.beans.factory.support.QualifierAnnotationAutowireContextTests$TestQualifierWithMultipleAttributes(value=default, number=123)}
01:33:24.878 [Test worker] WARN  o.s.c.s.GenericApplicationContext - Exception encountered during context initialization - cancelling refresh attempt: org.springframework.beans.factory.UnsatisfiedDependencyException: Error creating bean with name 'autowired': Unsatisfied dependency expressed through constructor parameter 0; nested exception is org.springframework.beans.factory.NoSuchBeanDefinitionException: No qualifying bean of type 'org.springframework.beans.factory.support.QualifierAnnotationAutowireContextTests$Person' available: expected at least 1 bean which qualifies as autowire candidate. Dependency annotations: {@org.springframework.beans.factory.support.QualifierAnnotationAutowireContextTests$TestQualifier()}
01:33:24.881 [Test worker] WARN  o.s.c.s.GenericApplicationContext - Exception encountered during context initialization - cancelling refresh attempt: org.springframework.beans.factory.UnsatisfiedDependencyException: Error creating bean with name 'autowired': Unsatisfied dependency expressed through method 'setPerson' parameter 0; nested exception is org.springframework.beans.factory.NoSuchBeanDefinitionException: No qualifying bean of type 'org.springframework.beans.factory.support.QualifierAnnotationAutowireContextTests$Person' available: expected at least 1 bean which qualifies as autowire candidate. Dependency annotations: {@org.springframework.beans.factory.support.QualifierAnnotationAutowireContextTests$TestQualifier()}
01:33:24.885 [Test worker] WARN  o.s.c.s.GenericApplicationContext - Exception encountered during context initialization - cancelling refresh attempt: org.springframework.beans.factory.UnsatisfiedDependencyException: Error creating bean with name 'autowired': Unsatisfied dependency expressed through method 'setPerson' parameter 0; nested exception is org.springframework.beans.factory.NoSuchBeanDefinitionException: No qualifying bean of type 'org.springframework.beans.factory.support.QualifierAnnotationAutowireContextTests$Person' available: expected at least 1 bean which qualifies as autowire candidate. Dependency annotations: {@org.springframework.beans.factory.support.QualifierAnnotationAutowireContextTests$TestQualifier()}
01:33:24.892 [Test worker] WARN  o.s.c.s.GenericApplicationContext - Exception encountered during context initialization - cancelling refresh attempt: org.springframework.beans.factory.UnsatisfiedDependencyException: Error creating bean with name 'autowired': Unsatisfied dependency expressed through constructor parameter 0; nested exception is org.springframework.beans.factory.NoUniqueBeanDefinitionException: No qualifying bean of type 'org.springframework.beans.factory.support.QualifierAnnotationAutowireContextTests$Person' available: expected single matching bean but found 2: juergen1,juergen2
01:33:24.896 [Test worker] WARN  o.s.c.s.GenericApplicationContext - Exception encountered during context initialization - cancelling refresh attempt: org.springframework.beans.factory.UnsatisfiedDependencyException: Error creating bean with name 'autowired': Unsatisfied dependency expressed through field 'person'; nested exception is org.springframework.beans.factory.NoSuchBeanDefinitionException: No qualifying bean of type 'org.springframework.beans.factory.support.QualifierAnnotationAutowireContextTests$Person' available: expected at least 1 bean which qualifies as autowire candidate. Dependency annotations: {@org.springframework.beans.factory.annotation.Autowired(required=true), @org.springframework.beans.factory.support.QualifierAnnotationAutowireContextTests$TestQualifier()}
01:33:24.899 [Test worker] WARN  o.s.c.s.GenericApplicationContext - Exception encountered during context initialization - cancelling refresh attempt: org.springframework.beans.factory.UnsatisfiedDependencyException: Error creating bean with name 'autowired': Unsatisfied dependency expressed through field 'person'; nested exception is org.springframework.beans.factory.NoSuchBeanDefinitionException: No qualifying bean of type 'org.springframework.beans.factory.support.QualifierAnnotationAutowireContextTests$Person' available: expected at least 1 bean which qualifies as autowire candidate. Dependency annotations: {@org.springframework.beans.factory.annotation.Autowired(required=true), @org.springframework.beans.factory.support.QualifierAnnotationAutowireContextTests$TestQualifierWithDefaultValue(value=default)}
01:33:24.900 [Test worker] WARN  o.s.c.s.GenericApplicationContext - Exception encountered during context initialization - cancelling refresh attempt: org.springframework.beans.factory.UnsatisfiedDependencyException: Error creating bean with name 'autowired': Unsatisfied dependency expressed through field 'person'; nested exception is org.springframework.beans.factory.NoUniqueBeanDefinitionException: No qualifying bean of type 'org.springframework.beans.factory.support.QualifierAnnotationAutowireContextTests$Person' available: expected single matching bean but found 2: juergen,mark
01:33:24.902 [Test worker] WARN  o.s.c.s.GenericApplicationContext - Exception encountered during context initialization - cancelling refresh attempt: org.springframework.beans.factory.UnsatisfiedDependencyException: Error creating bean with name 'autowired': Unsatisfied dependency expressed through field 'person'; nested exception is org.springframework.beans.factory.NoSuchBeanDefinitionException: No qualifying bean of type 'org.springframework.beans.factory.support.QualifierAnnotationAutowireContextTests$Person' available: expected at least 1 bean which qualifies as autowire candidate. Dependency annotations: {@org.springframework.beans.factory.annotation.Autowired(required=true), @org.springframework.beans.factory.support.QualifierAnnotationAutowireContextTests$TestQualifier()}
]]></system-out>
  <system-err><![CDATA[]]></system-err>
</testsuite>
