<?xml version="1.0" encoding="UTF-8"?>
<testsuite name="org.springframework.scripting.support.StandardScriptFactoryTests" tests="3" skipped="0" failures="0" errors="0" timestamp="2020-12-16T17:34:00" hostname="DESKTOP-EMRC5FU" time="0.304">
  <properties/>
  <testcase name="testRefreshableJsr223FromTagWithInterface" classname="org.springframework.scripting.support.StandardScriptFactoryTests" time="0.26"/>
  <testcase name="testJsr223FromTagWithInterface" classname="org.springframework.scripting.support.StandardScriptFactoryTests" time="0.027"/>
  <testcase name="testInlineJsr223FromTagWithInterface" classname="org.springframework.scripting.support.StandardScriptFactoryTests" time="0.017"/>
  <system-out><![CDATA[]]></system-out>
  <system-err><![CDATA[]]></system-err>
</testsuite>
