<?xml version="1.0" encoding="UTF-8"?>
<testsuite name="org.springframework.context.support.Spr7816Tests" tests="1" skipped="0" failures="0" errors="0" timestamp="2020-12-16T17:33:40" hostname="DESKTOP-EMRC5FU" time="0.003">
  <properties/>
  <testcase name="spr7816" classname="org.springframework.context.support.Spr7816Tests" time="0.003"/>
  <system-out><![CDATA[]]></system-out>
  <system-err><![CDATA[]]></system-err>
</testsuite>
