<?xml version="1.0" encoding="UTF-8"?>
<testsuite name="org.springframework.context.annotation.configuration.ConfigurationBeanNameTests" tests="3" skipped="0" failures="0" errors="0" timestamp="2020-12-16T17:33:32" hostname="DESKTOP-EMRC5FU" time="0.006">
  <properties/>
  <testcase name="registerNestedConfig" classname="org.springframework.context.annotation.configuration.ConfigurationBeanNameTests" time="0.001"/>
  <testcase name="registerOuterConfig" classname="org.springframework.context.annotation.configuration.ConfigurationBeanNameTests" time="0.003"/>
  <testcase name="registerOuterConfig_withBeanNameGenerator" classname="org.springframework.context.annotation.configuration.ConfigurationBeanNameTests" time="0.002"/>
  <system-out><![CDATA[]]></system-out>
  <system-err><![CDATA[]]></system-err>
</testsuite>
