<?xml version="1.0" encoding="UTF-8"?>
<testsuite name="org.springframework.aop.config.AopNamespaceHandlerReturningTests" tests="2" skipped="0" failures="0" errors="0" timestamp="2020-12-16T17:33:23" hostname="DESKTOP-EMRC5FU" time="0.011">
  <properties/>
  <testcase name="testParseReturningOnOtherAdviceType" classname="org.springframework.aop.config.AopNamespaceHandlerReturningTests" time="0.005"/>
  <testcase name="testReturningOnReturningAdvice" classname="org.springframework.aop.config.AopNamespaceHandlerReturningTests" time="0.006"/>
  <system-out><![CDATA[]]></system-out>
  <system-err><![CDATA[]]></system-err>
</testsuite>
