<?xml version="1.0" encoding="UTF-8"?>
<testsuite name="org.springframework.context.annotation.configuration.ImportWithConditionTests" tests="2" skipped="0" failures="0" errors="0" timestamp="2020-12-16T17:33:33" hostname="DESKTOP-EMRC5FU" time="0.007">
  <properties/>
  <testcase name="unconditionalThenConditional" classname="org.springframework.context.annotation.configuration.ImportWithConditionTests" time="0.005"/>
  <testcase name="conditionalThenUnconditional" classname="org.springframework.context.annotation.configuration.ImportWithConditionTests" time="0.002"/>
  <system-out><![CDATA[]]></system-out>
  <system-err><![CDATA[]]></system-err>
</testsuite>
