<?xml version="1.0" encoding="UTF-8"?>
<testsuite name="org.springframework.aop.framework.autoproxy.AdvisorAutoProxyCreatorTests" tests="6" skipped="0" failures="0" errors="0" timestamp="2020-12-16T17:33:23" hostname="DESKTOP-EMRC5FU" time="0.068">
  <properties/>
  <testcase name="testCustomTargetSourceNoMatch" classname="org.springframework.aop.framework.autoproxy.AdvisorAutoProxyCreatorTests" time="0.006"/>
  <testcase name="testLazyInitTargetSource" classname="org.springframework.aop.framework.autoproxy.AdvisorAutoProxyCreatorTests" time="0.005"/>
  <testcase name="testQuickTargetSourceCreator" classname="org.springframework.aop.framework.autoproxy.AdvisorAutoProxyCreatorTests" time="0.019"/>
  <testcase name="testCustomPrototypeTargetSource" classname="org.springframework.aop.framework.autoproxy.AdvisorAutoProxyCreatorTests" time="0.003"/>
  <testcase name="testCommonInterceptorAndAdvisor" classname="org.springframework.aop.framework.autoproxy.AdvisorAutoProxyCreatorTests" time="0.013"/>
  <testcase name="testWithOptimizedProxy" classname="org.springframework.aop.framework.autoproxy.AdvisorAutoProxyCreatorTests" time="0.022"/>
  <system-out><![CDATA[]]></system-out>
  <system-err><![CDATA[]]></system-err>
</testsuite>
