<?xml version="1.0" encoding="UTF-8"?>
<testsuite name="org.springframework.validation.beanvalidation.MethodValidationTests" tests="4" skipped="0" failures="0" errors="0" timestamp="2020-12-16T17:34:00" hostname="DESKTOP-EMRC5FU" time="0.069">
  <properties/>
  <testcase name="testLazyValidatorForMethodValidation" classname="org.springframework.validation.beanvalidation.MethodValidationTests" time="0.024"/>
  <testcase name="testMethodValidationInterceptor" classname="org.springframework.validation.beanvalidation.MethodValidationTests" time="0.016"/>
  <testcase name="testLazyValidatorForMethodValidationWithProxyTargetClass" classname="org.springframework.validation.beanvalidation.MethodValidationTests" time="0.021"/>
  <testcase name="testMethodValidationPostProcessor" classname="org.springframework.validation.beanvalidation.MethodValidationTests" time="0.007"/>
  <system-out><![CDATA[]]></system-out>
  <system-err><![CDATA[]]></system-err>
</testsuite>
