<?xml version="1.0" encoding="UTF-8"?>
<testsuite name="org.springframework.context.annotation.configuration.AutowiredConfigurationTests" tests="15" skipped="0" failures="0" errors="0" timestamp="2020-12-16T17:33:32" hostname="DESKTOP-EMRC5FU" time="0.109">
  <properties/>
  <testcase name="testAutowiredConfigurationDependencies" classname="org.springframework.context.annotation.configuration.AutowiredConfigurationTests" time="0.01"/>
  <testcase name="testValueInjectionWithProviderFields" classname="org.springframework.context.annotation.configuration.AutowiredConfigurationTests" time="0.008"/>
  <testcase name="testValueInjectionWithProviderConstructorArguments" classname="org.springframework.context.annotation.configuration.AutowiredConfigurationTests" time="0.003"/>
  <testcase name="testAutowiredConfigurationMethodDependencies" classname="org.springframework.context.annotation.configuration.AutowiredConfigurationTests" time="0.003"/>
  <testcase name="testAutowiredSingleConstructorSupported" classname="org.springframework.context.annotation.configuration.AutowiredConfigurationTests" time="0.008"/>
  <testcase name="testValueInjectionWithAliasedMetaAnnotation" classname="org.springframework.context.annotation.configuration.AutowiredConfigurationTests" time="0.008"/>
  <testcase name="testObjectFactoryConstructorWithTypeVariable" classname="org.springframework.context.annotation.configuration.AutowiredConfigurationTests" time="0.009"/>
  <testcase name="testAutowiredAnnotatedConstructorSupported" classname="org.springframework.context.annotation.configuration.AutowiredConfigurationTests" time="0.007"/>
  <testcase name="testValueInjectionWithMetaAnnotation" classname="org.springframework.context.annotation.configuration.AutowiredConfigurationTests" time="0.008"/>
  <testcase name="testAutowiredConfigurationMethodDependenciesWithOptionalAndAvailable" classname="org.springframework.context.annotation.configuration.AutowiredConfigurationTests" time="0.003"/>
  <testcase name="testValueInjectionWithProviderMethodArguments" classname="org.springframework.context.annotation.configuration.AutowiredConfigurationTests" time="0.005"/>
  <testcase name="testCustomPropertiesWithGenericContext" classname="org.springframework.context.annotation.configuration.AutowiredConfigurationTests" time="0.012"/>
  <testcase name="testAutowiredConfigurationMethodDependenciesWithOptionalAndNotAvailable" classname="org.springframework.context.annotation.configuration.AutowiredConfigurationTests" time="0.002"/>
  <testcase name="testValueInjection" classname="org.springframework.context.annotation.configuration.AutowiredConfigurationTests" time="0.012"/>
  <testcase name="testCustomPropertiesWithClassPathContext" classname="org.springframework.context.annotation.configuration.AutowiredConfigurationTests" time="0.008"/>
  <system-out><![CDATA[]]></system-out>
  <system-err><![CDATA[]]></system-err>
</testsuite>
