<?xml version="1.0" encoding="UTF-8"?>
<testsuite name="org.springframework.scheduling.config.ScheduledTasksBeanDefinitionParserTests" tests="6" skipped="0" failures="0" errors="0" timestamp="2020-12-16T17:33:54" hostname="DESKTOP-EMRC5FU" time="0.051">
  <properties/>
  <testcase name="fixedDelayTasks" classname="org.springframework.scheduling.config.ScheduledTasksBeanDefinitionParserTests" time="0.012"/>
  <testcase name="triggerTasks" classname="org.springframework.scheduling.config.ScheduledTasksBeanDefinitionParserTests" time="0.007"/>
  <testcase name="fixedRateTasks" classname="org.springframework.scheduling.config.ScheduledTasksBeanDefinitionParserTests" time="0.007"/>
  <testcase name="checkTarget" classname="org.springframework.scheduling.config.ScheduledTasksBeanDefinitionParserTests" time="0.008"/>
  <testcase name="cronTasks" classname="org.springframework.scheduling.config.ScheduledTasksBeanDefinitionParserTests" time="0.007"/>
  <testcase name="checkScheduler" classname="org.springframework.scheduling.config.ScheduledTasksBeanDefinitionParserTests" time="0.007"/>
  <system-out><![CDATA[]]></system-out>
  <system-err><![CDATA[]]></system-err>
</testsuite>
