<?xml version="1.0" encoding="UTF-8"?>
<testsuite name="org.springframework.validation.beanvalidation.ValidatorFactoryTests" tests="12" skipped="0" failures="0" errors="0" timestamp="2020-12-16T17:34:00" hostname="DESKTOP-EMRC5FU" time="0.174">
  <properties/>
  <testcase name="testValidationWithOptionalField" classname="org.springframework.validation.beanvalidation.ValidatorFactoryTests" time="0.013"/>
  <testcase name="testSpringValidationFieldType" classname="org.springframework.validation.beanvalidation.ValidatorFactoryTests" time="0.022"/>
  <testcase name="testSpringValidationWithErrorInListElement" classname="org.springframework.validation.beanvalidation.ValidatorFactoryTests" time="0.017"/>
  <testcase name="testSpringValidationWithClassLevel" classname="org.springframework.validation.beanvalidation.ValidatorFactoryTests" time="0.016"/>
  <testcase name="testInnerBeanValidation" classname="org.springframework.validation.beanvalidation.ValidatorFactoryTests" time="0.005"/>
  <testcase name="testSpringValidationWithErrorInSetElement" classname="org.springframework.validation.beanvalidation.ValidatorFactoryTests" time="0.015"/>
  <testcase name="testSpringValidationWithAutowiredValidator" classname="org.springframework.validation.beanvalidation.ValidatorFactoryTests" time="0.022"/>
  <testcase name="testSimpleValidation" classname="org.springframework.validation.beanvalidation.ValidatorFactoryTests" time="0.014"/>
  <testcase name="testListValidation" classname="org.springframework.validation.beanvalidation.ValidatorFactoryTests" time="0.007"/>
  <testcase name="testSimpleValidationWithClassLevel" classname="org.springframework.validation.beanvalidation.ValidatorFactoryTests" time="0.013"/>
  <testcase name="testSimpleValidationWithCustomProvider" classname="org.springframework.validation.beanvalidation.ValidatorFactoryTests" time="0.015"/>
  <testcase name="testSpringValidation" classname="org.springframework.validation.beanvalidation.ValidatorFactoryTests" time="0.015"/>
  <system-out><![CDATA[]]></system-out>
  <system-err><![CDATA[]]></system-err>
</testsuite>
