<?xml version="1.0" encoding="UTF-8"?>
<testsuite name="org.springframework.context.annotation.ImportBeanDefinitionRegistrarTests" tests="1" skipped="0" failures="0" errors="0" timestamp="2020-12-16T17:33:33" hostname="DESKTOP-EMRC5FU" time="0.002">
  <properties/>
  <testcase name="shouldInvokeAwareMethodsInImportBeanDefinitionRegistrar" classname="org.springframework.context.annotation.ImportBeanDefinitionRegistrarTests" time="0.002"/>
  <system-out><![CDATA[]]></system-out>
  <system-err><![CDATA[]]></system-err>
</testsuite>
