<?xml version="1.0" encoding="UTF-8"?>
<testsuite name="org.springframework.context.annotation.configuration.BeanMethodQualificationTests" tests="8" skipped="0" failures="0" errors="0" timestamp="2020-12-16T17:33:32" hostname="DESKTOP-EMRC5FU" time="0.037">
  <properties/>
  <testcase name="testCustomWithLazyResolution" classname="org.springframework.context.annotation.configuration.BeanMethodQualificationTests" time="0.009"/>
  <testcase name="testCustomWithAttributeOverride" classname="org.springframework.context.annotation.configuration.BeanMethodQualificationTests" time="0.004"/>
  <testcase name="testCustomWithEarlyResolution" classname="org.springframework.context.annotation.configuration.BeanMethodQualificationTests" time="0.002"/>
  <testcase name="testBeanNamesForAnnotation" classname="org.springframework.context.annotation.configuration.BeanMethodQualificationTests" time="0.004"/>
  <testcase name="testCustomWithAsm" classname="org.springframework.context.annotation.configuration.BeanMethodQualificationTests" time="0.003"/>
  <testcase name="testScoped" classname="org.springframework.context.annotation.configuration.BeanMethodQualificationTests" time="0.004"/>
  <testcase name="testStandard" classname="org.springframework.context.annotation.configuration.BeanMethodQualificationTests" time="0.002"/>
  <testcase name="testScopedProxy" classname="org.springframework.context.annotation.configuration.BeanMethodQualificationTests" time="0.009"/>
  <system-out><![CDATA[]]></system-out>
  <system-err><![CDATA[]]></system-err>
</testsuite>
