<?xml version="1.0" encoding="UTF-8"?>
<testsuite name="org.springframework.context.event.PayloadApplicationEventTests" tests="1" skipped="0" failures="0" errors="0" timestamp="2020-12-16T17:33:35" hostname="DESKTOP-EMRC5FU" time="0.001">
  <properties/>
  <testcase name="testEventClassWithInterface" classname="org.springframework.context.event.PayloadApplicationEventTests" time="0.001"/>
  <system-out><![CDATA[]]></system-out>
  <system-err><![CDATA[]]></system-err>
</testsuite>
