<?xml version="1.0" encoding="UTF-8"?>
<testsuite name="org.springframework.aop.aspectj.AfterAdviceBindingTests" tests="6" skipped="0" failures="0" errors="0" timestamp="2020-12-16T17:33:20" hostname="DESKTOP-EMRC5FU" time="0.832">
  <properties/>
  <testcase name="testNeedsJoinPoint" classname="org.springframework.aop.aspectj.AfterAdviceBindingTests" time="0.729"/>
  <testcase name="testOneObjectArgBindingTarget" classname="org.springframework.aop.aspectj.AfterAdviceBindingTests" time="0.023"/>
  <testcase name="testOneIntAndOneObjectArgs" classname="org.springframework.aop.aspectj.AfterAdviceBindingTests" time="0.024"/>
  <testcase name="testNeedsJoinPointStaticPart" classname="org.springframework.aop.aspectj.AfterAdviceBindingTests" time="0.019"/>
  <testcase name="testOneIntArg" classname="org.springframework.aop.aspectj.AfterAdviceBindingTests" time="0.02"/>
  <testcase name="testOneObjectArgBindingProxyWithThis" classname="org.springframework.aop.aspectj.AfterAdviceBindingTests" time="0.017"/>
  <system-out><![CDATA[]]></system-out>
  <system-err><![CDATA[]]></system-err>
</testsuite>
