<?xml version="1.0" encoding="UTF-8"?>
<testsuite name="org.springframework.scheduling.annotation.AsyncExecutionTests" tests="18" skipped="0" failures="0" errors="0" timestamp="2020-12-16T17:33:53" hostname="DESKTOP-EMRC5FU" time="0.103">
  <properties/>
  <testcase name="asyncClass" classname="org.springframework.scheduling.annotation.AsyncExecutionTests" time="0.008"/>
  <testcase name="asyncMethods" classname="org.springframework.scheduling.annotation.AsyncExecutionTests" time="0.008"/>
  <testcase name="asyncMethodsInInterface" classname="org.springframework.scheduling.annotation.AsyncExecutionTests" time="0.002"/>
  <testcase name="asyncClassWithInterface" classname="org.springframework.scheduling.annotation.AsyncExecutionTests" time="0.002"/>
  <testcase name="asyncPrototypeClassListener" classname="org.springframework.scheduling.annotation.AsyncExecutionTests" time="0.018"/>
  <testcase name="dynamicAsyncMethodsInInterfaceWithPostProcessor" classname="org.springframework.scheduling.annotation.AsyncExecutionTests" time="0.004"/>
  <testcase name="asyncMethodsInInterfaceWithPostProcessor" classname="org.springframework.scheduling.annotation.AsyncExecutionTests" time="0.0"/>
  <testcase name="asyncClassWithInterfaceAndPostProcessor" classname="org.springframework.scheduling.annotation.AsyncExecutionTests" time="0.001"/>
  <testcase name="dynamicAsyncInterfaceWithPostProcessor" classname="org.springframework.scheduling.annotation.AsyncExecutionTests" time="0.003"/>
  <testcase name="asyncInterfaceWithPostProcessor" classname="org.springframework.scheduling.annotation.AsyncExecutionTests" time="0.002"/>
  <testcase name="dynamicAsyncInterface" classname="org.springframework.scheduling.annotation.AsyncExecutionTests" time="0.001"/>
  <testcase name="asyncClassListener" classname="org.springframework.scheduling.annotation.AsyncExecutionTests" time="0.011"/>
  <testcase name="asyncClassWithPostProcessor" classname="org.springframework.scheduling.annotation.AsyncExecutionTests" time="0.005"/>
  <testcase name="asyncMethodsWithQualifier" classname="org.springframework.scheduling.annotation.AsyncExecutionTests" time="0.017"/>
  <testcase name="asyncMethodsWithQualifierThroughInterface" classname="org.springframework.scheduling.annotation.AsyncExecutionTests" time="0.008"/>
  <testcase name="asyncMethodListener" classname="org.springframework.scheduling.annotation.AsyncExecutionTests" time="0.011"/>
  <testcase name="asyncMethodsThroughInterface" classname="org.springframework.scheduling.annotation.AsyncExecutionTests" time="0.001"/>
  <testcase name="asyncInterface" classname="org.springframework.scheduling.annotation.AsyncExecutionTests" time="0.001"/>
  <system-out><![CDATA[01:33:53.846 [e0-1] ERROR o.s.a.i.SimpleAsyncUncaughtExceptionHandler - Unexpected exception occurred invoking async method: public void org.springframework.scheduling.annotation.AsyncExecutionTests$AsyncMethodWithQualifierBean.doNothing(int)
org.opentest4j.AssertionFailedError: 
Expecting:
 <false>
to be equal to:
 <true>
but was not.
	at sun.reflect.NativeConstructorAccessorImpl.newInstance0(Native Method) ~[?:1.8.0_73]
	at sun.reflect.NativeConstructorAccessorImpl.newInstance(NativeConstructorAccessorImpl.java:62) ~[?:1.8.0_73]
	at sun.reflect.DelegatingConstructorAccessorImpl.newInstance(DelegatingConstructorAccessorImpl.java:45) ~[?:1.8.0_73]
	at org.springframework.scheduling.annotation.AsyncExecutionTests$AsyncMethodWithQualifierBean.doNothing(AsyncExecutionTests.java:477) ~[test/:?]
	at org.springframework.scheduling.annotation.AsyncExecutionTests$AsyncMethodWithQualifierBean$$FastClassBySpringCGLIB$$85bd9822.invoke(<generated>) ~[test/:?]
	at org.springframework.cglib.proxy.MethodProxy.invoke(MethodProxy.java:218) ~[spring-core-5.2.0.BUILD-SNAPSHOT.jar:5.2.0.BUILD-SNAPSHOT]
	at org.springframework.aop.framework.CglibAopProxy$CglibMethodInvocation.invokeJoinpoint(CglibAopProxy.java:750) ~[spring-aop-5.2.0.BUILD-SNAPSHOT.jar:?]
	at org.springframework.aop.framework.ReflectiveMethodInvocation.proceed(ReflectiveMethodInvocation.java:163) ~[spring-aop-5.2.0.BUILD-SNAPSHOT.jar:?]
	at org.springframework.aop.interceptor.AsyncExecutionInterceptor.lambda$invoke$9(AsyncExecutionInterceptor.java:115) ~[spring-aop-5.2.0.BUILD-SNAPSHOT.jar:5.2.0.BUILD-SNAPSHOT]
	at java.util.concurrent.FutureTask.run(FutureTask.java:266) [?:1.8.0_73]
	at java.util.concurrent.ThreadPoolExecutor.runWorker(ThreadPoolExecutor.java:1142) [?:1.8.0_73]
	at java.util.concurrent.ThreadPoolExecutor$Worker.run(ThreadPoolExecutor.java:617) [?:1.8.0_73]
	at java.lang.Thread.run(Thread.java:745) [?:1.8.0_73]
01:33:53.854 [e0-1] ERROR o.s.a.i.SimpleAsyncUncaughtExceptionHandler - Unexpected exception occurred invoking async method: public void org.springframework.scheduling.annotation.AsyncExecutionTests$AsyncMethodWithQualifierBean.doNothing(int)
org.opentest4j.AssertionFailedError: 
Expecting:
 <false>
to be equal to:
 <true>
but was not.
	at sun.reflect.NativeConstructorAccessorImpl.newInstance0(Native Method) ~[?:1.8.0_73]
	at sun.reflect.NativeConstructorAccessorImpl.newInstance(NativeConstructorAccessorImpl.java:62) ~[?:1.8.0_73]
	at sun.reflect.DelegatingConstructorAccessorImpl.newInstance(DelegatingConstructorAccessorImpl.java:45) ~[?:1.8.0_73]
	at org.springframework.scheduling.annotation.AsyncExecutionTests$AsyncMethodWithQualifierBean.doNothing(AsyncExecutionTests.java:477) ~[test/:?]
	at sun.reflect.NativeMethodAccessorImpl.invoke0(Native Method) ~[?:1.8.0_73]
	at sun.reflect.NativeMethodAccessorImpl.invoke(NativeMethodAccessorImpl.java:62) ~[?:1.8.0_73]
	at sun.reflect.DelegatingMethodAccessorImpl.invoke(DelegatingMethodAccessorImpl.java:43) ~[?:1.8.0_73]
	at java.lang.reflect.Method.invoke(Method.java:497) ~[?:1.8.0_73]
	at org.springframework.aop.support.AopUtils.invokeJoinpointUsingReflection(AopUtils.java:344) ~[spring-aop-5.2.0.BUILD-SNAPSHOT.jar:5.2.0.BUILD-SNAPSHOT]
	at org.springframework.aop.framework.ReflectiveMethodInvocation.invokeJoinpoint(ReflectiveMethodInvocation.java:198) ~[spring-aop-5.2.0.BUILD-SNAPSHOT.jar:?]
	at org.springframework.aop.framework.ReflectiveMethodInvocation.proceed(ReflectiveMethodInvocation.java:163) ~[spring-aop-5.2.0.BUILD-SNAPSHOT.jar:?]
	at org.springframework.aop.interceptor.AsyncExecutionInterceptor.lambda$invoke$9(AsyncExecutionInterceptor.java:115) ~[spring-aop-5.2.0.BUILD-SNAPSHOT.jar:5.2.0.BUILD-SNAPSHOT]
	at java.util.concurrent.FutureTask.run(FutureTask.java:266) [?:1.8.0_73]
	at java.util.concurrent.ThreadPoolExecutor.runWorker(ThreadPoolExecutor.java:1142) [?:1.8.0_73]
	at java.util.concurrent.ThreadPoolExecutor$Worker.run(ThreadPoolExecutor.java:617) [?:1.8.0_73]
	at java.lang.Thread.run(Thread.java:745) [?:1.8.0_73]
]]></system-out>
  <system-err><![CDATA[]]></system-err>
</testsuite>
