<?xml version="1.0" encoding="UTF-8"?>
<testsuite name="org.springframework.context.annotation.Spr8954Tests" tests="2" skipped="0" failures="0" errors="0" timestamp="2020-12-16T17:33:34" hostname="DESKTOP-EMRC5FU" time="0.003">
  <properties/>
  <testcase name="repro" classname="org.springframework.context.annotation.Spr8954Tests" time="0.002"/>
  <testcase name="findsBeansByTypeIfNotInstantiated" classname="org.springframework.context.annotation.Spr8954Tests" time="0.0"/>
  <system-out><![CDATA[]]></system-out>
  <system-err><![CDATA[]]></system-err>
</testsuite>
