<?xml version="1.0" encoding="UTF-8"?>
<testsuite name="org.springframework.aop.aspectj.AroundAdviceCircularTests" tests="5" skipped="0" failures="0" errors="0" timestamp="2020-12-16T17:33:21" hostname="DESKTOP-EMRC5FU" time="0.065">
  <properties/>
  <testcase name="testBothBeansAreProxies" classname="org.springframework.aop.aspectj.AroundAdviceCircularTests" time="0.02"/>
  <testcase name="testJustJoinPoint" classname="org.springframework.aop.aspectj.AroundAdviceCircularTests" time="0.01"/>
  <testcase name="testOneObjectArgBoundToTarget" classname="org.springframework.aop.aspectj.AroundAdviceCircularTests" time="0.012"/>
  <testcase name="testOneIntAndOneObjectArgs" classname="org.springframework.aop.aspectj.AroundAdviceCircularTests" time="0.01"/>
  <testcase name="testOneIntArg" classname="org.springframework.aop.aspectj.AroundAdviceCircularTests" time="0.012"/>
  <system-out><![CDATA[]]></system-out>
  <system-err><![CDATA[]]></system-err>
</testsuite>
