<?xml version="1.0" encoding="UTF-8"?>
<testsuite name="org.springframework.cache.config.ExpressionCachingIntegrationTests" tests="1" skipped="0" failures="0" errors="0" timestamp="2020-12-16T17:33:29" hostname="DESKTOP-EMRC5FU" time="0.012">
  <properties/>
  <testcase name="expressionIsCacheBasedOnActualMethod" classname="org.springframework.cache.config.ExpressionCachingIntegrationTests" time="0.012"/>
  <system-out><![CDATA[]]></system-out>
  <system-err><![CDATA[]]></system-err>
</testsuite>
