<?xml version="1.0" encoding="UTF-8"?>
<testsuite name="org.springframework.cache.interceptor.CachePutEvaluationTests" tests="2" skipped="0" failures="0" errors="0" timestamp="2020-12-16T17:33:29" hostname="DESKTOP-EMRC5FU" time="0.018">
  <properties/>
  <testcase name="getAndPut" classname="org.springframework.cache.interceptor.CachePutEvaluationTests" time="0.013"/>
  <testcase name="mutualGetPutExclusion" classname="org.springframework.cache.interceptor.CachePutEvaluationTests" time="0.005"/>
  <system-out><![CDATA[]]></system-out>
  <system-err><![CDATA[]]></system-err>
</testsuite>
