<?xml version="1.0" encoding="UTF-8"?>
<testsuite name="org.springframework.context.groovy.GroovyApplicationContextTests" tests="4" skipped="0" failures="0" errors="0" timestamp="2020-12-16T17:33:35" hostname="DESKTOP-EMRC5FU" time="0.559">
  <properties/>
  <testcase name="testLoadingMultipleConfigFiles" classname="org.springframework.context.groovy.GroovyApplicationContextTests" time="0.451"/>
  <testcase name="testLoadingMultipleConfigFilesWithRelativeClass" classname="org.springframework.context.groovy.GroovyApplicationContextTests" time="0.017"/>
  <testcase name="testConfigFileParsingError" classname="org.springframework.context.groovy.GroovyApplicationContextTests" time="0.003"/>
  <testcase name="testLoadingConfigFile" classname="org.springframework.context.groovy.GroovyApplicationContextTests" time="0.088"/>
  <system-out><![CDATA[]]></system-out>
  <system-err><![CDATA[]]></system-err>
</testsuite>
