<?xml version="1.0" encoding="UTF-8"?>
<testsuite name="org.springframework.beans.factory.xml.QualifierAnnotationTests" tests="13" skipped="0" failures="0" errors="0" timestamp="2020-12-16T17:33:24" hostname="DESKTOP-EMRC5FU" time="0.133">
  <properties/>
  <testcase name="testInterfaceWithOneQualifiedFactoryAndOneQualifiedBean" classname="org.springframework.beans.factory.xml.QualifierAnnotationTests" time="0.006"/>
  <testcase name="testQualifiedByCustomValue" classname="org.springframework.beans.factory.xml.QualifierAnnotationTests" time="0.02"/>
  <testcase name="testQualifiedByAlias" classname="org.springframework.beans.factory.xml.QualifierAnnotationTests" time="0.012"/>
  <testcase name="testQualifiedByValue" classname="org.springframework.beans.factory.xml.QualifierAnnotationTests" time="0.01"/>
  <testcase name="testQualifiedByAnnotation" classname="org.springframework.beans.factory.xml.QualifierAnnotationTests" time="0.009"/>
  <testcase name="testNonQualifiedFieldFails" classname="org.springframework.beans.factory.xml.QualifierAnnotationTests" time="0.009"/>
  <testcase name="testQualifiedByParameterName" classname="org.springframework.beans.factory.xml.QualifierAnnotationTests" time="0.012"/>
  <testcase name="testQualifiedByFieldName" classname="org.springframework.beans.factory.xml.QualifierAnnotationTests" time="0.009"/>
  <testcase name="testQualifiedByBeanName" classname="org.springframework.beans.factory.xml.QualifierAnnotationTests" time="0.009"/>
  <testcase name="testQualifiedByAttributesFailsWithoutCustomQualifierRegistered" classname="org.springframework.beans.factory.xml.QualifierAnnotationTests" time="0.009"/>
  <testcase name="testQualifiedByAnnotationValue" classname="org.springframework.beans.factory.xml.QualifierAnnotationTests" time="0.01"/>
  <testcase name="testQualifiedByParentValue" classname="org.springframework.beans.factory.xml.QualifierAnnotationTests" time="0.009"/>
  <testcase name="testQualifiedByAttributesWithCustomQualifierRegistered" classname="org.springframework.beans.factory.xml.QualifierAnnotationTests" time="0.008"/>
  <system-out><![CDATA[01:33:24.980 [Test worker] WARN  o.s.c.s.StaticApplicationContext - Exception encountered during context initialization - cancelling refresh attempt: org.springframework.beans.factory.UnsatisfiedDependencyException: Error creating bean with name 'testBean': Unsatisfied dependency expressed through field 'anonymous'; nested exception is org.springframework.beans.factory.NoUniqueBeanDefinitionException: No qualifying bean of type 'org.springframework.beans.factory.xml.QualifierAnnotationTests$Person' available: expected single matching bean but found 6: larryBean,org.springframework.beans.factory.xml.QualifierAnnotationTests$Person#0,org.springframework.beans.factory.xml.QualifierAnnotationTests$SpecialPerson#0,org.springframework.beans.factory.xml.QualifierAnnotationTests$Person#1,org.springframework.beans.factory.xml.QualifierAnnotationTests$Person#2,org.springframework.beans.factory.xml.QualifierAnnotationTests$Person#3
01:33:25.020 [Test worker] WARN  o.s.c.s.StaticApplicationContext - Exception encountered during context initialization - cancelling refresh attempt: org.springframework.beans.factory.UnsatisfiedDependencyException: Error creating bean with name 'testBean': Unsatisfied dependency expressed through field 'moeSenior'; nested exception is org.springframework.beans.factory.NoUniqueBeanDefinitionException: No qualifying bean of type 'org.springframework.beans.factory.xml.QualifierAnnotationTests$Person' available: expected single matching bean but found 6: larryBean,org.springframework.beans.factory.xml.QualifierAnnotationTests$Person#0,org.springframework.beans.factory.xml.QualifierAnnotationTests$SpecialPerson#0,org.springframework.beans.factory.xml.QualifierAnnotationTests$Person#1,org.springframework.beans.factory.xml.QualifierAnnotationTests$Person#2,org.springframework.beans.factory.xml.QualifierAnnotationTests$Person#3
]]></system-out>
  <system-err><![CDATA[]]></system-err>
</testsuite>
