<?xml version="1.0" encoding="UTF-8"?>
<testsuite name="org.springframework.aop.config.AopNamespaceHandlerProxyTargetClassTests" tests="6" skipped="0" failures="0" errors="0" timestamp="2020-12-16T17:33:23" hostname="DESKTOP-EMRC5FU" time="0.081">
  <properties/>
  <testcase name="testIsClassProxy" classname="org.springframework.aop.config.AopNamespaceHandlerProxyTargetClassTests" time="0.022"/>
  <testcase name="testAspectAppliedForInitializeBeanWithEmptyName" classname="org.springframework.aop.config.AopNamespaceHandlerProxyTargetClassTests" time="0.018"/>
  <testcase name="testAdviceInvokedCorrectly" classname="org.springframework.aop.config.AopNamespaceHandlerProxyTargetClassTests" time="0.009"/>
  <testcase name="testAspectAppliedForInitializeBeanWithNullName" classname="org.springframework.aop.config.AopNamespaceHandlerProxyTargetClassTests" time="0.01"/>
  <testcase name="testIsProxy" classname="org.springframework.aop.config.AopNamespaceHandlerProxyTargetClassTests" time="0.012"/>
  <testcase name="testAspectApplied" classname="org.springframework.aop.config.AopNamespaceHandlerProxyTargetClassTests" time="0.009"/>
  <system-out><![CDATA[]]></system-out>
  <system-err><![CDATA[]]></system-err>
</testsuite>
