<?xml version="1.0" encoding="UTF-8"?>
<testsuite name="org.springframework.context.annotation.configuration.ConfigurationClassWithPlaceholderConfigurerBeanTests" tests="5" skipped="0" failures="0" errors="0" timestamp="2020-12-16T17:33:33" hostname="DESKTOP-EMRC5FU" time="0.013">
  <properties/>
  <testcase name="valueFieldsAreProcessedWhenStaticPlaceholderConfigurerIsIntegrated" classname="org.springframework.context.annotation.configuration.ConfigurationClassWithPlaceholderConfigurerBeanTests" time="0.003"/>
  <testcase name="valueFieldsAreProcessedWhenPlaceholderConfigurerIsSegregated" classname="org.springframework.context.annotation.configuration.ConfigurationClassWithPlaceholderConfigurerBeanTests" time="0.004"/>
  <testcase name="valueFieldsAreNotProcessedWhenPlaceholderConfigurerIsIntegrated" classname="org.springframework.context.annotation.configuration.ConfigurationClassWithPlaceholderConfigurerBeanTests" time="0.002"/>
  <testcase name="valueFieldsResolveToPlaceholderSpecifiedDefaultValuesWithPlaceholderConfigurer" classname="org.springframework.context.annotation.configuration.ConfigurationClassWithPlaceholderConfigurerBeanTests" time="0.002"/>
  <testcase name="valueFieldsResolveToPlaceholderSpecifiedDefaultValuesWithoutPlaceholderConfigurer" classname="org.springframework.context.annotation.configuration.ConfigurationClassWithPlaceholderConfigurerBeanTests" time="0.001"/>
  <system-out><![CDATA[]]></system-out>
  <system-err><![CDATA[]]></system-err>
</testsuite>
