<?xml version="1.0" encoding="UTF-8"?>
<testsuite name="org.springframework.cache.interceptor.ExpressionEvaluatorTests" tests="7" skipped="0" failures="0" errors="0" timestamp="2020-12-16T17:33:29" hostname="DESKTOP-EMRC5FU" time="0.002">
  <properties/>
  <testcase name="withoutReturnValue" classname="org.springframework.cache.interceptor.ExpressionEvaluatorTests" time="0.0"/>
  <testcase name="withReturnValue" classname="org.springframework.cache.interceptor.ExpressionEvaluatorTests" time="0.0"/>
  <testcase name="withNullReturn" classname="org.springframework.cache.interceptor.ExpressionEvaluatorTests" time="0.0"/>
  <testcase name="testMultipleCachingEval" classname="org.springframework.cache.interceptor.ExpressionEvaluatorTests" time="0.001"/>
  <testcase name="testMultipleCachingSource" classname="org.springframework.cache.interceptor.ExpressionEvaluatorTests" time="0.0"/>
  <testcase name="unavailableReturnValue" classname="org.springframework.cache.interceptor.ExpressionEvaluatorTests" time="0.001"/>
  <testcase name="resolveBeanReference" classname="org.springframework.cache.interceptor.ExpressionEvaluatorTests" time="0.0"/>
  <system-out><![CDATA[]]></system-out>
  <system-err><![CDATA[]]></system-err>
</testsuite>
