<?xml version="1.0" encoding="UTF-8"?>
<testsuite name="org.springframework.aop.aspectj.DeclareParentsDelegateRefTests" tests="2" skipped="0" failures="0" errors="0" timestamp="2020-12-16T17:33:22" hostname="DESKTOP-EMRC5FU" time="0.019">
  <properties/>
  <testcase name="testIntroductionWasMade" classname="org.springframework.aop.aspectj.DeclareParentsDelegateRefTests" time="0.012"/>
  <testcase name="testIntroductionDelegation" classname="org.springframework.aop.aspectj.DeclareParentsDelegateRefTests" time="0.007"/>
  <system-out><![CDATA[]]></system-out>
  <system-err><![CDATA[]]></system-err>
</testsuite>
