<?xml version="1.0" encoding="UTF-8"?>
<testsuite name="org.springframework.jndi.SimpleNamingContextTests" tests="2" skipped="0" failures="0" errors="0" timestamp="2020-12-16T17:33:53" hostname="DESKTOP-EMRC5FU" time="0.002">
  <properties/>
  <testcase name="testNamingContextBuilder" classname="org.springframework.jndi.SimpleNamingContextTests" time="0.002"/>
  <testcase name="testCreateInitialContext" classname="org.springframework.jndi.SimpleNamingContextTests" time="0.0"/>
  <system-out><![CDATA[]]></system-out>
  <system-err><![CDATA[]]></system-err>
</testsuite>
