<?xml version="1.0" encoding="UTF-8"?>
<testsuite name="org.springframework.cache.config.EnableCachingIntegrationTests" tests="4" skipped="0" failures="0" errors="0" timestamp="2020-12-16T17:33:28" hostname="DESKTOP-EMRC5FU" time="0.045">
  <properties/>
  <testcase name="beanConditionOff" classname="org.springframework.cache.config.EnableCachingIntegrationTests" time="0.018"/>
  <testcase name="beanConditionOn" classname="org.springframework.cache.config.EnableCachingIntegrationTests" time="0.008"/>
  <testcase name="fooServiceWithInterfaceCglib" classname="org.springframework.cache.config.EnableCachingIntegrationTests" time="0.013"/>
  <testcase name="fooServiceWithInterface" classname="org.springframework.cache.config.EnableCachingIntegrationTests" time="0.006"/>
  <system-out><![CDATA[]]></system-out>
  <system-err><![CDATA[]]></system-err>
</testsuite>
