<?xml version="1.0" encoding="UTF-8"?>
<testsuite name="org.springframework.validation.beanvalidation.SpringValidatorAdapterTests" tests="8" skipped="0" failures="0" errors="0" timestamp="2020-12-16T17:34:00" hostname="DESKTOP-EMRC5FU" time="0.086">
  <properties/>
  <testcase name="testPatternMessage" classname="org.springframework.validation.beanvalidation.SpringValidatorAdapterTests" time="0.013"/>
  <testcase name="testNoStringArgumentValue" classname="org.springframework.validation.beanvalidation.SpringValidatorAdapterTests" time="0.004"/>
  <testcase name="testWithList" classname="org.springframework.validation.beanvalidation.SpringValidatorAdapterTests" time="0.034"/>
  <testcase name="testApplyMessageSourceResolvableToStringArgumentValueWithUnresolvedLogicalFieldName" classname="org.springframework.validation.beanvalidation.SpringValidatorAdapterTests" time="0.005"/>
  <testcase name="testWithSet" classname="org.springframework.validation.beanvalidation.SpringValidatorAdapterTests" time="0.02"/>
  <testcase name="testApplyMessageSourceResolvableToStringArgumentValueWithAlwaysUseMessageFormat" classname="org.springframework.validation.beanvalidation.SpringValidatorAdapterTests" time="0.004"/>
  <testcase name="testUnwrap" classname="org.springframework.validation.beanvalidation.SpringValidatorAdapterTests" time="0.003"/>
  <testcase name="testApplyMessageSourceResolvableToStringArgumentValueWithResolvedLogicalFieldName" classname="org.springframework.validation.beanvalidation.SpringValidatorAdapterTests" time="0.003"/>
  <system-out><![CDATA[]]></system-out>
  <system-err><![CDATA[]]></system-err>
</testsuite>
