<?xml version="1.0" encoding="UTF-8"?>
<testsuite name="org.springframework.scripting.groovy.GroovyClassLoadingTests" tests="1" skipped="0" failures="0" errors="0" timestamp="2020-12-16T17:33:56" hostname="DESKTOP-EMRC5FU" time="0.008">
  <properties/>
  <testcase name="classLoading" classname="org.springframework.scripting.groovy.GroovyClassLoadingTests" time="0.008"/>
  <system-out><![CDATA[]]></system-out>
  <system-err><![CDATA[]]></system-err>
</testsuite>
