<?xml version="1.0" encoding="UTF-8"?>
<testsuite name="org.springframework.scheduling.concurrent.ThreadPoolTaskExecutorTests" tests="14" skipped="0" failures="0" errors="0" timestamp="2020-12-16T17:33:54" hostname="DESKTOP-EMRC5FU" time="0.12">
  <properties/>
  <testcase name="submitCallableWithGetAfterShutdown" classname="org.springframework.scheduling.concurrent.ThreadPoolTaskExecutorTests" time="0.012"/>
  <testcase name="submitListenableCallableWithGetAfterShutdown" classname="org.springframework.scheduling.concurrent.ThreadPoolTaskExecutorTests" time="0.0"/>
  <testcase name="submitListenableCallable" classname="org.springframework.scheduling.concurrent.ThreadPoolTaskExecutorTests" time="0.011"/>
  <testcase name="executeRunnable" classname="org.springframework.scheduling.concurrent.ThreadPoolTaskExecutorTests" time="0.01"/>
  <testcase name="submitListenableRunnable" classname="org.springframework.scheduling.concurrent.ThreadPoolTaskExecutorTests" time="0.012"/>
  <testcase name="submitFailingCallable" classname="org.springframework.scheduling.concurrent.ThreadPoolTaskExecutorTests" time="0.01"/>
  <testcase name="submitCallable" classname="org.springframework.scheduling.concurrent.ThreadPoolTaskExecutorTests" time="0.01"/>
  <testcase name="submitFailingListenableCallable" classname="org.springframework.scheduling.concurrent.ThreadPoolTaskExecutorTests" time="0.011"/>
  <testcase name="submitRunnableWithGetAfterShutdown" classname="org.springframework.scheduling.concurrent.ThreadPoolTaskExecutorTests" time="0.0"/>
  <testcase name="submitListenableRunnableWithGetAfterShutdown" classname="org.springframework.scheduling.concurrent.ThreadPoolTaskExecutorTests" time="0.01"/>
  <testcase name="submitFailingRunnable" classname="org.springframework.scheduling.concurrent.ThreadPoolTaskExecutorTests" time="0.01"/>
  <testcase name="submitRunnable" classname="org.springframework.scheduling.concurrent.ThreadPoolTaskExecutorTests" time="0.011"/>
  <testcase name="executeFailingRunnable" classname="org.springframework.scheduling.concurrent.ThreadPoolTaskExecutorTests" time="0.0"/>
  <testcase name="submitFailingListenableRunnable" classname="org.springframework.scheduling.concurrent.ThreadPoolTaskExecutorTests" time="0.011"/>
  <system-out><![CDATA[]]></system-out>
  <system-err><![CDATA[]]></system-err>
</testsuite>
