<?xml version="1.0" encoding="UTF-8"?>
<testsuite name="org.springframework.aop.framework.ObjenesisProxyTests" tests="1" skipped="0" failures="0" errors="0" timestamp="2020-12-16T17:33:24" hostname="DESKTOP-EMRC5FU" time="0.092">
  <properties/>
  <testcase name="appliesAspectToClassWithComplexConstructor" classname="org.springframework.aop.framework.ObjenesisProxyTests" time="0.092"/>
  <system-out><![CDATA[]]></system-out>
  <system-err><![CDATA[]]></system-err>
</testsuite>
