<?xml version="1.0" encoding="UTF-8"?>
<testsuite name="org.springframework.context.annotation.ImportVersusDirectRegistrationTests" tests="3" skipped="0" failures="0" errors="0" timestamp="2020-12-16T17:33:34" hostname="DESKTOP-EMRC5FU" time="0.004">
  <properties/>
  <testcase name="thingIsNotAvailableWhenOuterConfigurationIsRegisteredDirectly" classname="org.springframework.context.annotation.ImportVersusDirectRegistrationTests" time="0.002"/>
  <testcase name="thingIsNotAvailableWhenOuterConfigurationIsImported" classname="org.springframework.context.annotation.ImportVersusDirectRegistrationTests" time="0.001"/>
  <testcase name="thingIsNotAvailableWhenOuterConfigurationIsRegisteredWithClassName" classname="org.springframework.context.annotation.ImportVersusDirectRegistrationTests" time="0.001"/>
  <system-out><![CDATA[]]></system-out>
  <system-err><![CDATA[]]></system-err>
</testsuite>
