<?xml version="1.0" encoding="UTF-8"?>
<testsuite name="org.springframework.context.annotation.configuration.ConfigurationMetaAnnotationTests" tests="1" skipped="0" failures="0" errors="0" timestamp="2020-12-16T17:33:33" hostname="DESKTOP-EMRC5FU" time="0.004">
  <properties/>
  <testcase name="customConfigurationStereotype" classname="org.springframework.context.annotation.configuration.ConfigurationMetaAnnotationTests" time="0.004"/>
  <system-out><![CDATA[]]></system-out>
  <system-err><![CDATA[]]></system-err>
</testsuite>
