<?xml version="1.0" encoding="UTF-8"?>
<testsuite name="org.springframework.aop.config.AopNamespaceHandlerThrowingTests" tests="2" skipped="0" failures="0" errors="0" timestamp="2020-12-16T17:33:23" hostname="DESKTOP-EMRC5FU" time="0.012">
  <properties/>
  <testcase name="testThrowingOnThrowingAdvice" classname="org.springframework.aop.config.AopNamespaceHandlerThrowingTests" time="0.007"/>
  <testcase name="testParseThrowingOnOtherAdviceType" classname="org.springframework.aop.config.AopNamespaceHandlerThrowingTests" time="0.005"/>
  <system-out><![CDATA[]]></system-out>
  <system-err><![CDATA[]]></system-err>
</testsuite>
