<?xml version="1.0" encoding="UTF-8"?>
<testsuite name="org.springframework.aop.aspectj.AroundAdviceBindingTests" tests="4" skipped="0" failures="0" errors="0" timestamp="2020-12-16T17:33:21" hostname="DESKTOP-EMRC5FU" time="0.051">
  <properties/>
  <testcase name="testJustJoinPoint" classname="org.springframework.aop.aspectj.AroundAdviceBindingTests" time="0.019"/>
  <testcase name="testOneObjectArgBoundToTarget" classname="org.springframework.aop.aspectj.AroundAdviceBindingTests" time="0.01"/>
  <testcase name="testOneIntAndOneObjectArgs" classname="org.springframework.aop.aspectj.AroundAdviceBindingTests" time="0.012"/>
  <testcase name="testOneIntArg" classname="org.springframework.aop.aspectj.AroundAdviceBindingTests" time="0.01"/>
  <system-out><![CDATA[]]></system-out>
  <system-err><![CDATA[]]></system-err>
</testsuite>
