<?xml version="1.0" encoding="UTF-8"?>
<testsuite name="org.springframework.jndi.JndiTemplateEditorTests" tests="3" skipped="0" failures="0" errors="0" timestamp="2020-12-16T17:33:53" hostname="DESKTOP-EMRC5FU" time="0.0">
  <properties/>
  <testcase name="testCustomEnvironment" classname="org.springframework.jndi.JndiTemplateEditorTests" time="0.0"/>
  <testcase name="testNullIsIllegalArgument" classname="org.springframework.jndi.JndiTemplateEditorTests" time="0.0"/>
  <testcase name="testEmptyStringMeansNullEnvironment" classname="org.springframework.jndi.JndiTemplateEditorTests" time="0.0"/>
  <system-out><![CDATA[]]></system-out>
  <system-err><![CDATA[]]></system-err>
</testsuite>
