<?xml version="1.0" encoding="UTF-8"?>
<testsuite name="org.springframework.scheduling.config.LazyScheduledTasksBeanDefinitionParserTests" tests="1" skipped="0" failures="0" errors="0" timestamp="2020-12-16T17:33:54" hostname="DESKTOP-EMRC5FU" time="0.028">
  <properties/>
  <testcase name="checkTarget" classname="org.springframework.scheduling.config.LazyScheduledTasksBeanDefinitionParserTests" time="0.028"/>
  <system-out><![CDATA[]]></system-out>
  <system-err><![CDATA[]]></system-err>
</testsuite>
