<?xml version="1.0" encoding="UTF-8"?>
<testsuite name="org.springframework.cache.interceptor.CacheResolverCustomizationTests" tests="7" skipped="0" failures="0" errors="0" timestamp="2020-12-16T17:33:29" hostname="DESKTOP-EMRC5FU" time="0.053">
  <properties/>
  <testcase name="customCacheResolver" classname="org.springframework.cache.interceptor.CacheResolverCustomizationTests" time="0.015"/>
  <testcase name="runtimeResolution" classname="org.springframework.cache.interceptor.CacheResolverCustomizationTests" time="0.006"/>
  <testcase name="namedResolution" classname="org.springframework.cache.interceptor.CacheResolverCustomizationTests" time="0.006"/>
  <testcase name="noCustomization" classname="org.springframework.cache.interceptor.CacheResolverCustomizationTests" time="0.005"/>
  <testcase name="customCacheManager" classname="org.springframework.cache.interceptor.CacheResolverCustomizationTests" time="0.009"/>
  <testcase name="noCacheResolved" classname="org.springframework.cache.interceptor.CacheResolverCustomizationTests" time="0.006"/>
  <testcase name="unknownCacheResolver" classname="org.springframework.cache.interceptor.CacheResolverCustomizationTests" time="0.006"/>
  <system-out><![CDATA[]]></system-out>
  <system-err><![CDATA[]]></system-err>
</testsuite>
