<?xml version="1.0" encoding="UTF-8"?>
<testsuite name="org.springframework.context.annotation.configuration.ConfigurationClassAspectIntegrationTests" tests="3" skipped="0" failures="0" errors="0" timestamp="2020-12-16T17:33:32" hostname="DESKTOP-EMRC5FU" time="0.053">
  <properties/>
  <testcase name="configurationIncludesAspect" classname="org.springframework.context.annotation.configuration.ConfigurationClassAspectIntegrationTests" time="0.022"/>
  <testcase name="withInnerClassAndLambdaExpression" classname="org.springframework.context.annotation.configuration.ConfigurationClassAspectIntegrationTests" time="0.009"/>
  <testcase name="aspectAnnotatedConfiguration" classname="org.springframework.context.annotation.configuration.ConfigurationClassAspectIntegrationTests" time="0.022"/>
  <system-out><![CDATA[]]></system-out>
  <system-err><![CDATA[]]></system-err>
</testsuite>
