<?xml version="1.0" encoding="UTF-8"?>
<testsuite name="org.springframework.jms.remoting.JmsInvokerTests" tests="3" skipped="0" failures="0" errors="0" timestamp="2020-12-16T17:34:54" hostname="DESKTOP-EMRC5FU" time="0.021">
  <properties/>
  <testcase name="testJmsInvokerProxyFactoryBeanAndServiceExporterWithDynamicQueue" classname="org.springframework.jms.remoting.JmsInvokerTests" time="0.018"/>
  <testcase name="testJmsInvokerProxyFactoryBeanAndServiceExporter" classname="org.springframework.jms.remoting.JmsInvokerTests" time="0.002"/>
  <testcase name="receiveTimeoutExpired" classname="org.springframework.jms.remoting.JmsInvokerTests" time="0.001"/>
  <system-out><![CDATA[]]></system-out>
  <system-err><![CDATA[]]></system-err>
</testsuite>
