<?xml version="1.0" encoding="UTF-8"?>
<testsuite name="org.springframework.jms.config.JmsNamespaceHandlerTests" tests="13" skipped="0" failures="0" errors="0" timestamp="2020-12-16T17:34:53" hostname="DESKTOP-EMRC5FU" time="0.334">
  <properties/>
  <testcase name="testJcaContainerConfiguration" classname="org.springframework.jms.config.JmsNamespaceHandlerTests" time="0.101"/>
  <testcase name="testRecoveryInterval" classname="org.springframework.jms.config.JmsNamespaceHandlerTests" time="0.018"/>
  <testcase name="testSourceExtraction" classname="org.springframework.jms.config.JmsNamespaceHandlerTests" time="0.018"/>
  <testcase name="testListeners" classname="org.springframework.jms.config.JmsNamespaceHandlerTests" time="0.062"/>
  <testcase name="testResponseDestination" classname="org.springframework.jms.config.JmsNamespaceHandlerTests" time="0.017"/>
  <testcase name="testJmsContainerFactoryConfiguration" classname="org.springframework.jms.config.JmsNamespaceHandlerTests" time="0.018"/>
  <testcase name="testComponentRegistration" classname="org.springframework.jms.config.JmsNamespaceHandlerTests" time="0.015"/>
  <testcase name="testConcurrency" classname="org.springframework.jms.config.JmsNamespaceHandlerTests" time="0.018"/>
  <testcase name="testJcaContainerFactoryConfiguration" classname="org.springframework.jms.config.JmsNamespaceHandlerTests" time="0.015"/>
  <testcase name="testErrorHandlers" classname="org.springframework.jms.config.JmsNamespaceHandlerTests" time="0.012"/>
  <testcase name="testContainerConfiguration" classname="org.springframework.jms.config.JmsNamespaceHandlerTests" time="0.014"/>
  <testcase name="testPhases" classname="org.springframework.jms.config.JmsNamespaceHandlerTests" time="0.012"/>
  <testcase name="testBeansCreated" classname="org.springframework.jms.config.JmsNamespaceHandlerTests" time="0.013"/>
  <system-out><![CDATA[]]></system-out>
  <system-err><![CDATA[]]></system-err>
</testsuite>
