<?xml version="1.0" encoding="UTF-8"?>
<testsuite name="org.springframework.jms.connection.JmsTransactionManagerTests" tests="9" skipped="0" failures="0" errors="0" timestamp="2020-12-16T17:34:53" hostname="DESKTOP-EMRC5FU" time="0.058">
  <properties/>
  <testcase name="testLazyTransactionalSession" classname="org.springframework.jms.connection.JmsTransactionManagerTests" time="0.022"/>
  <testcase name="testLazyWithoutSessionAccess" classname="org.springframework.jms.connection.JmsTransactionManagerTests" time="0.0"/>
  <testcase name="testTransactionSuspension" classname="org.springframework.jms.connection.JmsTransactionManagerTests" time="0.004"/>
  <testcase name="testTransactionCommit" classname="org.springframework.jms.connection.JmsTransactionManagerTests" time="0.001"/>
  <testcase name="testSuspendedTransaction" classname="org.springframework.jms.connection.JmsTransactionManagerTests" time="0.002"/>
  <testcase name="testParticipatingTransactionWithCommit" classname="org.springframework.jms.connection.JmsTransactionManagerTests" time="0.001"/>
  <testcase name="testTransactionRollback" classname="org.springframework.jms.connection.JmsTransactionManagerTests" time="0.0"/>
  <testcase name="testParticipatingTransactionWithRollbackOnly" classname="org.springframework.jms.connection.JmsTransactionManagerTests" time="0.002"/>
  <testcase name="testTransactionCommitWithMessageProducer" classname="org.springframework.jms.connection.JmsTransactionManagerTests" time="0.026"/>
  <system-out><![CDATA[]]></system-out>
  <system-err><![CDATA[]]></system-err>
</testsuite>
