<?xml version="1.0" encoding="UTF-8"?>
<testsuite name="org.springframework.jms.annotation.AnnotationDrivenNamespaceTests" tests="9" skipped="0" failures="0" errors="0" timestamp="2020-12-16T17:34:51" hostname="DESKTOP-EMRC5FU" time="1.857">
  <properties/>
  <testcase name="jmsListeners" classname="org.springframework.jms.annotation.AnnotationDrivenNamespaceTests" time="1.055"/>
  <testcase name="sampleConfiguration" classname="org.springframework.jms.annotation.AnnotationDrivenNamespaceTests" time="0.015"/>
  <testcase name="customConfiguration" classname="org.springframework.jms.annotation.AnnotationDrivenNamespaceTests" time="0.052"/>
  <testcase name="jmsHandlerMethodFactoryConfiguration" classname="org.springframework.jms.annotation.AnnotationDrivenNamespaceTests" time="0.646"/>
  <testcase name="explicitContainerFactory" classname="org.springframework.jms.annotation.AnnotationDrivenNamespaceTests" time="0.013"/>
  <testcase name="fullConfiguration" classname="org.springframework.jms.annotation.AnnotationDrivenNamespaceTests" time="0.013"/>
  <testcase name="defaultContainerFactory" classname="org.springframework.jms.annotation.AnnotationDrivenNamespaceTests" time="0.01"/>
  <testcase name="jmsListenerIsRepeatable" classname="org.springframework.jms.annotation.AnnotationDrivenNamespaceTests" time="0.011"/>
  <testcase name="fullConfigurableConfiguration" classname="org.springframework.jms.annotation.AnnotationDrivenNamespaceTests" time="0.041"/>
  <system-out><![CDATA[]]></system-out>
  <system-err><![CDATA[]]></system-err>
</testsuite>
