<?xml version="1.0" encoding="UTF-8"?>
<testsuite name="org.springframework.jms.config.JmsListenerContainerFactoryIntegrationTests" tests="4" skipped="0" failures="0" errors="0" timestamp="2020-12-16T17:34:53" hostname="DESKTOP-EMRC5FU" time="0.025">
  <properties/>
  <testcase name="messagingMessageConverterCanBeUsed" classname="org.springframework.jms.config.JmsListenerContainerFactoryIntegrationTests" time="0.014"/>
  <testcase name="parameterAnnotationWithJdkProxy" classname="org.springframework.jms.config.JmsListenerContainerFactoryIntegrationTests" time="0.002"/>
  <testcase name="messageConverterUsedIfSet" classname="org.springframework.jms.config.JmsListenerContainerFactoryIntegrationTests" time="0.001"/>
  <testcase name="parameterAnnotationWithCglibProxy" classname="org.springframework.jms.config.JmsListenerContainerFactoryIntegrationTests" time="0.008"/>
  <system-out><![CDATA[]]></system-out>
  <system-err><![CDATA[]]></system-err>
</testsuite>
