<?xml version="1.0" encoding="UTF-8"?>
<testsuite name="org.springframework.jms.annotation.JmsListenerAnnotationBeanPostProcessorTests" tests="5" skipped="0" failures="0" errors="0" timestamp="2020-12-16T17:34:53" hostname="DESKTOP-EMRC5FU" time="0.202">
  <properties/>
  <testcase name="simpleMessageListener" classname="org.springframework.jms.annotation.JmsListenerAnnotationBeanPostProcessorTests" time="0.01"/>
  <testcase name="invalidProxy" classname="org.springframework.jms.annotation.JmsListenerAnnotationBeanPostProcessorTests" time="0.109"/>
  <testcase name="sendToAnnotationFoundOnCglibProxy" classname="org.springframework.jms.annotation.JmsListenerAnnotationBeanPostProcessorTests" time="0.042"/>
  <testcase name="metaAnnotationIsDiscovered" classname="org.springframework.jms.annotation.JmsListenerAnnotationBeanPostProcessorTests" time="0.025"/>
  <testcase name="sendToAnnotationFoundOnInterfaceProxy" classname="org.springframework.jms.annotation.JmsListenerAnnotationBeanPostProcessorTests" time="0.015"/>
  <system-out><![CDATA[]]></system-out>
  <system-err><![CDATA[]]></system-err>
</testsuite>
