<?xml version="1.0" encoding="UTF-8"?>
<testsuite name="org.springframework.jms.connection.SingleConnectionFactoryTests" tests="18" skipped="0" failures="0" errors="0" timestamp="2020-12-16T17:34:54" hostname="DESKTOP-EMRC5FU" time="0.071">
  <properties/>
  <testcase name="testCachingConnectionFactory" classname="org.springframework.jms.connection.SingleConnectionFactoryTests" time="0.007"/>
  <testcase name="testWithConnectionFactoryAndReconnectOnException" classname="org.springframework.jms.connection.SingleConnectionFactoryTests" time="0.001"/>
  <testcase name="testWithConnectionAggregatedStartStop" classname="org.springframework.jms.connection.SingleConnectionFactoryTests" time="0.001"/>
  <testcase name="testWithTopicConnectionFactoryAndJms102Usage" classname="org.springframework.jms.connection.SingleConnectionFactoryTests" time="0.013"/>
  <testcase name="testWithConnectionFactoryAndLocalExceptionListenerWithReconnect" classname="org.springframework.jms.connection.SingleConnectionFactoryTests" time="0.0"/>
  <testcase name="testWithConnectionFactoryAndExceptionListenerAndReconnectOnException" classname="org.springframework.jms.connection.SingleConnectionFactoryTests" time="0.001"/>
  <testcase name="testWithTopicConnectionFactoryAndJms11Usage" classname="org.springframework.jms.connection.SingleConnectionFactoryTests" time="0.0"/>
  <testcase name="testWithConnection" classname="org.springframework.jms.connection.SingleConnectionFactoryTests" time="0.0"/>
  <testcase name="testWithConnectionFactoryAndExceptionListener" classname="org.springframework.jms.connection.SingleConnectionFactoryTests" time="0.003"/>
  <testcase name="testWithTopicConnection" classname="org.springframework.jms.connection.SingleConnectionFactoryTests" time="0.0"/>
  <testcase name="testCachingConnectionFactoryWithTopicConnectionFactoryAndJms102Usage" classname="org.springframework.jms.connection.SingleConnectionFactoryTests" time="0.015"/>
  <testcase name="testWithQueueConnectionFactoryAndJms102Usage" classname="org.springframework.jms.connection.SingleConnectionFactoryTests" time="0.014"/>
  <testcase name="testWithQueueConnectionFactoryAndJms11Usage" classname="org.springframework.jms.connection.SingleConnectionFactoryTests" time="0.0"/>
  <testcase name="testWithConnectionFactoryAndClientId" classname="org.springframework.jms.connection.SingleConnectionFactoryTests" time="0.001"/>
  <testcase name="testWithConnectionFactoryAndLocalExceptionListenerWithCleanup" classname="org.springframework.jms.connection.SingleConnectionFactoryTests" time="0.0"/>
  <testcase name="testWithConnectionFactory" classname="org.springframework.jms.connection.SingleConnectionFactoryTests" time="0.0"/>
  <testcase name="testWithQueueConnection" classname="org.springframework.jms.connection.SingleConnectionFactoryTests" time="0.0"/>
  <testcase name="testCachingConnectionFactoryWithQueueConnectionFactoryAndJms102Usage" classname="org.springframework.jms.connection.SingleConnectionFactoryTests" time="0.014"/>
  <system-out><![CDATA[]]></system-out>
  <system-err><![CDATA[]]></system-err>
</testsuite>
