<?xml version="1.0" encoding="UTF-8"?>
<testsuite name="org.springframework.jms.annotation.EnableJmsTests" tests="14" skipped="0" failures="0" errors="0" timestamp="2020-12-16T17:34:52" hostname="DESKTOP-EMRC5FU" time="0.336">
  <properties/>
  <testcase name="jmsListeners" classname="org.springframework.jms.annotation.EnableJmsTests" time="0.2"/>
  <testcase name="unknownFactory" classname="org.springframework.jms.annotation.EnableJmsTests" time="0.012"/>
  <testcase name="sampleConfiguration" classname="org.springframework.jms.annotation.EnableJmsTests" time="0.012"/>
  <testcase name="customConfiguration" classname="org.springframework.jms.annotation.EnableJmsTests" time="0.015"/>
  <testcase name="composedJmsListeners" classname="org.springframework.jms.annotation.EnableJmsTests" time="0.012"/>
  <testcase name="containerCanBeStarterViaTheRegistry" classname="org.springframework.jms.annotation.EnableJmsTests" time="0.011"/>
  <testcase name="jmsHandlerMethodFactoryConfiguration" classname="org.springframework.jms.annotation.EnableJmsTests" time="0.014"/>
  <testcase name="explicitContainerFactory" classname="org.springframework.jms.annotation.EnableJmsTests" time="0.009"/>
  <testcase name="fullConfiguration" classname="org.springframework.jms.annotation.EnableJmsTests" time="0.01"/>
  <testcase name="lazyComponent" classname="org.springframework.jms.annotation.EnableJmsTests" time="0.009"/>
  <testcase name="defaultContainerFactory" classname="org.springframework.jms.annotation.EnableJmsTests" time="0.006"/>
  <testcase name="jmsListenerIsRepeatable" classname="org.springframework.jms.annotation.EnableJmsTests" time="0.007"/>
  <testcase name="containerAreStartedByDefault" classname="org.springframework.jms.annotation.EnableJmsTests" time="0.006"/>
  <testcase name="fullConfigurableConfiguration" classname="org.springframework.jms.annotation.EnableJmsTests" time="0.012"/>
  <system-out><![CDATA[]]></system-out>
  <system-err><![CDATA[]]></system-err>
</testsuite>
