<?xml version="1.0" encoding="UTF-8"?>
<testsuite name="org.springframework.util.StreamUtilsTests" tests="8" skipped="0" failures="0" errors="0" timestamp="2020-12-16T17:34:33" hostname="DESKTOP-EMRC5FU" time="0.097">
  <properties/>
  <testcase name="nonClosingOutputStream" classname="org.springframework.util.StreamUtilsTests" time="0.01"/>
  <testcase name="copyStream" classname="org.springframework.util.StreamUtilsTests" time="0.016"/>
  <testcase name="copyString" classname="org.springframework.util.StreamUtilsTests" time="0.001"/>
  <testcase name="copyToString" classname="org.springframework.util.StreamUtilsTests" time="0.011"/>
  <testcase name="copyBytes" classname="org.springframework.util.StreamUtilsTests" time="0.002"/>
  <testcase name="copyRange" classname="org.springframework.util.StreamUtilsTests" time="0.001"/>
  <testcase name="nonClosingInputStream" classname="org.springframework.util.StreamUtilsTests" time="0.054"/>
  <testcase name="copyToByteArray" classname="org.springframework.util.StreamUtilsTests" time="0.002"/>
  <system-out><![CDATA[]]></system-out>
  <system-err><![CDATA[]]></system-err>
</testsuite>
