<?xml version="1.0" encoding="UTF-8"?>
<testsuite name="org.springframework.core.serializer.SerializationConverterTests" tests="4" skipped="0" failures="0" errors="0" timestamp="2020-12-16T17:34:32" hostname="DESKTOP-EMRC5FU" time="0.006">
  <properties/>
  <testcase name="deserializationFailure" classname="org.springframework.core.serializer.SerializationConverterTests" time="0.002"/>
  <testcase name="nonSerializableObject" classname="org.springframework.core.serializer.SerializationConverterTests" time="0.0"/>
  <testcase name="nonSerializableField" classname="org.springframework.core.serializer.SerializationConverterTests" time="0.004"/>
  <testcase name="serializeAndDeserializeString" classname="org.springframework.core.serializer.SerializationConverterTests" time="0.0"/>
  <system-out><![CDATA[]]></system-out>
  <system-err><![CDATA[]]></system-err>
</testsuite>
