<?xml version="1.0" encoding="UTF-8"?>
<testsuite name="org.springframework.util.xml.StaxSourceTests" tests="4" skipped="0" failures="0" errors="0" timestamp="2020-12-16T17:34:33" hostname="DESKTOP-EMRC5FU" time="0.009">
  <properties/>
  <testcase name="streamReaderSourceToDOMResult" classname="org.springframework.util.xml.StaxSourceTests" time="0.003"/>
  <testcase name="streamReaderSourceToStreamResult" classname="org.springframework.util.xml.StaxSourceTests" time="0.002"/>
  <testcase name="eventReaderSourceToStreamResult" classname="org.springframework.util.xml.StaxSourceTests" time="0.002"/>
  <testcase name="eventReaderSourceToDOMResult" classname="org.springframework.util.xml.StaxSourceTests" time="0.002"/>
  <system-out><![CDATA[]]></system-out>
  <system-err><![CDATA[]]></system-err>
</testsuite>
