<?xml version="1.0" encoding="UTF-8"?>
<testsuite name="org.springframework.core.KotlinReactiveAdapterRegistryTests" tests="4" skipped="0" failures="0" errors="0" timestamp="2020-12-16T17:34:34" hostname="DESKTOP-EMRC5FU" time="0.097">
  <properties/>
  <testcase name="flowToPublisher" classname="org.springframework.core.KotlinReactiveAdapterRegistryTests" time="0.063"/>
  <testcase name="publisherToDeferred" classname="org.springframework.core.KotlinReactiveAdapterRegistryTests" time="0.009"/>
  <testcase name="publisherToFlow" classname="org.springframework.core.KotlinReactiveAdapterRegistryTests" time="0.02"/>
  <testcase name="deferredToPublisher" classname="org.springframework.core.KotlinReactiveAdapterRegistryTests" time="0.005"/>
  <system-out><![CDATA[]]></system-out>
  <system-err><![CDATA[]]></system-err>
</testsuite>
