<?xml version="1.0" encoding="UTF-8"?>
<testsuite name="org.springframework.core.annotation.PackagesAnnotationFilterTests" tests="7" skipped="0" failures="0" errors="0" timestamp="2020-12-16T17:34:25" hostname="DESKTOP-EMRC5FU" time="0.001">
  <properties/>
  <testcase name="matchesWhenInPackageReturnsTrue" classname="org.springframework.core.annotation.PackagesAnnotationFilterTests" time="0.0"/>
  <testcase name="matchesWhenInSimilarPackageReturnsFalse" classname="org.springframework.core.annotation.PackagesAnnotationFilterTests" time="0.0"/>
  <testcase name="createWhenPackagesContainsNullThrowsException" classname="org.springframework.core.annotation.PackagesAnnotationFilterTests" time="0.0"/>
  <testcase name="equalsAndHashCode" classname="org.springframework.core.annotation.PackagesAnnotationFilterTests" time="0.0"/>
  <testcase name="matchesWhenNotInPackageReturnsFalse" classname="org.springframework.core.annotation.PackagesAnnotationFilterTests" time="0.0"/>
  <testcase name="createWhenPackagesIsNullThrowsException" classname="org.springframework.core.annotation.PackagesAnnotationFilterTests" time="0.0"/>
  <testcase name="createWhenPackagesContainsEmptyTextThrowsException" classname="org.springframework.core.annotation.PackagesAnnotationFilterTests" time="0.0"/>
  <system-out><![CDATA[]]></system-out>
  <system-err><![CDATA[]]></system-err>
</testsuite>
