<?xml version="1.0" encoding="UTF-8"?>
<testsuite name="org.springframework.core.KotlinGenericTypeResolverTests" tests="1" skipped="0" failures="0" errors="0" timestamp="2020-12-16T17:34:34" hostname="DESKTOP-EMRC5FU" time="0.026">
  <properties/>
  <testcase name="methodReturnTypes" classname="org.springframework.core.KotlinGenericTypeResolverTests" time="0.026"/>
  <system-out><![CDATA[]]></system-out>
  <system-err><![CDATA[]]></system-err>
</testsuite>
