<?xml version="1.0" encoding="UTF-8"?>
<testsuite name="org.springframework.core.codec.ResourceDecoderTests" tests="3" skipped="0" failures="0" errors="0" timestamp="2020-12-16T17:34:25" hostname="DESKTOP-EMRC5FU" time="0.004">
  <properties/>
  <testcase name="decode" classname="org.springframework.core.codec.ResourceDecoderTests" time="0.003"/>
  <testcase name="canDecode" classname="org.springframework.core.codec.ResourceDecoderTests" time="0.0"/>
  <testcase name="decodeToMono" classname="org.springframework.core.codec.ResourceDecoderTests" time="0.001"/>
  <system-out><![CDATA[]]></system-out>
  <system-err><![CDATA[]]></system-err>
</testsuite>
