<?xml version="1.0" encoding="UTF-8"?>
<testsuite name="org.springframework.core.env.PropertyResolverExtensionsTests" tests="3" skipped="0" failures="0" errors="0" timestamp="2020-12-16T17:34:33" hostname="DESKTOP-EMRC5FU" time="1.021">
  <properties/>
  <testcase name="getProperty extension" classname="org.springframework.core.env.PropertyResolverExtensionsTests" time="1.014"/>
  <testcase name="get operator" classname="org.springframework.core.env.PropertyResolverExtensionsTests" time="0.004"/>
  <testcase name="getRequiredProperty extension" classname="org.springframework.core.env.PropertyResolverExtensionsTests" time="0.003"/>
  <system-out><![CDATA[]]></system-out>
  <system-err><![CDATA[]]></system-err>
</testsuite>
