<?xml version="1.0" encoding="UTF-8"?>
<testsuite name="org.springframework.util.StopWatchTests" tests="5" skipped="0" failures="0" errors="0" timestamp="2020-12-16T17:34:32" hostname="DESKTOP-EMRC5FU" time="0.425">
  <properties/>
  <testcase name="failureToStartBeforeStop" classname="org.springframework.util.StopWatchTests" time="0.0"/>
  <testcase name="validUsageNotKeepingTaskList" classname="org.springframework.util.StopWatchTests" time="0.212"/>
  <testcase name="rejectsStartTwice" classname="org.springframework.util.StopWatchTests" time="0.0"/>
  <testcase name="validUsage" classname="org.springframework.util.StopWatchTests" time="0.212"/>
  <testcase name="failureToStartBeforeGettingTimings" classname="org.springframework.util.StopWatchTests" time="0.001"/>
  <system-out><![CDATA[]]></system-out>
  <system-err><![CDATA[]]></system-err>
</testsuite>
