<?xml version="1.0" encoding="UTF-8"?>
<testsuite name="org.springframework.core.annotation.MergedAnnotationsRepeatableAnnotationTests" tests="22" skipped="0" failures="0" errors="0" timestamp="2020-12-16T17:34:25" hostname="DESKTOP-EMRC5FU" time="0.015">
  <properties/>
  <testcase name="inheritedAnnotationsWhenContainerMissingValueAttributeThrowsException" classname="org.springframework.core.annotation.MergedAnnotationsRepeatableAnnotationTests" time="0.001"/>
  <testcase name="exhaustiveAnnotationsWhenNoninheritedComposedRepeatableOnClassReturnsAnnotations" classname="org.springframework.core.annotation.MergedAnnotationsRepeatableAnnotationTests" time="0.002"/>
  <testcase name="inheritedAnnotationsWhenComposedContainerForRepeatableOnClassReturnsAnnotations" classname="org.springframework.core.annotation.MergedAnnotationsRepeatableAnnotationTests" time="0.003"/>
  <testcase name="inheritedAnnotationsWhenOnClassReturnsAnnotations" classname="org.springframework.core.annotation.MergedAnnotationsRepeatableAnnotationTests" time="0.0"/>
  <testcase name="exhaustiveWhenOnClassReturnsAnnotations" classname="org.springframework.core.annotation.MergedAnnotationsRepeatableAnnotationTests" time="0.0"/>
  <testcase name="exhaustiveWhenComposedContainerForRepeatableOnClassReturnsAnnotations" classname="org.springframework.core.annotation.MergedAnnotationsRepeatableAnnotationTests" time="0.0"/>
  <testcase name="inheritedAnnotationsWhenNoninheritedComposedRepeatableOnClassReturnsAnnotations" classname="org.springframework.core.annotation.MergedAnnotationsRepeatableAnnotationTests" time="0.001"/>
  <testcase name="inheritedAnnotationsWhenWhenOnSuperclassReturnsAnnotations" classname="org.springframework.core.annotation.MergedAnnotationsRepeatableAnnotationTests" time="0.0"/>
  <testcase name="inheritedAnnotationsWhenWhenNonArrayValueAttributeThrowsException" classname="org.springframework.core.annotation.MergedAnnotationsRepeatableAnnotationTests" time="0.001"/>
  <testcase name="exhaustiveWhenWhenOnSuperclassReturnsAnnotations" classname="org.springframework.core.annotation.MergedAnnotationsRepeatableAnnotationTests" time="0.0"/>
  <testcase name="inheritedAnnotationsWhenWrongComponentTypeThrowsException" classname="org.springframework.core.annotation.MergedAnnotationsRepeatableAnnotationTests" time="0.001"/>
  <testcase name="exhaustiveWhenNonRepeatableThrowsException" classname="org.springframework.core.annotation.MergedAnnotationsRepeatableAnnotationTests" time="0.0"/>
  <testcase name="inheritedAnnotationsWhenComposedMixedWithContainerOnClassReturnsAnnotations" classname="org.springframework.core.annotation.MergedAnnotationsRepeatableAnnotationTests" time="0.001"/>
  <testcase name="exhaustiveWhenWrongComponentTypeThrowsException" classname="org.springframework.core.annotation.MergedAnnotationsRepeatableAnnotationTests" time="0.001"/>
  <testcase name="inheritedAnnotationsWhenComposedOnClassReturnsAnnotations" classname="org.springframework.core.annotation.MergedAnnotationsRepeatableAnnotationTests" time="0.001"/>
  <testcase name="inheritedAnnotationsWhenNonRepeatableThrowsException" classname="org.springframework.core.annotation.MergedAnnotationsRepeatableAnnotationTests" time="0.0"/>
  <testcase name="exhaustiveWhenComposedOnClassReturnsAnnotations" classname="org.springframework.core.annotation.MergedAnnotationsRepeatableAnnotationTests" time="0.0"/>
  <testcase name="inheritedAnnotationsWhenNoninheritedComposedRepeatableOnSuperclassReturnsAnnotations" classname="org.springframework.core.annotation.MergedAnnotationsRepeatableAnnotationTests" time="0.001"/>
  <testcase name="exhaustiveAnnotationsWhenNoninheritedComposedRepeatableOnSuperclassReturnsAnnotations" classname="org.springframework.core.annotation.MergedAnnotationsRepeatableAnnotationTests" time="0.0"/>
  <testcase name="exhaustiveWhenWhenNonArrayValueAttributeThrowsException" classname="org.springframework.core.annotation.MergedAnnotationsRepeatableAnnotationTests" time="0.0"/>
  <testcase name="exhaustiveWhenContainerMissingValueAttributeThrowsException" classname="org.springframework.core.annotation.MergedAnnotationsRepeatableAnnotationTests" time="0.001"/>
  <testcase name="exhaustiveWhenComposedMixedWithContainerOnClassReturnsAnnotations" classname="org.springframework.core.annotation.MergedAnnotationsRepeatableAnnotationTests" time="0.0"/>
  <system-out><![CDATA[]]></system-out>
  <system-err><![CDATA[]]></system-err>
</testsuite>
