<?xml version="1.0" encoding="UTF-8"?>
<testsuite name="org.springframework.core.annotation.AnnotationIntrospectionFailureTests" tests="3" skipped="0" failures="0" errors="0" timestamp="2020-12-16T17:34:25" hostname="DESKTOP-EMRC5FU" time="0.005">
  <properties/>
  <testcase name="filteredTypeThrowsTypeNotPresentException" classname="org.springframework.core.annotation.AnnotationIntrospectionFailureTests" time="0.003"/>
  <testcase name="filteredTypeInMetaAnnotationWhenUsingAnnotatedElementUtilsHandlesException" classname="org.springframework.core.annotation.AnnotationIntrospectionFailureTests" time="0.001"/>
  <testcase name="filteredTypeInMetaAnnotationWhenUsingMergedAnnotationsHandlesException" classname="org.springframework.core.annotation.AnnotationIntrospectionFailureTests" time="0.001"/>
  <system-out><![CDATA[]]></system-out>
  <system-err><![CDATA[]]></system-err>
</testsuite>
