<?xml version="1.0" encoding="UTF-8"?>
<testsuite name="org.springframework.core.io.ResourceEditorTests" tests="7" skipped="0" failures="0" errors="0" timestamp="2020-12-16T17:34:31" hostname="DESKTOP-EMRC5FU" time="0.002">
  <properties/>
  <testcase name="sunnyDay" classname="org.springframework.core.io.ResourceEditorTests" time="0.001"/>
  <testcase name="ctorWithNullCtorArgs" classname="org.springframework.core.io.ResourceEditorTests" time="0.001"/>
  <testcase name="testSystemPropertyReplacement" classname="org.springframework.core.io.ResourceEditorTests" time="0.0"/>
  <testcase name="testStrictSystemPropertyReplacementWithUnresolvablePlaceholder" classname="org.springframework.core.io.ResourceEditorTests" time="0.0"/>
  <testcase name="testSystemPropertyReplacementWithUnresolvablePlaceholder" classname="org.springframework.core.io.ResourceEditorTests" time="0.0"/>
  <testcase name="setAndGetAsTextWithWhitespaceResource" classname="org.springframework.core.io.ResourceEditorTests" time="0.0"/>
  <testcase name="setAndGetAsTextWithNull" classname="org.springframework.core.io.ResourceEditorTests" time="0.0"/>
  <system-out><![CDATA[]]></system-out>
  <system-err><![CDATA[]]></system-err>
</testsuite>
