<?xml version="1.0" encoding="UTF-8"?>
<testsuite name="org.springframework.core.annotation.SynthesizingMethodParameterTests" tests="4" skipped="0" failures="0" errors="0" timestamp="2020-12-16T17:34:25" hostname="DESKTOP-EMRC5FU" time="0.0">
  <properties/>
  <testcase name="testFactoryMethods" classname="org.springframework.core.annotation.SynthesizingMethodParameterTests" time="0.0"/>
  <testcase name="testHashCode" classname="org.springframework.core.annotation.SynthesizingMethodParameterTests" time="0.0"/>
  <testcase name="testEquals" classname="org.springframework.core.annotation.SynthesizingMethodParameterTests" time="0.0"/>
  <testcase name="testIndexValidation" classname="org.springframework.core.annotation.SynthesizingMethodParameterTests" time="0.0"/>
  <system-out><![CDATA[]]></system-out>
  <system-err><![CDATA[]]></system-err>
</testsuite>
