<?xml version="1.0" encoding="UTF-8"?>
<testsuite name="org.springframework.core.KotlinMethodParameterTests" tests="5" skipped="0" failures="0" errors="0" timestamp="2020-12-16T17:34:34" hostname="DESKTOP-EMRC5FU" time="0.03">
  <properties/>
  <testcase name="Inner class constructor" classname="org.springframework.core.KotlinMethodParameterTests" time="0.012"/>
  <testcase name="Regular class constructor" classname="org.springframework.core.KotlinMethodParameterTests" time="0.001"/>
  <testcase name="Method return type nullability" classname="org.springframework.core.KotlinMethodParameterTests" time="0.014"/>
  <testcase name="Suspending function return type" classname="org.springframework.core.KotlinMethodParameterTests" time="0.002"/>
  <testcase name="Method parameter nullability" classname="org.springframework.core.KotlinMethodParameterTests" time="0.001"/>
  <system-out><![CDATA[]]></system-out>
  <system-err><![CDATA[]]></system-err>
</testsuite>
