<?xml version="1.0" encoding="UTF-8"?>
<testsuite name="org.springframework.core.codec.ByteArrayEncoderTests" tests="2" skipped="0" failures="0" errors="0" timestamp="2020-12-16T17:34:25" hostname="DESKTOP-EMRC5FU" time="0.002">
  <properties/>
  <testcase name="canEncode" classname="org.springframework.core.codec.ByteArrayEncoderTests" time="0.0"/>
  <testcase name="encode" classname="org.springframework.core.codec.ByteArrayEncoderTests" time="0.002"/>
  <system-out><![CDATA[]]></system-out>
  <system-err><![CDATA[]]></system-err>
</testsuite>
