<?xml version="1.0" encoding="UTF-8"?>
<testsuite name="org.springframework.core.annotation.AnnotationBackCompatibiltyTests" tests="2" skipped="0" failures="0" errors="0" timestamp="2020-12-16T17:34:25" hostname="DESKTOP-EMRC5FU" time="0.005">
  <properties/>
  <testcase name="defaultValue" classname="org.springframework.core.annotation.AnnotationBackCompatibiltyTests" time="0.002"/>
  <testcase name="multiplRoutesToMetaAnnotation" classname="org.springframework.core.annotation.AnnotationBackCompatibiltyTests" time="0.003"/>
  <system-out><![CDATA[]]></system-out>
  <system-err><![CDATA[]]></system-err>
</testsuite>
