<?xml version="1.0" encoding="UTF-8"?>
<testsuite name="org.springframework.core.type.AspectJTypeFilterTests" tests="8" skipped="0" failures="0" errors="0" timestamp="2020-12-16T17:34:32" hostname="DESKTOP-EMRC5FU" time="0.116">
  <properties/>
  <testcase name="compositionPatternNoMatches" classname="org.springframework.core.type.AspectJTypeFilterTests" time="0.091"/>
  <testcase name="annotationPatternMatches" classname="org.springframework.core.type.AspectJTypeFilterTests" time="0.005"/>
  <testcase name="subclassPatternNoMatches" classname="org.springframework.core.type.AspectJTypeFilterTests" time="0.003"/>
  <testcase name="compositionPatternMatches" classname="org.springframework.core.type.AspectJTypeFilterTests" time="0.004"/>
  <testcase name="annotationPatternNoMatches" classname="org.springframework.core.type.AspectJTypeFilterTests" time="0.0"/>
  <testcase name="namePatternNoMatches" classname="org.springframework.core.type.AspectJTypeFilterTests" time="0.006"/>
  <testcase name="namePatternMatches" classname="org.springframework.core.type.AspectJTypeFilterTests" time="0.002"/>
  <testcase name="subclassPatternMatches" classname="org.springframework.core.type.AspectJTypeFilterTests" time="0.005"/>
  <system-out><![CDATA[warning no match for this type name: org.springframework.core.type.AspectJTypeFilterTests.SomeClassX [Xlint:invalidAbsoluteTypeName]
]]></system-out>
  <system-err><![CDATA[]]></system-err>
</testsuite>
