<?xml version="1.0" encoding="UTF-8"?>
<testsuite name="org.springframework.core.KotlinDefaultParameterNameDiscovererTests" tests="1" skipped="0" failures="0" errors="0" timestamp="2020-12-16T17:34:34" hostname="DESKTOP-EMRC5FU" time="0.001">
  <properties/>
  <testcase name="getParameterNamesOnEnum" classname="org.springframework.core.KotlinDefaultParameterNameDiscovererTests" time="0.001"/>
  <system-out><![CDATA[]]></system-out>
  <system-err><![CDATA[]]></system-err>
</testsuite>
