<?xml version="1.0" encoding="UTF-8"?>
<testsuite name="org.springframework.core.codec.CharSequenceEncoderTests" tests="3" skipped="0" failures="0" errors="0" timestamp="2020-12-16T17:34:25" hostname="DESKTOP-EMRC5FU" time="0.009">
  <properties/>
  <testcase name="calculateCapacity" classname="org.springframework.core.codec.CharSequenceEncoderTests" time="0.004"/>
  <testcase name="encode" classname="org.springframework.core.codec.CharSequenceEncoderTests" time="0.004"/>
  <testcase name="canEncode" classname="org.springframework.core.codec.CharSequenceEncoderTests" time="0.0"/>
  <system-out><![CDATA[]]></system-out>
  <system-err><![CDATA[]]></system-err>
</testsuite>
