<?xml version="1.0" encoding="UTF-8"?>
<testsuite name="org.springframework.core.codec.ResourceRegionEncoderTests" tests="6" skipped="0" failures="0" errors="0" timestamp="2020-12-16T17:34:25" hostname="DESKTOP-EMRC5FU" time="0.075">
  <properties/>
  <testcase name="shouldEncodeMultipleResourceRegionsFileResource" classname="org.springframework.core.codec.ResourceRegionEncoderTests" time="0.02"/>
  <testcase name="cancelWithoutDemandForSingleResourceRegion" classname="org.springframework.core.codec.ResourceRegionEncoderTests" time="0.051"/>
  <testcase name="canEncode" classname="org.springframework.core.codec.ResourceRegionEncoderTests" time="0.001"/>
  <testcase name="shouldEncodeResourceRegionFileResource" classname="org.springframework.core.codec.ResourceRegionEncoderTests" time="0.0"/>
  <testcase name="cancelWithoutDemandForMultipleResourceRegions" classname="org.springframework.core.codec.ResourceRegionEncoderTests" time="0.001"/>
  <testcase name="nonExisting" classname="org.springframework.core.codec.ResourceRegionEncoderTests" time="0.001"/>
  <system-out><![CDATA[]]></system-out>
  <system-err><![CDATA[]]></system-err>
</testsuite>
