<?xml version="1.0" encoding="UTF-8"?>
<testsuite name="org.springframework.core.io.support.ResourceArrayPropertyEditorTests" tests="4" skipped="0" failures="0" errors="0" timestamp="2020-12-16T17:34:32" hostname="DESKTOP-EMRC5FU" time="0.002">
  <properties/>
  <testcase name="testPatternResource" classname="org.springframework.core.io.support.ResourceArrayPropertyEditorTests" time="0.001"/>
  <testcase name="testVanillaResource" classname="org.springframework.core.io.support.ResourceArrayPropertyEditorTests" time="0.0"/>
  <testcase name="testSystemPropertyReplacement" classname="org.springframework.core.io.support.ResourceArrayPropertyEditorTests" time="0.0"/>
  <testcase name="testStrictSystemPropertyReplacementWithUnresolvablePlaceholder" classname="org.springframework.core.io.support.ResourceArrayPropertyEditorTests" time="0.001"/>
  <system-out><![CDATA[]]></system-out>
  <system-err><![CDATA[]]></system-err>
</testsuite>
