<?xml version="1.0" encoding="UTF-8"?>
<testsuite name="org.springframework.oxm.jaxb.Jaxb2MarshallerTests" tests="22" skipped="0" failures="0" errors="0" timestamp="2020-12-16T17:28:11" hostname="DESKTOP-EMRC5FU" time="0.9">
  <properties/>
  <testcase name="unmarshalSaxSourceWithXmlOptions" classname="org.springframework.oxm.jaxb.Jaxb2MarshallerTests" time="0.482"/>
  <testcase name="marshalAWrappedObjectHoldingAnXmlElementDeclElement" classname="org.springframework.oxm.jaxb.Jaxb2MarshallerTests" time="0.126"/>
  <testcase name="marshalSAXResult" classname="org.springframework.oxm.jaxb.Jaxb2MarshallerTests" time="0.024"/>
  <testcase name="supportsContextPath" classname="org.springframework.oxm.jaxb.Jaxb2MarshallerTests" time="0.08"/>
  <testcase name="supportsXmlRootElement" classname="org.springframework.oxm.jaxb.Jaxb2MarshallerTests" time="0.005"/>
  <testcase name="marshalAttachments" classname="org.springframework.oxm.jaxb.Jaxb2MarshallerTests" time="0.023"/>
  <testcase name="lazyInit" classname="org.springframework.oxm.jaxb.Jaxb2MarshallerTests" time="0.009"/>
  <testcase name="properties" classname="org.springframework.oxm.jaxb.Jaxb2MarshallerTests" time="0.005"/>
  <testcase name="unmarshalStreamSourceWithXmlOptions" classname="org.springframework.oxm.jaxb.Jaxb2MarshallerTests" time="0.003"/>
  <testcase name="supportsPackagesToScan" classname="org.springframework.oxm.jaxb.Jaxb2MarshallerTests" time="0.023"/>
  <testcase name="marshalInvalidClass" classname="org.springframework.oxm.jaxb.Jaxb2MarshallerTests" time="0.013"/>
  <testcase name="testInvalidContextPath" classname="org.springframework.oxm.jaxb.Jaxb2MarshallerTests" time="0.013"/>
  <testcase name="noContextPathOrClassesToBeBound" classname="org.springframework.oxm.jaxb.Jaxb2MarshallerTests" time="0.003"/>
  <testcase name="supportsClassesToBeBound" classname="org.springframework.oxm.jaxb.Jaxb2MarshallerTests" time="0.02"/>
  <testcase name="marshalStreamResultOutputStream" classname="org.springframework.oxm.jaxb.Jaxb2MarshallerTests" time="0.012"/>
  <testcase name="marshalStaxResultEventWriter" classname="org.springframework.oxm.jaxb.Jaxb2MarshallerTests" time="0.016"/>
  <testcase name="marshalEmptyDOMResult" classname="org.springframework.oxm.jaxb.Jaxb2MarshallerTests" time="0.007"/>
  <testcase name="marshalStreamResultWriter" classname="org.springframework.oxm.jaxb.Jaxb2MarshallerTests" time="0.008"/>
  <testcase name="marshalDOMResult" classname="org.springframework.oxm.jaxb.Jaxb2MarshallerTests" time="0.004"/>
  <testcase name="marshalJaxp14StaxResultEventWriter" classname="org.springframework.oxm.jaxb.Jaxb2MarshallerTests" time="0.007"/>
  <testcase name="marshalStaxResultStreamWriter" classname="org.springframework.oxm.jaxb.Jaxb2MarshallerTests" time="0.01"/>
  <testcase name="marshalJaxp14StaxResultStreamWriter" classname="org.springframework.oxm.jaxb.Jaxb2MarshallerTests" time="0.007"/>
  <system-out><![CDATA[]]></system-out>
  <system-err><![CDATA[]]></system-err>
</testsuite>
