<?xml version="1.0" encoding="UTF-8"?>
<testsuite name="org.springframework.oxm.xstream.XStreamMarshallerTests" tests="20" skipped="2" failures="0" errors="0" timestamp="2020-12-16T17:28:12" hostname="DESKTOP-EMRC5FU" time="0.276">
  <properties/>
  <testcase name="aliasesByTypeStringClassMap" classname="org.springframework.oxm.xstream.XStreamMarshallerTests" time="0.0">
    <skipped/>
  </testcase>
  <testcase name="marshalStaxResultXMLStreamWriter" classname="org.springframework.oxm.xstream.XStreamMarshallerTests" time="0.153"/>
  <testcase name="marshalStreamResultOutputStream" classname="org.springframework.oxm.xstream.XStreamMarshallerTests" time="0.004"/>
  <testcase name="jettisonDriver" classname="org.springframework.oxm.xstream.XStreamMarshallerTests" time="0.024"/>
  <testcase name="marshalDOMResultToExistentDocument" classname="org.springframework.oxm.xstream.XStreamMarshallerTests" time="0.005"/>
  <testcase name="useAttributesForClassStringListMap" classname="org.springframework.oxm.xstream.XStreamMarshallerTests" time="0.003"/>
  <testcase name="fieldAliases" classname="org.springframework.oxm.xstream.XStreamMarshallerTests" time="0.004"/>
  <testcase name="implicitCollections" classname="org.springframework.oxm.xstream.XStreamMarshallerTests" time="0.035"/>
  <testcase name="useAttributesForStringClassMap" classname="org.springframework.oxm.xstream.XStreamMarshallerTests" time="0.004"/>
  <testcase name="jsonDriver" classname="org.springframework.oxm.xstream.XStreamMarshallerTests" time="0.005"/>
  <testcase name="annotatedMarshalStreamResultWriter" classname="org.springframework.oxm.xstream.XStreamMarshallerTests" time="0.007"/>
  <testcase name="useAttributesForClassStringMap" classname="org.springframework.oxm.xstream.XStreamMarshallerTests" time="0.002"/>
  <testcase name="omitFields" classname="org.springframework.oxm.xstream.XStreamMarshallerTests" time="0.004"/>
  <testcase name="aliasesByTypeStringStringMap" classname="org.springframework.oxm.xstream.XStreamMarshallerTests" time="0.0">
    <skipped/>
  </testcase>
  <testcase name="marshalStaxResultXMLEventWriter" classname="org.springframework.oxm.xstream.XStreamMarshallerTests" time="0.005"/>
  <testcase name="marshalSaxResult" classname="org.springframework.oxm.xstream.XStreamMarshallerTests" time="0.003"/>
  <testcase name="marshalStreamResultWriter" classname="org.springframework.oxm.xstream.XStreamMarshallerTests" time="0.003"/>
  <testcase name="marshalDOMResult" classname="org.springframework.oxm.xstream.XStreamMarshallerTests" time="0.006"/>
  <testcase name="useAttributesFor" classname="org.springframework.oxm.xstream.XStreamMarshallerTests" time="0.003"/>
  <testcase name="converters" classname="org.springframework.oxm.xstream.XStreamMarshallerTests" time="0.004"/>
  <system-out><![CDATA[]]></system-out>
  <system-err><![CDATA[Security framework of XStream not initialized, XStream is probably vulnerable.
Security framework of XStream not initialized, XStream is probably vulnerable.
]]></system-err>
</testsuite>
