<?xml version="1.0" encoding="UTF-8"?>
<testsuite name="org.springframework.orm.jpa.hibernate.HibernateMultiEntityManagerFactoryIntegrationTests" tests="19" skipped="0" failures="0" errors="0" timestamp="2020-12-16T17:35:47" hostname="DESKTOP-EMRC5FU" time="0.181">
  <properties/>
  <testcase name="testEntityManagerFactoryImplementsEntityManagerFactoryInfo" classname="org.springframework.orm.jpa.hibernate.HibernateMultiEntityManagerFactoryIntegrationTests" time="0.159"/>
  <testcase name="testEntityManagerFactory2" classname="org.springframework.orm.jpa.hibernate.HibernateMultiEntityManagerFactoryIntegrationTests" time="0.002"/>
  <testcase name="testJdbcTx2" classname="org.springframework.orm.jpa.hibernate.HibernateMultiEntityManagerFactoryIntegrationTests" time="0.001"/>
  <testcase name="testEntityManagerProxyRejectsProgrammaticTxManagement" classname="org.springframework.orm.jpa.hibernate.HibernateMultiEntityManagerFactoryIntegrationTests" time="0.001"/>
  <testcase name="testQueryNoPersons" classname="org.springframework.orm.jpa.hibernate.HibernateMultiEntityManagerFactoryIntegrationTests" time="0.001"/>
  <testcase name="testMultipleResults" classname="org.springframework.orm.jpa.hibernate.HibernateMultiEntityManagerFactoryIntegrationTests" time="0.001"/>
  <testcase name="testStateClean" classname="org.springframework.orm.jpa.hibernate.HibernateMultiEntityManagerFactoryIntegrationTests" time="0.001"/>
  <testcase name="testGetReferenceWhenNoRow" classname="org.springframework.orm.jpa.hibernate.HibernateMultiEntityManagerFactoryIntegrationTests" time="0.001"/>
  <testcase name="testInstantiateAndSaveWithSharedEmProxy" classname="org.springframework.orm.jpa.hibernate.HibernateMultiEntityManagerFactoryIntegrationTests" time="0.001"/>
  <testcase name="testQueryNoPersonsSharedNotTransactional" classname="org.springframework.orm.jpa.hibernate.HibernateMultiEntityManagerFactoryIntegrationTests" time="0.001"/>
  <testcase name="testJdbcTx1_1" classname="org.springframework.orm.jpa.hibernate.HibernateMultiEntityManagerFactoryIntegrationTests" time="0.001"/>
  <testcase name="testJdbcTx1_2" classname="org.springframework.orm.jpa.hibernate.HibernateMultiEntityManagerFactoryIntegrationTests" time="0.001"/>
  <testcase name="testJdbcTx1_3" classname="org.springframework.orm.jpa.hibernate.HibernateMultiEntityManagerFactoryIntegrationTests" time="0.001"/>
  <testcase name="testCanSerializeProxies" classname="org.springframework.orm.jpa.hibernate.HibernateMultiEntityManagerFactoryIntegrationTests" time="0.001"/>
  <testcase name="testQueryNoPersonsShared" classname="org.springframework.orm.jpa.hibernate.HibernateMultiEntityManagerFactoryIntegrationTests" time="0.001"/>
  <testcase name="testQueryNoPersonsNotTransactional" classname="org.springframework.orm.jpa.hibernate.HibernateMultiEntityManagerFactoryIntegrationTests" time="0.001"/>
  <testcase name="testEntityManagerProxyIsProxy" classname="org.springframework.orm.jpa.hibernate.HibernateMultiEntityManagerFactoryIntegrationTests" time="0.0"/>
  <testcase name="testBogusQuery" classname="org.springframework.orm.jpa.hibernate.HibernateMultiEntityManagerFactoryIntegrationTests" time="0.004"/>
  <testcase name="testLazyLoading" classname="org.springframework.orm.jpa.hibernate.HibernateMultiEntityManagerFactoryIntegrationTests" time="0.002"/>
  <system-out><![CDATA[Hibernate: alter table Person add constraint FKhsilw37bohsue5exltut0wcpq foreign key (DRIVERS_LICENSE_ID) references DRIVERS_LICENSE
Hibernate: select person0_.id as id1_1_, person0_.DRIVERS_LICENSE_ID as DRIVERS_4_1_, person0_.first_name as first_na2_1_, person0_.last_name as last_nam3_1_ from Person person0_
Hibernate: select person0_.id as id1_1_, person0_.DRIVERS_LICENSE_ID as DRIVERS_4_1_, person0_.first_name as first_na2_1_, person0_.last_name as last_nam3_1_ from Person person0_
Hibernate: select person0_.id as id1_1_, person0_.DRIVERS_LICENSE_ID as DRIVERS_4_1_, person0_.first_name as first_na2_1_, person0_.last_name as last_nam3_1_ from Person person0_
Hibernate: select person0_.id as id1_1_0_, person0_.DRIVERS_LICENSE_ID as DRIVERS_4_1_0_, person0_.first_name as first_na2_1_0_, person0_.last_name as last_nam3_1_0_ from Person person0_ where person0_.id=?
Hibernate: call next value for hibernate_sequence
Hibernate: insert into Person (DRIVERS_LICENSE_ID, first_name, last_name, id) values (?, ?, ?, ?)
Hibernate: select person0_.id as id1_1_, person0_.DRIVERS_LICENSE_ID as DRIVERS_4_1_, person0_.first_name as first_na2_1_, person0_.last_name as last_nam3_1_ from Person person0_
Hibernate: select person0_.id as id1_1_, person0_.DRIVERS_LICENSE_ID as DRIVERS_4_1_, person0_.first_name as first_na2_1_, person0_.last_name as last_nam3_1_ from Person person0_
Hibernate: select person0_.id as id1_1_, person0_.DRIVERS_LICENSE_ID as DRIVERS_4_1_, person0_.first_name as first_na2_1_, person0_.last_name as last_nam3_1_ from Person person0_
Hibernate: select person0_.id as id1_1_, person0_.DRIVERS_LICENSE_ID as DRIVERS_4_1_, person0_.first_name as first_na2_1_, person0_.last_name as last_nam3_1_ from Person person0_
Hibernate: select person0_.id as id1_1_, person0_.DRIVERS_LICENSE_ID as DRIVERS_4_1_, person0_.first_name as first_na2_1_, person0_.last_name as last_nam3_1_ from Person person0_
Hibernate: select person0_.id as id1_1_, person0_.DRIVERS_LICENSE_ID as DRIVERS_4_1_, person0_.first_name as first_na2_1_, person0_.last_name as last_nam3_1_ from Person person0_
Hibernate: select person0_.id as id1_1_, person0_.DRIVERS_LICENSE_ID as DRIVERS_4_1_, person0_.first_name as first_na2_1_, person0_.last_name as last_nam3_1_ from Person person0_
01:35:47.331 [Test worker] ERROR o.h.h.i.a.ErrorTracker - line 1:1: unexpected token: It
01:35:47.331 [Test worker] ERROR o.h.h.i.a.ErrorTracker - line 1:1: unexpected token: It
antlr.NoViableAltException: unexpected token: It
	at org.hibernate.hql.internal.antlr.HqlBaseParser.statement(HqlBaseParser.java:210) ~[hibernate-core-5.4.3.Final.jar:5.4.3.Final]
	at org.hibernate.hql.internal.ast.QueryTranslatorImpl.parse(QueryTranslatorImpl.java:290) ~[hibernate-core-5.4.3.Final.jar:5.4.3.Final]
	at org.hibernate.hql.internal.ast.QueryTranslatorImpl.doCompile(QueryTranslatorImpl.java:189) ~[hibernate-core-5.4.3.Final.jar:5.4.3.Final]
	at org.hibernate.hql.internal.ast.QueryTranslatorImpl.compile(QueryTranslatorImpl.java:144) ~[hibernate-core-5.4.3.Final.jar:5.4.3.Final]
	at org.hibernate.engine.query.spi.HQLQueryPlan.<init>(HQLQueryPlan.java:113) ~[hibernate-core-5.4.3.Final.jar:5.4.3.Final]
	at org.hibernate.engine.query.spi.HQLQueryPlan.<init>(HQLQueryPlan.java:73) ~[hibernate-core-5.4.3.Final.jar:5.4.3.Final]
	at org.hibernate.engine.query.spi.QueryPlanCache.getHQLQueryPlan(QueryPlanCache.java:158) ~[hibernate-core-5.4.3.Final.jar:5.4.3.Final]
	at org.hibernate.internal.AbstractSharedSessionContract.getQueryPlan(AbstractSharedSessionContract.java:611) ~[hibernate-core-5.4.3.Final.jar:5.4.3.Final]
	at org.hibernate.internal.AbstractSharedSessionContract.createQuery(AbstractSharedSessionContract.java:720) ~[hibernate-core-5.4.3.Final.jar:5.4.3.Final]
	at org.hibernate.internal.AbstractSessionImpl.createQuery(AbstractSessionImpl.java:23) ~[hibernate-core-5.4.3.Final.jar:5.4.3.Final]
	at sun.reflect.GeneratedMethodAccessor40.invoke(Unknown Source) ~[?:?]
	at sun.reflect.DelegatingMethodAccessorImpl.invoke(DelegatingMethodAccessorImpl.java:43) ~[?:1.8.0_73]
	at java.lang.reflect.Method.invoke(Method.java:497) ~[?:1.8.0_73]
	at org.springframework.orm.jpa.SharedEntityManagerCreator$SharedEntityManagerInvocationHandler.invoke(SharedEntityManagerCreator.java:309) ~[main/:?]
	at com.sun.proxy.$Proxy69.createQuery(Unknown Source) ~[?:?]
	at org.springframework.orm.jpa.AbstractContainerEntityManagerFactoryIntegrationTests.lambda$testBogusQuery$0(AbstractContainerEntityManagerFactoryIntegrationTests.java:96) ~[test/:?]
	at org.assertj.core.api.ThrowableAssert.catchThrowable(ThrowableAssert.java:62) ~[assertj-core-3.13.1.jar:?]
	at org.assertj.core.api.ThrowableTypeAssert.isThrownBy(ThrowableTypeAssert.java:59) ~[assertj-core-3.13.1.jar:?]
	at org.springframework.orm.jpa.AbstractContainerEntityManagerFactoryIntegrationTests.testBogusQuery(AbstractContainerEntityManagerFactoryIntegrationTests.java:95) ~[test/:?]
	at sun.reflect.NativeMethodAccessorImpl.invoke0(Native Method) ~[?:1.8.0_73]
	at sun.reflect.NativeMethodAccessorImpl.invoke(NativeMethodAccessorImpl.java:62) ~[?:1.8.0_73]
	at sun.reflect.DelegatingMethodAccessorImpl.invoke(DelegatingMethodAccessorImpl.java:43) ~[?:1.8.0_73]
	at java.lang.reflect.Method.invoke(Method.java:497) ~[?:1.8.0_73]
	at org.junit.runners.model.FrameworkMethod$1.runReflectiveCall(FrameworkMethod.java:59) ~[junit-4.13-beta-3.jar:4.13-beta-3]
	at org.junit.internal.runners.model.ReflectiveCallable.run(ReflectiveCallable.java:12) ~[junit-4.13-beta-3.jar:4.13-beta-3]
	at org.junit.runners.model.FrameworkMethod.invokeExplosively(FrameworkMethod.java:56) ~[junit-4.13-beta-3.jar:4.13-beta-3]
	at org.junit.internal.runners.statements.InvokeMethod.evaluate(InvokeMethod.java:17) ~[junit-4.13-beta-3.jar:4.13-beta-3]
	at org.junit.internal.runners.statements.RunBefores.evaluate(RunBefores.java:26) ~[junit-4.13-beta-3.jar:4.13-beta-3]
	at org.junit.internal.runners.statements.RunAfters.evaluate(RunAfters.java:27) ~[junit-4.13-beta-3.jar:4.13-beta-3]
	at org.junit.runners.ParentRunner$3.evaluate(ParentRunner.java:305) ~[junit-4.13-beta-3.jar:4.13-beta-3]
	at org.junit.runners.BlockJUnit4ClassRunner$1.evaluate(BlockJUnit4ClassRunner.java:100) ~[junit-4.13-beta-3.jar:4.13-beta-3]
	at org.junit.runners.ParentRunner.runLeaf(ParentRunner.java:365) ~[junit-4.13-beta-3.jar:4.13-beta-3]
	at org.junit.runners.BlockJUnit4ClassRunner.runChild(BlockJUnit4ClassRunner.java:103) ~[junit-4.13-beta-3.jar:4.13-beta-3]
	at org.junit.runners.BlockJUnit4ClassRunner.runChild(BlockJUnit4ClassRunner.java:63) ~[junit-4.13-beta-3.jar:4.13-beta-3]
	at org.junit.runners.ParentRunner$4.run(ParentRunner.java:330) ~[junit-4.13-beta-3.jar:4.13-beta-3]
	at org.junit.runners.ParentRunner$1.schedule(ParentRunner.java:78) ~[junit-4.13-beta-3.jar:4.13-beta-3]
	at org.junit.runners.ParentRunner.runChildren(ParentRunner.java:328) ~[junit-4.13-beta-3.jar:4.13-beta-3]
	at org.junit.runners.ParentRunner.access$100(ParentRunner.java:65) ~[junit-4.13-beta-3.jar:4.13-beta-3]
	at org.junit.runners.ParentRunner$2.evaluate(ParentRunner.java:292) ~[junit-4.13-beta-3.jar:4.13-beta-3]
	at org.junit.internal.runners.statements.RunAfters.evaluate(RunAfters.java:27) ~[junit-4.13-beta-3.jar:4.13-beta-3]
	at org.junit.runners.ParentRunner$3.evaluate(ParentRunner.java:305) ~[junit-4.13-beta-3.jar:4.13-beta-3]
	at org.junit.runners.ParentRunner.run(ParentRunner.java:412) ~[junit-4.13-beta-3.jar:4.13-beta-3]
	at org.junit.runner.JUnitCore.run(JUnitCore.java:137) ~[junit-4.13-beta-3.jar:4.13-beta-3]
	at org.junit.runner.JUnitCore.run(JUnitCore.java:115) ~[junit-4.13-beta-3.jar:4.13-beta-3]
	at org.junit.vintage.engine.execution.RunnerExecutor.execute(RunnerExecutor.java:40) ~[junit-vintage-engine-5.5.1.jar:5.5.1]
	at java.util.stream.ForEachOps$ForEachOp$OfRef.accept(ForEachOps.java:184) ~[?:1.8.0_73]
	at java.util.stream.ReferencePipeline$3$1.accept(ReferencePipeline.java:193) ~[?:1.8.0_73]
	at java.util.Iterator.forEachRemaining(Iterator.java:116) ~[?:1.8.0_73]
	at java.util.Spliterators$IteratorSpliterator.forEachRemaining(Spliterators.java:1801) ~[?:1.8.0_73]
	at java.util.stream.AbstractPipeline.copyInto(AbstractPipeline.java:481) ~[?:1.8.0_73]
	at java.util.stream.AbstractPipeline.wrapAndCopyInto(AbstractPipeline.java:471) ~[?:1.8.0_73]
	at java.util.stream.ForEachOps$ForEachOp.evaluateSequential(ForEachOps.java:151) ~[?:1.8.0_73]
	at java.util.stream.ForEachOps$ForEachOp$OfRef.evaluateSequential(ForEachOps.java:174) ~[?:1.8.0_73]
	at java.util.stream.AbstractPipeline.evaluate(AbstractPipeline.java:234) ~[?:1.8.0_73]
	at java.util.stream.ReferencePipeline.forEach(ReferencePipeline.java:418) ~[?:1.8.0_73]
	at org.junit.vintage.engine.VintageTestEngine.executeAllChildren(VintageTestEngine.java:80) ~[junit-vintage-engine-5.5.1.jar:5.5.1]
	at org.junit.vintage.engine.VintageTestEngine.execute(VintageTestEngine.java:71) ~[junit-vintage-engine-5.5.1.jar:5.5.1]
	at org.junit.platform.launcher.core.DefaultLauncher.execute(DefaultLauncher.java:229) ~[junit-platform-launcher-1.5.1.jar:1.5.1]
	at org.junit.platform.launcher.core.DefaultLauncher.lambda$execute$6(DefaultLauncher.java:197) ~[junit-platform-launcher-1.5.1.jar:1.5.1]
	at org.junit.platform.launcher.core.DefaultLauncher.withInterceptedStreams(DefaultLauncher.java:211) [junit-platform-launcher-1.5.1.jar:1.5.1]
	at org.junit.platform.launcher.core.DefaultLauncher.execute(DefaultLauncher.java:191) [junit-platform-launcher-1.5.1.jar:1.5.1]
	at org.junit.platform.launcher.core.DefaultLauncher.execute(DefaultLauncher.java:128) [junit-platform-launcher-1.5.1.jar:1.5.1]
	at org.gradle.api.internal.tasks.testing.junitplatform.JUnitPlatformTestClassProcessor$CollectAllTestClassesExecutor.processAllTestClasses(JUnitPlatformTestClassProcessor.java:102) [gradle-testing-junit-platform-5.5.1.jar:5.5.1]
	at org.gradle.api.internal.tasks.testing.junitplatform.JUnitPlatformTestClassProcessor$CollectAllTestClassesExecutor.access$000(JUnitPlatformTestClassProcessor.java:82) [gradle-testing-junit-platform-5.5.1.jar:5.5.1]
	at org.gradle.api.internal.tasks.testing.junitplatform.JUnitPlatformTestClassProcessor.stop(JUnitPlatformTestClassProcessor.java:78) [gradle-testing-junit-platform-5.5.1.jar:5.5.1]
	at org.gradle.api.internal.tasks.testing.SuiteTestClassProcessor.stop(SuiteTestClassProcessor.java:61) [gradle-testing-base-5.5.1.jar:5.5.1]
	at sun.reflect.NativeMethodAccessorImpl.invoke0(Native Method) ~[?:1.8.0_73]
	at sun.reflect.NativeMethodAccessorImpl.invoke(NativeMethodAccessorImpl.java:62) ~[?:1.8.0_73]
	at sun.reflect.DelegatingMethodAccessorImpl.invoke(DelegatingMethodAccessorImpl.java:43) ~[?:1.8.0_73]
	at java.lang.reflect.Method.invoke(Method.java:497) ~[?:1.8.0_73]
	at org.gradle.internal.dispatch.ReflectionDispatch.dispatch(ReflectionDispatch.java:35) [gradle-messaging-5.5.1.jar:5.5.1]
	at org.gradle.internal.dispatch.ReflectionDispatch.dispatch(ReflectionDispatch.java:24) [gradle-messaging-5.5.1.jar:5.5.1]
	at org.gradle.internal.dispatch.ContextClassLoaderDispatch.dispatch(ContextClassLoaderDispatch.java:32) [gradle-messaging-5.5.1.jar:5.5.1]
	at org.gradle.internal.dispatch.ProxyDispatchAdapter$DispatchingInvocationHandler.invoke(ProxyDispatchAdapter.java:93) [gradle-messaging-5.5.1.jar:5.5.1]
	at com.sun.proxy.$Proxy2.stop(Unknown Source) [?:?]
	at org.gradle.api.internal.tasks.testing.worker.TestWorker.stop(TestWorker.java:132) [gradle-testing-base-5.5.1.jar:5.5.1]
	at sun.reflect.NativeMethodAccessorImpl.invoke0(Native Method) ~[?:1.8.0_73]
	at sun.reflect.NativeMethodAccessorImpl.invoke(NativeMethodAccessorImpl.java:62) ~[?:1.8.0_73]
	at sun.reflect.DelegatingMethodAccessorImpl.invoke(DelegatingMethodAccessorImpl.java:43) ~[?:1.8.0_73]
	at java.lang.reflect.Method.invoke(Method.java:497) ~[?:1.8.0_73]
	at org.gradle.internal.dispatch.ReflectionDispatch.dispatch(ReflectionDispatch.java:35) [gradle-messaging-5.5.1.jar:5.5.1]
	at org.gradle.internal.dispatch.ReflectionDispatch.dispatch(ReflectionDispatch.java:24) [gradle-messaging-5.5.1.jar:5.5.1]
	at org.gradle.internal.remote.internal.hub.MessageHubBackedObjectConnection$DispatchWrapper.dispatch(MessageHubBackedObjectConnection.java:175) [gradle-messaging-5.5.1.jar:5.5.1]
	at org.gradle.internal.remote.internal.hub.MessageHubBackedObjectConnection$DispatchWrapper.dispatch(MessageHubBackedObjectConnection.java:157) [gradle-messaging-5.5.1.jar:5.5.1]
	at org.gradle.internal.remote.internal.hub.MessageHub$Handler.run(MessageHub.java:404) [gradle-messaging-5.5.1.jar:5.5.1]
	at org.gradle.internal.concurrent.ExecutorPolicy$CatchAndRecordFailures.onExecute(ExecutorPolicy.java:63) [gradle-base-services-5.5.1.jar:5.5.1]
	at org.gradle.internal.concurrent.ManagedExecutorImpl$1.run(ManagedExecutorImpl.java:46) [gradle-base-services-5.5.1.jar:5.5.1]
	at java.util.concurrent.ThreadPoolExecutor.runWorker(ThreadPoolExecutor.java:1142) [?:1.8.0_73]
	at java.util.concurrent.ThreadPoolExecutor$Worker.run(ThreadPoolExecutor.java:617) [?:1.8.0_73]
	at org.gradle.internal.concurrent.ThreadFactoryImpl$ManagedThreadRunnable.run(ThreadFactoryImpl.java:55) [gradle-base-services-5.5.1.jar:5.5.1]
	at java.lang.Thread.run(Thread.java:745) [?:1.8.0_73]
Hibernate: call next value for hibernate_sequence
Hibernate: insert into DRIVERS_LICENSE (serial_number, id) values (?, ?)
Hibernate: insert into Person (DRIVERS_LICENSE_ID, first_name, last_name, id) values (?, ?, ?, ?)
Hibernate: select person0_.id as id1_1_0_, person0_.DRIVERS_LICENSE_ID as DRIVERS_4_1_0_, person0_.first_name as first_na2_1_0_, person0_.last_name as last_nam3_1_0_ from Person person0_ where person0_.id=?
Hibernate: select driverslic0_.id as id1_0_0_, driverslic0_.serial_number as serial_n2_0_0_ from DRIVERS_LICENSE driverslic0_ where driverslic0_.id=?
]]></system-out>
  <system-err><![CDATA[]]></system-err>
</testsuite>
