<?xml version="1.0" encoding="UTF-8"?>
<testsuite name="org.springframework.orm.jpa.ApplicationManagedEntityManagerIntegrationTests" tests="8" skipped="0" failures="0" errors="0" timestamp="2020-12-16T17:35:41" hostname="DESKTOP-EMRC5FU" time="2.713">
  <properties/>
  <testcase name="testEntityManagerProxyAcceptsProgrammaticTxJoining" classname="org.springframework.orm.jpa.ApplicationManagedEntityManagerIntegrationTests" time="2.342"/>
  <testcase name="testStateClean" classname="org.springframework.orm.jpa.ApplicationManagedEntityManagerIntegrationTests" time="0.04"/>
  <testcase name="testCommitOccurs" classname="org.springframework.orm.jpa.ApplicationManagedEntityManagerIntegrationTests" time="0.024"/>
  <testcase name="testEntityManagerProxyIsProxy" classname="org.springframework.orm.jpa.ApplicationManagedEntityManagerIntegrationTests" time="0.28"/>
  <testcase name="testCannotFlushWithoutGettingTransaction" classname="org.springframework.orm.jpa.ApplicationManagedEntityManagerIntegrationTests" time="0.019"/>
  <testcase name="testRollbackOccurs" classname="org.springframework.orm.jpa.ApplicationManagedEntityManagerIntegrationTests" time="0.001"/>
  <testcase name="testReuseInNewTransaction" classname="org.springframework.orm.jpa.ApplicationManagedEntityManagerIntegrationTests" time="0.005"/>
  <testcase name="testInstantiateAndSave" classname="org.springframework.orm.jpa.ApplicationManagedEntityManagerIntegrationTests" time="0.002"/>
  <system-out><![CDATA[[EL Info]: 2020-12-17 01:35:43.872--ServerSession(14035433)--EclipseLink, version: Eclipse Persistence Services - 2.7.4.v20190115-ad5b7c6b2a
[EL Warning]: metadata: 2020-12-17 01:35:44.141--ServerSession(14035433)--Reverting the lazy setting on the OneToOne or ManyToOne attribute [driversLicense] for the entity class [class org.springframework.orm.jpa.domain.Person] since weaving was not enabled or did not occur.
[EL Info]: connection: 2020-12-17 01:35:44.167--ServerSession(14035433)--/file:/D:/Spring/spring-framework/spring-orm/build/classes/java/test/_Person login successful
[EL Fine]: sql: 2020-12-17 01:35:44.193--ServerSession(14035433)--Connection(7653282)--CREATE TABLE PERSON (ID INTEGER NOT NULL, FIRST_NAME VARCHAR(255), LAST_NAME VARCHAR(255), DRIVERS_LICENSE_ID INTEGER, PRIMARY KEY (ID))
[EL Fine]: sql: 2020-12-17 01:35:44.194--ServerSession(14035433)--Connection(21753466)--CREATE TABLE DRIVERS_LICENSE (ID INTEGER NOT NULL, SERIAL_NUMBER VARCHAR(255), PRIMARY KEY (ID))
[EL Fine]: sql: 2020-12-17 01:35:44.194--ServerSession(14035433)--Connection(18619965)--ALTER TABLE PERSON ADD CONSTRAINT FK_PERSON_DRIVERS_LICENSE_ID FOREIGN KEY (DRIVERS_LICENSE_ID) REFERENCES DRIVERS_LICENSE (ID)
[EL Fine]: sql: 2020-12-17 01:35:44.195--ServerSession(14035433)--Connection(13983924)--CREATE TABLE SEQUENCE (SEQ_NAME VARCHAR(50) NOT NULL, SEQ_COUNT NUMERIC(38), PRIMARY KEY (SEQ_NAME))
[EL Fine]: sql: 2020-12-17 01:35:44.195--ServerSession(14035433)--Connection(14941822)--SELECT * FROM SEQUENCE WHERE SEQ_NAME = 'SEQ_GEN'
[EL Fine]: sql: 2020-12-17 01:35:44.197--ServerSession(14035433)--Connection(30301523)--INSERT INTO SEQUENCE(SEQ_NAME, SEQ_COUNT) values ('SEQ_GEN', 0)
[EL Fine]: sql: 2020-12-17 01:35:44.376--ClientSession(25306835)--Connection(268956)--UPDATE SEQUENCE SET SEQ_COUNT = SEQ_COUNT + ? WHERE SEQ_NAME = ?
	bind => [50, SEQ_GEN]
[EL Fine]: sql: 2020-12-17 01:35:44.378--ClientSession(25306835)--Connection(268956)--SELECT SEQ_COUNT FROM SEQUENCE WHERE SEQ_NAME = ?
	bind => [SEQ_GEN]
[EL Fine]: sql: 2020-12-17 01:35:44.385--ClientSession(25306835)--Connection(20293713)--INSERT INTO PERSON (ID, FIRST_NAME, LAST_NAME, DRIVERS_LICENSE_ID) VALUES (?, ?, ?, ?)
	bind => [1, Tony, Blair, null]
[EL Fine]: sql: 2020-12-17 01:35:44.39--ClientSession(25306835)--Connection(20293713)--SELECT COUNT(0) FROM person
[EL Fine]: sql: 2020-12-17 01:35:44.396--ServerSession(14035433)--Connection(14320487)--SELECT COUNT(0) FROM person
[EL Fine]: sql: 2020-12-17 01:35:44.669--ServerSession(14035433)--Connection(16484077)--SELECT ID, FIRST_NAME, LAST_NAME, DRIVERS_LICENSE_ID FROM PERSON
[EL Fine]: sql: 2020-12-17 01:35:44.695--ClientSession(8056768)--Connection(25868708)--DELETE FROM PERSON
[EL Fine]: sql: 2020-12-17 01:35:44.696--ClientSession(32331369)--Connection(24744124)--INSERT INTO PERSON (ID, FIRST_NAME, LAST_NAME, DRIVERS_LICENSE_ID) VALUES (?, ?, ?, ?)
	bind => [3, Tony, Blair, null]
[EL Fine]: sql: 2020-12-17 01:35:44.696--ClientSession(32331369)--Connection(24744124)--SELECT COUNT(0) FROM person
[EL Fine]: sql: 2020-12-17 01:35:44.697--ServerSession(14035433)--Connection(21893970)--SELECT COUNT(0) FROM person
[EL Fine]: sql: 2020-12-17 01:35:44.698--ClientSession(21008533)--Connection(8469696)--INSERT INTO PERSON (ID, FIRST_NAME, LAST_NAME, DRIVERS_LICENSE_ID) VALUES (?, ?, ?, ?)
	bind => [4, Tony, Blair, null]
[EL Fine]: sql: 2020-12-17 01:35:44.698--ClientSession(21008533)--Connection(8469696)--SELECT COUNT(0) FROM person
[EL Fine]: sql: 2020-12-17 01:35:44.699--ClientSession(15248392)--Connection(16145671)--INSERT INTO PERSON (ID, FIRST_NAME, LAST_NAME, DRIVERS_LICENSE_ID) VALUES (?, ?, ?, ?)
	bind => [5, Tony, Blair, null]
[EL Fine]: sql: 2020-12-17 01:35:44.699--ClientSession(15248392)--Connection(16145671)--SELECT COUNT(0) FROM person
[EL Fine]: sql: 2020-12-17 01:35:44.7--ServerSession(14035433)--Connection(5895118)--SELECT COUNT(0) FROM person
[EL Fine]: sql: 2020-12-17 01:35:44.7--ClientSession(15248392)--Connection(25289304)--DELETE FROM PERSON
[EL Fine]: sql: 2020-12-17 01:35:44.701--ClientSession(15248392)--Connection(25289304)--SELECT COUNT(0) FROM person
[EL Fine]: sql: 2020-12-17 01:35:44.703--ClientSession(6301137)--Connection(2161640)--INSERT INTO PERSON (ID, FIRST_NAME, LAST_NAME, DRIVERS_LICENSE_ID) VALUES (?, ?, ?, ?)
	bind => [6, Tony, Blair, null]
[EL Fine]: sql: 2020-12-17 01:35:44.703--ClientSession(6301137)--Connection(2161640)--SELECT COUNT(0) FROM person
[EL Info]: connection: 2020-12-17 01:35:44.704--ServerSession(14035433)--/file:/D:/Spring/spring-framework/spring-orm/build/classes/java/test/_Person logout successful
]]></system-out>
  <system-err><![CDATA[]]></system-err>
</testsuite>
