<?xml version="1.0" encoding="UTF-8"?>
<testsuite name="org.springframework.orm.jpa.support.PersistenceInjectionIntegrationTests" tests="2" skipped="0" failures="0" errors="0" timestamp="2020-12-16T17:35:47" hostname="DESKTOP-EMRC5FU" time="0.064">
  <properties/>
  <testcase name="testDefaultPersistenceContextSetterInjection" classname="org.springframework.orm.jpa.support.PersistenceInjectionIntegrationTests" time="0.056"/>
  <testcase name="testSetterInjectionOfNamedPersistenceContext" classname="org.springframework.orm.jpa.support.PersistenceInjectionIntegrationTests" time="0.008"/>
  <system-out><![CDATA[[EL Info]: 2020-12-17 01:35:47.906--ServerSession(8191660)--EclipseLink, version: Eclipse Persistence Services - 2.7.4.v20190115-ad5b7c6b2a
[EL Warning]: metadata: 2020-12-17 01:35:47.907--ServerSession(8191660)--Reverting the lazy setting on the OneToOne or ManyToOne attribute [driversLicense] for the entity class [class org.springframework.orm.jpa.domain.Person] since weaving was not enabled or did not occur.
[EL Info]: connection: 2020-12-17 01:35:47.907--ServerSession(8191660)--/file:/D:/Spring/spring-framework/spring-orm/build/classes/java/test/_Person login successful
[EL Fine]: sql: 2020-12-17 01:35:47.908--ServerSession(8191660)--Connection(169570)--SELECT * FROM SEQUENCE WHERE SEQ_NAME = 'SEQ_GEN'
[EL Info]: connection: 2020-12-17 01:35:47.933--ServerSession(8191660)--/file:/D:/Spring/spring-framework/spring-orm/build/classes/java/test/_Person logout successful
]]></system-out>
  <system-err><![CDATA[]]></system-err>
</testsuite>
