<?xml version="1.0" encoding="UTF-8"?>
<testsuite name="org.springframework.orm.jpa.EntityManagerFactoryBeanSupportTests" tests="1" skipped="0" failures="0" errors="0" timestamp="2020-12-16T17:35:45" hostname="DESKTOP-EMRC5FU" time="0.019">
  <properties/>
  <testcase name="testHookIsCalled" classname="org.springframework.orm.jpa.EntityManagerFactoryBeanSupportTests" time="0.019"/>
  <system-out><![CDATA[]]></system-out>
  <system-err><![CDATA[]]></system-err>
</testsuite>
