<?xml version="1.0" encoding="UTF-8"?>
<testsuite name="org.springframework.beans.factory.xml.UtilNamespaceHandlerTests" tests="29" skipped="0" failures="0" errors="0" timestamp="2020-12-16T17:33:08" hostname="DESKTOP-EMRC5FU" time="0.201">
  <properties/>
  <testcase name="testSimpleList" classname="org.springframework.beans.factory.xml.UtilNamespaceHandlerTests" time="0.014"/>
  <testcase name="testScopedProperties" classname="org.springframework.beans.factory.xml.UtilNamespaceHandlerTests" time="0.01"/>
  <testcase name="testCircularCollectionBeansStartingWithMap" classname="org.springframework.beans.factory.xml.UtilNamespaceHandlerTests" time="0.012"/>
  <testcase name="testCircularCollectionBeansStartingWithSet" classname="org.springframework.beans.factory.xml.UtilNamespaceHandlerTests" time="0.006"/>
  <testcase name="testScopedMap" classname="org.springframework.beans.factory.xml.UtilNamespaceHandlerTests" time="0.006"/>
  <testcase name="testScopedSet" classname="org.springframework.beans.factory.xml.UtilNamespaceHandlerTests" time="0.007"/>
  <testcase name="testSimpleMap" classname="org.springframework.beans.factory.xml.UtilNamespaceHandlerTests" time="0.005"/>
  <testcase name="testSimpleSet" classname="org.springframework.beans.factory.xml.UtilNamespaceHandlerTests" time="0.005"/>
  <testcase name="testConstantWithDefaultName" classname="org.springframework.beans.factory.xml.UtilNamespaceHandlerTests" time="0.005"/>
  <testcase name="testLocalOverrideFalse" classname="org.springframework.beans.factory.xml.UtilNamespaceHandlerTests" time="0.006"/>
  <testcase name="testLoadProperties" classname="org.springframework.beans.factory.xml.UtilNamespaceHandlerTests" time="0.005"/>
  <testcase name="testNestedCollections" classname="org.springframework.beans.factory.xml.UtilNamespaceHandlerTests" time="0.007"/>
  <testcase name="testScopedList" classname="org.springframework.beans.factory.xml.UtilNamespaceHandlerTests" time="0.005"/>
  <testcase name="testNestedInCollections" classname="org.springframework.beans.factory.xml.UtilNamespaceHandlerTests" time="0.01"/>
  <testcase name="testLocalOverrideDefault" classname="org.springframework.beans.factory.xml.UtilNamespaceHandlerTests" time="0.005"/>
  <testcase name="testCircularCollections" classname="org.springframework.beans.factory.xml.UtilNamespaceHandlerTests" time="0.006"/>
  <testcase name="testNestedInConstructor" classname="org.springframework.beans.factory.xml.UtilNamespaceHandlerTests" time="0.007"/>
  <testcase name="testLocalProperties" classname="org.springframework.beans.factory.xml.UtilNamespaceHandlerTests" time="0.005"/>
  <testcase name="testCircularCollectionBeansStartingWithList" classname="org.springframework.beans.factory.xml.UtilNamespaceHandlerTests" time="0.008"/>
  <testcase name="testConstant" classname="org.springframework.beans.factory.xml.UtilNamespaceHandlerTests" time="0.005"/>
  <testcase name="testPropertyPath" classname="org.springframework.beans.factory.xml.UtilNamespaceHandlerTests" time="0.005"/>
  <testcase name="testNestedPropertyPath" classname="org.springframework.beans.factory.xml.UtilNamespaceHandlerTests" time="0.005"/>
  <testcase name="testNestedShortcutCollections" classname="org.springframework.beans.factory.xml.UtilNamespaceHandlerTests" time="0.007"/>
  <testcase name="testNestedProperties" classname="org.springframework.beans.factory.xml.UtilNamespaceHandlerTests" time="0.005"/>
  <testcase name="testMapWithRef" classname="org.springframework.beans.factory.xml.UtilNamespaceHandlerTests" time="0.006"/>
  <testcase name="testMergedProperties" classname="org.springframework.beans.factory.xml.UtilNamespaceHandlerTests" time="0.005"/>
  <testcase name="testEvents" classname="org.springframework.beans.factory.xml.UtilNamespaceHandlerTests" time="0.005"/>
  <testcase name="testLocalOverrideTrue" classname="org.springframework.beans.factory.xml.UtilNamespaceHandlerTests" time="0.008"/>
  <testcase name="testMapWithTypes" classname="org.springframework.beans.factory.xml.UtilNamespaceHandlerTests" time="0.016"/>
  <system-out><![CDATA[]]></system-out>
  <system-err><![CDATA[]]></system-err>
</testsuite>
