<?xml version="1.0" encoding="UTF-8"?>
<testsuite name="org.springframework.beans.factory.BeanFactoryUtilsTests" tests="16" skipped="0" failures="0" errors="0" timestamp="2020-12-16T17:33:07" hostname="DESKTOP-EMRC5FU" time="0.225">
  <properties/>
  <testcase name="testHierarchicalResolutionWithOverride" classname="org.springframework.beans.factory.BeanFactoryUtilsTests" time="0.03"/>
  <testcase name="testHierarchicalCountBeansWithNonHierarchicalFactory" classname="org.springframework.beans.factory.BeanFactoryUtilsTests" time="0.019"/>
  <testcase name="testGetBeanNamesForTypeWithOverride" classname="org.springframework.beans.factory.BeanFactoryUtilsTests" time="0.016"/>
  <testcase name="testGetBeanNamesForAnnotationWithOverride" classname="org.springframework.beans.factory.BeanFactoryUtilsTests" time="0.017"/>
  <testcase name="testCDependencies" classname="org.springframework.beans.factory.BeanFactoryUtilsTests" time="0.014"/>
  <testcase name="testBDependencies" classname="org.springframework.beans.factory.BeanFactoryUtilsTests" time="0.012"/>
  <testcase name="testADependencies" classname="org.springframework.beans.factory.BeanFactoryUtilsTests" time="0.013"/>
  <testcase name="testHierarchicalNamesForAnnotationWithMatchOnlyInRoot" classname="org.springframework.beans.factory.BeanFactoryUtilsTests" time="0.012"/>
  <testcase name="testHierarchicalCountBeansWithOverride" classname="org.springframework.beans.factory.BeanFactoryUtilsTests" time="0.013"/>
  <testcase name="testFindsBeansOfTypeWithDefaultFactory" classname="org.springframework.beans.factory.BeanFactoryUtilsTests" time="0.011"/>
  <testcase name="testHierarchicalNamesWithNoMatch" classname="org.springframework.beans.factory.BeanFactoryUtilsTests" time="0.011"/>
  <testcase name="testIntDependencies" classname="org.springframework.beans.factory.BeanFactoryUtilsTests" time="0.01"/>
  <testcase name="testNoBeansOfType" classname="org.springframework.beans.factory.BeanFactoryUtilsTests" time="0.01"/>
  <testcase name="testFindsBeansOfTypeWithStaticFactory" classname="org.springframework.beans.factory.BeanFactoryUtilsTests" time="0.012"/>
  <testcase name="testHierarchicalNamesWithMatchOnlyInRoot" classname="org.springframework.beans.factory.BeanFactoryUtilsTests" time="0.01"/>
  <testcase name="testHierarchicalNamesForAnnotationWithNoMatch" classname="org.springframework.beans.factory.BeanFactoryUtilsTests" time="0.012"/>
  <system-out><![CDATA[]]></system-out>
  <system-err><![CDATA[]]></system-err>
</testsuite>
