<?xml version="1.0" encoding="UTF-8"?>
<testsuite name="org.springframework.beans.factory.xml.DuplicateBeanIdTests" tests="2" skipped="0" failures="0" errors="0" timestamp="2020-12-16T17:33:08" hostname="DESKTOP-EMRC5FU" time="0.009">
  <properties/>
  <testcase name="duplicateBeanIdsAcrossNestingLevels" classname="org.springframework.beans.factory.xml.DuplicateBeanIdTests" time="0.004"/>
  <testcase name="duplicateBeanIdsWithinSameNestingLevelRaisesError" classname="org.springframework.beans.factory.xml.DuplicateBeanIdTests" time="0.005"/>
  <system-out><![CDATA[]]></system-out>
  <system-err><![CDATA[]]></system-err>
</testsuite>
