<?xml version="1.0" encoding="UTF-8"?>
<testsuite name="org.springframework.beans.ConcurrentBeanWrapperTests" tests="2" skipped="0" failures="0" errors="0" timestamp="2020-12-16T17:33:06" hostname="DESKTOP-EMRC5FU" time="0.135">
  <properties/>
  <testcase name="testSingleThread" classname="org.springframework.beans.ConcurrentBeanWrapperTests" time="0.046"/>
  <testcase name="testConcurrent" classname="org.springframework.beans.ConcurrentBeanWrapperTests" time="0.089"/>
  <system-out><![CDATA[]]></system-out>
  <system-err><![CDATA[]]></system-err>
</testsuite>
