<?xml version="1.0" encoding="UTF-8"?>
<testsuite name="org.springframework.beans.PropertyAccessorUtilsTests" tests="7" skipped="0" failures="0" errors="0" timestamp="2020-12-16T17:33:09" hostname="DESKTOP-EMRC5FU" time="0.001">
  <properties/>
  <testcase name="canonicalPropertyNames" classname="org.springframework.beans.PropertyAccessorUtilsTests" time="0.0"/>
  <testcase name="isNestedOrIndexedProperty" classname="org.springframework.beans.PropertyAccessorUtilsTests" time="0.0"/>
  <testcase name="getFirstNestedPropertySeparatorIndex" classname="org.springframework.beans.PropertyAccessorUtilsTests" time="0.0"/>
  <testcase name="getLastNestedPropertySeparatorIndex" classname="org.springframework.beans.PropertyAccessorUtilsTests" time="0.0"/>
  <testcase name="matchesProperty" classname="org.springframework.beans.PropertyAccessorUtilsTests" time="0.0"/>
  <testcase name="getPropertyName" classname="org.springframework.beans.PropertyAccessorUtilsTests" time="0.0"/>
  <testcase name="canonicalPropertyName" classname="org.springframework.beans.PropertyAccessorUtilsTests" time="0.0"/>
  <system-out><![CDATA[]]></system-out>
  <system-err><![CDATA[]]></system-err>
</testsuite>
