<?xml version="1.0" encoding="UTF-8"?>
<testsuite name="org.springframework.beans.factory.config.ObjectFactoryCreatingFactoryBeanTests" tests="9" skipped="0" failures="0" errors="0" timestamp="2020-12-16T17:33:07" hostname="DESKTOP-EMRC5FU" time="0.038">
  <properties/>
  <testcase name="testWhenTargetBeanNameIsEmptyString" classname="org.springframework.beans.factory.config.ObjectFactoryCreatingFactoryBeanTests" time="0.002"/>
  <testcase name="testWhenTargetBeanNameIsNull" classname="org.springframework.beans.factory.config.ObjectFactoryCreatingFactoryBeanTests" time="0.002"/>
  <testcase name="testFactoryOperation" classname="org.springframework.beans.factory.config.ObjectFactoryCreatingFactoryBeanTests" time="0.007"/>
  <testcase name="testProviderSerialization" classname="org.springframework.beans.factory.config.ObjectFactoryCreatingFactoryBeanTests" time="0.004"/>
  <testcase name="testDoesNotComplainWhenTargetBeanNameRefersToSingleton" classname="org.springframework.beans.factory.config.ObjectFactoryCreatingFactoryBeanTests" time="0.016"/>
  <testcase name="testWhenTargetBeanNameIsWhitespacedString" classname="org.springframework.beans.factory.config.ObjectFactoryCreatingFactoryBeanTests" time="0.002"/>
  <testcase name="testFactorySerialization" classname="org.springframework.beans.factory.config.ObjectFactoryCreatingFactoryBeanTests" time="0.002"/>
  <testcase name="testEnsureOFBFBReportsThatItActuallyCreatesObjectFactoryInstances" classname="org.springframework.beans.factory.config.ObjectFactoryCreatingFactoryBeanTests" time="0.001"/>
  <testcase name="testProviderOperation" classname="org.springframework.beans.factory.config.ObjectFactoryCreatingFactoryBeanTests" time="0.002"/>
  <system-out><![CDATA[]]></system-out>
  <system-err><![CDATA[]]></system-err>
</testsuite>
