<?xml version="1.0" encoding="UTF-8"?>
<testsuite name="org.springframework.beans.factory.xml.NestedBeansElementAttributeRecursionTests" tests="7" skipped="0" failures="0" errors="0" timestamp="2020-12-16T17:33:08" hostname="DESKTOP-EMRC5FU" time="0.019">
  <properties/>
  <testcase name="defaultMerge" classname="org.springframework.beans.factory.xml.NestedBeansElementAttributeRecursionTests" time="0.004"/>
  <testcase name="defaultAutowireCandidatesWithNonValidatingParser" classname="org.springframework.beans.factory.xml.NestedBeansElementAttributeRecursionTests" time="0.002"/>
  <testcase name="initMethod" classname="org.springframework.beans.factory.xml.NestedBeansElementAttributeRecursionTests" time="0.004"/>
  <testcase name="defaultMergeWithNonValidatingParser" classname="org.springframework.beans.factory.xml.NestedBeansElementAttributeRecursionTests" time="0.001"/>
  <testcase name="defaultLazyInit" classname="org.springframework.beans.factory.xml.NestedBeansElementAttributeRecursionTests" time="0.004"/>
  <testcase name="defaultAutowireCandidates" classname="org.springframework.beans.factory.xml.NestedBeansElementAttributeRecursionTests" time="0.003"/>
  <testcase name="defaultLazyInitWithNonValidatingParser" classname="org.springframework.beans.factory.xml.NestedBeansElementAttributeRecursionTests" time="0.001"/>
  <system-out><![CDATA[]]></system-out>
  <system-err><![CDATA[]]></system-err>
</testsuite>
