<?xml version="1.0" encoding="UTF-8"?>
<testsuite name="org.springframework.beans.factory.config.MethodInvokingFactoryBeanTests" tests="7" skipped="0" failures="0" errors="0" timestamp="2020-12-16T17:33:07" hostname="DESKTOP-EMRC5FU" time="0.004">
  <properties/>
  <testcase name="testGetObjectType" classname="org.springframework.beans.factory.config.MethodInvokingFactoryBeanTests" time="0.002"/>
  <testcase name="testParameterValidation" classname="org.springframework.beans.factory.config.MethodInvokingFactoryBeanTests" time="0.001"/>
  <testcase name="testArgumentConversion" classname="org.springframework.beans.factory.config.MethodInvokingFactoryBeanTests" time="0.0"/>
  <testcase name="testInvokeWithNullArgument" classname="org.springframework.beans.factory.config.MethodInvokingFactoryBeanTests" time="0.0"/>
  <testcase name="testInvokeWithIntArgument" classname="org.springframework.beans.factory.config.MethodInvokingFactoryBeanTests" time="0.0"/>
  <testcase name="testInvokeWithIntArguments" classname="org.springframework.beans.factory.config.MethodInvokingFactoryBeanTests" time="0.001"/>
  <testcase name="testGetObject" classname="org.springframework.beans.factory.config.MethodInvokingFactoryBeanTests" time="0.0"/>
  <system-out><![CDATA[]]></system-out>
  <system-err><![CDATA[]]></system-err>
</testsuite>
