<?xml version="1.0" encoding="UTF-8"?>
<testsuite name="org.springframework.beans.factory.xml.SimplePropertyNamespaceHandlerTests" tests="4" skipped="0" failures="0" errors="0" timestamp="2020-12-16T17:33:08" hostname="DESKTOP-EMRC5FU" time="0.018">
  <properties/>
  <testcase name="simpleBeanConfigured" classname="org.springframework.beans.factory.xml.SimplePropertyNamespaceHandlerTests" time="0.006"/>
  <testcase name="propertyWithNameEndingInRef" classname="org.springframework.beans.factory.xml.SimplePropertyNamespaceHandlerTests" time="0.004"/>
  <testcase name="withPropertyDefinedTwice" classname="org.springframework.beans.factory.xml.SimplePropertyNamespaceHandlerTests" time="0.004"/>
  <testcase name="innerBeanConfigured" classname="org.springframework.beans.factory.xml.SimplePropertyNamespaceHandlerTests" time="0.004"/>
  <system-out><![CDATA[]]></system-out>
  <system-err><![CDATA[]]></system-err>
</testsuite>
