<?xml version="1.0" encoding="UTF-8"?>
<testsuite name="org.springframework.beans.factory.xml.SchemaValidationTests" tests="3" skipped="0" failures="0" errors="0" timestamp="2020-12-16T17:33:08" hostname="DESKTOP-EMRC5FU" time="0.044">
  <properties/>
  <testcase name="withAutodetection" classname="org.springframework.beans.factory.xml.SchemaValidationTests" time="0.034"/>
  <testcase name="loadDefinitions" classname="org.springframework.beans.factory.xml.SchemaValidationTests" time="0.008"/>
  <testcase name="withExplicitValidationMode" classname="org.springframework.beans.factory.xml.SchemaValidationTests" time="0.002"/>
  <system-out><![CDATA[]]></system-out>
  <system-err><![CDATA[]]></system-err>
</testsuite>
