<?xml version="1.0" encoding="UTF-8"?>
<testsuite name="org.springframework.beans.factory.config.PropertyPathFactoryBeanTests" tests="6" skipped="0" failures="0" errors="0" timestamp="2020-12-16T17:33:07" hostname="DESKTOP-EMRC5FU" time="0.017">
  <properties/>
  <testcase name="testPropertyPathFactoryBeanWithSingletonResult" classname="org.springframework.beans.factory.config.PropertyPathFactoryBeanTests" time="0.005"/>
  <testcase name="testPropertyPathFactoryBeanAsInnerBean" classname="org.springframework.beans.factory.config.PropertyPathFactoryBeanTests" time="0.003"/>
  <testcase name="testPropertyPathFactoryBeanAsInnerNull" classname="org.springframework.beans.factory.config.PropertyPathFactoryBeanTests" time="0.002"/>
  <testcase name="testPropertyPathFactoryBeanWithNullResult" classname="org.springframework.beans.factory.config.PropertyPathFactoryBeanTests" time="0.002"/>
  <testcase name="testPropertyPathFactoryBeanWithPrototypeResult" classname="org.springframework.beans.factory.config.PropertyPathFactoryBeanTests" time="0.002"/>
  <testcase name="testPropertyPathFactoryBeanAsNullReference" classname="org.springframework.beans.factory.config.PropertyPathFactoryBeanTests" time="0.002"/>
  <system-out><![CDATA[]]></system-out>
  <system-err><![CDATA[]]></system-err>
</testsuite>
