<?xml version="1.0" encoding="UTF-8"?>
<testsuite name="org.springframework.beans.factory.xml.EventPublicationTests" tests="4" skipped="0" failures="0" errors="0" timestamp="2020-12-16T17:33:08" hostname="DESKTOP-EMRC5FU" time="0.024">
  <properties/>
  <testcase name="beanEventReceived" classname="org.springframework.beans.factory.xml.EventPublicationTests" time="0.015"/>
  <testcase name="importEventReceived" classname="org.springframework.beans.factory.xml.EventPublicationTests" time="0.003"/>
  <testcase name="aliasEventReceived" classname="org.springframework.beans.factory.xml.EventPublicationTests" time="0.003"/>
  <testcase name="defaultsEventReceived" classname="org.springframework.beans.factory.xml.EventPublicationTests" time="0.003"/>
  <system-out><![CDATA[]]></system-out>
  <system-err><![CDATA[]]></system-err>
</testsuite>
