<?xml version="1.0" encoding="UTF-8"?>
<testsuite name="org.springframework.beans.factory.wiring.ClassNameBeanWiringInfoResolverTests" tests="2" skipped="0" failures="0" errors="0" timestamp="2020-12-16T17:33:08" hostname="DESKTOP-EMRC5FU" time="0.0">
  <properties/>
  <testcase name="resolveWiringInfo" classname="org.springframework.beans.factory.wiring.ClassNameBeanWiringInfoResolverTests" time="0.0"/>
  <testcase name="resolveWiringInfoWithNullBeanInstance" classname="org.springframework.beans.factory.wiring.ClassNameBeanWiringInfoResolverTests" time="0.0"/>
  <system-out><![CDATA[]]></system-out>
  <system-err><![CDATA[]]></system-err>
</testsuite>
