<?xml version="1.0" encoding="UTF-8"?>
<testsuite name="org.springframework.beans.KotlinBeanUtilsTests" tests="6" skipped="0" failures="0" errors="0" timestamp="2020-12-16T17:33:17" hostname="DESKTOP-EMRC5FU" time="0.006">
  <properties/>
  <testcase name="Instantiate immutable class with optional parameter and all parameters specified" classname="org.springframework.beans.KotlinBeanUtilsTests" time="0.003"/>
  <testcase name="Instantiate immutable class with optional parameter and only mandatory parameters specified by position" classname="org.springframework.beans.KotlinBeanUtilsTests" time="0.0"/>
  <testcase name="Instantiate immutable class with optional parameter specified with null value" classname="org.springframework.beans.KotlinBeanUtilsTests" time="0.0"/>
  <testcase name="Instantiate mutable class with declared constructor and default values for all parameters" classname="org.springframework.beans.KotlinBeanUtilsTests" time="0.001"/>
  <testcase name="Instantiate immutable class" classname="org.springframework.beans.KotlinBeanUtilsTests" time="0.001"/>
  <testcase name="Instantiate immutable class with nullable parameter" classname="org.springframework.beans.KotlinBeanUtilsTests" time="0.001"/>
  <system-out><![CDATA[]]></system-out>
  <system-err><![CDATA[]]></system-err>
</testsuite>
