<?xml version="1.0" encoding="UTF-8"?>
<testsuite name="org.springframework.beans.CachedIntrospectionResultsTests" tests="3" skipped="0" failures="0" errors="0" timestamp="2020-12-16T17:33:06" hostname="DESKTOP-EMRC5FU" time="0.02">
  <properties/>
  <testcase name="acceptAndClearClassLoader" classname="org.springframework.beans.CachedIntrospectionResultsTests" time="0.014"/>
  <testcase name="clearClassLoaderForSystemClassLoader" classname="org.springframework.beans.CachedIntrospectionResultsTests" time="0.005"/>
  <testcase name="shouldUseExtendedBeanInfoWhenApplicable" classname="org.springframework.beans.CachedIntrospectionResultsTests" time="0.001"/>
  <system-out><![CDATA[]]></system-out>
  <system-err><![CDATA[]]></system-err>
</testsuite>
