<?xml version="1.0" encoding="UTF-8"?>
<testsuite name="org.springframework.beans.factory.ListableBeanFactoryExtensionsTests" tests="9" skipped="0" failures="0" errors="0" timestamp="2020-12-16T17:33:16" hostname="DESKTOP-EMRC5FU" time="0.2">
  <properties/>
  <testcase name="findAnnotationOnBean with String and reified type parameters" classname="org.springframework.beans.factory.ListableBeanFactoryExtensionsTests" time="0.101"/>
  <testcase name="getBeansOfType with reified type parameters and Boolean" classname="org.springframework.beans.factory.ListableBeanFactoryExtensionsTests" time="0.057"/>
  <testcase name="getBeansOfType with reified type parameters" classname="org.springframework.beans.factory.ListableBeanFactoryExtensionsTests" time="0.01"/>
  <testcase name="getBeansOfType with reified type parameters, Boolean and Boolean" classname="org.springframework.beans.factory.ListableBeanFactoryExtensionsTests" time="0.008"/>
  <testcase name="getBeansWithAnnotation with reified type parameters" classname="org.springframework.beans.factory.ListableBeanFactoryExtensionsTests" time="0.003"/>
  <testcase name="getBeanNamesForAnnotation with reified type parameters" classname="org.springframework.beans.factory.ListableBeanFactoryExtensionsTests" time="0.003"/>
  <testcase name="getBeanNamesForType with reified type parameters" classname="org.springframework.beans.factory.ListableBeanFactoryExtensionsTests" time="0.006"/>
  <testcase name="getBeanNamesForType with reified type parameters, Boolean and Boolean" classname="org.springframework.beans.factory.ListableBeanFactoryExtensionsTests" time="0.006"/>
  <testcase name="getBeanNamesForType with reified type parameters and Boolean" classname="org.springframework.beans.factory.ListableBeanFactoryExtensionsTests" time="0.006"/>
  <system-out><![CDATA[]]></system-out>
  <system-err><![CDATA[]]></system-err>
</testsuite>
