<?xml version="1.0" encoding="UTF-8"?>
<testsuite name="org.springframework.beans.propertyeditors.URIEditorTests" tests="12" skipped="0" failures="0" errors="0" timestamp="2020-12-16T17:33:09" hostname="DESKTOP-EMRC5FU" time="0.006">
  <properties/>
  <testcase name="classpathURLAsIs" classname="org.springframework.beans.propertyeditors.URIEditorTests" time="0.0"/>
  <testcase name="standardURLWithFragment" classname="org.springframework.beans.propertyeditors.URIEditorTests" time="0.0"/>
  <testcase name="standardURI" classname="org.springframework.beans.propertyeditors.URIEditorTests" time="0.0"/>
  <testcase name="standardURL" classname="org.springframework.beans.propertyeditors.URIEditorTests" time="0.0"/>
  <testcase name="classpathURLWithWhitespace" classname="org.springframework.beans.propertyeditors.URIEditorTests" time="0.001"/>
  <testcase name="getAsTextReturnsEmptyStringIfValueNotSet" classname="org.springframework.beans.propertyeditors.URIEditorTests" time="0.0"/>
  <testcase name="withNonExistentResource" classname="org.springframework.beans.propertyeditors.URIEditorTests" time="0.0"/>
  <testcase name="encodeAlreadyEncodedURI" classname="org.springframework.beans.propertyeditors.URIEditorTests" time="0.0"/>
  <testcase name="setAsTextWithNull" classname="org.springframework.beans.propertyeditors.URIEditorTests" time="0.0"/>
  <testcase name="standardURLWithWhitespace" classname="org.springframework.beans.propertyeditors.URIEditorTests" time="0.0"/>
  <testcase name="encodeURI" classname="org.springframework.beans.propertyeditors.URIEditorTests" time="0.004"/>
  <testcase name="classpathURL" classname="org.springframework.beans.propertyeditors.URIEditorTests" time="0.001"/>
  <system-out><![CDATA[]]></system-out>
  <system-err><![CDATA[]]></system-err>
</testsuite>
