<?xml version="1.0" encoding="UTF-8"?>
<testsuite name="org.springframework.beans.factory.support.PropertiesBeanDefinitionReaderTests" tests="3" skipped="0" failures="0" errors="0" timestamp="2020-12-16T17:33:07" hostname="DESKTOP-EMRC5FU" time="0.001">
  <properties/>
  <testcase name="withMultipleConstructorsArgs" classname="org.springframework.beans.factory.support.PropertiesBeanDefinitionReaderTests" time="0.0"/>
  <testcase name="withSimpleConstructorArg" classname="org.springframework.beans.factory.support.PropertiesBeanDefinitionReaderTests" time="0.001"/>
  <testcase name="withConstructorArgRef" classname="org.springframework.beans.factory.support.PropertiesBeanDefinitionReaderTests" time="0.0"/>
  <system-out><![CDATA[]]></system-out>
  <system-err><![CDATA[]]></system-err>
</testsuite>
