<?xml version="1.0" encoding="UTF-8"?>
<testsuite name="org.springframework.beans.propertyeditors.ResourceBundleEditorTests" tests="9" skipped="0" failures="0" errors="0" timestamp="2020-12-16T17:33:09" hostname="DESKTOP-EMRC5FU" time="0.095">
  <properties/>
  <testcase name="testSetAsTextWithNull" classname="org.springframework.beans.propertyeditors.ResourceBundleEditorTests" time="0.0"/>
  <testcase name="testSetAsTextWithEmptyString" classname="org.springframework.beans.propertyeditors.ResourceBundleEditorTests" time="0.0"/>
  <testcase name="testSetAsTextWithTheKitchenSink" classname="org.springframework.beans.propertyeditors.ResourceBundleEditorTests" time="0.031"/>
  <testcase name="testSetAsTextWithBaseNameAndLanguageCode" classname="org.springframework.beans.propertyeditors.ResourceBundleEditorTests" time="0.012"/>
  <testcase name="testSetAsTextWithWhiteSpaceString" classname="org.springframework.beans.propertyeditors.ResourceBundleEditorTests" time="0.001"/>
  <testcase name="testSetAsTextWithBaseNameLanguageAndCountryCode" classname="org.springframework.beans.propertyeditors.ResourceBundleEditorTests" time="0.019"/>
  <testcase name="testSetAsTextWithBaseNameThatEndsInDefaultSeparator" classname="org.springframework.beans.propertyeditors.ResourceBundleEditorTests" time="0.031"/>
  <testcase name="testSetAsTextWithJustBaseName" classname="org.springframework.beans.propertyeditors.ResourceBundleEditorTests" time="0.0"/>
  <testcase name="testSetAsTextWithJustSeparatorString" classname="org.springframework.beans.propertyeditors.ResourceBundleEditorTests" time="0.0"/>
  <system-out><![CDATA[]]></system-out>
  <system-err><![CDATA[]]></system-err>
</testsuite>
