<?xml version="1.0" encoding="UTF-8"?>
<testsuite name="org.springframework.mail.javamail.ConfigurableMimeFileTypeMapTests" tests="4" skipped="0" failures="0" errors="0" timestamp="2020-12-16T17:34:21" hostname="DESKTOP-EMRC5FU" time="0.007">
  <properties/>
  <testcase name="withCustomMappingLocation" classname="org.springframework.mail.javamail.ConfigurableMimeFileTypeMapTests" time="0.003"/>
  <testcase name="withAdditionalMappings" classname="org.springframework.mail.javamail.ConfigurableMimeFileTypeMapTests" time="0.002"/>
  <testcase name="againstDefaultConfigurationWithFilePath" classname="org.springframework.mail.javamail.ConfigurableMimeFileTypeMapTests" time="0.001"/>
  <testcase name="againstDefaultConfiguration" classname="org.springframework.mail.javamail.ConfigurableMimeFileTypeMapTests" time="0.001"/>
  <system-out><![CDATA[]]></system-out>
  <system-err><![CDATA[]]></system-err>
</testsuite>
