<?xml version="1.0" encoding="UTF-8"?>
<testsuite name="org.springframework.cache.ehcache.EhCacheCacheManagerTests" tests="5" skipped="0" failures="0" errors="0" timestamp="2020-12-16T17:34:14" hostname="DESKTOP-EMRC5FU" time="0.714">
  <properties/>
  <testcase name="getTransactionalOnExistingCache" classname="org.springframework.cache.ehcache.EhCacheCacheManagerTests" time="0.689"/>
  <testcase name="getOnExistingCache" classname="org.springframework.cache.ehcache.EhCacheCacheManagerTests" time="0.006"/>
  <testcase name="getOnNewCache" classname="org.springframework.cache.ehcache.EhCacheCacheManagerTests" time="0.009"/>
  <testcase name="getOnUnknownCache" classname="org.springframework.cache.ehcache.EhCacheCacheManagerTests" time="0.004"/>
  <testcase name="getTransactionalOnNewCache" classname="org.springframework.cache.ehcache.EhCacheCacheManagerTests" time="0.006"/>
  <system-out><![CDATA[]]></system-out>
  <system-err><![CDATA[]]></system-err>
</testsuite>
