<?xml version="1.0" encoding="UTF-8"?>
<testsuite name="org.springframework.cache.caffeine.CaffeineCacheManagerTests" tests="8" skipped="0" failures="0" errors="0" timestamp="2020-12-16T17:34:14" hostname="DESKTOP-EMRC5FU" time="0.627">
  <properties/>
  <testcase name="changeCacheLoaderRecreateCache" classname="org.springframework.cache.caffeine.CaffeineCacheManagerTests" time="0.599"/>
  <testcase name="changeCacheSpecificationRecreateCache" classname="org.springframework.cache.caffeine.CaffeineCacheManagerTests" time="0.021"/>
  <testcase name="setCacheNameNullRestoreDynamicMode" classname="org.springframework.cache.caffeine.CaffeineCacheManagerTests" time="0.0"/>
  <testcase name="testDynamicMode" classname="org.springframework.cache.caffeine.CaffeineCacheManagerTests" time="0.001"/>
  <testcase name="testStaticMode" classname="org.springframework.cache.caffeine.CaffeineCacheManagerTests" time="0.0"/>
  <testcase name="changeCaffeineRecreateCache" classname="org.springframework.cache.caffeine.CaffeineCacheManagerTests" time="0.0"/>
  <testcase name="changeCaffeineSpecRecreateCache" classname="org.springframework.cache.caffeine.CaffeineCacheManagerTests" time="0.0"/>
  <testcase name="cacheLoaderUseLoadingCache" classname="org.springframework.cache.caffeine.CaffeineCacheManagerTests" time="0.005"/>
  <system-out><![CDATA[]]></system-out>
  <system-err><![CDATA[]]></system-err>
</testsuite>
