<?xml version="1.0" encoding="UTF-8"?>
<testsuite name="org.springframework.validation.beanvalidation2.ValidatorFactoryTests" tests="12" skipped="0" failures="0" errors="0" timestamp="2020-12-16T17:34:22" hostname="DESKTOP-EMRC5FU" time="0.299">
  <properties/>
  <testcase name="testValidationWithOptionalField" classname="org.springframework.validation.beanvalidation2.ValidatorFactoryTests" time="0.016"/>
  <testcase name="testSpringValidationFieldType" classname="org.springframework.validation.beanvalidation2.ValidatorFactoryTests" time="0.038"/>
  <testcase name="testSpringValidationWithErrorInListElement" classname="org.springframework.validation.beanvalidation2.ValidatorFactoryTests" time="0.031"/>
  <testcase name="testSpringValidationWithClassLevel" classname="org.springframework.validation.beanvalidation2.ValidatorFactoryTests" time="0.029"/>
  <testcase name="testInnerBeanValidation" classname="org.springframework.validation.beanvalidation2.ValidatorFactoryTests" time="0.009"/>
  <testcase name="testSpringValidationWithErrorInSetElement" classname="org.springframework.validation.beanvalidation2.ValidatorFactoryTests" time="0.027"/>
  <testcase name="testSpringValidationWithAutowiredValidator" classname="org.springframework.validation.beanvalidation2.ValidatorFactoryTests" time="0.033"/>
  <testcase name="testSimpleValidation" classname="org.springframework.validation.beanvalidation2.ValidatorFactoryTests" time="0.024"/>
  <testcase name="testListValidation" classname="org.springframework.validation.beanvalidation2.ValidatorFactoryTests" time="0.014"/>
  <testcase name="testSimpleValidationWithClassLevel" classname="org.springframework.validation.beanvalidation2.ValidatorFactoryTests" time="0.023"/>
  <testcase name="testSimpleValidationWithCustomProvider" classname="org.springframework.validation.beanvalidation2.ValidatorFactoryTests" time="0.027"/>
  <testcase name="testSpringValidation" classname="org.springframework.validation.beanvalidation2.ValidatorFactoryTests" time="0.027"/>
  <system-out><![CDATA[]]></system-out>
  <system-err><![CDATA[]]></system-err>
</testsuite>
