<?xml version="1.0" encoding="UTF-8"?>
<testsuite name="org.springframework.cache.jcache.config.JCacheJavaConfigTests" tests="32" skipped="0" failures="0" errors="0" timestamp="2020-12-16T17:34:16" hostname="DESKTOP-EMRC5FU" time="0.602">
  <properties/>
  <testcase name="bothSetOnlyResolverIsUsed" classname="org.springframework.cache.jcache.config.JCacheJavaConfigTests" time="0.051"/>
  <testcase name="emptyConfigSupport" classname="org.springframework.cache.jcache.config.JCacheJavaConfigTests" time="0.052"/>
  <testcase name="fullCachingConfig" classname="org.springframework.cache.jcache.config.JCacheJavaConfigTests" time="0.035"/>
  <testcase name="exceptionCacheResolverLazilyRequired" classname="org.springframework.cache.jcache.config.JCacheJavaConfigTests" time="0.032"/>
  <testcase name="earlyPutWithExceptionVetoPut" classname="org.springframework.cache.jcache.config.JCacheJavaConfigTests" time="0.016"/>
  <testcase name="removeWithException" classname="org.springframework.cache.jcache.config.JCacheJavaConfigTests" time="0.014"/>
  <testcase name="cacheExceptionVetoed" classname="org.springframework.cache.jcache.config.JCacheJavaConfigTests" time="0.015"/>
  <testcase name="cacheWithCustomCacheResolver" classname="org.springframework.cache.jcache.config.JCacheJavaConfigTests" time="0.066"/>
  <testcase name="earlyRemove" classname="org.springframework.cache.jcache.config.JCacheJavaConfigTests" time="0.014"/>
  <testcase name="remove" classname="org.springframework.cache.jcache.config.JCacheJavaConfigTests" time="0.015"/>
  <testcase name="earlyPut" classname="org.springframework.cache.jcache.config.JCacheJavaConfigTests" time="0.013"/>
  <testcase name="putWithException" classname="org.springframework.cache.jcache.config.JCacheJavaConfigTests" time="0.014"/>
  <testcase name="removeWithExceptionVetoRemove" classname="org.springframework.cache.jcache.config.JCacheJavaConfigTests" time="0.013"/>
  <testcase name="cacheWithCustomKeyGenerator" classname="org.springframework.cache.jcache.config.JCacheJavaConfigTests" time="0.015"/>
  <testcase name="cacheNull" classname="org.springframework.cache.jcache.config.JCacheJavaConfigTests" time="0.012"/>
  <testcase name="cacheCheckedException" classname="org.springframework.cache.jcache.config.JCacheJavaConfigTests" time="0.014"/>
  <testcase name="earlyRemoveAll" classname="org.springframework.cache.jcache.config.JCacheJavaConfigTests" time="0.012"/>
  <testcase name="put" classname="org.springframework.cache.jcache.config.JCacheJavaConfigTests" time="0.014"/>
  <testcase name="earlyRemoveAllWithExceptionVetoRemove" classname="org.springframework.cache.jcache.config.JCacheJavaConfigTests" time="0.012"/>
  <testcase name="earlyPutWithException" classname="org.springframework.cache.jcache.config.JCacheJavaConfigTests" time="0.014"/>
  <testcase name="cache" classname="org.springframework.cache.jcache.config.JCacheJavaConfigTests" time="0.012"/>
  <testcase name="earlyRemoveAllWithException" classname="org.springframework.cache.jcache.config.JCacheJavaConfigTests" time="0.013"/>
  <testcase name="earlyRemoveWithException" classname="org.springframework.cache.jcache.config.JCacheJavaConfigTests" time="0.012"/>
  <testcase name="cacheAlwaysInvoke" classname="org.springframework.cache.jcache.config.JCacheJavaConfigTests" time="0.012"/>
  <testcase name="removeAllWithExceptionVetoRemove" classname="org.springframework.cache.jcache.config.JCacheJavaConfigTests" time="0.011"/>
  <testcase name="earlyRemoveWithExceptionVetoRemove" classname="org.springframework.cache.jcache.config.JCacheJavaConfigTests" time="0.013"/>
  <testcase name="removeAll" classname="org.springframework.cache.jcache.config.JCacheJavaConfigTests" time="0.011"/>
  <testcase name="removeAllWithException" classname="org.springframework.cache.jcache.config.JCacheJavaConfigTests" time="0.013"/>
  <testcase name="cacheWithPartialKey" classname="org.springframework.cache.jcache.config.JCacheJavaConfigTests" time="0.012"/>
  <testcase name="putWithExceptionVetoPut" classname="org.springframework.cache.jcache.config.JCacheJavaConfigTests" time="0.013"/>
  <testcase name="cacheException" classname="org.springframework.cache.jcache.config.JCacheJavaConfigTests" time="0.012"/>
  <testcase name="cacheExceptionRewriteCallStack" classname="org.springframework.cache.jcache.config.JCacheJavaConfigTests" time="0.019"/>
  <system-out><![CDATA[]]></system-out>
  <system-err><![CDATA[]]></system-err>
</testsuite>
