<?xml version="1.0" encoding="UTF-8"?>
<testsuite name="org.springframework.cache.ehcache.EhCacheSupportTests" tests="8" skipped="0" failures="0" errors="0" timestamp="2020-12-16T17:34:15" hostname="DESKTOP-EMRC5FU" time="0.136">
  <properties/>
  <testcase name="testEhCacheFactoryBeanWithExplicitCacheManager" classname="org.springframework.cache.ehcache.EhCacheSupportTests" time="0.071"/>
  <testcase name="testEhCacheFactoryBeanWithDefaultCacheManager" classname="org.springframework.cache.ehcache.EhCacheSupportTests" time="0.016"/>
  <testcase name="testBlankCacheManager" classname="org.springframework.cache.ehcache.EhCacheSupportTests" time="0.006"/>
  <testcase name="testEhCacheFactoryBeanWithBlockingCache" classname="org.springframework.cache.ehcache.EhCacheSupportTests" time="0.011"/>
  <testcase name="testAcceptExistingCacheManager" classname="org.springframework.cache.ehcache.EhCacheSupportTests" time="0.008"/>
  <testcase name="testCacheManagerConflict" classname="org.springframework.cache.ehcache.EhCacheSupportTests" time="0.007"/>
  <testcase name="testEhCacheFactoryBeanWithSelfPopulatingCache" classname="org.springframework.cache.ehcache.EhCacheSupportTests" time="0.009"/>
  <testcase name="testEhCacheFactoryBeanWithUpdatingSelfPopulatingCache" classname="org.springframework.cache.ehcache.EhCacheSupportTests" time="0.007"/>
  <system-out><![CDATA[]]></system-out>
  <system-err><![CDATA[]]></system-err>
</testsuite>
