<?xml version="1.0" encoding="UTF-8"?>
<testsuite name="org.springframework.cache.jcache.interceptor.JCacheErrorHandlerTests" tests="6" skipped="0" failures="0" errors="0" timestamp="2020-12-16T17:34:17" hostname="DESKTOP-EMRC5FU" time="0.169">
  <properties/>
  <testcase name="clearFail" classname="org.springframework.cache.jcache.interceptor.JCacheErrorHandlerTests" time="0.068"/>
  <testcase name="getFailPutExceptionFail" classname="org.springframework.cache.jcache.interceptor.JCacheErrorHandlerTests" time="0.021"/>
  <testcase name="evictFail" classname="org.springframework.cache.jcache.interceptor.JCacheErrorHandlerTests" time="0.021"/>
  <testcase name="putFail" classname="org.springframework.cache.jcache.interceptor.JCacheErrorHandlerTests" time="0.021"/>
  <testcase name="getFail" classname="org.springframework.cache.jcache.interceptor.JCacheErrorHandlerTests" time="0.018"/>
  <testcase name="getPutNewElementFail" classname="org.springframework.cache.jcache.interceptor.JCacheErrorHandlerTests" time="0.02"/>
  <system-out><![CDATA[]]></system-out>
  <system-err><![CDATA[]]></system-err>
</testsuite>
