<?xml version="1.0" encoding="UTF-8"?>
<testsuite name="org.springframework.cache.jcache.config.JCacheCustomInterceptorTests" tests="3" skipped="0" failures="0" errors="0" timestamp="2020-12-16T17:34:15" hostname="DESKTOP-EMRC5FU" time="0.594">
  <properties/>
  <testcase name="customInterceptorAppliesWithCheckedException" classname="org.springframework.cache.jcache.config.JCacheCustomInterceptorTests" time="0.549"/>
  <testcase name="customInterceptorAppliesWithRuntimeException" classname="org.springframework.cache.jcache.config.JCacheCustomInterceptorTests" time="0.023"/>
  <testcase name="onlyOneInterceptorIsAvailable" classname="org.springframework.cache.jcache.config.JCacheCustomInterceptorTests" time="0.022"/>
  <system-out><![CDATA[]]></system-out>
  <system-err><![CDATA[]]></system-err>
</testsuite>
