<?xml version="1.0" encoding="UTF-8"?>
<testsuite name="org.springframework.ui.freemarker.FreeMarkerConfigurationFactoryBeanTests" tests="4" skipped="0" failures="0" errors="0" timestamp="2020-12-16T17:34:21" hostname="DESKTOP-EMRC5FU" time="0.188">
  <properties/>
  <testcase name="freeMarkerConfigurationFactoryBeanWithResourceLoaderPath" classname="org.springframework.ui.freemarker.FreeMarkerConfigurationFactoryBeanTests" time="0.093"/>
  <testcase name="freeMarkerConfigurationAsBean" classname="org.springframework.ui.freemarker.FreeMarkerConfigurationFactoryBeanTests" time="0.018"/>
  <testcase name="freeMarkerConfigurationFactoryBeanWithConfigLocation" classname="org.springframework.ui.freemarker.FreeMarkerConfigurationFactoryBeanTests" time="0.002"/>
  <testcase name="freeMarkerConfigurationFactoryBeanWithNonFileResourceLoaderPath" classname="org.springframework.ui.freemarker.FreeMarkerConfigurationFactoryBeanTests" time="0.075"/>
  <system-out><![CDATA[]]></system-out>
  <system-err><![CDATA[]]></system-err>
</testsuite>
