<?xml version="1.0" encoding="UTF-8"?>
<testsuite name="org.springframework.cache.jcache.interceptor.CacheResolverAdapterTests" tests="2" skipped="0" failures="0" errors="0" timestamp="2020-12-16T17:34:17" hostname="DESKTOP-EMRC5FU" time="0.015">
  <properties/>
  <testcase name="resolveSimpleCache" classname="org.springframework.cache.jcache.interceptor.CacheResolverAdapterTests" time="0.013"/>
  <testcase name="resolveUnknownCache" classname="org.springframework.cache.jcache.interceptor.CacheResolverAdapterTests" time="0.002"/>
  <system-out><![CDATA[]]></system-out>
  <system-err><![CDATA[]]></system-err>
</testsuite>
