<?xml version="1.0" encoding="UTF-8"?>
<testsuite name="org.springframework.cache.jcache.JCacheCacheManagerTests" tests="5" skipped="0" failures="0" errors="0" timestamp="2020-12-16T17:34:18" hostname="DESKTOP-EMRC5FU" time="0.012">
  <properties/>
  <testcase name="getTransactionalOnExistingCache" classname="org.springframework.cache.jcache.JCacheCacheManagerTests" time="0.009"/>
  <testcase name="getOnExistingCache" classname="org.springframework.cache.jcache.JCacheCacheManagerTests" time="0.001"/>
  <testcase name="getOnNewCache" classname="org.springframework.cache.jcache.JCacheCacheManagerTests" time="0.001"/>
  <testcase name="getOnUnknownCache" classname="org.springframework.cache.jcache.JCacheCacheManagerTests" time="0.0"/>
  <testcase name="getTransactionalOnNewCache" classname="org.springframework.cache.jcache.JCacheCacheManagerTests" time="0.001"/>
  <system-out><![CDATA[]]></system-out>
  <system-err><![CDATA[]]></system-err>
</testsuite>
