<?xml version="1.0" encoding="UTF-8"?>
<testsuite name="org.springframework.cache.aspectj.JCacheAspectJNamespaceConfigTests" tests="28" skipped="0" failures="0" errors="0" timestamp="2020-12-16T17:33:04" hostname="DESKTOP-EMRC5FU" time="0.28">
  <properties/>
  <testcase name="earlyPutWithExceptionVetoPut" classname="org.springframework.cache.aspectj.JCacheAspectJNamespaceConfigTests" time="0.02"/>
  <testcase name="removeWithException" classname="org.springframework.cache.aspectj.JCacheAspectJNamespaceConfigTests" time="0.012"/>
  <testcase name="cacheExceptionVetoed" classname="org.springframework.cache.aspectj.JCacheAspectJNamespaceConfigTests" time="0.008"/>
  <testcase name="cacheWithCustomCacheResolver" classname="org.springframework.cache.aspectj.JCacheAspectJNamespaceConfigTests" time="0.011"/>
  <testcase name="earlyRemove" classname="org.springframework.cache.aspectj.JCacheAspectJNamespaceConfigTests" time="0.009"/>
  <testcase name="remove" classname="org.springframework.cache.aspectj.JCacheAspectJNamespaceConfigTests" time="0.012"/>
  <testcase name="earlyPut" classname="org.springframework.cache.aspectj.JCacheAspectJNamespaceConfigTests" time="0.009"/>
  <testcase name="putWithException" classname="org.springframework.cache.aspectj.JCacheAspectJNamespaceConfigTests" time="0.01"/>
  <testcase name="removeWithExceptionVetoRemove" classname="org.springframework.cache.aspectj.JCacheAspectJNamespaceConfigTests" time="0.007"/>
  <testcase name="cacheWithCustomKeyGenerator" classname="org.springframework.cache.aspectj.JCacheAspectJNamespaceConfigTests" time="0.009"/>
  <testcase name="cacheNull" classname="org.springframework.cache.aspectj.JCacheAspectJNamespaceConfigTests" time="0.008"/>
  <testcase name="cacheCheckedException" classname="org.springframework.cache.aspectj.JCacheAspectJNamespaceConfigTests" time="0.009"/>
  <testcase name="earlyRemoveAll" classname="org.springframework.cache.aspectj.JCacheAspectJNamespaceConfigTests" time="0.008"/>
  <testcase name="put" classname="org.springframework.cache.aspectj.JCacheAspectJNamespaceConfigTests" time="0.01"/>
  <testcase name="earlyRemoveAllWithExceptionVetoRemove" classname="org.springframework.cache.aspectj.JCacheAspectJNamespaceConfigTests" time="0.008"/>
  <testcase name="earlyPutWithException" classname="org.springframework.cache.aspectj.JCacheAspectJNamespaceConfigTests" time="0.028"/>
  <testcase name="cache" classname="org.springframework.cache.aspectj.JCacheAspectJNamespaceConfigTests" time="0.008"/>
  <testcase name="earlyRemoveAllWithException" classname="org.springframework.cache.aspectj.JCacheAspectJNamespaceConfigTests" time="0.008"/>
  <testcase name="earlyRemoveWithException" classname="org.springframework.cache.aspectj.JCacheAspectJNamespaceConfigTests" time="0.009"/>
  <testcase name="cacheAlwaysInvoke" classname="org.springframework.cache.aspectj.JCacheAspectJNamespaceConfigTests" time="0.008"/>
  <testcase name="removeAllWithExceptionVetoRemove" classname="org.springframework.cache.aspectj.JCacheAspectJNamespaceConfigTests" time="0.009"/>
  <testcase name="earlyRemoveWithExceptionVetoRemove" classname="org.springframework.cache.aspectj.JCacheAspectJNamespaceConfigTests" time="0.007"/>
  <testcase name="removeAll" classname="org.springframework.cache.aspectj.JCacheAspectJNamespaceConfigTests" time="0.009"/>
  <testcase name="removeAllWithException" classname="org.springframework.cache.aspectj.JCacheAspectJNamespaceConfigTests" time="0.008"/>
  <testcase name="cacheWithPartialKey" classname="org.springframework.cache.aspectj.JCacheAspectJNamespaceConfigTests" time="0.007"/>
  <testcase name="putWithExceptionVetoPut" classname="org.springframework.cache.aspectj.JCacheAspectJNamespaceConfigTests" time="0.009"/>
  <testcase name="cacheException" classname="org.springframework.cache.aspectj.JCacheAspectJNamespaceConfigTests" time="0.008"/>
  <testcase name="cacheExceptionRewriteCallStack" classname="org.springframework.cache.aspectj.JCacheAspectJNamespaceConfigTests" time="0.011"/>
  <system-out><![CDATA[]]></system-out>
  <system-err><![CDATA[]]></system-err>
</testsuite>
