<?xml version="1.0" encoding="UTF-8"?>
<testsuite name="org.springframework.beans.factory.aspectj.XmlBeanConfigurerTests" tests="1" skipped="0" failures="0" errors="0" timestamp="2020-12-16T17:33:01" hostname="DESKTOP-EMRC5FU" time="0.155">
  <properties/>
  <testcase name="injection" classname="org.springframework.beans.factory.aspectj.XmlBeanConfigurerTests" time="0.155"/>
  <system-out><![CDATA[]]></system-out>
  <system-err><![CDATA[]]></system-err>
</testsuite>
