<?xml version="1.0" encoding="UTF-8"?>
<testsuite name="org.springframework.beans.factory.aspectj.SpringConfiguredWithAutoProxyingTests" tests="1" skipped="0" failures="0" errors="0" timestamp="2020-12-16T17:33:01" hostname="DESKTOP-EMRC5FU" time="0.032">
  <properties/>
  <testcase name="springConfiguredAndAutoProxyUsedTogether" classname="org.springframework.beans.factory.aspectj.SpringConfiguredWithAutoProxyingTests" time="0.032"/>
  <system-out><![CDATA[]]></system-out>
  <system-err><![CDATA[]]></system-err>
</testsuite>
