<?xml version="1.0" encoding="UTF-8"?>
<testsuite name="org.springframework.messaging.rsocket.MetadataEncoderTests" tests="10" skipped="0" failures="0" errors="0" timestamp="2020-12-16T17:35:01" hostname="DESKTOP-EMRC5FU" time="0.015">
  <properties/>
  <testcase name="defaultDataBufferFactory" classname="org.springframework.messaging.rsocket.MetadataEncoderTests" time="0.001"/>
  <testcase name="routeWithVars" classname="org.springframework.messaging.rsocket.MetadataEncoderTests" time="0.001"/>
  <testcase name="compositeMetadataWithRoute" classname="org.springframework.messaging.rsocket.MetadataEncoderTests" time="0.0"/>
  <testcase name="compositeRequiredForMultipleEntries" classname="org.springframework.messaging.rsocket.MetadataEncoderTests" time="0.0"/>
  <testcase name="metadataWithTextPlainMimeType" classname="org.springframework.messaging.rsocket.MetadataEncoderTests" time="0.01"/>
  <testcase name="routeWithTextPlainMimeType" classname="org.springframework.messaging.rsocket.MetadataEncoderTests" time="0.0"/>
  <testcase name="compositeMetadataWithRouteAndText" classname="org.springframework.messaging.rsocket.MetadataEncoderTests" time="0.0"/>
  <testcase name="routeWithRoutingMimeType" classname="org.springframework.messaging.rsocket.MetadataEncoderTests" time="0.0"/>
  <testcase name="mimeTypeDoesNotMatchConnectionMetadataMimeType" classname="org.springframework.messaging.rsocket.MetadataEncoderTests" time="0.001"/>
  <testcase name="mimeTypeRequiredForCompositeEntries" classname="org.springframework.messaging.rsocket.MetadataEncoderTests" time="0.0"/>
  <system-out><![CDATA[01:35:01.227 [Test worker] ERROR i.n.u.ResourceLeakDetector - LEAK: ByteBuf.release() was not called before it's garbage-collected. See http://netty.io/wiki/reference-counted-objects.html for more information.
Recent access records: 
#1:
	io.netty.buffer.AdvancedLeakAwareByteBuf.toString(AdvancedLeakAwareByteBuf.java:742)
	io.rsocket.Payload.getDataUtf8(Payload.java:102)
	org.springframework.messaging.rsocket.DefaultRSocketRequesterTests.testSendMono(DefaultRSocketRequesterTests.java:95)
	org.springframework.messaging.rsocket.DefaultRSocketRequesterTests.sendMono(DefaultRSocketRequesterTests.java:86)
	sun.reflect.NativeMethodAccessorImpl.invoke0(Native Method)
	sun.reflect.NativeMethodAccessorImpl.invoke(NativeMethodAccessorImpl.java:62)
	sun.reflect.DelegatingMethodAccessorImpl.invoke(DelegatingMethodAccessorImpl.java:43)
	java.lang.reflect.Method.invoke(Method.java:497)
	org.junit.runners.model.FrameworkMethod$1.runReflectiveCall(FrameworkMethod.java:59)
	org.junit.internal.runners.model.ReflectiveCallable.run(ReflectiveCallable.java:12)
	org.junit.runners.model.FrameworkMethod.invokeExplosively(FrameworkMethod.java:56)
	org.junit.internal.runners.statements.InvokeMethod.evaluate(InvokeMethod.java:17)
	org.junit.internal.runners.statements.RunBefores.evaluate(RunBefores.java:26)
	org.junit.runners.ParentRunner$3.evaluate(ParentRunner.java:305)
	org.junit.runners.BlockJUnit4ClassRunner$1.evaluate(BlockJUnit4ClassRunner.java:100)
	org.junit.runners.ParentRunner.runLeaf(ParentRunner.java:365)
	org.junit.runners.BlockJUnit4ClassRunner.runChild(BlockJUnit4ClassRunner.java:103)
	org.junit.runners.BlockJUnit4ClassRunner.runChild(BlockJUnit4ClassRunner.java:63)
	org.junit.runners.ParentRunner$4.run(ParentRunner.java:330)
	org.junit.runners.ParentRunner$1.schedule(ParentRunner.java:78)
	org.junit.runners.ParentRunner.runChildren(ParentRunner.java:328)
	org.junit.runners.ParentRunner.access$100(ParentRunner.java:65)
	org.junit.runners.ParentRunner$2.evaluate(ParentRunner.java:292)
	org.junit.runners.ParentRunner$3.evaluate(ParentRunner.java:305)
	org.junit.runners.ParentRunner.run(ParentRunner.java:412)
	org.junit.runner.JUnitCore.run(JUnitCore.java:137)
	org.junit.runner.JUnitCore.run(JUnitCore.java:115)
	org.junit.vintage.engine.execution.RunnerExecutor.execute(RunnerExecutor.java:40)
	java.util.stream.ForEachOps$ForEachOp$OfRef.accept(ForEachOps.java:184)
	java.util.stream.ReferencePipeline$3$1.accept(ReferencePipeline.java:193)
	java.util.Iterator.forEachRemaining(Iterator.java:116)
	java.util.Spliterators$IteratorSpliterator.forEachRemaining(Spliterators.java:1801)
	java.util.stream.AbstractPipeline.copyInto(AbstractPipeline.java:481)
	java.util.stream.AbstractPipeline.wrapAndCopyInto(AbstractPipeline.java:471)
	java.util.stream.ForEachOps$ForEachOp.evaluateSequential(ForEachOps.java:151)
	java.util.stream.ForEachOps$ForEachOp$OfRef.evaluateSequential(ForEachOps.java:174)
	java.util.stream.AbstractPipeline.evaluate(AbstractPipeline.java:234)
	java.util.stream.ReferencePipeline.forEach(ReferencePipeline.java:418)
	org.junit.vintage.engine.VintageTestEngine.executeAllChildren(VintageTestEngine.java:80)
	org.junit.vintage.engine.VintageTestEngine.execute(VintageTestEngine.java:71)
	org.junit.platform.launcher.core.DefaultLauncher.execute(DefaultLauncher.java:229)
	org.junit.platform.launcher.core.DefaultLauncher.lambda$execute$6(DefaultLauncher.java:197)
	org.junit.platform.launcher.core.DefaultLauncher.withInterceptedStreams(DefaultLauncher.java:211)
	org.junit.platform.launcher.core.DefaultLauncher.execute(DefaultLauncher.java:191)
	org.junit.platform.launcher.core.DefaultLauncher.execute(DefaultLauncher.java:128)
	org.gradle.api.internal.tasks.testing.junitplatform.JUnitPlatformTestClassProcessor$CollectAllTestClassesExecutor.processAllTestClasses(JUnitPlatformTestClassProcessor.java:102)
	org.gradle.api.internal.tasks.testing.junitplatform.JUnitPlatformTestClassProcessor$CollectAllTestClassesExecutor.access$000(JUnitPlatformTestClassProcessor.java:82)
	org.gradle.api.internal.tasks.testing.junitplatform.JUnitPlatformTestClassProcessor.stop(JUnitPlatformTestClassProcessor.java:78)
	org.gradle.api.internal.tasks.testing.SuiteTestClassProcessor.stop(SuiteTestClassProcessor.java:61)
	sun.reflect.NativeMethodAccessorImpl.invoke0(Native Method)
	sun.reflect.NativeMethodAccessorImpl.invoke(NativeMethodAccessorImpl.java:62)
	sun.reflect.DelegatingMethodAccessorImpl.invoke(DelegatingMethodAccessorImpl.java:43)
	java.lang.reflect.Method.invoke(Method.java:497)
	org.gradle.internal.dispatch.ReflectionDispatch.dispatch(ReflectionDispatch.java:35)
	org.gradle.internal.dispatch.ReflectionDispatch.dispatch(ReflectionDispatch.java:24)
	org.gradle.internal.dispatch.ContextClassLoaderDispatch.dispatch(ContextClassLoaderDispatch.java:32)
	org.gradle.internal.dispatch.ProxyDispatchAdapter$DispatchingInvocationHandler.invoke(ProxyDispatchAdapter.java:93)
	com.sun.proxy.$Proxy2.stop(Unknown Source)
	org.gradle.api.internal.tasks.testing.worker.TestWorker.stop(TestWorker.java:132)
	sun.reflect.NativeMethodAccessorImpl.invoke0(Native Method)
	sun.reflect.NativeMethodAccessorImpl.invoke(NativeMethodAccessorImpl.java:62)
	sun.reflect.DelegatingMethodAccessorImpl.invoke(DelegatingMethodAccessorImpl.java:43)
	java.lang.reflect.Method.invoke(Method.java:497)
	org.gradle.internal.dispatch.ReflectionDispatch.dispatch(ReflectionDispatch.java:35)
	org.gradle.internal.dispatch.ReflectionDispatch.dispatch(ReflectionDispatch.java:24)
	org.gradle.internal.remote.internal.hub.MessageHubBackedObjectConnection$DispatchWrapper.dispatch(MessageHubBackedObjectConnection.java:175)
	org.gradle.internal.remote.internal.hub.MessageHubBackedObjectConnection$DispatchWrapper.dispatch(MessageHubBackedObjectConnection.java:157)
	org.gradle.internal.remote.internal.hub.MessageHub$Handler.run(MessageHub.java:404)
	org.gradle.internal.concurrent.ExecutorPolicy$CatchAndRecordFailures.onExecute(ExecutorPolicy.java:63)
	org.gradle.internal.concurrent.ManagedExecutorImpl$1.run(ManagedExecutorImpl.java:46)
	java.util.concurrent.ThreadPoolExecutor.runWorker(ThreadPoolExecutor.java:1142)
	java.util.concurrent.ThreadPoolExecutor$Worker.run(ThreadPoolExecutor.java:617)
	org.gradle.internal.concurrent.ThreadFactoryImpl$ManagedThreadRunnable.run(ThreadFactoryImpl.java:55)
	java.lang.Thread.run(Thread.java:745)
#2:
	io.netty.buffer.AdvancedLeakAwareByteBuf.slice(AdvancedLeakAwareByteBuf.java:76)
	io.rsocket.util.ByteBufPayload.sliceData(ByteBufPayload.java:149)
	io.rsocket.Payload.getDataUtf8(Payload.java:102)
	org.springframework.messaging.rsocket.DefaultRSocketRequesterTests.testSendMono(DefaultRSocketRequesterTests.java:95)
	org.springframework.messaging.rsocket.DefaultRSocketRequesterTests.sendMono(DefaultRSocketRequesterTests.java:86)
	sun.reflect.NativeMethodAccessorImpl.invoke0(Native Method)
	sun.reflect.NativeMethodAccessorImpl.invoke(NativeMethodAccessorImpl.java:62)
	sun.reflect.DelegatingMethodAccessorImpl.invoke(DelegatingMethodAccessorImpl.java:43)
	java.lang.reflect.Method.invoke(Method.java:497)
	org.junit.runners.model.FrameworkMethod$1.runReflectiveCall(FrameworkMethod.java:59)
	org.junit.internal.runners.model.ReflectiveCallable.run(ReflectiveCallable.java:12)
	org.junit.runners.model.FrameworkMethod.invokeExplosively(FrameworkMethod.java:56)
	org.junit.internal.runners.statements.InvokeMethod.evaluate(InvokeMethod.java:17)
	org.junit.internal.runners.statements.RunBefores.evaluate(RunBefores.java:26)
	org.junit.runners.ParentRunner$3.evaluate(ParentRunner.java:305)
	org.junit.runners.BlockJUnit4ClassRunner$1.evaluate(BlockJUnit4ClassRunner.java:100)
	org.junit.runners.ParentRunner.runLeaf(ParentRunner.java:365)
	org.junit.runners.BlockJUnit4ClassRunner.runChild(BlockJUnit4ClassRunner.java:103)
	org.junit.runners.BlockJUnit4ClassRunner.runChild(BlockJUnit4ClassRunner.java:63)
	org.junit.runners.ParentRunner$4.run(ParentRunner.java:330)
	org.junit.runners.ParentRunner$1.schedule(ParentRunner.java:78)
	org.junit.runners.ParentRunner.runChildren(ParentRunner.java:328)
	org.junit.runners.ParentRunner.access$100(ParentRunner.java:65)
	org.junit.runners.ParentRunner$2.evaluate(ParentRunner.java:292)
	org.junit.runners.ParentRunner$3.evaluate(ParentRunner.java:305)
	org.junit.runners.ParentRunner.run(ParentRunner.java:412)
	org.junit.runner.JUnitCore.run(JUnitCore.java:137)
	org.junit.runner.JUnitCore.run(JUnitCore.java:115)
	org.junit.vintage.engine.execution.RunnerExecutor.execute(RunnerExecutor.java:40)
	java.util.stream.ForEachOps$ForEachOp$OfRef.accept(ForEachOps.java:184)
	java.util.stream.ReferencePipeline$3$1.accept(ReferencePipeline.java:193)
	java.util.Iterator.forEachRemaining(Iterator.java:116)
	java.util.Spliterators$IteratorSpliterator.forEachRemaining(Spliterators.java:1801)
	java.util.stream.AbstractPipeline.copyInto(AbstractPipeline.java:481)
	java.util.stream.AbstractPipeline.wrapAndCopyInto(AbstractPipeline.java:471)
	java.util.stream.ForEachOps$ForEachOp.evaluateSequential(ForEachOps.java:151)
	java.util.stream.ForEachOps$ForEachOp$OfRef.evaluateSequential(ForEachOps.java:174)
	java.util.stream.AbstractPipeline.evaluate(AbstractPipeline.java:234)
	java.util.stream.ReferencePipeline.forEach(ReferencePipeline.java:418)
	org.junit.vintage.engine.VintageTestEngine.executeAllChildren(VintageTestEngine.java:80)
	org.junit.vintage.engine.VintageTestEngine.execute(VintageTestEngine.java:71)
	org.junit.platform.launcher.core.DefaultLauncher.execute(DefaultLauncher.java:229)
	org.junit.platform.launcher.core.DefaultLauncher.lambda$execute$6(DefaultLauncher.java:197)
	org.junit.platform.launcher.core.DefaultLauncher.withInterceptedStreams(DefaultLauncher.java:211)
	org.junit.platform.launcher.core.DefaultLauncher.execute(DefaultLauncher.java:191)
	org.junit.platform.launcher.core.DefaultLauncher.execute(DefaultLauncher.java:128)
	org.gradle.api.internal.tasks.testing.junitplatform.JUnitPlatformTestClassProcessor$CollectAllTestClassesExecutor.processAllTestClasses(JUnitPlatformTestClassProcessor.java:102)
	org.gradle.api.internal.tasks.testing.junitplatform.JUnitPlatformTestClassProcessor$CollectAllTestClassesExecutor.access$000(JUnitPlatformTestClassProcessor.java:82)
	org.gradle.api.internal.tasks.testing.junitplatform.JUnitPlatformTestClassProcessor.stop(JUnitPlatformTestClassProcessor.java:78)
	org.gradle.api.internal.tasks.testing.SuiteTestClassProcessor.stop(SuiteTestClassProcessor.java:61)
	sun.reflect.NativeMethodAccessorImpl.invoke0(Native Method)
	sun.reflect.NativeMethodAccessorImpl.invoke(NativeMethodAccessorImpl.java:62)
	sun.reflect.DelegatingMethodAccessorImpl.invoke(DelegatingMethodAccessorImpl.java:43)
	java.lang.reflect.Method.invoke(Method.java:497)
	org.gradle.internal.dispatch.ReflectionDispatch.dispatch(ReflectionDispatch.java:35)
	org.gradle.internal.dispatch.ReflectionDispatch.dispatch(ReflectionDispatch.java:24)
	org.gradle.internal.dispatch.ContextClassLoaderDispatch.dispatch(ContextClassLoaderDispatch.java:32)
	org.gradle.internal.dispatch.ProxyDispatchAdapter$DispatchingInvocationHandler.invoke(ProxyDispatchAdapter.java:93)
	com.sun.proxy.$Proxy2.stop(Unknown Source)
	org.gradle.api.internal.tasks.testing.worker.TestWorker.stop(TestWorker.java:132)
	sun.reflect.NativeMethodAccessorImpl.invoke0(Native Method)
	sun.reflect.NativeMethodAccessorImpl.invoke(NativeMethodAccessorImpl.java:62)
	sun.reflect.DelegatingMethodAccessorImpl.invoke(DelegatingMethodAccessorImpl.java:43)
	java.lang.reflect.Method.invoke(Method.java:497)
	org.gradle.internal.dispatch.ReflectionDispatch.dispatch(ReflectionDispatch.java:35)
	org.gradle.internal.dispatch.ReflectionDispatch.dispatch(ReflectionDispatch.java:24)
	org.gradle.internal.remote.internal.hub.MessageHubBackedObjectConnection$DispatchWrapper.dispatch(MessageHubBackedObjectConnection.java:175)
	org.gradle.internal.remote.internal.hub.MessageHubBackedObjectConnection$DispatchWrapper.dispatch(MessageHubBackedObjectConnection.java:157)
	org.gradle.internal.remote.internal.hub.MessageHub$Handler.run(MessageHub.java:404)
	org.gradle.internal.concurrent.ExecutorPolicy$CatchAndRecordFailures.onExecute(ExecutorPolicy.java:63)
	org.gradle.internal.concurrent.ManagedExecutorImpl$1.run(ManagedExecutorImpl.java:46)
	java.util.concurrent.ThreadPoolExecutor.runWorker(ThreadPoolExecutor.java:1142)
	java.util.concurrent.ThreadPoolExecutor$Worker.run(ThreadPoolExecutor.java:617)
	org.gradle.internal.concurrent.ThreadFactoryImpl$ManagedThreadRunnable.run(ThreadFactoryImpl.java:55)
	java.lang.Thread.run(Thread.java:745)
Created at:
	io.netty.buffer.PooledByteBufAllocator.newDirectBuffer(PooledByteBufAllocator.java:349)
	io.netty.buffer.AbstractByteBufAllocator.directBuffer(AbstractByteBufAllocator.java:187)
	io.netty.buffer.AbstractByteBufAllocator.directBuffer(AbstractByteBufAllocator.java:178)
	io.netty.buffer.AbstractByteBufAllocator.buffer(AbstractByteBufAllocator.java:115)
	org.springframework.core.io.buffer.NettyDataBufferFactory.allocateBuffer(NettyDataBufferFactory.java:71)
	org.springframework.core.io.buffer.NettyDataBufferFactory.allocateBuffer(NettyDataBufferFactory.java:39)
	org.springframework.core.codec.CharSequenceEncoder.encodeValue(CharSequenceEncoder.java:91)
	org.springframework.core.codec.CharSequenceEncoder.encodeValue(CharSequenceEncoder.java:47)
	org.springframework.messaging.rsocket.DefaultRSocketRequester$DefaultRequestSpec.encodeData(DefaultRSocketRequester.java:225)
	org.springframework.messaging.rsocket.DefaultRSocketRequester$DefaultRequestSpec.lambda$toResponseSpec$54(DefaultRSocketRequester.java:193)
	reactor.core.publisher.FluxMap$MapSubscriber.onNext(FluxMap.java:100)
	reactor.core.publisher.FluxMap$MapSubscriber.onNext(FluxMap.java:114)
	reactor.core.publisher.MonoDelay$MonoDelayRunnable.run(MonoDelay.java:117)
	reactor.core.scheduler.SchedulerTask.call(SchedulerTask.java:68)
	reactor.core.scheduler.SchedulerTask.call(SchedulerTask.java:28)
	java.util.concurrent.FutureTask.run(FutureTask.java:266)
	java.util.concurrent.ScheduledThreadPoolExecutor$ScheduledFutureTask.access$201(ScheduledThreadPoolExecutor.java:180)
	java.util.concurrent.ScheduledThreadPoolExecutor$ScheduledFutureTask.run(ScheduledThreadPoolExecutor.java:293)
	java.util.concurrent.ThreadPoolExecutor.runWorker(ThreadPoolExecutor.java:1142)
	java.util.concurrent.ThreadPoolExecutor$Worker.run(ThreadPoolExecutor.java:617)
	java.lang.Thread.run(Thread.java:745)
01:35:01.228 [Test worker] ERROR i.n.u.ResourceLeakDetector - LEAK: ByteBuf.release() was not called before it's garbage-collected. See http://netty.io/wiki/reference-counted-objects.html for more information.
Recent access records: 
#1:
	io.netty.buffer.AdvancedLeakAwareByteBuf.toString(AdvancedLeakAwareByteBuf.java:742)
	org.springframework.messaging.rsocket.MetadataEncoderTests.compositeMetadataWithRoute(MetadataEncoderTests.java:61)
	sun.reflect.NativeMethodAccessorImpl.invoke0(Native Method)
	sun.reflect.NativeMethodAccessorImpl.invoke(NativeMethodAccessorImpl.java:62)
	sun.reflect.DelegatingMethodAccessorImpl.invoke(DelegatingMethodAccessorImpl.java:43)
	java.lang.reflect.Method.invoke(Method.java:497)
	org.junit.runners.model.FrameworkMethod$1.runReflectiveCall(FrameworkMethod.java:59)
	org.junit.internal.runners.model.ReflectiveCallable.run(ReflectiveCallable.java:12)
	org.junit.runners.model.FrameworkMethod.invokeExplosively(FrameworkMethod.java:56)
	org.junit.internal.runners.statements.InvokeMethod.evaluate(InvokeMethod.java:17)
	org.junit.runners.ParentRunner$3.evaluate(ParentRunner.java:305)
	org.junit.runners.BlockJUnit4ClassRunner$1.evaluate(BlockJUnit4ClassRunner.java:100)
	org.junit.runners.ParentRunner.runLeaf(ParentRunner.java:365)
	org.junit.runners.BlockJUnit4ClassRunner.runChild(BlockJUnit4ClassRunner.java:103)
	org.junit.runners.BlockJUnit4ClassRunner.runChild(BlockJUnit4ClassRunner.java:63)
	org.junit.runners.ParentRunner$4.run(ParentRunner.java:330)
	org.junit.runners.ParentRunner$1.schedule(ParentRunner.java:78)
	org.junit.runners.ParentRunner.runChildren(ParentRunner.java:328)
	org.junit.runners.ParentRunner.access$100(ParentRunner.java:65)
	org.junit.runners.ParentRunner$2.evaluate(ParentRunner.java:292)
	org.junit.runners.ParentRunner$3.evaluate(ParentRunner.java:305)
	org.junit.runners.ParentRunner.run(ParentRunner.java:412)
	org.junit.runner.JUnitCore.run(JUnitCore.java:137)
	org.junit.runner.JUnitCore.run(JUnitCore.java:115)
	org.junit.vintage.engine.execution.RunnerExecutor.execute(RunnerExecutor.java:40)
	java.util.stream.ForEachOps$ForEachOp$OfRef.accept(ForEachOps.java:184)
	java.util.stream.ReferencePipeline$3$1.accept(ReferencePipeline.java:193)
	java.util.Iterator.forEachRemaining(Iterator.java:116)
	java.util.Spliterators$IteratorSpliterator.forEachRemaining(Spliterators.java:1801)
	java.util.stream.AbstractPipeline.copyInto(AbstractPipeline.java:481)
	java.util.stream.AbstractPipeline.wrapAndCopyInto(AbstractPipeline.java:471)
	java.util.stream.ForEachOps$ForEachOp.evaluateSequential(ForEachOps.java:151)
	java.util.stream.ForEachOps$ForEachOp$OfRef.evaluateSequential(ForEachOps.java:174)
	java.util.stream.AbstractPipeline.evaluate(AbstractPipeline.java:234)
	java.util.stream.ReferencePipeline.forEach(ReferencePipeline.java:418)
	org.junit.vintage.engine.VintageTestEngine.executeAllChildren(VintageTestEngine.java:80)
	org.junit.vintage.engine.VintageTestEngine.execute(VintageTestEngine.java:71)
	org.junit.platform.launcher.core.DefaultLauncher.execute(DefaultLauncher.java:229)
	org.junit.platform.launcher.core.DefaultLauncher.lambda$execute$6(DefaultLauncher.java:197)
	org.junit.platform.launcher.core.DefaultLauncher.withInterceptedStreams(DefaultLauncher.java:211)
	org.junit.platform.launcher.core.DefaultLauncher.execute(DefaultLauncher.java:191)
	org.junit.platform.launcher.core.DefaultLauncher.execute(DefaultLauncher.java:128)
	org.gradle.api.internal.tasks.testing.junitplatform.JUnitPlatformTestClassProcessor$CollectAllTestClassesExecutor.processAllTestClasses(JUnitPlatformTestClassProcessor.java:102)
	org.gradle.api.internal.tasks.testing.junitplatform.JUnitPlatformTestClassProcessor$CollectAllTestClassesExecutor.access$000(JUnitPlatformTestClassProcessor.java:82)
	org.gradle.api.internal.tasks.testing.junitplatform.JUnitPlatformTestClassProcessor.stop(JUnitPlatformTestClassProcessor.java:78)
	org.gradle.api.internal.tasks.testing.SuiteTestClassProcessor.stop(SuiteTestClassProcessor.java:61)
	sun.reflect.NativeMethodAccessorImpl.invoke0(Native Method)
	sun.reflect.NativeMethodAccessorImpl.invoke(NativeMethodAccessorImpl.java:62)
	sun.reflect.DelegatingMethodAccessorImpl.invoke(DelegatingMethodAccessorImpl.java:43)
	java.lang.reflect.Method.invoke(Method.java:497)
	org.gradle.internal.dispatch.ReflectionDispatch.dispatch(ReflectionDispatch.java:35)
	org.gradle.internal.dispatch.ReflectionDispatch.dispatch(ReflectionDispatch.java:24)
	org.gradle.internal.dispatch.ContextClassLoaderDispatch.dispatch(ContextClassLoaderDispatch.java:32)
	org.gradle.internal.dispatch.ProxyDispatchAdapter$DispatchingInvocationHandler.invoke(ProxyDispatchAdapter.java:93)
	com.sun.proxy.$Proxy2.stop(Unknown Source)
	org.gradle.api.internal.tasks.testing.worker.TestWorker.stop(TestWorker.java:132)
	sun.reflect.NativeMethodAccessorImpl.invoke0(Native Method)
	sun.reflect.NativeMethodAccessorImpl.invoke(NativeMethodAccessorImpl.java:62)
	sun.reflect.DelegatingMethodAccessorImpl.invoke(DelegatingMethodAccessorImpl.java:43)
	java.lang.reflect.Method.invoke(Method.java:497)
	org.gradle.internal.dispatch.ReflectionDispatch.dispatch(ReflectionDispatch.java:35)
	org.gradle.internal.dispatch.ReflectionDispatch.dispatch(ReflectionDispatch.java:24)
	org.gradle.internal.remote.internal.hub.MessageHubBackedObjectConnection$DispatchWrapper.dispatch(MessageHubBackedObjectConnection.java:175)
	org.gradle.internal.remote.internal.hub.MessageHubBackedObjectConnection$DispatchWrapper.dispatch(MessageHubBackedObjectConnection.java:157)
	org.gradle.internal.remote.internal.hub.MessageHub$Handler.run(MessageHub.java:404)
	org.gradle.internal.concurrent.ExecutorPolicy$CatchAndRecordFailures.onExecute(ExecutorPolicy.java:63)
	org.gradle.internal.concurrent.ManagedExecutorImpl$1.run(ManagedExecutorImpl.java:46)
	java.util.concurrent.ThreadPoolExecutor.runWorker(ThreadPoolExecutor.java:1142)
	java.util.concurrent.ThreadPoolExecutor$Worker.run(ThreadPoolExecutor.java:617)
	org.gradle.internal.concurrent.ThreadFactoryImpl$ManagedThreadRunnable.run(ThreadFactoryImpl.java:55)
	java.lang.Thread.run(Thread.java:745)
#2:
	io.netty.buffer.AdvancedLeakAwareCompositeByteBuf.readUnsignedMedium(AdvancedLeakAwareCompositeByteBuf.java:410)
	io.rsocket.metadata.CompositeMetadataFlyweight.decodeMimeAndContentBuffersSlices(CompositeMetadataFlyweight.java:121)
	io.rsocket.metadata.CompositeMetadata$1.next(CompositeMetadata.java:79)
	io.rsocket.metadata.CompositeMetadata$1.next(CompositeMetadata.java:67)
	org.springframework.messaging.rsocket.MetadataEncoderTests.compositeMetadataWithRoute(MetadataEncoderTests.java:59)
	sun.reflect.NativeMethodAccessorImpl.invoke0(Native Method)
	sun.reflect.NativeMethodAccessorImpl.invoke(NativeMethodAccessorImpl.java:62)
	sun.reflect.DelegatingMethodAccessorImpl.invoke(DelegatingMethodAccessorImpl.java:43)
	java.lang.reflect.Method.invoke(Method.java:497)
	org.junit.runners.model.FrameworkMethod$1.runReflectiveCall(FrameworkMethod.java:59)
	org.junit.internal.runners.model.ReflectiveCallable.run(ReflectiveCallable.java:12)
	org.junit.runners.model.FrameworkMethod.invokeExplosively(FrameworkMethod.java:56)
	org.junit.internal.runners.statements.InvokeMethod.evaluate(InvokeMethod.java:17)
	org.junit.runners.ParentRunner$3.evaluate(ParentRunner.java:305)
	org.junit.runners.BlockJUnit4ClassRunner$1.evaluate(BlockJUnit4ClassRunner.java:100)
	org.junit.runners.ParentRunner.runLeaf(ParentRunner.java:365)
	org.junit.runners.BlockJUnit4ClassRunner.runChild(BlockJUnit4ClassRunner.java:103)
	org.junit.runners.BlockJUnit4ClassRunner.runChild(BlockJUnit4ClassRunner.java:63)
	org.junit.runners.ParentRunner$4.run(ParentRunner.java:330)
	org.junit.runners.ParentRunner$1.schedule(ParentRunner.java:78)
	org.junit.runners.ParentRunner.runChildren(ParentRunner.java:328)
	org.junit.runners.ParentRunner.access$100(ParentRunner.java:65)
	org.junit.runners.ParentRunner$2.evaluate(ParentRunner.java:292)
	org.junit.runners.ParentRunner$3.evaluate(ParentRunner.java:305)
	org.junit.runners.ParentRunner.run(ParentRunner.java:412)
	org.junit.runner.JUnitCore.run(JUnitCore.java:137)
	org.junit.runner.JUnitCore.run(JUnitCore.java:115)
	org.junit.vintage.engine.execution.RunnerExecutor.execute(RunnerExecutor.java:40)
	java.util.stream.ForEachOps$ForEachOp$OfRef.accept(ForEachOps.java:184)
	java.util.stream.ReferencePipeline$3$1.accept(ReferencePipeline.java:193)
	java.util.Iterator.forEachRemaining(Iterator.java:116)
	java.util.Spliterators$IteratorSpliterator.forEachRemaining(Spliterators.java:1801)
	java.util.stream.AbstractPipeline.copyInto(AbstractPipeline.java:481)
	java.util.stream.AbstractPipeline.wrapAndCopyInto(AbstractPipeline.java:471)
	java.util.stream.ForEachOps$ForEachOp.evaluateSequential(ForEachOps.java:151)
	java.util.stream.ForEachOps$ForEachOp$OfRef.evaluateSequential(ForEachOps.java:174)
	java.util.stream.AbstractPipeline.evaluate(AbstractPipeline.java:234)
	java.util.stream.ReferencePipeline.forEach(ReferencePipeline.java:418)
	org.junit.vintage.engine.VintageTestEngine.executeAllChildren(VintageTestEngine.java:80)
	org.junit.vintage.engine.VintageTestEngine.execute(VintageTestEngine.java:71)
	org.junit.platform.launcher.core.DefaultLauncher.execute(DefaultLauncher.java:229)
	org.junit.platform.launcher.core.DefaultLauncher.lambda$execute$6(DefaultLauncher.java:197)
	org.junit.platform.launcher.core.DefaultLauncher.withInterceptedStreams(DefaultLauncher.java:211)
	org.junit.platform.launcher.core.DefaultLauncher.execute(DefaultLauncher.java:191)
	org.junit.platform.launcher.core.DefaultLauncher.execute(DefaultLauncher.java:128)
	org.gradle.api.internal.tasks.testing.junitplatform.JUnitPlatformTestClassProcessor$CollectAllTestClassesExecutor.processAllTestClasses(JUnitPlatformTestClassProcessor.java:102)
	org.gradle.api.internal.tasks.testing.junitplatform.JUnitPlatformTestClassProcessor$CollectAllTestClassesExecutor.access$000(JUnitPlatformTestClassProcessor.java:82)
	org.gradle.api.internal.tasks.testing.junitplatform.JUnitPlatformTestClassProcessor.stop(JUnitPlatformTestClassProcessor.java:78)
	org.gradle.api.internal.tasks.testing.SuiteTestClassProcessor.stop(SuiteTestClassProcessor.java:61)
	sun.reflect.NativeMethodAccessorImpl.invoke0(Native Method)
	sun.reflect.NativeMethodAccessorImpl.invoke(NativeMethodAccessorImpl.java:62)
	sun.reflect.DelegatingMethodAccessorImpl.invoke(DelegatingMethodAccessorImpl.java:43)
	java.lang.reflect.Method.invoke(Method.java:497)
	org.gradle.internal.dispatch.ReflectionDispatch.dispatch(ReflectionDispatch.java:35)
	org.gradle.internal.dispatch.ReflectionDispatch.dispatch(ReflectionDispatch.java:24)
	org.gradle.internal.dispatch.ContextClassLoaderDispatch.dispatch(ContextClassLoaderDispatch.java:32)
	org.gradle.internal.dispatch.ProxyDispatchAdapter$DispatchingInvocationHandler.invoke(ProxyDispatchAdapter.java:93)
	com.sun.proxy.$Proxy2.stop(Unknown Source)
	org.gradle.api.internal.tasks.testing.worker.TestWorker.stop(TestWorker.java:132)
	sun.reflect.NativeMethodAccessorImpl.invoke0(Native Method)
	sun.reflect.NativeMethodAccessorImpl.invoke(NativeMethodAccessorImpl.java:62)
	sun.reflect.DelegatingMethodAccessorImpl.invoke(DelegatingMethodAccessorImpl.java:43)
	java.lang.reflect.Method.invoke(Method.java:497)
	org.gradle.internal.dispatch.ReflectionDispatch.dispatch(ReflectionDispatch.java:35)
	org.gradle.internal.dispatch.ReflectionDispatch.dispatch(ReflectionDispatch.java:24)
	org.gradle.internal.remote.internal.hub.MessageHubBackedObjectConnection$DispatchWrapper.dispatch(MessageHubBackedObjectConnection.java:175)
	org.gradle.internal.remote.internal.hub.MessageHubBackedObjectConnection$DispatchWrapper.dispatch(MessageHubBackedObjectConnection.java:157)
	org.gradle.internal.remote.internal.hub.MessageHub$Handler.run(MessageHub.java:404)
	org.gradle.internal.concurrent.ExecutorPolicy$CatchAndRecordFailures.onExecute(ExecutorPolicy.java:63)
	org.gradle.internal.concurrent.ManagedExecutorImpl$1.run(ManagedExecutorImpl.java:46)
	java.util.concurrent.ThreadPoolExecutor.runWorker(ThreadPoolExecutor.java:1142)
	java.util.concurrent.ThreadPoolExecutor$Worker.run(ThreadPoolExecutor.java:617)
	org.gradle.internal.concurrent.ThreadFactoryImpl$ManagedThreadRunnable.run(ThreadFactoryImpl.java:55)
	java.lang.Thread.run(Thread.java:745)
#3:
	io.netty.buffer.AdvancedLeakAwareCompositeByteBuf.slice(AdvancedLeakAwareCompositeByteBuf.java:62)
	io.rsocket.metadata.CompositeMetadataFlyweight.decodeMimeAndContentBuffersSlices(CompositeMetadataFlyweight.java:109)
	io.rsocket.metadata.CompositeMetadata$1.next(CompositeMetadata.java:79)
	io.rsocket.metadata.CompositeMetadata$1.next(CompositeMetadata.java:67)
	org.springframework.messaging.rsocket.MetadataEncoderTests.compositeMetadataWithRoute(MetadataEncoderTests.java:59)
	sun.reflect.NativeMethodAccessorImpl.invoke0(Native Method)
	sun.reflect.NativeMethodAccessorImpl.invoke(NativeMethodAccessorImpl.java:62)
	sun.reflect.DelegatingMethodAccessorImpl.invoke(DelegatingMethodAccessorImpl.java:43)
	java.lang.reflect.Method.invoke(Method.java:497)
	org.junit.runners.model.FrameworkMethod$1.runReflectiveCall(FrameworkMethod.java:59)
	org.junit.internal.runners.model.ReflectiveCallable.run(ReflectiveCallable.java:12)
	org.junit.runners.model.FrameworkMethod.invokeExplosively(FrameworkMethod.java:56)
	org.junit.internal.runners.statements.InvokeMethod.evaluate(InvokeMethod.java:17)
	org.junit.runners.ParentRunner$3.evaluate(ParentRunner.java:305)
	org.junit.runners.BlockJUnit4ClassRunner$1.evaluate(BlockJUnit4ClassRunner.java:100)
	org.junit.runners.ParentRunner.runLeaf(ParentRunner.java:365)
	org.junit.runners.BlockJUnit4ClassRunner.runChild(BlockJUnit4ClassRunner.java:103)
	org.junit.runners.BlockJUnit4ClassRunner.runChild(BlockJUnit4ClassRunner.java:63)
	org.junit.runners.ParentRunner$4.run(ParentRunner.java:330)
	org.junit.runners.ParentRunner$1.schedule(ParentRunner.java:78)
	org.junit.runners.ParentRunner.runChildren(ParentRunner.java:328)
	org.junit.runners.ParentRunner.access$100(ParentRunner.java:65)
	org.junit.runners.ParentRunner$2.evaluate(ParentRunner.java:292)
	org.junit.runners.ParentRunner$3.evaluate(ParentRunner.java:305)
	org.junit.runners.ParentRunner.run(ParentRunner.java:412)
	org.junit.runner.JUnitCore.run(JUnitCore.java:137)
	org.junit.runner.JUnitCore.run(JUnitCore.java:115)
	org.junit.vintage.engine.execution.RunnerExecutor.execute(RunnerExecutor.java:40)
	java.util.stream.ForEachOps$ForEachOp$OfRef.accept(ForEachOps.java:184)
	java.util.stream.ReferencePipeline$3$1.accept(ReferencePipeline.java:193)
	java.util.Iterator.forEachRemaining(Iterator.java:116)
	java.util.Spliterators$IteratorSpliterator.forEachRemaining(Spliterators.java:1801)
	java.util.stream.AbstractPipeline.copyInto(AbstractPipeline.java:481)
	java.util.stream.AbstractPipeline.wrapAndCopyInto(AbstractPipeline.java:471)
	java.util.stream.ForEachOps$ForEachOp.evaluateSequential(ForEachOps.java:151)
	java.util.stream.ForEachOps$ForEachOp$OfRef.evaluateSequential(ForEachOps.java:174)
	java.util.stream.AbstractPipeline.evaluate(AbstractPipeline.java:234)
	java.util.stream.ReferencePipeline.forEach(ReferencePipeline.java:418)
	org.junit.vintage.engine.VintageTestEngine.executeAllChildren(VintageTestEngine.java:80)
	org.junit.vintage.engine.VintageTestEngine.execute(VintageTestEngine.java:71)
	org.junit.platform.launcher.core.DefaultLauncher.execute(DefaultLauncher.java:229)
	org.junit.platform.launcher.core.DefaultLauncher.lambda$execute$6(DefaultLauncher.java:197)
	org.junit.platform.launcher.core.DefaultLauncher.withInterceptedStreams(DefaultLauncher.java:211)
	org.junit.platform.launcher.core.DefaultLauncher.execute(DefaultLauncher.java:191)
	org.junit.platform.launcher.core.DefaultLauncher.execute(DefaultLauncher.java:128)
	org.gradle.api.internal.tasks.testing.junitplatform.JUnitPlatformTestClassProcessor$CollectAllTestClassesExecutor.processAllTestClasses(JUnitPlatformTestClassProcessor.java:102)
	org.gradle.api.internal.tasks.testing.junitplatform.JUnitPlatformTestClassProcessor$CollectAllTestClassesExecutor.access$000(JUnitPlatformTestClassProcessor.java:82)
	org.gradle.api.internal.tasks.testing.junitplatform.JUnitPlatformTestClassProcessor.stop(JUnitPlatformTestClassProcessor.java:78)
	org.gradle.api.internal.tasks.testing.SuiteTestClassProcessor.stop(SuiteTestClassProcessor.java:61)
	sun.reflect.NativeMethodAccessorImpl.invoke0(Native Method)
	sun.reflect.NativeMethodAccessorImpl.invoke(NativeMethodAccessorImpl.java:62)
	sun.reflect.DelegatingMethodAccessorImpl.invoke(DelegatingMethodAccessorImpl.java:43)
	java.lang.reflect.Method.invoke(Method.java:497)
	org.gradle.internal.dispatch.ReflectionDispatch.dispatch(ReflectionDispatch.java:35)
	org.gradle.internal.dispatch.ReflectionDispatch.dispatch(ReflectionDispatch.java:24)
	org.gradle.internal.dispatch.ContextClassLoaderDispatch.dispatch(ContextClassLoaderDispatch.java:32)
	org.gradle.internal.dispatch.ProxyDispatchAdapter$DispatchingInvocationHandler.invoke(ProxyDispatchAdapter.java:93)
	com.sun.proxy.$Proxy2.stop(Unknown Source)
	org.gradle.api.internal.tasks.testing.worker.TestWorker.stop(TestWorker.java:132)
	sun.reflect.NativeMethodAccessorImpl.invoke0(Native Method)
	sun.reflect.NativeMethodAccessorImpl.invoke(NativeMethodAccessorImpl.java:62)
	sun.reflect.DelegatingMethodAccessorImpl.invoke(DelegatingMethodAccessorImpl.java:43)
	java.lang.reflect.Method.invoke(Method.java:497)
	org.gradle.internal.dispatch.ReflectionDispatch.dispatch(ReflectionDispatch.java:35)
	org.gradle.internal.dispatch.ReflectionDispatch.dispatch(ReflectionDispatch.java:24)
	org.gradle.internal.remote.internal.hub.MessageHubBackedObjectConnection$DispatchWrapper.dispatch(MessageHubBackedObjectConnection.java:175)
	org.gradle.internal.remote.internal.hub.MessageHubBackedObjectConnection$DispatchWrapper.dispatch(MessageHubBackedObjectConnection.java:157)
	org.gradle.internal.remote.internal.hub.MessageHub$Handler.run(MessageHub.java:404)
	org.gradle.internal.concurrent.ExecutorPolicy$CatchAndRecordFailures.onExecute(ExecutorPolicy.java:63)
	org.gradle.internal.concurrent.ManagedExecutorImpl$1.run(ManagedExecutorImpl.java:46)
	java.util.concurrent.ThreadPoolExecutor.runWorker(ThreadPoolExecutor.java:1142)
	java.util.concurrent.ThreadPoolExecutor$Worker.run(ThreadPoolExecutor.java:617)
	org.gradle.internal.concurrent.ThreadFactoryImpl$ManagedThreadRunnable.run(ThreadFactoryImpl.java:55)
	java.lang.Thread.run(Thread.java:745)
#4:
	io.netty.buffer.AdvancedLeakAwareCompositeByteBuf.readByte(AdvancedLeakAwareCompositeByteBuf.java:380)
	io.rsocket.metadata.CompositeMetadataFlyweight.decodeMimeAndContentBuffersSlices(CompositeMetadataFlyweight.java:86)
	io.rsocket.metadata.CompositeMetadata$1.next(CompositeMetadata.java:79)
	io.rsocket.metadata.CompositeMetadata$1.next(CompositeMetadata.java:67)
	org.springframework.messaging.rsocket.MetadataEncoderTests.compositeMetadataWithRoute(MetadataEncoderTests.java:59)
	sun.reflect.NativeMethodAccessorImpl.invoke0(Native Method)
	sun.reflect.NativeMethodAccessorImpl.invoke(NativeMethodAccessorImpl.java:62)
	sun.reflect.DelegatingMethodAccessorImpl.invoke(DelegatingMethodAccessorImpl.java:43)
	java.lang.reflect.Method.invoke(Method.java:497)
	org.junit.runners.model.FrameworkMethod$1.runReflectiveCall(FrameworkMethod.java:59)
	org.junit.internal.runners.model.ReflectiveCallable.run(ReflectiveCallable.java:12)
	org.junit.runners.model.FrameworkMethod.invokeExplosively(FrameworkMethod.java:56)
	org.junit.internal.runners.statements.InvokeMethod.evaluate(InvokeMethod.java:17)
	org.junit.runners.ParentRunner$3.evaluate(ParentRunner.java:305)
	org.junit.runners.BlockJUnit4ClassRunner$1.evaluate(BlockJUnit4ClassRunner.java:100)
	org.junit.runners.ParentRunner.runLeaf(ParentRunner.java:365)
	org.junit.runners.BlockJUnit4ClassRunner.runChild(BlockJUnit4ClassRunner.java:103)
	org.junit.runners.BlockJUnit4ClassRunner.runChild(BlockJUnit4ClassRunner.java:63)
	org.junit.runners.ParentRunner$4.run(ParentRunner.java:330)
	org.junit.runners.ParentRunner$1.schedule(ParentRunner.java:78)
	org.junit.runners.ParentRunner.runChildren(ParentRunner.java:328)
	org.junit.runners.ParentRunner.access$100(ParentRunner.java:65)
	org.junit.runners.ParentRunner$2.evaluate(ParentRunner.java:292)
	org.junit.runners.ParentRunner$3.evaluate(ParentRunner.java:305)
	org.junit.runners.ParentRunner.run(ParentRunner.java:412)
	org.junit.runner.JUnitCore.run(JUnitCore.java:137)
	org.junit.runner.JUnitCore.run(JUnitCore.java:115)
	org.junit.vintage.engine.execution.RunnerExecutor.execute(RunnerExecutor.java:40)
	java.util.stream.ForEachOps$ForEachOp$OfRef.accept(ForEachOps.java:184)
	java.util.stream.ReferencePipeline$3$1.accept(ReferencePipeline.java:193)
	java.util.Iterator.forEachRemaining(Iterator.java:116)
	java.util.Spliterators$IteratorSpliterator.forEachRemaining(Spliterators.java:1801)
	java.util.stream.AbstractPipeline.copyInto(AbstractPipeline.java:481)
	java.util.stream.AbstractPipeline.wrapAndCopyInto(AbstractPipeline.java:471)
	java.util.stream.ForEachOps$ForEachOp.evaluateSequential(ForEachOps.java:151)
	java.util.stream.ForEachOps$ForEachOp$OfRef.evaluateSequential(ForEachOps.java:174)
	java.util.stream.AbstractPipeline.evaluate(AbstractPipeline.java:234)
	java.util.stream.ReferencePipeline.forEach(ReferencePipeline.java:418)
	org.junit.vintage.engine.VintageTestEngine.executeAllChildren(VintageTestEngine.java:80)
	org.junit.vintage.engine.VintageTestEngine.execute(VintageTestEngine.java:71)
	org.junit.platform.launcher.core.DefaultLauncher.execute(DefaultLauncher.java:229)
	org.junit.platform.launcher.core.DefaultLauncher.lambda$execute$6(DefaultLauncher.java:197)
	org.junit.platform.launcher.core.DefaultLauncher.withInterceptedStreams(DefaultLauncher.java:211)
	org.junit.platform.launcher.core.DefaultLauncher.execute(DefaultLauncher.java:191)
	org.junit.platform.launcher.core.DefaultLauncher.execute(DefaultLauncher.java:128)
	org.gradle.api.internal.tasks.testing.junitplatform.JUnitPlatformTestClassProcessor$CollectAllTestClassesExecutor.processAllTestClasses(JUnitPlatformTestClassProcessor.java:102)
	org.gradle.api.internal.tasks.testing.junitplatform.JUnitPlatformTestClassProcessor$CollectAllTestClassesExecutor.access$000(JUnitPlatformTestClassProcessor.java:82)
	org.gradle.api.internal.tasks.testing.junitplatform.JUnitPlatformTestClassProcessor.stop(JUnitPlatformTestClassProcessor.java:78)
	org.gradle.api.internal.tasks.testing.SuiteTestClassProcessor.stop(SuiteTestClassProcessor.java:61)
	sun.reflect.NativeMethodAccessorImpl.invoke0(Native Method)
	sun.reflect.NativeMethodAccessorImpl.invoke(NativeMethodAccessorImpl.java:62)
	sun.reflect.DelegatingMethodAccessorImpl.invoke(DelegatingMethodAccessorImpl.java:43)
	java.lang.reflect.Method.invoke(Method.java:497)
	org.gradle.internal.dispatch.ReflectionDispatch.dispatch(ReflectionDispatch.java:35)
	org.gradle.internal.dispatch.ReflectionDispatch.dispatch(ReflectionDispatch.java:24)
	org.gradle.internal.dispatch.ContextClassLoaderDispatch.dispatch(ContextClassLoaderDispatch.java:32)
	org.gradle.internal.dispatch.ProxyDispatchAdapter$DispatchingInvocationHandler.invoke(ProxyDispatchAdapter.java:93)
	com.sun.proxy.$Proxy2.stop(Unknown Source)
	org.gradle.api.internal.tasks.testing.worker.TestWorker.stop(TestWorker.java:132)
	sun.reflect.NativeMethodAccessorImpl.invoke0(Native Method)
	sun.reflect.NativeMethodAccessorImpl.invoke(NativeMethodAccessorImpl.java:62)
	sun.reflect.DelegatingMethodAccessorImpl.invoke(DelegatingMethodAccessorImpl.java:43)
	java.lang.reflect.Method.invoke(Method.java:497)
	org.gradle.internal.dispatch.ReflectionDispatch.dispatch(ReflectionDispatch.java:35)
	org.gradle.internal.dispatch.ReflectionDispatch.dispatch(ReflectionDispatch.java:24)
	org.gradle.internal.remote.internal.hub.MessageHubBackedObjectConnection$DispatchWrapper.dispatch(MessageHubBackedObjectConnection.java:175)
	org.gradle.internal.remote.internal.hub.MessageHubBackedObjectConnection$DispatchWrapper.dispatch(MessageHubBackedObjectConnection.java:157)
	org.gradle.internal.remote.internal.hub.MessageHub$Handler.run(MessageHub.java:404)
	org.gradle.internal.concurrent.ExecutorPolicy$CatchAndRecordFailures.onExecute(ExecutorPolicy.java:63)
	org.gradle.internal.concurrent.ManagedExecutorImpl$1.run(ManagedExecutorImpl.java:46)
	java.util.concurrent.ThreadPoolExecutor.runWorker(ThreadPoolExecutor.java:1142)
	java.util.concurrent.ThreadPoolExecutor$Worker.run(ThreadPoolExecutor.java:617)
	org.gradle.internal.concurrent.ThreadFactoryImpl$ManagedThreadRunnable.run(ThreadFactoryImpl.java:55)
	java.lang.Thread.run(Thread.java:745)
#5:
	io.netty.buffer.AdvancedLeakAwareCompositeByteBuf.touch(AdvancedLeakAwareCompositeByteBuf.java:36)
	org.springframework.core.io.buffer.NettyDataBufferFactory.wrap(NettyDataBufferFactory.java:93)
	org.springframework.messaging.rsocket.MetadataEncoder.encode(MetadataEncoder.java:175)
	org.springframework.messaging.rsocket.MetadataEncoderTests.compositeMetadataWithRoute(MetadataEncoderTests.java:53)
	sun.reflect.NativeMethodAccessorImpl.invoke0(Native Method)
	sun.reflect.NativeMethodAccessorImpl.invoke(NativeMethodAccessorImpl.java:62)
	sun.reflect.DelegatingMethodAccessorImpl.invoke(DelegatingMethodAccessorImpl.java:43)
	java.lang.reflect.Method.invoke(Method.java:497)
	org.junit.runners.model.FrameworkMethod$1.runReflectiveCall(FrameworkMethod.java:59)
	org.junit.internal.runners.model.ReflectiveCallable.run(ReflectiveCallable.java:12)
	org.junit.runners.model.FrameworkMethod.invokeExplosively(FrameworkMethod.java:56)
	org.junit.internal.runners.statements.InvokeMethod.evaluate(InvokeMethod.java:17)
	org.junit.runners.ParentRunner$3.evaluate(ParentRunner.java:305)
	org.junit.runners.BlockJUnit4ClassRunner$1.evaluate(BlockJUnit4ClassRunner.java:100)
	org.junit.runners.ParentRunner.runLeaf(ParentRunner.java:365)
	org.junit.runners.BlockJUnit4ClassRunner.runChild(BlockJUnit4ClassRunner.java:103)
	org.junit.runners.BlockJUnit4ClassRunner.runChild(BlockJUnit4ClassRunner.java:63)
	org.junit.runners.ParentRunner$4.run(ParentRunner.java:330)
	org.junit.runners.ParentRunner$1.schedule(ParentRunner.java:78)
	org.junit.runners.ParentRunner.runChildren(ParentRunner.java:328)
	org.junit.runners.ParentRunner.access$100(ParentRunner.java:65)
	org.junit.runners.ParentRunner$2.evaluate(ParentRunner.java:292)
	org.junit.runners.ParentRunner$3.evaluate(ParentRunner.java:305)
	org.junit.runners.ParentRunner.run(ParentRunner.java:412)
	org.junit.runner.JUnitCore.run(JUnitCore.java:137)
	org.junit.runner.JUnitCore.run(JUnitCore.java:115)
	org.junit.vintage.engine.execution.RunnerExecutor.execute(RunnerExecutor.java:40)
	java.util.stream.ForEachOps$ForEachOp$OfRef.accept(ForEachOps.java:184)
	java.util.stream.ReferencePipeline$3$1.accept(ReferencePipeline.java:193)
	java.util.Iterator.forEachRemaining(Iterator.java:116)
	java.util.Spliterators$IteratorSpliterator.forEachRemaining(Spliterators.java:1801)
	java.util.stream.AbstractPipeline.copyInto(AbstractPipeline.java:481)
	java.util.stream.AbstractPipeline.wrapAndCopyInto(AbstractPipeline.java:471)
	java.util.stream.ForEachOps$ForEachOp.evaluateSequential(ForEachOps.java:151)
	java.util.stream.ForEachOps$ForEachOp$OfRef.evaluateSequential(ForEachOps.java:174)
	java.util.stream.AbstractPipeline.evaluate(AbstractPipeline.java:234)
	java.util.stream.ReferencePipeline.forEach(ReferencePipeline.java:418)
	org.junit.vintage.engine.VintageTestEngine.executeAllChildren(VintageTestEngine.java:80)
	org.junit.vintage.engine.VintageTestEngine.execute(VintageTestEngine.java:71)
	org.junit.platform.launcher.core.DefaultLauncher.execute(DefaultLauncher.java:229)
	org.junit.platform.launcher.core.DefaultLauncher.lambda$execute$6(DefaultLauncher.java:197)
	org.junit.platform.launcher.core.DefaultLauncher.withInterceptedStreams(DefaultLauncher.java:211)
	org.junit.platform.launcher.core.DefaultLauncher.execute(DefaultLauncher.java:191)
	org.junit.platform.launcher.core.DefaultLauncher.execute(DefaultLauncher.java:128)
	org.gradle.api.internal.tasks.testing.junitplatform.JUnitPlatformTestClassProcessor$CollectAllTestClassesExecutor.processAllTestClasses(JUnitPlatformTestClassProcessor.java:102)
	org.gradle.api.internal.tasks.testing.junitplatform.JUnitPlatformTestClassProcessor$CollectAllTestClassesExecutor.access$000(JUnitPlatformTestClassProcessor.java:82)
	org.gradle.api.internal.tasks.testing.junitplatform.JUnitPlatformTestClassProcessor.stop(JUnitPlatformTestClassProcessor.java:78)
	org.gradle.api.internal.tasks.testing.SuiteTestClassProcessor.stop(SuiteTestClassProcessor.java:61)
	sun.reflect.NativeMethodAccessorImpl.invoke0(Native Method)
	sun.reflect.NativeMethodAccessorImpl.invoke(NativeMethodAccessorImpl.java:62)
	sun.reflect.DelegatingMethodAccessorImpl.invoke(DelegatingMethodAccessorImpl.java:43)
	java.lang.reflect.Method.invoke(Method.java:497)
	org.gradle.internal.dispatch.ReflectionDispatch.dispatch(ReflectionDispatch.java:35)
	org.gradle.internal.dispatch.ReflectionDispatch.dispatch(ReflectionDispatch.java:24)
	org.gradle.internal.dispatch.ContextClassLoaderDispatch.dispatch(ContextClassLoaderDispatch.java:32)
	org.gradle.internal.dispatch.ProxyDispatchAdapter$DispatchingInvocationHandler.invoke(ProxyDispatchAdapter.java:93)
	com.sun.proxy.$Proxy2.stop(Unknown Source)
	org.gradle.api.internal.tasks.testing.worker.TestWorker.stop(TestWorker.java:132)
	sun.reflect.NativeMethodAccessorImpl.invoke0(Native Method)
	sun.reflect.NativeMethodAccessorImpl.invoke(NativeMethodAccessorImpl.java:62)
	sun.reflect.DelegatingMethodAccessorImpl.invoke(DelegatingMethodAccessorImpl.java:43)
	java.lang.reflect.Method.invoke(Method.java:497)
	org.gradle.internal.dispatch.ReflectionDispatch.dispatch(ReflectionDispatch.java:35)
	org.gradle.internal.dispatch.ReflectionDispatch.dispatch(ReflectionDispatch.java:24)
	org.gradle.internal.remote.internal.hub.MessageHubBackedObjectConnection$DispatchWrapper.dispatch(MessageHubBackedObjectConnection.java:175)
	org.gradle.internal.remote.internal.hub.MessageHubBackedObjectConnection$DispatchWrapper.dispatch(MessageHubBackedObjectConnection.java:157)
	org.gradle.internal.remote.internal.hub.MessageHub$Handler.run(MessageHub.java:404)
	org.gradle.internal.concurrent.ExecutorPolicy$CatchAndRecordFailures.onExecute(ExecutorPolicy.java:63)
	org.gradle.internal.concurrent.ManagedExecutorImpl$1.run(ManagedExecutorImpl.java:46)
	java.util.concurrent.ThreadPoolExecutor.runWorker(ThreadPoolExecutor.java:1142)
	java.util.concurrent.ThreadPoolExecutor$Worker.run(ThreadPoolExecutor.java:617)
	org.gradle.internal.concurrent.ThreadFactoryImpl$ManagedThreadRunnable.run(ThreadFactoryImpl.java:55)
	java.lang.Thread.run(Thread.java:745)
#6:
	io.netty.buffer.AdvancedLeakAwareCompositeByteBuf.addComponents(AdvancedLeakAwareCompositeByteBuf.java:926)
	io.rsocket.metadata.CompositeMetadataFlyweight.encodeAndAddMetadata(CompositeMetadataFlyweight.java:215)
	org.springframework.messaging.rsocket.MetadataEncoder.lambda$encode$62(MetadataEncoder.java:168)
	java.util.LinkedHashMap.forEach(LinkedHashMap.java:676)
	org.springframework.messaging.rsocket.MetadataEncoder.encode(MetadataEncoder.java:166)
	org.springframework.messaging.rsocket.MetadataEncoderTests.compositeMetadataWithRoute(MetadataEncoderTests.java:53)
	sun.reflect.NativeMethodAccessorImpl.invoke0(Native Method)
	sun.reflect.NativeMethodAccessorImpl.invoke(NativeMethodAccessorImpl.java:62)
	sun.reflect.DelegatingMethodAccessorImpl.invoke(DelegatingMethodAccessorImpl.java:43)
	java.lang.reflect.Method.invoke(Method.java:497)
	org.junit.runners.model.FrameworkMethod$1.runReflectiveCall(FrameworkMethod.java:59)
	org.junit.internal.runners.model.ReflectiveCallable.run(ReflectiveCallable.java:12)
	org.junit.runners.model.FrameworkMethod.invokeExplosively(FrameworkMethod.java:56)
	org.junit.internal.runners.statements.InvokeMethod.evaluate(InvokeMethod.java:17)
	org.junit.runners.ParentRunner$3.evaluate(ParentRunner.java:305)
	org.junit.runners.BlockJUnit4ClassRunner$1.evaluate(BlockJUnit4ClassRunner.java:100)
	org.junit.runners.ParentRunner.runLeaf(ParentRunner.java:365)
	org.junit.runners.BlockJUnit4ClassRunner.runChild(BlockJUnit4ClassRunner.java:103)
	org.junit.runners.BlockJUnit4ClassRunner.runChild(BlockJUnit4ClassRunner.java:63)
	org.junit.runners.ParentRunner$4.run(ParentRunner.java:330)
	org.junit.runners.ParentRunner$1.schedule(ParentRunner.java:78)
	org.junit.runners.ParentRunner.runChildren(ParentRunner.java:328)
	org.junit.runners.ParentRunner.access$100(ParentRunner.java:65)
	org.junit.runners.ParentRunner$2.evaluate(ParentRunner.java:292)
	org.junit.runners.ParentRunner$3.evaluate(ParentRunner.java:305)
	org.junit.runners.ParentRunner.run(ParentRunner.java:412)
	org.junit.runner.JUnitCore.run(JUnitCore.java:137)
	org.junit.runner.JUnitCore.run(JUnitCore.java:115)
	org.junit.vintage.engine.execution.RunnerExecutor.execute(RunnerExecutor.java:40)
	java.util.stream.ForEachOps$ForEachOp$OfRef.accept(ForEachOps.java:184)
	java.util.stream.ReferencePipeline$3$1.accept(ReferencePipeline.java:193)
	java.util.Iterator.forEachRemaining(Iterator.java:116)
	java.util.Spliterators$IteratorSpliterator.forEachRemaining(Spliterators.java:1801)
	java.util.stream.AbstractPipeline.copyInto(AbstractPipeline.java:481)
	java.util.stream.AbstractPipeline.wrapAndCopyInto(AbstractPipeline.java:471)
	java.util.stream.ForEachOps$ForEachOp.evaluateSequential(ForEachOps.java:151)
	java.util.stream.ForEachOps$ForEachOp$OfRef.evaluateSequential(ForEachOps.java:174)
	java.util.stream.AbstractPipeline.evaluate(AbstractPipeline.java:234)
	java.util.stream.ReferencePipeline.forEach(ReferencePipeline.java:418)
	org.junit.vintage.engine.VintageTestEngine.executeAllChildren(VintageTestEngine.java:80)
	org.junit.vintage.engine.VintageTestEngine.execute(VintageTestEngine.java:71)
	org.junit.platform.launcher.core.DefaultLauncher.execute(DefaultLauncher.java:229)
	org.junit.platform.launcher.core.DefaultLauncher.lambda$execute$6(DefaultLauncher.java:197)
	org.junit.platform.launcher.core.DefaultLauncher.withInterceptedStreams(DefaultLauncher.java:211)
	org.junit.platform.launcher.core.DefaultLauncher.execute(DefaultLauncher.java:191)
	org.junit.platform.launcher.core.DefaultLauncher.execute(DefaultLauncher.java:128)
	org.gradle.api.internal.tasks.testing.junitplatform.JUnitPlatformTestClassProcessor$CollectAllTestClassesExecutor.processAllTestClasses(JUnitPlatformTestClassProcessor.java:102)
	org.gradle.api.internal.tasks.testing.junitplatform.JUnitPlatformTestClassProcessor$CollectAllTestClassesExecutor.access$000(JUnitPlatformTestClassProcessor.java:82)
	org.gradle.api.internal.tasks.testing.junitplatform.JUnitPlatformTestClassProcessor.stop(JUnitPlatformTestClassProcessor.java:78)
	org.gradle.api.internal.tasks.testing.SuiteTestClassProcessor.stop(SuiteTestClassProcessor.java:61)
	sun.reflect.NativeMethodAccessorImpl.invoke0(Native Method)
	sun.reflect.NativeMethodAccessorImpl.invoke(NativeMethodAccessorImpl.java:62)
	sun.reflect.DelegatingMethodAccessorImpl.invoke(DelegatingMethodAccessorImpl.java:43)
	java.lang.reflect.Method.invoke(Method.java:497)
	org.gradle.internal.dispatch.ReflectionDispatch.dispatch(ReflectionDispatch.java:35)
	org.gradle.internal.dispatch.ReflectionDispatch.dispatch(ReflectionDispatch.java:24)
	org.gradle.internal.dispatch.ContextClassLoaderDispatch.dispatch(ContextClassLoaderDispatch.java:32)
	org.gradle.internal.dispatch.ProxyDispatchAdapter$DispatchingInvocationHandler.invoke(ProxyDispatchAdapter.java:93)
	com.sun.proxy.$Proxy2.stop(Unknown Source)
	org.gradle.api.internal.tasks.testing.worker.TestWorker.stop(TestWorker.java:132)
	sun.reflect.NativeMethodAccessorImpl.invoke0(Native Method)
	sun.reflect.NativeMethodAccessorImpl.invoke(NativeMethodAccessorImpl.java:62)
	sun.reflect.DelegatingMethodAccessorImpl.invoke(DelegatingMethodAccessorImpl.java:43)
	java.lang.reflect.Method.invoke(Method.java:497)
	org.gradle.internal.dispatch.ReflectionDispatch.dispatch(ReflectionDispatch.java:35)
	org.gradle.internal.dispatch.ReflectionDispatch.dispatch(ReflectionDispatch.java:24)
	org.gradle.internal.remote.internal.hub.MessageHubBackedObjectConnection$DispatchWrapper.dispatch(MessageHubBackedObjectConnection.java:175)
	org.gradle.internal.remote.internal.hub.MessageHubBackedObjectConnection$DispatchWrapper.dispatch(MessageHubBackedObjectConnection.java:157)
	org.gradle.internal.remote.internal.hub.MessageHub$Handler.run(MessageHub.java:404)
	org.gradle.internal.concurrent.ExecutorPolicy$CatchAndRecordFailures.onExecute(ExecutorPolicy.java:63)
	org.gradle.internal.concurrent.ManagedExecutorImpl$1.run(ManagedExecutorImpl.java:46)
	java.util.concurrent.ThreadPoolExecutor.runWorker(ThreadPoolExecutor.java:1142)
	java.util.concurrent.ThreadPoolExecutor$Worker.run(ThreadPoolExecutor.java:617)
	org.gradle.internal.concurrent.ThreadFactoryImpl$ManagedThreadRunnable.run(ThreadFactoryImpl.java:55)
	java.lang.Thread.run(Thread.java:745)
Created at:
	io.netty.buffer.AbstractByteBufAllocator.compositeDirectBuffer(AbstractByteBufAllocator.java:223)
	io.netty.buffer.AbstractByteBufAllocator.compositeDirectBuffer(AbstractByteBufAllocator.java:218)
	io.netty.buffer.AbstractByteBufAllocator.compositeBuffer(AbstractByteBufAllocator.java:193)
	org.springframework.messaging.rsocket.MetadataEncoder.encode(MetadataEncoder.java:164)
	org.springframework.messaging.rsocket.MetadataEncoderTests.compositeMetadataWithRoute(MetadataEncoderTests.java:53)
	sun.reflect.NativeMethodAccessorImpl.invoke0(Native Method)
	sun.reflect.NativeMethodAccessorImpl.invoke(NativeMethodAccessorImpl.java:62)
	sun.reflect.DelegatingMethodAccessorImpl.invoke(DelegatingMethodAccessorImpl.java:43)
	java.lang.reflect.Method.invoke(Method.java:497)
	org.junit.runners.model.FrameworkMethod$1.runReflectiveCall(FrameworkMethod.java:59)
	org.junit.internal.runners.model.ReflectiveCallable.run(ReflectiveCallable.java:12)
	org.junit.runners.model.FrameworkMethod.invokeExplosively(FrameworkMethod.java:56)
	org.junit.internal.runners.statements.InvokeMethod.evaluate(InvokeMethod.java:17)
	org.junit.runners.ParentRunner$3.evaluate(ParentRunner.java:305)
	org.junit.runners.BlockJUnit4ClassRunner$1.evaluate(BlockJUnit4ClassRunner.java:100)
	org.junit.runners.ParentRunner.runLeaf(ParentRunner.java:365)
	org.junit.runners.BlockJUnit4ClassRunner.runChild(BlockJUnit4ClassRunner.java:103)
	org.junit.runners.BlockJUnit4ClassRunner.runChild(BlockJUnit4ClassRunner.java:63)
	org.junit.runners.ParentRunner$4.run(ParentRunner.java:330)
	org.junit.runners.ParentRunner$1.schedule(ParentRunner.java:78)
	org.junit.runners.ParentRunner.runChildren(ParentRunner.java:328)
	org.junit.runners.ParentRunner.access$100(ParentRunner.java:65)
	org.junit.runners.ParentRunner$2.evaluate(ParentRunner.java:292)
	org.junit.runners.ParentRunner$3.evaluate(ParentRunner.java:305)
	org.junit.runners.ParentRunner.run(ParentRunner.java:412)
	org.junit.runner.JUnitCore.run(JUnitCore.java:137)
	org.junit.runner.JUnitCore.run(JUnitCore.java:115)
	org.junit.vintage.engine.execution.RunnerExecutor.execute(RunnerExecutor.java:40)
	java.util.stream.ForEachOps$ForEachOp$OfRef.accept(ForEachOps.java:184)
	java.util.stream.ReferencePipeline$3$1.accept(ReferencePipeline.java:193)
	java.util.Iterator.forEachRemaining(Iterator.java:116)
	java.util.Spliterators$IteratorSpliterator.forEachRemaining(Spliterators.java:1801)
	java.util.stream.AbstractPipeline.copyInto(AbstractPipeline.java:481)
	java.util.stream.AbstractPipeline.wrapAndCopyInto(AbstractPipeline.java:471)
	java.util.stream.ForEachOps$ForEachOp.evaluateSequential(ForEachOps.java:151)
	java.util.stream.ForEachOps$ForEachOp$OfRef.evaluateSequential(ForEachOps.java:174)
	java.util.stream.AbstractPipeline.evaluate(AbstractPipeline.java:234)
	java.util.stream.ReferencePipeline.forEach(ReferencePipeline.java:418)
	org.junit.vintage.engine.VintageTestEngine.executeAllChildren(VintageTestEngine.java:80)
	org.junit.vintage.engine.VintageTestEngine.execute(VintageTestEngine.java:71)
	org.junit.platform.launcher.core.DefaultLauncher.execute(DefaultLauncher.java:229)
	org.junit.platform.launcher.core.DefaultLauncher.lambda$execute$6(DefaultLauncher.java:197)
	org.junit.platform.launcher.core.DefaultLauncher.withInterceptedStreams(DefaultLauncher.java:211)
	org.junit.platform.launcher.core.DefaultLauncher.execute(DefaultLauncher.java:191)
	org.junit.platform.launcher.core.DefaultLauncher.execute(DefaultLauncher.java:128)
	org.gradle.api.internal.tasks.testing.junitplatform.JUnitPlatformTestClassProcessor$CollectAllTestClassesExecutor.processAllTestClasses(JUnitPlatformTestClassProcessor.java:102)
	org.gradle.api.internal.tasks.testing.junitplatform.JUnitPlatformTestClassProcessor$CollectAllTestClassesExecutor.access$000(JUnitPlatformTestClassProcessor.java:82)
	org.gradle.api.internal.tasks.testing.junitplatform.JUnitPlatformTestClassProcessor.stop(JUnitPlatformTestClassProcessor.java:78)
	org.gradle.api.internal.tasks.testing.SuiteTestClassProcessor.stop(SuiteTestClassProcessor.java:61)
	sun.reflect.NativeMethodAccessorImpl.invoke0(Native Method)
	sun.reflect.NativeMethodAccessorImpl.invoke(NativeMethodAccessorImpl.java:62)
	sun.reflect.DelegatingMethodAccessorImpl.invoke(DelegatingMethodAccessorImpl.java:43)
	java.lang.reflect.Method.invoke(Method.java:497)
	org.gradle.internal.dispatch.ReflectionDispatch.dispatch(ReflectionDispatch.java:35)
	org.gradle.internal.dispatch.ReflectionDispatch.dispatch(ReflectionDispatch.java:24)
	org.gradle.internal.dispatch.ContextClassLoaderDispatch.dispatch(ContextClassLoaderDispatch.java:32)
	org.gradle.internal.dispatch.ProxyDispatchAdapter$DispatchingInvocationHandler.invoke(ProxyDispatchAdapter.java:93)
	com.sun.proxy.$Proxy2.stop(Unknown Source)
	org.gradle.api.internal.tasks.testing.worker.TestWorker.stop(TestWorker.java:132)
	sun.reflect.NativeMethodAccessorImpl.invoke0(Native Method)
	sun.reflect.NativeMethodAccessorImpl.invoke(NativeMethodAccessorImpl.java:62)
	sun.reflect.DelegatingMethodAccessorImpl.invoke(DelegatingMethodAccessorImpl.java:43)
	java.lang.reflect.Method.invoke(Method.java:497)
	org.gradle.internal.dispatch.ReflectionDispatch.dispatch(ReflectionDispatch.java:35)
	org.gradle.internal.dispatch.ReflectionDispatch.dispatch(ReflectionDispatch.java:24)
	org.gradle.internal.remote.internal.hub.MessageHubBackedObjectConnection$DispatchWrapper.dispatch(MessageHubBackedObjectConnection.java:175)
	org.gradle.internal.remote.internal.hub.MessageHubBackedObjectConnection$DispatchWrapper.dispatch(MessageHubBackedObjectConnection.java:157)
	org.gradle.internal.remote.internal.hub.MessageHub$Handler.run(MessageHub.java:404)
	org.gradle.internal.concurrent.ExecutorPolicy$CatchAndRecordFailures.onExecute(ExecutorPolicy.java:63)
	org.gradle.internal.concurrent.ManagedExecutorImpl$1.run(ManagedExecutorImpl.java:46)
	java.util.concurrent.ThreadPoolExecutor.runWorker(ThreadPoolExecutor.java:1142)
	java.util.concurrent.ThreadPoolExecutor$Worker.run(ThreadPoolExecutor.java:617)
	org.gradle.internal.concurrent.ThreadFactoryImpl$ManagedThreadRunnable.run(ThreadFactoryImpl.java:55)
	java.lang.Thread.run(Thread.java:745)
: 4 leak records were discarded because the leak record count is targeted to 4. Use system property io.netty.leakDetection.targetRecords to increase the limit.
01:35:01.229 [Test worker] ERROR i.n.u.ResourceLeakDetector - LEAK: ByteBuf.release() was not called before it's garbage-collected. See http://netty.io/wiki/reference-counted-objects.html for more information.
Recent access records: 
#1:
	io.netty.buffer.AdvancedLeakAwareByteBuf.toString(AdvancedLeakAwareByteBuf.java:742)
	io.rsocket.Payload.getMetadataUtf8(Payload.java:98)
	org.springframework.messaging.rsocket.DefaultRSocketRequesterTests.testSendMono(DefaultRSocketRequesterTests.java:94)
	org.springframework.messaging.rsocket.DefaultRSocketRequesterTests.sendMono(DefaultRSocketRequesterTests.java:81)
	sun.reflect.NativeMethodAccessorImpl.invoke0(Native Method)
	sun.reflect.NativeMethodAccessorImpl.invoke(NativeMethodAccessorImpl.java:62)
	sun.reflect.DelegatingMethodAccessorImpl.invoke(DelegatingMethodAccessorImpl.java:43)
	java.lang.reflect.Method.invoke(Method.java:497)
	org.junit.runners.model.FrameworkMethod$1.runReflectiveCall(FrameworkMethod.java:59)
	org.junit.internal.runners.model.ReflectiveCallable.run(ReflectiveCallable.java:12)
	org.junit.runners.model.FrameworkMethod.invokeExplosively(FrameworkMethod.java:56)
	org.junit.internal.runners.statements.InvokeMethod.evaluate(InvokeMethod.java:17)
	org.junit.internal.runners.statements.RunBefores.evaluate(RunBefores.java:26)
	org.junit.runners.ParentRunner$3.evaluate(ParentRunner.java:305)
	org.junit.runners.BlockJUnit4ClassRunner$1.evaluate(BlockJUnit4ClassRunner.java:100)
	org.junit.runners.ParentRunner.runLeaf(ParentRunner.java:365)
	org.junit.runners.BlockJUnit4ClassRunner.runChild(BlockJUnit4ClassRunner.java:103)
	org.junit.runners.BlockJUnit4ClassRunner.runChild(BlockJUnit4ClassRunner.java:63)
	org.junit.runners.ParentRunner$4.run(ParentRunner.java:330)
	org.junit.runners.ParentRunner$1.schedule(ParentRunner.java:78)
	org.junit.runners.ParentRunner.runChildren(ParentRunner.java:328)
	org.junit.runners.ParentRunner.access$100(ParentRunner.java:65)
	org.junit.runners.ParentRunner$2.evaluate(ParentRunner.java:292)
	org.junit.runners.ParentRunner$3.evaluate(ParentRunner.java:305)
	org.junit.runners.ParentRunner.run(ParentRunner.java:412)
	org.junit.runner.JUnitCore.run(JUnitCore.java:137)
	org.junit.runner.JUnitCore.run(JUnitCore.java:115)
	org.junit.vintage.engine.execution.RunnerExecutor.execute(RunnerExecutor.java:40)
	java.util.stream.ForEachOps$ForEachOp$OfRef.accept(ForEachOps.java:184)
	java.util.stream.ReferencePipeline$3$1.accept(ReferencePipeline.java:193)
	java.util.Iterator.forEachRemaining(Iterator.java:116)
	java.util.Spliterators$IteratorSpliterator.forEachRemaining(Spliterators.java:1801)
	java.util.stream.AbstractPipeline.copyInto(AbstractPipeline.java:481)
	java.util.stream.AbstractPipeline.wrapAndCopyInto(AbstractPipeline.java:471)
	java.util.stream.ForEachOps$ForEachOp.evaluateSequential(ForEachOps.java:151)
	java.util.stream.ForEachOps$ForEachOp$OfRef.evaluateSequential(ForEachOps.java:174)
	java.util.stream.AbstractPipeline.evaluate(AbstractPipeline.java:234)
	java.util.stream.ReferencePipeline.forEach(ReferencePipeline.java:418)
	org.junit.vintage.engine.VintageTestEngine.executeAllChildren(VintageTestEngine.java:80)
	org.junit.vintage.engine.VintageTestEngine.execute(VintageTestEngine.java:71)
	org.junit.platform.launcher.core.DefaultLauncher.execute(DefaultLauncher.java:229)
	org.junit.platform.launcher.core.DefaultLauncher.lambda$execute$6(DefaultLauncher.java:197)
	org.junit.platform.launcher.core.DefaultLauncher.withInterceptedStreams(DefaultLauncher.java:211)
	org.junit.platform.launcher.core.DefaultLauncher.execute(DefaultLauncher.java:191)
	org.junit.platform.launcher.core.DefaultLauncher.execute(DefaultLauncher.java:128)
	org.gradle.api.internal.tasks.testing.junitplatform.JUnitPlatformTestClassProcessor$CollectAllTestClassesExecutor.processAllTestClasses(JUnitPlatformTestClassProcessor.java:102)
	org.gradle.api.internal.tasks.testing.junitplatform.JUnitPlatformTestClassProcessor$CollectAllTestClassesExecutor.access$000(JUnitPlatformTestClassProcessor.java:82)
	org.gradle.api.internal.tasks.testing.junitplatform.JUnitPlatformTestClassProcessor.stop(JUnitPlatformTestClassProcessor.java:78)
	org.gradle.api.internal.tasks.testing.SuiteTestClassProcessor.stop(SuiteTestClassProcessor.java:61)
	sun.reflect.NativeMethodAccessorImpl.invoke0(Native Method)
	sun.reflect.NativeMethodAccessorImpl.invoke(NativeMethodAccessorImpl.java:62)
	sun.reflect.DelegatingMethodAccessorImpl.invoke(DelegatingMethodAccessorImpl.java:43)
	java.lang.reflect.Method.invoke(Method.java:497)
	org.gradle.internal.dispatch.ReflectionDispatch.dispatch(ReflectionDispatch.java:35)
	org.gradle.internal.dispatch.ReflectionDispatch.dispatch(ReflectionDispatch.java:24)
	org.gradle.internal.dispatch.ContextClassLoaderDispatch.dispatch(ContextClassLoaderDispatch.java:32)
	org.gradle.internal.dispatch.ProxyDispatchAdapter$DispatchingInvocationHandler.invoke(ProxyDispatchAdapter.java:93)
	com.sun.proxy.$Proxy2.stop(Unknown Source)
	org.gradle.api.internal.tasks.testing.worker.TestWorker.stop(TestWorker.java:132)
	sun.reflect.NativeMethodAccessorImpl.invoke0(Native Method)
	sun.reflect.NativeMethodAccessorImpl.invoke(NativeMethodAccessorImpl.java:62)
	sun.reflect.DelegatingMethodAccessorImpl.invoke(DelegatingMethodAccessorImpl.java:43)
	java.lang.reflect.Method.invoke(Method.java:497)
	org.gradle.internal.dispatch.ReflectionDispatch.dispatch(ReflectionDispatch.java:35)
	org.gradle.internal.dispatch.ReflectionDispatch.dispatch(ReflectionDispatch.java:24)
	org.gradle.internal.remote.internal.hub.MessageHubBackedObjectConnection$DispatchWrapper.dispatch(MessageHubBackedObjectConnection.java:175)
	org.gradle.internal.remote.internal.hub.MessageHubBackedObjectConnection$DispatchWrapper.dispatch(MessageHubBackedObjectConnection.java:157)
	org.gradle.internal.remote.internal.hub.MessageHub$Handler.run(MessageHub.java:404)
	org.gradle.internal.concurrent.ExecutorPolicy$CatchAndRecordFailures.onExecute(ExecutorPolicy.java:63)
	org.gradle.internal.concurrent.ManagedExecutorImpl$1.run(ManagedExecutorImpl.java:46)
	java.util.concurrent.ThreadPoolExecutor.runWorker(ThreadPoolExecutor.java:1142)
	java.util.concurrent.ThreadPoolExecutor$Worker.run(ThreadPoolExecutor.java:617)
	org.gradle.internal.concurrent.ThreadFactoryImpl$ManagedThreadRunnable.run(ThreadFactoryImpl.java:55)
	java.lang.Thread.run(Thread.java:745)
#2:
	io.netty.buffer.AdvancedLeakAwareByteBuf.slice(AdvancedLeakAwareByteBuf.java:76)
	io.rsocket.util.ByteBufPayload.sliceMetadata(ByteBufPayload.java:134)
	io.rsocket.Payload.getMetadataUtf8(Payload.java:98)
	org.springframework.messaging.rsocket.DefaultRSocketRequesterTests.testSendMono(DefaultRSocketRequesterTests.java:94)
	org.springframework.messaging.rsocket.DefaultRSocketRequesterTests.sendMono(DefaultRSocketRequesterTests.java:81)
	sun.reflect.NativeMethodAccessorImpl.invoke0(Native Method)
	sun.reflect.NativeMethodAccessorImpl.invoke(NativeMethodAccessorImpl.java:62)
	sun.reflect.DelegatingMethodAccessorImpl.invoke(DelegatingMethodAccessorImpl.java:43)
	java.lang.reflect.Method.invoke(Method.java:497)
	org.junit.runners.model.FrameworkMethod$1.runReflectiveCall(FrameworkMethod.java:59)
	org.junit.internal.runners.model.ReflectiveCallable.run(ReflectiveCallable.java:12)
	org.junit.runners.model.FrameworkMethod.invokeExplosively(FrameworkMethod.java:56)
	org.junit.internal.runners.statements.InvokeMethod.evaluate(InvokeMethod.java:17)
	org.junit.internal.runners.statements.RunBefores.evaluate(RunBefores.java:26)
	org.junit.runners.ParentRunner$3.evaluate(ParentRunner.java:305)
	org.junit.runners.BlockJUnit4ClassRunner$1.evaluate(BlockJUnit4ClassRunner.java:100)
	org.junit.runners.ParentRunner.runLeaf(ParentRunner.java:365)
	org.junit.runners.BlockJUnit4ClassRunner.runChild(BlockJUnit4ClassRunner.java:103)
	org.junit.runners.BlockJUnit4ClassRunner.runChild(BlockJUnit4ClassRunner.java:63)
	org.junit.runners.ParentRunner$4.run(ParentRunner.java:330)
	org.junit.runners.ParentRunner$1.schedule(ParentRunner.java:78)
	org.junit.runners.ParentRunner.runChildren(ParentRunner.java:328)
	org.junit.runners.ParentRunner.access$100(ParentRunner.java:65)
	org.junit.runners.ParentRunner$2.evaluate(ParentRunner.java:292)
	org.junit.runners.ParentRunner$3.evaluate(ParentRunner.java:305)
	org.junit.runners.ParentRunner.run(ParentRunner.java:412)
	org.junit.runner.JUnitCore.run(JUnitCore.java:137)
	org.junit.runner.JUnitCore.run(JUnitCore.java:115)
	org.junit.vintage.engine.execution.RunnerExecutor.execute(RunnerExecutor.java:40)
	java.util.stream.ForEachOps$ForEachOp$OfRef.accept(ForEachOps.java:184)
	java.util.stream.ReferencePipeline$3$1.accept(ReferencePipeline.java:193)
	java.util.Iterator.forEachRemaining(Iterator.java:116)
	java.util.Spliterators$IteratorSpliterator.forEachRemaining(Spliterators.java:1801)
	java.util.stream.AbstractPipeline.copyInto(AbstractPipeline.java:481)
	java.util.stream.AbstractPipeline.wrapAndCopyInto(AbstractPipeline.java:471)
	java.util.stream.ForEachOps$ForEachOp.evaluateSequential(ForEachOps.java:151)
	java.util.stream.ForEachOps$ForEachOp$OfRef.evaluateSequential(ForEachOps.java:174)
	java.util.stream.AbstractPipeline.evaluate(AbstractPipeline.java:234)
	java.util.stream.ReferencePipeline.forEach(ReferencePipeline.java:418)
	org.junit.vintage.engine.VintageTestEngine.executeAllChildren(VintageTestEngine.java:80)
	org.junit.vintage.engine.VintageTestEngine.execute(VintageTestEngine.java:71)
	org.junit.platform.launcher.core.DefaultLauncher.execute(DefaultLauncher.java:229)
	org.junit.platform.launcher.core.DefaultLauncher.lambda$execute$6(DefaultLauncher.java:197)
	org.junit.platform.launcher.core.DefaultLauncher.withInterceptedStreams(DefaultLauncher.java:211)
	org.junit.platform.launcher.core.DefaultLauncher.execute(DefaultLauncher.java:191)
	org.junit.platform.launcher.core.DefaultLauncher.execute(DefaultLauncher.java:128)
	org.gradle.api.internal.tasks.testing.junitplatform.JUnitPlatformTestClassProcessor$CollectAllTestClassesExecutor.processAllTestClasses(JUnitPlatformTestClassProcessor.java:102)
	org.gradle.api.internal.tasks.testing.junitplatform.JUnitPlatformTestClassProcessor$CollectAllTestClassesExecutor.access$000(JUnitPlatformTestClassProcessor.java:82)
	org.gradle.api.internal.tasks.testing.junitplatform.JUnitPlatformTestClassProcessor.stop(JUnitPlatformTestClassProcessor.java:78)
	org.gradle.api.internal.tasks.testing.SuiteTestClassProcessor.stop(SuiteTestClassProcessor.java:61)
	sun.reflect.NativeMethodAccessorImpl.invoke0(Native Method)
	sun.reflect.NativeMethodAccessorImpl.invoke(NativeMethodAccessorImpl.java:62)
	sun.reflect.DelegatingMethodAccessorImpl.invoke(DelegatingMethodAccessorImpl.java:43)
	java.lang.reflect.Method.invoke(Method.java:497)
	org.gradle.internal.dispatch.ReflectionDispatch.dispatch(ReflectionDispatch.java:35)
	org.gradle.internal.dispatch.ReflectionDispatch.dispatch(ReflectionDispatch.java:24)
	org.gradle.internal.dispatch.ContextClassLoaderDispatch.dispatch(ContextClassLoaderDispatch.java:32)
	org.gradle.internal.dispatch.ProxyDispatchAdapter$DispatchingInvocationHandler.invoke(ProxyDispatchAdapter.java:93)
	com.sun.proxy.$Proxy2.stop(Unknown Source)
	org.gradle.api.internal.tasks.testing.worker.TestWorker.stop(TestWorker.java:132)
	sun.reflect.NativeMethodAccessorImpl.invoke0(Native Method)
	sun.reflect.NativeMethodAccessorImpl.invoke(NativeMethodAccessorImpl.java:62)
	sun.reflect.DelegatingMethodAccessorImpl.invoke(DelegatingMethodAccessorImpl.java:43)
	java.lang.reflect.Method.invoke(Method.java:497)
	org.gradle.internal.dispatch.ReflectionDispatch.dispatch(ReflectionDispatch.java:35)
	org.gradle.internal.dispatch.ReflectionDispatch.dispatch(ReflectionDispatch.java:24)
	org.gradle.internal.remote.internal.hub.MessageHubBackedObjectConnection$DispatchWrapper.dispatch(MessageHubBackedObjectConnection.java:175)
	org.gradle.internal.remote.internal.hub.MessageHubBackedObjectConnection$DispatchWrapper.dispatch(MessageHubBackedObjectConnection.java:157)
	org.gradle.internal.remote.internal.hub.MessageHub$Handler.run(MessageHub.java:404)
	org.gradle.internal.concurrent.ExecutorPolicy$CatchAndRecordFailures.onExecute(ExecutorPolicy.java:63)
	org.gradle.internal.concurrent.ManagedExecutorImpl$1.run(ManagedExecutorImpl.java:46)
	java.util.concurrent.ThreadPoolExecutor.runWorker(ThreadPoolExecutor.java:1142)
	java.util.concurrent.ThreadPoolExecutor$Worker.run(ThreadPoolExecutor.java:617)
	org.gradle.internal.concurrent.ThreadFactoryImpl$ManagedThreadRunnable.run(ThreadFactoryImpl.java:55)
	java.lang.Thread.run(Thread.java:745)
Created at:
	io.netty.buffer.PooledByteBufAllocator.newDirectBuffer(PooledByteBufAllocator.java:349)
	io.netty.buffer.AbstractByteBufAllocator.directBuffer(AbstractByteBufAllocator.java:187)
	io.netty.buffer.AbstractByteBufAllocator.directBuffer(AbstractByteBufAllocator.java:178)
	io.netty.buffer.AbstractByteBufAllocator.buffer(AbstractByteBufAllocator.java:115)
	org.springframework.core.io.buffer.NettyDataBufferFactory.allocateBuffer(NettyDataBufferFactory.java:71)
	org.springframework.core.io.buffer.NettyDataBufferFactory.allocateBuffer(NettyDataBufferFactory.java:39)
	org.springframework.core.codec.CharSequenceEncoder.encodeValue(CharSequenceEncoder.java:91)
	org.springframework.core.codec.CharSequenceEncoder.encodeValue(CharSequenceEncoder.java:47)
	org.springframework.messaging.rsocket.MetadataEncoder.encodeEntry(MetadataEncoder.java:229)
	org.springframework.messaging.rsocket.MetadataEncoder.encode(MetadataEncoder.java:197)
	org.springframework.messaging.rsocket.DefaultRSocketRequester$DefaultRequestSpec.firstPayload(DefaultRSocketRequester.java:232)
	reactor.core.publisher.FluxMap$MapSubscriber.onNext(FluxMap.java:100)
	reactor.core.publisher.FluxMap$MapSubscriber.onNext(FluxMap.java:114)
	reactor.core.publisher.MonoNext$NextSubscriber.onNext(MonoNext.java:76)
	io.reactivex.internal.util.HalfSerializer.onNext(HalfSerializer.java:45)
	io.reactivex.internal.subscribers.StrictSubscriber.onNext(StrictSubscriber.java:97)
	io.reactivex.internal.subscriptions.DeferredScalarSubscription.complete(DeferredScalarSubscription.java:132)
	io.reactivex.internal.operators.single.SingleToFlowable$SingleToFlowableObserver.onSuccess(SingleToFlowable.java:62)
	io.reactivex.internal.operators.single.SingleMap$MapSingleObserver.onSuccess(SingleMap.java:64)
	io.reactivex.internal.operators.single.SingleTimer$TimerDisposable.run(SingleTimer.java:56)
	io.reactivex.internal.schedulers.ScheduledDirectTask.call(ScheduledDirectTask.java:38)
	io.reactivex.internal.schedulers.ScheduledDirectTask.call(ScheduledDirectTask.java:26)
	java.util.concurrent.FutureTask.run(FutureTask.java:266)
	java.util.concurrent.ScheduledThreadPoolExecutor$ScheduledFutureTask.access$201(ScheduledThreadPoolExecutor.java:180)
	java.util.concurrent.ScheduledThreadPoolExecutor$ScheduledFutureTask.run(ScheduledThreadPoolExecutor.java:293)
	java.util.concurrent.ThreadPoolExecutor.runWorker(ThreadPoolExecutor.java:1142)
	java.util.concurrent.ThreadPoolExecutor$Worker.run(ThreadPoolExecutor.java:617)
	java.lang.Thread.run(Thread.java:745)
01:35:01.230 [Test worker] ERROR i.n.u.ResourceLeakDetector - LEAK: ByteBuf.release() was not called before it's garbage-collected. See http://netty.io/wiki/reference-counted-objects.html for more information.
Recent access records: 
#1:
	io.netty.buffer.AdvancedLeakAwareByteBuf.toString(AdvancedLeakAwareByteBuf.java:742)
	io.rsocket.Payload.getMetadataUtf8(Payload.java:98)
	org.springframework.messaging.rsocket.DefaultRSocketRequesterTests.testSendMono(DefaultRSocketRequesterTests.java:94)
	org.springframework.messaging.rsocket.DefaultRSocketRequesterTests.sendMono(DefaultRSocketRequesterTests.java:86)
	sun.reflect.NativeMethodAccessorImpl.invoke0(Native Method)
	sun.reflect.NativeMethodAccessorImpl.invoke(NativeMethodAccessorImpl.java:62)
	sun.reflect.DelegatingMethodAccessorImpl.invoke(DelegatingMethodAccessorImpl.java:43)
	java.lang.reflect.Method.invoke(Method.java:497)
	org.junit.runners.model.FrameworkMethod$1.runReflectiveCall(FrameworkMethod.java:59)
	org.junit.internal.runners.model.ReflectiveCallable.run(ReflectiveCallable.java:12)
	org.junit.runners.model.FrameworkMethod.invokeExplosively(FrameworkMethod.java:56)
	org.junit.internal.runners.statements.InvokeMethod.evaluate(InvokeMethod.java:17)
	org.junit.internal.runners.statements.RunBefores.evaluate(RunBefores.java:26)
	org.junit.runners.ParentRunner$3.evaluate(ParentRunner.java:305)
	org.junit.runners.BlockJUnit4ClassRunner$1.evaluate(BlockJUnit4ClassRunner.java:100)
	org.junit.runners.ParentRunner.runLeaf(ParentRunner.java:365)
	org.junit.runners.BlockJUnit4ClassRunner.runChild(BlockJUnit4ClassRunner.java:103)
	org.junit.runners.BlockJUnit4ClassRunner.runChild(BlockJUnit4ClassRunner.java:63)
	org.junit.runners.ParentRunner$4.run(ParentRunner.java:330)
	org.junit.runners.ParentRunner$1.schedule(ParentRunner.java:78)
	org.junit.runners.ParentRunner.runChildren(ParentRunner.java:328)
	org.junit.runners.ParentRunner.access$100(ParentRunner.java:65)
	org.junit.runners.ParentRunner$2.evaluate(ParentRunner.java:292)
	org.junit.runners.ParentRunner$3.evaluate(ParentRunner.java:305)
	org.junit.runners.ParentRunner.run(ParentRunner.java:412)
	org.junit.runner.JUnitCore.run(JUnitCore.java:137)
	org.junit.runner.JUnitCore.run(JUnitCore.java:115)
	org.junit.vintage.engine.execution.RunnerExecutor.execute(RunnerExecutor.java:40)
	java.util.stream.ForEachOps$ForEachOp$OfRef.accept(ForEachOps.java:184)
	java.util.stream.ReferencePipeline$3$1.accept(ReferencePipeline.java:193)
	java.util.Iterator.forEachRemaining(Iterator.java:116)
	java.util.Spliterators$IteratorSpliterator.forEachRemaining(Spliterators.java:1801)
	java.util.stream.AbstractPipeline.copyInto(AbstractPipeline.java:481)
	java.util.stream.AbstractPipeline.wrapAndCopyInto(AbstractPipeline.java:471)
	java.util.stream.ForEachOps$ForEachOp.evaluateSequential(ForEachOps.java:151)
	java.util.stream.ForEachOps$ForEachOp$OfRef.evaluateSequential(ForEachOps.java:174)
	java.util.stream.AbstractPipeline.evaluate(AbstractPipeline.java:234)
	java.util.stream.ReferencePipeline.forEach(ReferencePipeline.java:418)
	org.junit.vintage.engine.VintageTestEngine.executeAllChildren(VintageTestEngine.java:80)
	org.junit.vintage.engine.VintageTestEngine.execute(VintageTestEngine.java:71)
	org.junit.platform.launcher.core.DefaultLauncher.execute(DefaultLauncher.java:229)
	org.junit.platform.launcher.core.DefaultLauncher.lambda$execute$6(DefaultLauncher.java:197)
	org.junit.platform.launcher.core.DefaultLauncher.withInterceptedStreams(DefaultLauncher.java:211)
	org.junit.platform.launcher.core.DefaultLauncher.execute(DefaultLauncher.java:191)
	org.junit.platform.launcher.core.DefaultLauncher.execute(DefaultLauncher.java:128)
	org.gradle.api.internal.tasks.testing.junitplatform.JUnitPlatformTestClassProcessor$CollectAllTestClassesExecutor.processAllTestClasses(JUnitPlatformTestClassProcessor.java:102)
	org.gradle.api.internal.tasks.testing.junitplatform.JUnitPlatformTestClassProcessor$CollectAllTestClassesExecutor.access$000(JUnitPlatformTestClassProcessor.java:82)
	org.gradle.api.internal.tasks.testing.junitplatform.JUnitPlatformTestClassProcessor.stop(JUnitPlatformTestClassProcessor.java:78)
	org.gradle.api.internal.tasks.testing.SuiteTestClassProcessor.stop(SuiteTestClassProcessor.java:61)
	sun.reflect.NativeMethodAccessorImpl.invoke0(Native Method)
	sun.reflect.NativeMethodAccessorImpl.invoke(NativeMethodAccessorImpl.java:62)
	sun.reflect.DelegatingMethodAccessorImpl.invoke(DelegatingMethodAccessorImpl.java:43)
	java.lang.reflect.Method.invoke(Method.java:497)
	org.gradle.internal.dispatch.ReflectionDispatch.dispatch(ReflectionDispatch.java:35)
	org.gradle.internal.dispatch.ReflectionDispatch.dispatch(ReflectionDispatch.java:24)
	org.gradle.internal.dispatch.ContextClassLoaderDispatch.dispatch(ContextClassLoaderDispatch.java:32)
	org.gradle.internal.dispatch.ProxyDispatchAdapter$DispatchingInvocationHandler.invoke(ProxyDispatchAdapter.java:93)
	com.sun.proxy.$Proxy2.stop(Unknown Source)
	org.gradle.api.internal.tasks.testing.worker.TestWorker.stop(TestWorker.java:132)
	sun.reflect.NativeMethodAccessorImpl.invoke0(Native Method)
	sun.reflect.NativeMethodAccessorImpl.invoke(NativeMethodAccessorImpl.java:62)
	sun.reflect.DelegatingMethodAccessorImpl.invoke(DelegatingMethodAccessorImpl.java:43)
	java.lang.reflect.Method.invoke(Method.java:497)
	org.gradle.internal.dispatch.ReflectionDispatch.dispatch(ReflectionDispatch.java:35)
	org.gradle.internal.dispatch.ReflectionDispatch.dispatch(ReflectionDispatch.java:24)
	org.gradle.internal.remote.internal.hub.MessageHubBackedObjectConnection$DispatchWrapper.dispatch(MessageHubBackedObjectConnection.java:175)
	org.gradle.internal.remote.internal.hub.MessageHubBackedObjectConnection$DispatchWrapper.dispatch(MessageHubBackedObjectConnection.java:157)
	org.gradle.internal.remote.internal.hub.MessageHub$Handler.run(MessageHub.java:404)
	org.gradle.internal.concurrent.ExecutorPolicy$CatchAndRecordFailures.onExecute(ExecutorPolicy.java:63)
	org.gradle.internal.concurrent.ManagedExecutorImpl$1.run(ManagedExecutorImpl.java:46)
	java.util.concurrent.ThreadPoolExecutor.runWorker(ThreadPoolExecutor.java:1142)
	java.util.concurrent.ThreadPoolExecutor$Worker.run(ThreadPoolExecutor.java:617)
	org.gradle.internal.concurrent.ThreadFactoryImpl$ManagedThreadRunnable.run(ThreadFactoryImpl.java:55)
	java.lang.Thread.run(Thread.java:745)
#2:
	io.netty.buffer.AdvancedLeakAwareByteBuf.slice(AdvancedLeakAwareByteBuf.java:76)
	io.rsocket.util.ByteBufPayload.sliceMetadata(ByteBufPayload.java:134)
	io.rsocket.Payload.getMetadataUtf8(Payload.java:98)
	org.springframework.messaging.rsocket.DefaultRSocketRequesterTests.testSendMono(DefaultRSocketRequesterTests.java:94)
	org.springframework.messaging.rsocket.DefaultRSocketRequesterTests.sendMono(DefaultRSocketRequesterTests.java:86)
	sun.reflect.NativeMethodAccessorImpl.invoke0(Native Method)
	sun.reflect.NativeMethodAccessorImpl.invoke(NativeMethodAccessorImpl.java:62)
	sun.reflect.DelegatingMethodAccessorImpl.invoke(DelegatingMethodAccessorImpl.java:43)
	java.lang.reflect.Method.invoke(Method.java:497)
	org.junit.runners.model.FrameworkMethod$1.runReflectiveCall(FrameworkMethod.java:59)
	org.junit.internal.runners.model.ReflectiveCallable.run(ReflectiveCallable.java:12)
	org.junit.runners.model.FrameworkMethod.invokeExplosively(FrameworkMethod.java:56)
	org.junit.internal.runners.statements.InvokeMethod.evaluate(InvokeMethod.java:17)
	org.junit.internal.runners.statements.RunBefores.evaluate(RunBefores.java:26)
	org.junit.runners.ParentRunner$3.evaluate(ParentRunner.java:305)
	org.junit.runners.BlockJUnit4ClassRunner$1.evaluate(BlockJUnit4ClassRunner.java:100)
	org.junit.runners.ParentRunner.runLeaf(ParentRunner.java:365)
	org.junit.runners.BlockJUnit4ClassRunner.runChild(BlockJUnit4ClassRunner.java:103)
	org.junit.runners.BlockJUnit4ClassRunner.runChild(BlockJUnit4ClassRunner.java:63)
	org.junit.runners.ParentRunner$4.run(ParentRunner.java:330)
	org.junit.runners.ParentRunner$1.schedule(ParentRunner.java:78)
	org.junit.runners.ParentRunner.runChildren(ParentRunner.java:328)
	org.junit.runners.ParentRunner.access$100(ParentRunner.java:65)
	org.junit.runners.ParentRunner$2.evaluate(ParentRunner.java:292)
	org.junit.runners.ParentRunner$3.evaluate(ParentRunner.java:305)
	org.junit.runners.ParentRunner.run(ParentRunner.java:412)
	org.junit.runner.JUnitCore.run(JUnitCore.java:137)
	org.junit.runner.JUnitCore.run(JUnitCore.java:115)
	org.junit.vintage.engine.execution.RunnerExecutor.execute(RunnerExecutor.java:40)
	java.util.stream.ForEachOps$ForEachOp$OfRef.accept(ForEachOps.java:184)
	java.util.stream.ReferencePipeline$3$1.accept(ReferencePipeline.java:193)
	java.util.Iterator.forEachRemaining(Iterator.java:116)
	java.util.Spliterators$IteratorSpliterator.forEachRemaining(Spliterators.java:1801)
	java.util.stream.AbstractPipeline.copyInto(AbstractPipeline.java:481)
	java.util.stream.AbstractPipeline.wrapAndCopyInto(AbstractPipeline.java:471)
	java.util.stream.ForEachOps$ForEachOp.evaluateSequential(ForEachOps.java:151)
	java.util.stream.ForEachOps$ForEachOp$OfRef.evaluateSequential(ForEachOps.java:174)
	java.util.stream.AbstractPipeline.evaluate(AbstractPipeline.java:234)
	java.util.stream.ReferencePipeline.forEach(ReferencePipeline.java:418)
	org.junit.vintage.engine.VintageTestEngine.executeAllChildren(VintageTestEngine.java:80)
	org.junit.vintage.engine.VintageTestEngine.execute(VintageTestEngine.java:71)
	org.junit.platform.launcher.core.DefaultLauncher.execute(DefaultLauncher.java:229)
	org.junit.platform.launcher.core.DefaultLauncher.lambda$execute$6(DefaultLauncher.java:197)
	org.junit.platform.launcher.core.DefaultLauncher.withInterceptedStreams(DefaultLauncher.java:211)
	org.junit.platform.launcher.core.DefaultLauncher.execute(DefaultLauncher.java:191)
	org.junit.platform.launcher.core.DefaultLauncher.execute(DefaultLauncher.java:128)
	org.gradle.api.internal.tasks.testing.junitplatform.JUnitPlatformTestClassProcessor$CollectAllTestClassesExecutor.processAllTestClasses(JUnitPlatformTestClassProcessor.java:102)
	org.gradle.api.internal.tasks.testing.junitplatform.JUnitPlatformTestClassProcessor$CollectAllTestClassesExecutor.access$000(JUnitPlatformTestClassProcessor.java:82)
	org.gradle.api.internal.tasks.testing.junitplatform.JUnitPlatformTestClassProcessor.stop(JUnitPlatformTestClassProcessor.java:78)
	org.gradle.api.internal.tasks.testing.SuiteTestClassProcessor.stop(SuiteTestClassProcessor.java:61)
	sun.reflect.NativeMethodAccessorImpl.invoke0(Native Method)
	sun.reflect.NativeMethodAccessorImpl.invoke(NativeMethodAccessorImpl.java:62)
	sun.reflect.DelegatingMethodAccessorImpl.invoke(DelegatingMethodAccessorImpl.java:43)
	java.lang.reflect.Method.invoke(Method.java:497)
	org.gradle.internal.dispatch.ReflectionDispatch.dispatch(ReflectionDispatch.java:35)
	org.gradle.internal.dispatch.ReflectionDispatch.dispatch(ReflectionDispatch.java:24)
	org.gradle.internal.dispatch.ContextClassLoaderDispatch.dispatch(ContextClassLoaderDispatch.java:32)
	org.gradle.internal.dispatch.ProxyDispatchAdapter$DispatchingInvocationHandler.invoke(ProxyDispatchAdapter.java:93)
	com.sun.proxy.$Proxy2.stop(Unknown Source)
	org.gradle.api.internal.tasks.testing.worker.TestWorker.stop(TestWorker.java:132)
	sun.reflect.NativeMethodAccessorImpl.invoke0(Native Method)
	sun.reflect.NativeMethodAccessorImpl.invoke(NativeMethodAccessorImpl.java:62)
	sun.reflect.DelegatingMethodAccessorImpl.invoke(DelegatingMethodAccessorImpl.java:43)
	java.lang.reflect.Method.invoke(Method.java:497)
	org.gradle.internal.dispatch.ReflectionDispatch.dispatch(ReflectionDispatch.java:35)
	org.gradle.internal.dispatch.ReflectionDispatch.dispatch(ReflectionDispatch.java:24)
	org.gradle.internal.remote.internal.hub.MessageHubBackedObjectConnection$DispatchWrapper.dispatch(MessageHubBackedObjectConnection.java:175)
	org.gradle.internal.remote.internal.hub.MessageHubBackedObjectConnection$DispatchWrapper.dispatch(MessageHubBackedObjectConnection.java:157)
	org.gradle.internal.remote.internal.hub.MessageHub$Handler.run(MessageHub.java:404)
	org.gradle.internal.concurrent.ExecutorPolicy$CatchAndRecordFailures.onExecute(ExecutorPolicy.java:63)
	org.gradle.internal.concurrent.ManagedExecutorImpl$1.run(ManagedExecutorImpl.java:46)
	java.util.concurrent.ThreadPoolExecutor.runWorker(ThreadPoolExecutor.java:1142)
	java.util.concurrent.ThreadPoolExecutor$Worker.run(ThreadPoolExecutor.java:617)
	org.gradle.internal.concurrent.ThreadFactoryImpl$ManagedThreadRunnable.run(ThreadFactoryImpl.java:55)
	java.lang.Thread.run(Thread.java:745)
Created at:
	io.netty.buffer.PooledByteBufAllocator.newDirectBuffer(PooledByteBufAllocator.java:349)
	io.netty.buffer.AbstractByteBufAllocator.directBuffer(AbstractByteBufAllocator.java:187)
	io.netty.buffer.AbstractByteBufAllocator.directBuffer(AbstractByteBufAllocator.java:178)
	io.netty.buffer.AbstractByteBufAllocator.buffer(AbstractByteBufAllocator.java:115)
	org.springframework.core.io.buffer.NettyDataBufferFactory.allocateBuffer(NettyDataBufferFactory.java:71)
	org.springframework.core.io.buffer.NettyDataBufferFactory.allocateBuffer(NettyDataBufferFactory.java:39)
	org.springframework.core.codec.CharSequenceEncoder.encodeValue(CharSequenceEncoder.java:91)
	org.springframework.core.codec.CharSequenceEncoder.encodeValue(CharSequenceEncoder.java:47)
	org.springframework.messaging.rsocket.MetadataEncoder.encodeEntry(MetadataEncoder.java:229)
	org.springframework.messaging.rsocket.MetadataEncoder.encode(MetadataEncoder.java:197)
	org.springframework.messaging.rsocket.DefaultRSocketRequester$DefaultRequestSpec.firstPayload(DefaultRSocketRequester.java:232)
	reactor.core.publisher.FluxMap$MapSubscriber.onNext(FluxMap.java:100)
	reactor.core.publisher.FluxMap$MapSubscriber.onNext(FluxMap.java:114)
	reactor.core.publisher.FluxMap$MapSubscriber.onNext(FluxMap.java:114)
	reactor.core.publisher.MonoDelay$MonoDelayRunnable.run(MonoDelay.java:117)
	reactor.core.scheduler.SchedulerTask.call(SchedulerTask.java:68)
	reactor.core.scheduler.SchedulerTask.call(SchedulerTask.java:28)
	java.util.concurrent.FutureTask.run(FutureTask.java:266)
	java.util.concurrent.ScheduledThreadPoolExecutor$ScheduledFutureTask.access$201(ScheduledThreadPoolExecutor.java:180)
	java.util.concurrent.ScheduledThreadPoolExecutor$ScheduledFutureTask.run(ScheduledThreadPoolExecutor.java:293)
	java.util.concurrent.ThreadPoolExecutor.runWorker(ThreadPoolExecutor.java:1142)
	java.util.concurrent.ThreadPoolExecutor$Worker.run(ThreadPoolExecutor.java:617)
	java.lang.Thread.run(Thread.java:745)
01:35:01.230 [Test worker] ERROR i.n.u.ResourceLeakDetector - LEAK: ByteBuf.release() was not called before it's garbage-collected. See http://netty.io/wiki/reference-counted-objects.html for more information.
Recent access records: 
Created at:
	io.netty.buffer.PooledByteBufAllocator.newDirectBuffer(PooledByteBufAllocator.java:349)
	io.netty.buffer.AbstractByteBufAllocator.directBuffer(AbstractByteBufAllocator.java:187)
	io.netty.buffer.AbstractByteBufAllocator.directBuffer(AbstractByteBufAllocator.java:178)
	io.netty.buffer.AbstractByteBufAllocator.buffer(AbstractByteBufAllocator.java:115)
	org.springframework.core.io.buffer.NettyDataBufferFactory.allocateBuffer(NettyDataBufferFactory.java:71)
	org.springframework.core.io.buffer.NettyDataBufferFactory.allocateBuffer(NettyDataBufferFactory.java:39)
	org.springframework.core.codec.CharSequenceEncoder.encodeValue(CharSequenceEncoder.java:91)
	org.springframework.core.codec.CharSequenceEncoder.encodeValue(CharSequenceEncoder.java:47)
	org.springframework.messaging.rsocket.DefaultRSocketRequester$DefaultRequestSpec.encodeData(DefaultRSocketRequester.java:225)
	org.springframework.messaging.rsocket.DefaultRSocketRequester$DefaultRequestSpec.lambda$toResponseSpec$53(DefaultRSocketRequester.java:176)
	reactor.core.publisher.MonoCallable.subscribe(MonoCallable.java:56)
	reactor.core.publisher.Mono.subscribe(Mono.java:3920)
	reactor.core.publisher.Mono.block(Mono.java:1537)
	org.springframework.messaging.rsocket.DefaultRSocketRequesterTests.retrieveMonoVoid(DefaultRSocketRequesterTests.java:150)
	sun.reflect.NativeMethodAccessorImpl.invoke0(Native Method)
	sun.reflect.NativeMethodAccessorImpl.invoke(NativeMethodAccessorImpl.java:62)
	sun.reflect.DelegatingMethodAccessorImpl.invoke(DelegatingMethodAccessorImpl.java:43)
	java.lang.reflect.Method.invoke(Method.java:497)
	org.junit.runners.model.FrameworkMethod$1.runReflectiveCall(FrameworkMethod.java:59)
	org.junit.internal.runners.model.ReflectiveCallable.run(ReflectiveCallable.java:12)
	org.junit.runners.model.FrameworkMethod.invokeExplosively(FrameworkMethod.java:56)
	org.junit.internal.runners.statements.InvokeMethod.evaluate(InvokeMethod.java:17)
	org.junit.internal.runners.statements.RunBefores.evaluate(RunBefores.java:26)
	org.junit.runners.ParentRunner$3.evaluate(ParentRunner.java:305)
	org.junit.runners.BlockJUnit4ClassRunner$1.evaluate(BlockJUnit4ClassRunner.java:100)
	org.junit.runners.ParentRunner.runLeaf(ParentRunner.java:365)
	org.junit.runners.BlockJUnit4ClassRunner.runChild(BlockJUnit4ClassRunner.java:103)
	org.junit.runners.BlockJUnit4ClassRunner.runChild(BlockJUnit4ClassRunner.java:63)
	org.junit.runners.ParentRunner$4.run(ParentRunner.java:330)
	org.junit.runners.ParentRunner$1.schedule(ParentRunner.java:78)
	org.junit.runners.ParentRunner.runChildren(ParentRunner.java:328)
	org.junit.runners.ParentRunner.access$100(ParentRunner.java:65)
	org.junit.runners.ParentRunner$2.evaluate(ParentRunner.java:292)
	org.junit.runners.ParentRunner$3.evaluate(ParentRunner.java:305)
	org.junit.runners.ParentRunner.run(ParentRunner.java:412)
	org.junit.runner.JUnitCore.run(JUnitCore.java:137)
	org.junit.runner.JUnitCore.run(JUnitCore.java:115)
	org.junit.vintage.engine.execution.RunnerExecutor.execute(RunnerExecutor.java:40)
	java.util.stream.ForEachOps$ForEachOp$OfRef.accept(ForEachOps.java:184)
	java.util.stream.ReferencePipeline$3$1.accept(ReferencePipeline.java:193)
	java.util.Iterator.forEachRemaining(Iterator.java:116)
	java.util.Spliterators$IteratorSpliterator.forEachRemaining(Spliterators.java:1801)
	java.util.stream.AbstractPipeline.copyInto(AbstractPipeline.java:481)
	java.util.stream.AbstractPipeline.wrapAndCopyInto(AbstractPipeline.java:471)
	java.util.stream.ForEachOps$ForEachOp.evaluateSequential(ForEachOps.java:151)
	java.util.stream.ForEachOps$ForEachOp$OfRef.evaluateSequential(ForEachOps.java:174)
	java.util.stream.AbstractPipeline.evaluate(AbstractPipeline.java:234)
	java.util.stream.ReferencePipeline.forEach(ReferencePipeline.java:418)
	org.junit.vintage.engine.VintageTestEngine.executeAllChildren(VintageTestEngine.java:80)
	org.junit.vintage.engine.VintageTestEngine.execute(VintageTestEngine.java:71)
	org.junit.platform.launcher.core.DefaultLauncher.execute(DefaultLauncher.java:229)
	org.junit.platform.launcher.core.DefaultLauncher.lambda$execute$6(DefaultLauncher.java:197)
	org.junit.platform.launcher.core.DefaultLauncher.withInterceptedStreams(DefaultLauncher.java:211)
	org.junit.platform.launcher.core.DefaultLauncher.execute(DefaultLauncher.java:191)
	org.junit.platform.launcher.core.DefaultLauncher.execute(DefaultLauncher.java:128)
	org.gradle.api.internal.tasks.testing.junitplatform.JUnitPlatformTestClassProcessor$CollectAllTestClassesExecutor.processAllTestClasses(JUnitPlatformTestClassProcessor.java:102)
	org.gradle.api.internal.tasks.testing.junitplatform.JUnitPlatformTestClassProcessor$CollectAllTestClassesExecutor.access$000(JUnitPlatformTestClassProcessor.java:82)
	org.gradle.api.internal.tasks.testing.junitplatform.JUnitPlatformTestClassProcessor.stop(JUnitPlatformTestClassProcessor.java:78)
	org.gradle.api.internal.tasks.testing.SuiteTestClassProcessor.stop(SuiteTestClassProcessor.java:61)
	sun.reflect.NativeMethodAccessorImpl.invoke0(Native Method)
	sun.reflect.NativeMethodAccessorImpl.invoke(NativeMethodAccessorImpl.java:62)
	sun.reflect.DelegatingMethodAccessorImpl.invoke(DelegatingMethodAccessorImpl.java:43)
	java.lang.reflect.Method.invoke(Method.java:497)
	org.gradle.internal.dispatch.ReflectionDispatch.dispatch(ReflectionDispatch.java:35)
	org.gradle.internal.dispatch.ReflectionDispatch.dispatch(ReflectionDispatch.java:24)
	org.gradle.internal.dispatch.ContextClassLoaderDispatch.dispatch(ContextClassLoaderDispatch.java:32)
	org.gradle.internal.dispatch.ProxyDispatchAdapter$DispatchingInvocationHandler.invoke(ProxyDispatchAdapter.java:93)
	com.sun.proxy.$Proxy2.stop(Unknown Source)
	org.gradle.api.internal.tasks.testing.worker.TestWorker.stop(TestWorker.java:132)
	sun.reflect.NativeMethodAccessorImpl.invoke0(Native Method)
	sun.reflect.NativeMethodAccessorImpl.invoke(NativeMethodAccessorImpl.java:62)
	sun.reflect.DelegatingMethodAccessorImpl.invoke(DelegatingMethodAccessorImpl.java:43)
	java.lang.reflect.Method.invoke(Method.java:497)
	org.gradle.internal.dispatch.ReflectionDispatch.dispatch(ReflectionDispatch.java:35)
	org.gradle.internal.dispatch.ReflectionDispatch.dispatch(ReflectionDispatch.java:24)
	org.gradle.internal.remote.internal.hub.MessageHubBackedObjectConnection$DispatchWrapper.dispatch(MessageHubBackedObjectConnection.java:175)
	org.gradle.internal.remote.internal.hub.MessageHubBackedObjectConnection$DispatchWrapper.dispatch(MessageHubBackedObjectConnection.java:157)
	org.gradle.internal.remote.internal.hub.MessageHub$Handler.run(MessageHub.java:404)
	org.gradle.internal.concurrent.ExecutorPolicy$CatchAndRecordFailures.onExecute(ExecutorPolicy.java:63)
	org.gradle.internal.concurrent.ManagedExecutorImpl$1.run(ManagedExecutorImpl.java:46)
	java.util.concurrent.ThreadPoolExecutor.runWorker(ThreadPoolExecutor.java:1142)
	java.util.concurrent.ThreadPoolExecutor$Worker.run(ThreadPoolExecutor.java:617)
	org.gradle.internal.concurrent.ThreadFactoryImpl$ManagedThreadRunnable.run(ThreadFactoryImpl.java:55)
	java.lang.Thread.run(Thread.java:745)
01:35:01.231 [Test worker] ERROR i.n.u.ResourceLeakDetector - LEAK: ByteBuf.release() was not called before it's garbage-collected. See http://netty.io/wiki/reference-counted-objects.html for more information.
Recent access records: 
#1:
	io.netty.buffer.AdvancedLeakAwareByteBuf.toString(AdvancedLeakAwareByteBuf.java:742)
	io.rsocket.Payload.getMetadataUtf8(Payload.java:98)
	org.springframework.messaging.rsocket.DefaultRSocketRequesterTests.testSendMono(DefaultRSocketRequesterTests.java:94)
	org.springframework.messaging.rsocket.DefaultRSocketRequesterTests.sendMono(DefaultRSocketRequesterTests.java:85)
	sun.reflect.NativeMethodAccessorImpl.invoke0(Native Method)
	sun.reflect.NativeMethodAccessorImpl.invoke(NativeMethodAccessorImpl.java:62)
	sun.reflect.DelegatingMethodAccessorImpl.invoke(DelegatingMethodAccessorImpl.java:43)
	java.lang.reflect.Method.invoke(Method.java:497)
	org.junit.runners.model.FrameworkMethod$1.runReflectiveCall(FrameworkMethod.java:59)
	org.junit.internal.runners.model.ReflectiveCallable.run(ReflectiveCallable.java:12)
	org.junit.runners.model.FrameworkMethod.invokeExplosively(FrameworkMethod.java:56)
	org.junit.internal.runners.statements.InvokeMethod.evaluate(InvokeMethod.java:17)
	org.junit.internal.runners.statements.RunBefores.evaluate(RunBefores.java:26)
	org.junit.runners.ParentRunner$3.evaluate(ParentRunner.java:305)
	org.junit.runners.BlockJUnit4ClassRunner$1.evaluate(BlockJUnit4ClassRunner.java:100)
	org.junit.runners.ParentRunner.runLeaf(ParentRunner.java:365)
	org.junit.runners.BlockJUnit4ClassRunner.runChild(BlockJUnit4ClassRunner.java:103)
	org.junit.runners.BlockJUnit4ClassRunner.runChild(BlockJUnit4ClassRunner.java:63)
	org.junit.runners.ParentRunner$4.run(ParentRunner.java:330)
	org.junit.runners.ParentRunner$1.schedule(ParentRunner.java:78)
	org.junit.runners.ParentRunner.runChildren(ParentRunner.java:328)
	org.junit.runners.ParentRunner.access$100(ParentRunner.java:65)
	org.junit.runners.ParentRunner$2.evaluate(ParentRunner.java:292)
	org.junit.runners.ParentRunner$3.evaluate(ParentRunner.java:305)
	org.junit.runners.ParentRunner.run(ParentRunner.java:412)
	org.junit.runner.JUnitCore.run(JUnitCore.java:137)
	org.junit.runner.JUnitCore.run(JUnitCore.java:115)
	org.junit.vintage.engine.execution.RunnerExecutor.execute(RunnerExecutor.java:40)
	java.util.stream.ForEachOps$ForEachOp$OfRef.accept(ForEachOps.java:184)
	java.util.stream.ReferencePipeline$3$1.accept(ReferencePipeline.java:193)
	java.util.Iterator.forEachRemaining(Iterator.java:116)
	java.util.Spliterators$IteratorSpliterator.forEachRemaining(Spliterators.java:1801)
	java.util.stream.AbstractPipeline.copyInto(AbstractPipeline.java:481)
	java.util.stream.AbstractPipeline.wrapAndCopyInto(AbstractPipeline.java:471)
	java.util.stream.ForEachOps$ForEachOp.evaluateSequential(ForEachOps.java:151)
	java.util.stream.ForEachOps$ForEachOp$OfRef.evaluateSequential(ForEachOps.java:174)
	java.util.stream.AbstractPipeline.evaluate(AbstractPipeline.java:234)
	java.util.stream.ReferencePipeline.forEach(ReferencePipeline.java:418)
	org.junit.vintage.engine.VintageTestEngine.executeAllChildren(VintageTestEngine.java:80)
	org.junit.vintage.engine.VintageTestEngine.execute(VintageTestEngine.java:71)
	org.junit.platform.launcher.core.DefaultLauncher.execute(DefaultLauncher.java:229)
	org.junit.platform.launcher.core.DefaultLauncher.lambda$execute$6(DefaultLauncher.java:197)
	org.junit.platform.launcher.core.DefaultLauncher.withInterceptedStreams(DefaultLauncher.java:211)
	org.junit.platform.launcher.core.DefaultLauncher.execute(DefaultLauncher.java:191)
	org.junit.platform.launcher.core.DefaultLauncher.execute(DefaultLauncher.java:128)
	org.gradle.api.internal.tasks.testing.junitplatform.JUnitPlatformTestClassProcessor$CollectAllTestClassesExecutor.processAllTestClasses(JUnitPlatformTestClassProcessor.java:102)
	org.gradle.api.internal.tasks.testing.junitplatform.JUnitPlatformTestClassProcessor$CollectAllTestClassesExecutor.access$000(JUnitPlatformTestClassProcessor.java:82)
	org.gradle.api.internal.tasks.testing.junitplatform.JUnitPlatformTestClassProcessor.stop(JUnitPlatformTestClassProcessor.java:78)
	org.gradle.api.internal.tasks.testing.SuiteTestClassProcessor.stop(SuiteTestClassProcessor.java:61)
	sun.reflect.NativeMethodAccessorImpl.invoke0(Native Method)
	sun.reflect.NativeMethodAccessorImpl.invoke(NativeMethodAccessorImpl.java:62)
	sun.reflect.DelegatingMethodAccessorImpl.invoke(DelegatingMethodAccessorImpl.java:43)
	java.lang.reflect.Method.invoke(Method.java:497)
	org.gradle.internal.dispatch.ReflectionDispatch.dispatch(ReflectionDispatch.java:35)
	org.gradle.internal.dispatch.ReflectionDispatch.dispatch(ReflectionDispatch.java:24)
	org.gradle.internal.dispatch.ContextClassLoaderDispatch.dispatch(ContextClassLoaderDispatch.java:32)
	org.gradle.internal.dispatch.ProxyDispatchAdapter$DispatchingInvocationHandler.invoke(ProxyDispatchAdapter.java:93)
	com.sun.proxy.$Proxy2.stop(Unknown Source)
	org.gradle.api.internal.tasks.testing.worker.TestWorker.stop(TestWorker.java:132)
	sun.reflect.NativeMethodAccessorImpl.invoke0(Native Method)
	sun.reflect.NativeMethodAccessorImpl.invoke(NativeMethodAccessorImpl.java:62)
	sun.reflect.DelegatingMethodAccessorImpl.invoke(DelegatingMethodAccessorImpl.java:43)
	java.lang.reflect.Method.invoke(Method.java:497)
	org.gradle.internal.dispatch.ReflectionDispatch.dispatch(ReflectionDispatch.java:35)
	org.gradle.internal.dispatch.ReflectionDispatch.dispatch(ReflectionDispatch.java:24)
	org.gradle.internal.remote.internal.hub.MessageHubBackedObjectConnection$DispatchWrapper.dispatch(MessageHubBackedObjectConnection.java:175)
	org.gradle.internal.remote.internal.hub.MessageHubBackedObjectConnection$DispatchWrapper.dispatch(MessageHubBackedObjectConnection.java:157)
	org.gradle.internal.remote.internal.hub.MessageHub$Handler.run(MessageHub.java:404)
	org.gradle.internal.concurrent.ExecutorPolicy$CatchAndRecordFailures.onExecute(ExecutorPolicy.java:63)
	org.gradle.internal.concurrent.ManagedExecutorImpl$1.run(ManagedExecutorImpl.java:46)
	java.util.concurrent.ThreadPoolExecutor.runWorker(ThreadPoolExecutor.java:1142)
	java.util.concurrent.ThreadPoolExecutor$Worker.run(ThreadPoolExecutor.java:617)
	org.gradle.internal.concurrent.ThreadFactoryImpl$ManagedThreadRunnable.run(ThreadFactoryImpl.java:55)
	java.lang.Thread.run(Thread.java:745)
#2:
	io.netty.buffer.AdvancedLeakAwareByteBuf.slice(AdvancedLeakAwareByteBuf.java:76)
	io.rsocket.util.ByteBufPayload.sliceMetadata(ByteBufPayload.java:134)
	io.rsocket.Payload.getMetadataUtf8(Payload.java:98)
	org.springframework.messaging.rsocket.DefaultRSocketRequesterTests.testSendMono(DefaultRSocketRequesterTests.java:94)
	org.springframework.messaging.rsocket.DefaultRSocketRequesterTests.sendMono(DefaultRSocketRequesterTests.java:85)
	sun.reflect.NativeMethodAccessorImpl.invoke0(Native Method)
	sun.reflect.NativeMethodAccessorImpl.invoke(NativeMethodAccessorImpl.java:62)
	sun.reflect.DelegatingMethodAccessorImpl.invoke(DelegatingMethodAccessorImpl.java:43)
	java.lang.reflect.Method.invoke(Method.java:497)
	org.junit.runners.model.FrameworkMethod$1.runReflectiveCall(FrameworkMethod.java:59)
	org.junit.internal.runners.model.ReflectiveCallable.run(ReflectiveCallable.java:12)
	org.junit.runners.model.FrameworkMethod.invokeExplosively(FrameworkMethod.java:56)
	org.junit.internal.runners.statements.InvokeMethod.evaluate(InvokeMethod.java:17)
	org.junit.internal.runners.statements.RunBefores.evaluate(RunBefores.java:26)
	org.junit.runners.ParentRunner$3.evaluate(ParentRunner.java:305)
	org.junit.runners.BlockJUnit4ClassRunner$1.evaluate(BlockJUnit4ClassRunner.java:100)
	org.junit.runners.ParentRunner.runLeaf(ParentRunner.java:365)
	org.junit.runners.BlockJUnit4ClassRunner.runChild(BlockJUnit4ClassRunner.java:103)
	org.junit.runners.BlockJUnit4ClassRunner.runChild(BlockJUnit4ClassRunner.java:63)
	org.junit.runners.ParentRunner$4.run(ParentRunner.java:330)
	org.junit.runners.ParentRunner$1.schedule(ParentRunner.java:78)
	org.junit.runners.ParentRunner.runChildren(ParentRunner.java:328)
	org.junit.runners.ParentRunner.access$100(ParentRunner.java:65)
	org.junit.runners.ParentRunner$2.evaluate(ParentRunner.java:292)
	org.junit.runners.ParentRunner$3.evaluate(ParentRunner.java:305)
	org.junit.runners.ParentRunner.run(ParentRunner.java:412)
	org.junit.runner.JUnitCore.run(JUnitCore.java:137)
	org.junit.runner.JUnitCore.run(JUnitCore.java:115)
	org.junit.vintage.engine.execution.RunnerExecutor.execute(RunnerExecutor.java:40)
	java.util.stream.ForEachOps$ForEachOp$OfRef.accept(ForEachOps.java:184)
	java.util.stream.ReferencePipeline$3$1.accept(ReferencePipeline.java:193)
	java.util.Iterator.forEachRemaining(Iterator.java:116)
	java.util.Spliterators$IteratorSpliterator.forEachRemaining(Spliterators.java:1801)
	java.util.stream.AbstractPipeline.copyInto(AbstractPipeline.java:481)
	java.util.stream.AbstractPipeline.wrapAndCopyInto(AbstractPipeline.java:471)
	java.util.stream.ForEachOps$ForEachOp.evaluateSequential(ForEachOps.java:151)
	java.util.stream.ForEachOps$ForEachOp$OfRef.evaluateSequential(ForEachOps.java:174)
	java.util.stream.AbstractPipeline.evaluate(AbstractPipeline.java:234)
	java.util.stream.ReferencePipeline.forEach(ReferencePipeline.java:418)
	org.junit.vintage.engine.VintageTestEngine.executeAllChildren(VintageTestEngine.java:80)
	org.junit.vintage.engine.VintageTestEngine.execute(VintageTestEngine.java:71)
	org.junit.platform.launcher.core.DefaultLauncher.execute(DefaultLauncher.java:229)
	org.junit.platform.launcher.core.DefaultLauncher.lambda$execute$6(DefaultLauncher.java:197)
	org.junit.platform.launcher.core.DefaultLauncher.withInterceptedStreams(DefaultLauncher.java:211)
	org.junit.platform.launcher.core.DefaultLauncher.execute(DefaultLauncher.java:191)
	org.junit.platform.launcher.core.DefaultLauncher.execute(DefaultLauncher.java:128)
	org.gradle.api.internal.tasks.testing.junitplatform.JUnitPlatformTestClassProcessor$CollectAllTestClassesExecutor.processAllTestClasses(JUnitPlatformTestClassProcessor.java:102)
	org.gradle.api.internal.tasks.testing.junitplatform.JUnitPlatformTestClassProcessor$CollectAllTestClassesExecutor.access$000(JUnitPlatformTestClassProcessor.java:82)
	org.gradle.api.internal.tasks.testing.junitplatform.JUnitPlatformTestClassProcessor.stop(JUnitPlatformTestClassProcessor.java:78)
	org.gradle.api.internal.tasks.testing.SuiteTestClassProcessor.stop(SuiteTestClassProcessor.java:61)
	sun.reflect.NativeMethodAccessorImpl.invoke0(Native Method)
	sun.reflect.NativeMethodAccessorImpl.invoke(NativeMethodAccessorImpl.java:62)
	sun.reflect.DelegatingMethodAccessorImpl.invoke(DelegatingMethodAccessorImpl.java:43)
	java.lang.reflect.Method.invoke(Method.java:497)
	org.gradle.internal.dispatch.ReflectionDispatch.dispatch(ReflectionDispatch.java:35)
	org.gradle.internal.dispatch.ReflectionDispatch.dispatch(ReflectionDispatch.java:24)
	org.gradle.internal.dispatch.ContextClassLoaderDispatch.dispatch(ContextClassLoaderDispatch.java:32)
	org.gradle.internal.dispatch.ProxyDispatchAdapter$DispatchingInvocationHandler.invoke(ProxyDispatchAdapter.java:93)
	com.sun.proxy.$Proxy2.stop(Unknown Source)
	org.gradle.api.internal.tasks.testing.worker.TestWorker.stop(TestWorker.java:132)
	sun.reflect.NativeMethodAccessorImpl.invoke0(Native Method)
	sun.reflect.NativeMethodAccessorImpl.invoke(NativeMethodAccessorImpl.java:62)
	sun.reflect.DelegatingMethodAccessorImpl.invoke(DelegatingMethodAccessorImpl.java:43)
	java.lang.reflect.Method.invoke(Method.java:497)
	org.gradle.internal.dispatch.ReflectionDispatch.dispatch(ReflectionDispatch.java:35)
	org.gradle.internal.dispatch.ReflectionDispatch.dispatch(ReflectionDispatch.java:24)
	org.gradle.internal.remote.internal.hub.MessageHubBackedObjectConnection$DispatchWrapper.dispatch(MessageHubBackedObjectConnection.java:175)
	org.gradle.internal.remote.internal.hub.MessageHubBackedObjectConnection$DispatchWrapper.dispatch(MessageHubBackedObjectConnection.java:157)
	org.gradle.internal.remote.internal.hub.MessageHub$Handler.run(MessageHub.java:404)
	org.gradle.internal.concurrent.ExecutorPolicy$CatchAndRecordFailures.onExecute(ExecutorPolicy.java:63)
	org.gradle.internal.concurrent.ManagedExecutorImpl$1.run(ManagedExecutorImpl.java:46)
	java.util.concurrent.ThreadPoolExecutor.runWorker(ThreadPoolExecutor.java:1142)
	java.util.concurrent.ThreadPoolExecutor$Worker.run(ThreadPoolExecutor.java:617)
	org.gradle.internal.concurrent.ThreadFactoryImpl$ManagedThreadRunnable.run(ThreadFactoryImpl.java:55)
	java.lang.Thread.run(Thread.java:745)
Created at:
	io.netty.buffer.PooledByteBufAllocator.newDirectBuffer(PooledByteBufAllocator.java:349)
	io.netty.buffer.AbstractByteBufAllocator.directBuffer(AbstractByteBufAllocator.java:187)
	io.netty.buffer.AbstractByteBufAllocator.directBuffer(AbstractByteBufAllocator.java:178)
	io.netty.buffer.AbstractByteBufAllocator.buffer(AbstractByteBufAllocator.java:115)
	org.springframework.core.io.buffer.NettyDataBufferFactory.allocateBuffer(NettyDataBufferFactory.java:71)
	org.springframework.core.io.buffer.NettyDataBufferFactory.allocateBuffer(NettyDataBufferFactory.java:39)
	org.springframework.core.codec.CharSequenceEncoder.encodeValue(CharSequenceEncoder.java:91)
	org.springframework.core.codec.CharSequenceEncoder.encodeValue(CharSequenceEncoder.java:47)
	org.springframework.messaging.rsocket.MetadataEncoder.encodeEntry(MetadataEncoder.java:229)
	org.springframework.messaging.rsocket.MetadataEncoder.encode(MetadataEncoder.java:197)
	org.springframework.messaging.rsocket.DefaultRSocketRequester$DefaultRequestSpec.firstPayload(DefaultRSocketRequester.java:232)
	reactor.core.publisher.FluxMap$MapSubscriber.onNext(FluxMap.java:100)
	reactor.core.publisher.FluxMap$MapSubscriber.onNext(FluxMap.java:114)
	reactor.core.publisher.FluxMap$MapSubscriber.onNext(FluxMap.java:114)
	reactor.core.publisher.MonoDelay$MonoDelayRunnable.run(MonoDelay.java:117)
	reactor.core.scheduler.SchedulerTask.call(SchedulerTask.java:68)
	reactor.core.scheduler.SchedulerTask.call(SchedulerTask.java:28)
	java.util.concurrent.FutureTask.run(FutureTask.java:266)
	java.util.concurrent.ScheduledThreadPoolExecutor$ScheduledFutureTask.access$201(ScheduledThreadPoolExecutor.java:180)
	java.util.concurrent.ScheduledThreadPoolExecutor$ScheduledFutureTask.run(ScheduledThreadPoolExecutor.java:293)
	java.util.concurrent.ThreadPoolExecutor.runWorker(ThreadPoolExecutor.java:1142)
	java.util.concurrent.ThreadPoolExecutor$Worker.run(ThreadPoolExecutor.java:617)
	java.lang.Thread.run(Thread.java:745)
01:35:01.232 [Test worker] ERROR i.n.u.ResourceLeakDetector - LEAK: ByteBuf.release() was not called before it's garbage-collected. See http://netty.io/wiki/reference-counted-objects.html for more information.
Recent access records: 
#1:
	io.netty.buffer.AdvancedLeakAwareByteBuf.getBytes(AdvancedLeakAwareByteBuf.java:250)
	io.netty.buffer.CompositeByteBuf.getBytes(CompositeByteBuf.java:1029)
	io.netty.buffer.CompositeByteBuf.getBytes(CompositeByteBuf.java:1984)
	io.netty.buffer.CompositeByteBuf.getBytes(CompositeByteBuf.java:48)
	io.netty.buffer.ByteBufUtil.getBytes(ByteBufUtil.java:907)
	io.netty.buffer.AbstractByteBuf.getCharSequence(AbstractByteBuf.java:517)
	io.netty.buffer.AbstractUnpooledSlicedByteBuf.getCharSequence(AbstractUnpooledSlicedByteBuf.java:264)
	io.netty.buffer.AbstractByteBuf.readCharSequence(AbstractByteBuf.java:524)
	io.netty.buffer.WrappedByteBuf.readCharSequence(WrappedByteBuf.java:688)
	io.netty.buffer.AdvancedLeakAwareByteBuf.readCharSequence(AdvancedLeakAwareByteBuf.java:527)
	io.rsocket.metadata.CompositeMetadataFlyweight.decodeMimeTypeFromMimeBuffer(CompositeMetadataFlyweight.java:193)
	io.rsocket.metadata.CompositeMetadata$1.next(CompositeMetadata.java:90)
	io.rsocket.metadata.CompositeMetadata$1.next(CompositeMetadata.java:67)
	org.springframework.messaging.rsocket.MetadataEncoderTests.compositeMetadataWithRoute(MetadataEncoderTests.java:59)
	sun.reflect.NativeMethodAccessorImpl.invoke0(Native Method)
	sun.reflect.NativeMethodAccessorImpl.invoke(NativeMethodAccessorImpl.java:62)
	sun.reflect.DelegatingMethodAccessorImpl.invoke(DelegatingMethodAccessorImpl.java:43)
	java.lang.reflect.Method.invoke(Method.java:497)
	org.junit.runners.model.FrameworkMethod$1.runReflectiveCall(FrameworkMethod.java:59)
	org.junit.internal.runners.model.ReflectiveCallable.run(ReflectiveCallable.java:12)
	org.junit.runners.model.FrameworkMethod.invokeExplosively(FrameworkMethod.java:56)
	org.junit.internal.runners.statements.InvokeMethod.evaluate(InvokeMethod.java:17)
	org.junit.runners.ParentRunner$3.evaluate(ParentRunner.java:305)
	org.junit.runners.BlockJUnit4ClassRunner$1.evaluate(BlockJUnit4ClassRunner.java:100)
	org.junit.runners.ParentRunner.runLeaf(ParentRunner.java:365)
	org.junit.runners.BlockJUnit4ClassRunner.runChild(BlockJUnit4ClassRunner.java:103)
	org.junit.runners.BlockJUnit4ClassRunner.runChild(BlockJUnit4ClassRunner.java:63)
	org.junit.runners.ParentRunner$4.run(ParentRunner.java:330)
	org.junit.runners.ParentRunner$1.schedule(ParentRunner.java:78)
	org.junit.runners.ParentRunner.runChildren(ParentRunner.java:328)
	org.junit.runners.ParentRunner.access$100(ParentRunner.java:65)
	org.junit.runners.ParentRunner$2.evaluate(ParentRunner.java:292)
	org.junit.runners.ParentRunner$3.evaluate(ParentRunner.java:305)
	org.junit.runners.ParentRunner.run(ParentRunner.java:412)
	org.junit.runner.JUnitCore.run(JUnitCore.java:137)
	org.junit.runner.JUnitCore.run(JUnitCore.java:115)
	org.junit.vintage.engine.execution.RunnerExecutor.execute(RunnerExecutor.java:40)
	java.util.stream.ForEachOps$ForEachOp$OfRef.accept(ForEachOps.java:184)
	java.util.stream.ReferencePipeline$3$1.accept(ReferencePipeline.java:193)
	java.util.Iterator.forEachRemaining(Iterator.java:116)
	java.util.Spliterators$IteratorSpliterator.forEachRemaining(Spliterators.java:1801)
	java.util.stream.AbstractPipeline.copyInto(AbstractPipeline.java:481)
	java.util.stream.AbstractPipeline.wrapAndCopyInto(AbstractPipeline.java:471)
	java.util.stream.ForEachOps$ForEachOp.evaluateSequential(ForEachOps.java:151)
	java.util.stream.ForEachOps$ForEachOp$OfRef.evaluateSequential(ForEachOps.java:174)
	java.util.stream.AbstractPipeline.evaluate(AbstractPipeline.java:234)
	java.util.stream.ReferencePipeline.forEach(ReferencePipeline.java:418)
	org.junit.vintage.engine.VintageTestEngine.executeAllChildren(VintageTestEngine.java:80)
	org.junit.vintage.engine.VintageTestEngine.execute(VintageTestEngine.java:71)
	org.junit.platform.launcher.core.DefaultLauncher.execute(DefaultLauncher.java:229)
	org.junit.platform.launcher.core.DefaultLauncher.lambda$execute$6(DefaultLauncher.java:197)
	org.junit.platform.launcher.core.DefaultLauncher.withInterceptedStreams(DefaultLauncher.java:211)
	org.junit.platform.launcher.core.DefaultLauncher.execute(DefaultLauncher.java:191)
	org.junit.platform.launcher.core.DefaultLauncher.execute(DefaultLauncher.java:128)
	org.gradle.api.internal.tasks.testing.junitplatform.JUnitPlatformTestClassProcessor$CollectAllTestClassesExecutor.processAllTestClasses(JUnitPlatformTestClassProcessor.java:102)
	org.gradle.api.internal.tasks.testing.junitplatform.JUnitPlatformTestClassProcessor$CollectAllTestClassesExecutor.access$000(JUnitPlatformTestClassProcessor.java:82)
	org.gradle.api.internal.tasks.testing.junitplatform.JUnitPlatformTestClassProcessor.stop(JUnitPlatformTestClassProcessor.java:78)
	org.gradle.api.internal.tasks.testing.SuiteTestClassProcessor.stop(SuiteTestClassProcessor.java:61)
	sun.reflect.NativeMethodAccessorImpl.invoke0(Native Method)
	sun.reflect.NativeMethodAccessorImpl.invoke(NativeMethodAccessorImpl.java:62)
	sun.reflect.DelegatingMethodAccessorImpl.invoke(DelegatingMethodAccessorImpl.java:43)
	java.lang.reflect.Method.invoke(Method.java:497)
	org.gradle.internal.dispatch.ReflectionDispatch.dispatch(ReflectionDispatch.java:35)
	org.gradle.internal.dispatch.ReflectionDispatch.dispatch(ReflectionDispatch.java:24)
	org.gradle.internal.dispatch.ContextClassLoaderDispatch.dispatch(ContextClassLoaderDispatch.java:32)
	org.gradle.internal.dispatch.ProxyDispatchAdapter$DispatchingInvocationHandler.invoke(ProxyDispatchAdapter.java:93)
	com.sun.proxy.$Proxy2.stop(Unknown Source)
	org.gradle.api.internal.tasks.testing.worker.TestWorker.stop(TestWorker.java:132)
	sun.reflect.NativeMethodAccessorImpl.invoke0(Native Method)
	sun.reflect.NativeMethodAccessorImpl.invoke(NativeMethodAccessorImpl.java:62)
	sun.reflect.DelegatingMethodAccessorImpl.invoke(DelegatingMethodAccessorImpl.java:43)
	java.lang.reflect.Method.invoke(Method.java:497)
	org.gradle.internal.dispatch.ReflectionDispatch.dispatch(ReflectionDispatch.java:35)
	org.gradle.internal.dispatch.ReflectionDispatch.dispatch(ReflectionDispatch.java:24)
	org.gradle.internal.remote.internal.hub.MessageHubBackedObjectConnection$DispatchWrapper.dispatch(MessageHubBackedObjectConnection.java:175)
	org.gradle.internal.remote.internal.hub.MessageHubBackedObjectConnection$DispatchWrapper.dispatch(MessageHubBackedObjectConnection.java:157)
	org.gradle.internal.remote.internal.hub.MessageHub$Handler.run(MessageHub.java:404)
	org.gradle.internal.concurrent.ExecutorPolicy$CatchAndRecordFailures.onExecute(ExecutorPolicy.java:63)
	org.gradle.internal.concurrent.ManagedExecutorImpl$1.run(ManagedExecutorImpl.java:46)
	java.util.concurrent.ThreadPoolExecutor.runWorker(ThreadPoolExecutor.java:1142)
	java.util.concurrent.ThreadPoolExecutor$Worker.run(ThreadPoolExecutor.java:617)
	org.gradle.internal.concurrent.ThreadFactoryImpl$ManagedThreadRunnable.run(ThreadFactoryImpl.java:55)
	java.lang.Thread.run(Thread.java:745)
#2:
	io.netty.buffer.AdvancedLeakAwareByteBuf.getByte(AdvancedLeakAwareByteBuf.java:154)
	io.netty.buffer.CompositeByteBuf._getByte(CompositeByteBuf.java:919)
	io.netty.buffer.AbstractByteBuf.readByte(AbstractByteBuf.java:740)
	io.netty.buffer.WrappedCompositeByteBuf.readByte(WrappedCompositeByteBuf.java:233)
	io.netty.buffer.AdvancedLeakAwareCompositeByteBuf.readByte(AdvancedLeakAwareCompositeByteBuf.java:381)
	io.rsocket.metadata.CompositeMetadataFlyweight.decodeMimeAndContentBuffersSlices(CompositeMetadataFlyweight.java:86)
	io.rsocket.metadata.CompositeMetadata$1.next(CompositeMetadata.java:79)
	io.rsocket.metadata.CompositeMetadata$1.next(CompositeMetadata.java:67)
	org.springframework.messaging.rsocket.MetadataEncoderTests.compositeMetadataWithRoute(MetadataEncoderTests.java:59)
	sun.reflect.NativeMethodAccessorImpl.invoke0(Native Method)
	sun.reflect.NativeMethodAccessorImpl.invoke(NativeMethodAccessorImpl.java:62)
	sun.reflect.DelegatingMethodAccessorImpl.invoke(DelegatingMethodAccessorImpl.java:43)
	java.lang.reflect.Method.invoke(Method.java:497)
	org.junit.runners.model.FrameworkMethod$1.runReflectiveCall(FrameworkMethod.java:59)
	org.junit.internal.runners.model.ReflectiveCallable.run(ReflectiveCallable.java:12)
	org.junit.runners.model.FrameworkMethod.invokeExplosively(FrameworkMethod.java:56)
	org.junit.internal.runners.statements.InvokeMethod.evaluate(InvokeMethod.java:17)
	org.junit.runners.ParentRunner$3.evaluate(ParentRunner.java:305)
	org.junit.runners.BlockJUnit4ClassRunner$1.evaluate(BlockJUnit4ClassRunner.java:100)
	org.junit.runners.ParentRunner.runLeaf(ParentRunner.java:365)
	org.junit.runners.BlockJUnit4ClassRunner.runChild(BlockJUnit4ClassRunner.java:103)
	org.junit.runners.BlockJUnit4ClassRunner.runChild(BlockJUnit4ClassRunner.java:63)
	org.junit.runners.ParentRunner$4.run(ParentRunner.java:330)
	org.junit.runners.ParentRunner$1.schedule(ParentRunner.java:78)
	org.junit.runners.ParentRunner.runChildren(ParentRunner.java:328)
	org.junit.runners.ParentRunner.access$100(ParentRunner.java:65)
	org.junit.runners.ParentRunner$2.evaluate(ParentRunner.java:292)
	org.junit.runners.ParentRunner$3.evaluate(ParentRunner.java:305)
	org.junit.runners.ParentRunner.run(ParentRunner.java:412)
	org.junit.runner.JUnitCore.run(JUnitCore.java:137)
	org.junit.runner.JUnitCore.run(JUnitCore.java:115)
	org.junit.vintage.engine.execution.RunnerExecutor.execute(RunnerExecutor.java:40)
	java.util.stream.ForEachOps$ForEachOp$OfRef.accept(ForEachOps.java:184)
	java.util.stream.ReferencePipeline$3$1.accept(ReferencePipeline.java:193)
	java.util.Iterator.forEachRemaining(Iterator.java:116)
	java.util.Spliterators$IteratorSpliterator.forEachRemaining(Spliterators.java:1801)
	java.util.stream.AbstractPipeline.copyInto(AbstractPipeline.java:481)
	java.util.stream.AbstractPipeline.wrapAndCopyInto(AbstractPipeline.java:471)
	java.util.stream.ForEachOps$ForEachOp.evaluateSequential(ForEachOps.java:151)
	java.util.stream.ForEachOps$ForEachOp$OfRef.evaluateSequential(ForEachOps.java:174)
	java.util.stream.AbstractPipeline.evaluate(AbstractPipeline.java:234)
	java.util.stream.ReferencePipeline.forEach(ReferencePipeline.java:418)
	org.junit.vintage.engine.VintageTestEngine.executeAllChildren(VintageTestEngine.java:80)
	org.junit.vintage.engine.VintageTestEngine.execute(VintageTestEngine.java:71)
	org.junit.platform.launcher.core.DefaultLauncher.execute(DefaultLauncher.java:229)
	org.junit.platform.launcher.core.DefaultLauncher.lambda$execute$6(DefaultLauncher.java:197)
	org.junit.platform.launcher.core.DefaultLauncher.withInterceptedStreams(DefaultLauncher.java:211)
	org.junit.platform.launcher.core.DefaultLauncher.execute(DefaultLauncher.java:191)
	org.junit.platform.launcher.core.DefaultLauncher.execute(DefaultLauncher.java:128)
	org.gradle.api.internal.tasks.testing.junitplatform.JUnitPlatformTestClassProcessor$CollectAllTestClassesExecutor.processAllTestClasses(JUnitPlatformTestClassProcessor.java:102)
	org.gradle.api.internal.tasks.testing.junitplatform.JUnitPlatformTestClassProcessor$CollectAllTestClassesExecutor.access$000(JUnitPlatformTestClassProcessor.java:82)
	org.gradle.api.internal.tasks.testing.junitplatform.JUnitPlatformTestClassProcessor.stop(JUnitPlatformTestClassProcessor.java:78)
	org.gradle.api.internal.tasks.testing.SuiteTestClassProcessor.stop(SuiteTestClassProcessor.java:61)
	sun.reflect.NativeMethodAccessorImpl.invoke0(Native Method)
	sun.reflect.NativeMethodAccessorImpl.invoke(NativeMethodAccessorImpl.java:62)
	sun.reflect.DelegatingMethodAccessorImpl.invoke(DelegatingMethodAccessorImpl.java:43)
	java.lang.reflect.Method.invoke(Method.java:497)
	org.gradle.internal.dispatch.ReflectionDispatch.dispatch(ReflectionDispatch.java:35)
	org.gradle.internal.dispatch.ReflectionDispatch.dispatch(ReflectionDispatch.java:24)
	org.gradle.internal.dispatch.ContextClassLoaderDispatch.dispatch(ContextClassLoaderDispatch.java:32)
	org.gradle.internal.dispatch.ProxyDispatchAdapter$DispatchingInvocationHandler.invoke(ProxyDispatchAdapter.java:93)
	com.sun.proxy.$Proxy2.stop(Unknown Source)
	org.gradle.api.internal.tasks.testing.worker.TestWorker.stop(TestWorker.java:132)
	sun.reflect.NativeMethodAccessorImpl.invoke0(Native Method)
	sun.reflect.NativeMethodAccessorImpl.invoke(NativeMethodAccessorImpl.java:62)
	sun.reflect.DelegatingMethodAccessorImpl.invoke(DelegatingMethodAccessorImpl.java:43)
	java.lang.reflect.Method.invoke(Method.java:497)
	org.gradle.internal.dispatch.ReflectionDispatch.dispatch(ReflectionDispatch.java:35)
	org.gradle.internal.dispatch.ReflectionDispatch.dispatch(ReflectionDispatch.java:24)
	org.gradle.internal.remote.internal.hub.MessageHubBackedObjectConnection$DispatchWrapper.dispatch(MessageHubBackedObjectConnection.java:175)
	org.gradle.internal.remote.internal.hub.MessageHubBackedObjectConnection$DispatchWrapper.dispatch(MessageHubBackedObjectConnection.java:157)
	org.gradle.internal.remote.internal.hub.MessageHub$Handler.run(MessageHub.java:404)
	org.gradle.internal.concurrent.ExecutorPolicy$CatchAndRecordFailures.onExecute(ExecutorPolicy.java:63)
	org.gradle.internal.concurrent.ManagedExecutorImpl$1.run(ManagedExecutorImpl.java:46)
	java.util.concurrent.ThreadPoolExecutor.runWorker(ThreadPoolExecutor.java:1142)
	java.util.concurrent.ThreadPoolExecutor$Worker.run(ThreadPoolExecutor.java:617)
	org.gradle.internal.concurrent.ThreadFactoryImpl$ManagedThreadRunnable.run(ThreadFactoryImpl.java:55)
	java.lang.Thread.run(Thread.java:745)
#3:
	io.netty.buffer.AdvancedLeakAwareByteBuf.order(AdvancedLeakAwareByteBuf.java:70)
	io.netty.buffer.CompositeByteBuf.newComponent(CompositeByteBuf.java:318)
	io.netty.buffer.CompositeByteBuf.addComponents0(CompositeByteBuf.java:356)
	io.netty.buffer.CompositeByteBuf.addComponents(CompositeByteBuf.java:236)
	io.netty.buffer.WrappedCompositeByteBuf.addComponents(WrappedCompositeByteBuf.java:540)
	io.netty.buffer.AdvancedLeakAwareCompositeByteBuf.addComponents(AdvancedLeakAwareCompositeByteBuf.java:927)
	io.rsocket.metadata.CompositeMetadataFlyweight.encodeAndAddMetadata(CompositeMetadataFlyweight.java:215)
	org.springframework.messaging.rsocket.MetadataEncoder.lambda$encode$62(MetadataEncoder.java:168)
	java.util.LinkedHashMap.forEach(LinkedHashMap.java:676)
	org.springframework.messaging.rsocket.MetadataEncoder.encode(MetadataEncoder.java:166)
	org.springframework.messaging.rsocket.MetadataEncoderTests.compositeMetadataWithRoute(MetadataEncoderTests.java:53)
	sun.reflect.NativeMethodAccessorImpl.invoke0(Native Method)
	sun.reflect.NativeMethodAccessorImpl.invoke(NativeMethodAccessorImpl.java:62)
	sun.reflect.DelegatingMethodAccessorImpl.invoke(DelegatingMethodAccessorImpl.java:43)
	java.lang.reflect.Method.invoke(Method.java:497)
	org.junit.runners.model.FrameworkMethod$1.runReflectiveCall(FrameworkMethod.java:59)
	org.junit.internal.runners.model.ReflectiveCallable.run(ReflectiveCallable.java:12)
	org.junit.runners.model.FrameworkMethod.invokeExplosively(FrameworkMethod.java:56)
	org.junit.internal.runners.statements.InvokeMethod.evaluate(InvokeMethod.java:17)
	org.junit.runners.ParentRunner$3.evaluate(ParentRunner.java:305)
	org.junit.runners.BlockJUnit4ClassRunner$1.evaluate(BlockJUnit4ClassRunner.java:100)
	org.junit.runners.ParentRunner.runLeaf(ParentRunner.java:365)
	org.junit.runners.BlockJUnit4ClassRunner.runChild(BlockJUnit4ClassRunner.java:103)
	org.junit.runners.BlockJUnit4ClassRunner.runChild(BlockJUnit4ClassRunner.java:63)
	org.junit.runners.ParentRunner$4.run(ParentRunner.java:330)
	org.junit.runners.ParentRunner$1.schedule(ParentRunner.java:78)
	org.junit.runners.ParentRunner.runChildren(ParentRunner.java:328)
	org.junit.runners.ParentRunner.access$100(ParentRunner.java:65)
	org.junit.runners.ParentRunner$2.evaluate(ParentRunner.java:292)
	org.junit.runners.ParentRunner$3.evaluate(ParentRunner.java:305)
	org.junit.runners.ParentRunner.run(ParentRunner.java:412)
	org.junit.runner.JUnitCore.run(JUnitCore.java:137)
	org.junit.runner.JUnitCore.run(JUnitCore.java:115)
	org.junit.vintage.engine.execution.RunnerExecutor.execute(RunnerExecutor.java:40)
	java.util.stream.ForEachOps$ForEachOp$OfRef.accept(ForEachOps.java:184)
	java.util.stream.ReferencePipeline$3$1.accept(ReferencePipeline.java:193)
	java.util.Iterator.forEachRemaining(Iterator.java:116)
	java.util.Spliterators$IteratorSpliterator.forEachRemaining(Spliterators.java:1801)
	java.util.stream.AbstractPipeline.copyInto(AbstractPipeline.java:481)
	java.util.stream.AbstractPipeline.wrapAndCopyInto(AbstractPipeline.java:471)
	java.util.stream.ForEachOps$ForEachOp.evaluateSequential(ForEachOps.java:151)
	java.util.stream.ForEachOps$ForEachOp$OfRef.evaluateSequential(ForEachOps.java:174)
	java.util.stream.AbstractPipeline.evaluate(AbstractPipeline.java:234)
	java.util.stream.ReferencePipeline.forEach(ReferencePipeline.java:418)
	org.junit.vintage.engine.VintageTestEngine.executeAllChildren(VintageTestEngine.java:80)
	org.junit.vintage.engine.VintageTestEngine.execute(VintageTestEngine.java:71)
	org.junit.platform.launcher.core.DefaultLauncher.execute(DefaultLauncher.java:229)
	org.junit.platform.launcher.core.DefaultLauncher.lambda$execute$6(DefaultLauncher.java:197)
	org.junit.platform.launcher.core.DefaultLauncher.withInterceptedStreams(DefaultLauncher.java:211)
	org.junit.platform.launcher.core.DefaultLauncher.execute(DefaultLauncher.java:191)
	org.junit.platform.launcher.core.DefaultLauncher.execute(DefaultLauncher.java:128)
	org.gradle.api.internal.tasks.testing.junitplatform.JUnitPlatformTestClassProcessor$CollectAllTestClassesExecutor.processAllTestClasses(JUnitPlatformTestClassProcessor.java:102)
	org.gradle.api.internal.tasks.testing.junitplatform.JUnitPlatformTestClassProcessor$CollectAllTestClassesExecutor.access$000(JUnitPlatformTestClassProcessor.java:82)
	org.gradle.api.internal.tasks.testing.junitplatform.JUnitPlatformTestClassProcessor.stop(JUnitPlatformTestClassProcessor.java:78)
	org.gradle.api.internal.tasks.testing.SuiteTestClassProcessor.stop(SuiteTestClassProcessor.java:61)
	sun.reflect.NativeMethodAccessorImpl.invoke0(Native Method)
	sun.reflect.NativeMethodAccessorImpl.invoke(NativeMethodAccessorImpl.java:62)
	sun.reflect.DelegatingMethodAccessorImpl.invoke(DelegatingMethodAccessorImpl.java:43)
	java.lang.reflect.Method.invoke(Method.java:497)
	org.gradle.internal.dispatch.ReflectionDispatch.dispatch(ReflectionDispatch.java:35)
	org.gradle.internal.dispatch.ReflectionDispatch.dispatch(ReflectionDispatch.java:24)
	org.gradle.internal.dispatch.ContextClassLoaderDispatch.dispatch(ContextClassLoaderDispatch.java:32)
	org.gradle.internal.dispatch.ProxyDispatchAdapter$DispatchingInvocationHandler.invoke(ProxyDispatchAdapter.java:93)
	com.sun.proxy.$Proxy2.stop(Unknown Source)
	org.gradle.api.internal.tasks.testing.worker.TestWorker.stop(TestWorker.java:132)
	sun.reflect.NativeMethodAccessorImpl.invoke0(Native Method)
	sun.reflect.NativeMethodAccessorImpl.invoke(NativeMethodAccessorImpl.java:62)
	sun.reflect.DelegatingMethodAccessorImpl.invoke(DelegatingMethodAccessorImpl.java:43)
	java.lang.reflect.Method.invoke(Method.java:497)
	org.gradle.internal.dispatch.ReflectionDispatch.dispatch(ReflectionDispatch.java:35)
	org.gradle.internal.dispatch.ReflectionDispatch.dispatch(ReflectionDispatch.java:24)
	org.gradle.internal.remote.internal.hub.MessageHubBackedObjectConnection$DispatchWrapper.dispatch(MessageHubBackedObjectConnection.java:175)
	org.gradle.internal.remote.internal.hub.MessageHubBackedObjectConnection$DispatchWrapper.dispatch(MessageHubBackedObjectConnection.java:157)
	org.gradle.internal.remote.internal.hub.MessageHub$Handler.run(MessageHub.java:404)
	org.gradle.internal.concurrent.ExecutorPolicy$CatchAndRecordFailures.onExecute(ExecutorPolicy.java:63)
	org.gradle.internal.concurrent.ManagedExecutorImpl$1.run(ManagedExecutorImpl.java:46)
	java.util.concurrent.ThreadPoolExecutor.runWorker(ThreadPoolExecutor.java:1142)
	java.util.concurrent.ThreadPoolExecutor$Worker.run(ThreadPoolExecutor.java:617)
	org.gradle.internal.concurrent.ThreadFactoryImpl$ManagedThreadRunnable.run(ThreadFactoryImpl.java:55)
	java.lang.Thread.run(Thread.java:745)
#4:
	io.netty.buffer.AdvancedLeakAwareByteBuf.writeByte(AdvancedLeakAwareByteBuf.java:544)
	io.rsocket.util.NumberUtils.encodeUnsignedMedium(NumberUtils.java:160)
	io.rsocket.metadata.CompositeMetadataFlyweight.encodeMetadataHeader(CompositeMetadataFlyweight.java:357)
	io.rsocket.metadata.CompositeMetadataFlyweight.encodeAndAddMetadata(CompositeMetadataFlyweight.java:216)
	org.springframework.messaging.rsocket.MetadataEncoder.lambda$encode$62(MetadataEncoder.java:168)
	java.util.LinkedHashMap.forEach(LinkedHashMap.java:676)
	org.springframework.messaging.rsocket.MetadataEncoder.encode(MetadataEncoder.java:166)
	org.springframework.messaging.rsocket.MetadataEncoderTests.compositeMetadataWithRoute(MetadataEncoderTests.java:53)
	sun.reflect.NativeMethodAccessorImpl.invoke0(Native Method)
	sun.reflect.NativeMethodAccessorImpl.invoke(NativeMethodAccessorImpl.java:62)
	sun.reflect.DelegatingMethodAccessorImpl.invoke(DelegatingMethodAccessorImpl.java:43)
	java.lang.reflect.Method.invoke(Method.java:497)
	org.junit.runners.model.FrameworkMethod$1.runReflectiveCall(FrameworkMethod.java:59)
	org.junit.internal.runners.model.ReflectiveCallable.run(ReflectiveCallable.java:12)
	org.junit.runners.model.FrameworkMethod.invokeExplosively(FrameworkMethod.java:56)
	org.junit.internal.runners.statements.InvokeMethod.evaluate(InvokeMethod.java:17)
	org.junit.runners.ParentRunner$3.evaluate(ParentRunner.java:305)
	org.junit.runners.BlockJUnit4ClassRunner$1.evaluate(BlockJUnit4ClassRunner.java:100)
	org.junit.runners.ParentRunner.runLeaf(ParentRunner.java:365)
	org.junit.runners.BlockJUnit4ClassRunner.runChild(BlockJUnit4ClassRunner.java:103)
	org.junit.runners.BlockJUnit4ClassRunner.runChild(BlockJUnit4ClassRunner.java:63)
	org.junit.runners.ParentRunner$4.run(ParentRunner.java:330)
	org.junit.runners.ParentRunner$1.schedule(ParentRunner.java:78)
	org.junit.runners.ParentRunner.runChildren(ParentRunner.java:328)
	org.junit.runners.ParentRunner.access$100(ParentRunner.java:65)
	org.junit.runners.ParentRunner$2.evaluate(ParentRunner.java:292)
	org.junit.runners.ParentRunner$3.evaluate(ParentRunner.java:305)
	org.junit.runners.ParentRunner.run(ParentRunner.java:412)
	org.junit.runner.JUnitCore.run(JUnitCore.java:137)
	org.junit.runner.JUnitCore.run(JUnitCore.java:115)
	org.junit.vintage.engine.execution.RunnerExecutor.execute(RunnerExecutor.java:40)
	java.util.stream.ForEachOps$ForEachOp$OfRef.accept(ForEachOps.java:184)
	java.util.stream.ReferencePipeline$3$1.accept(ReferencePipeline.java:193)
	java.util.Iterator.forEachRemaining(Iterator.java:116)
	java.util.Spliterators$IteratorSpliterator.forEachRemaining(Spliterators.java:1801)
	java.util.stream.AbstractPipeline.copyInto(AbstractPipeline.java:481)
	java.util.stream.AbstractPipeline.wrapAndCopyInto(AbstractPipeline.java:471)
	java.util.stream.ForEachOps$ForEachOp.evaluateSequential(ForEachOps.java:151)
	java.util.stream.ForEachOps$ForEachOp$OfRef.evaluateSequential(ForEachOps.java:174)
	java.util.stream.AbstractPipeline.evaluate(AbstractPipeline.java:234)
	java.util.stream.ReferencePipeline.forEach(ReferencePipeline.java:418)
	org.junit.vintage.engine.VintageTestEngine.executeAllChildren(VintageTestEngine.java:80)
	org.junit.vintage.engine.VintageTestEngine.execute(VintageTestEngine.java:71)
	org.junit.platform.launcher.core.DefaultLauncher.execute(DefaultLauncher.java:229)
	org.junit.platform.launcher.core.DefaultLauncher.lambda$execute$6(DefaultLauncher.java:197)
	org.junit.platform.launcher.core.DefaultLauncher.withInterceptedStreams(DefaultLauncher.java:211)
	org.junit.platform.launcher.core.DefaultLauncher.execute(DefaultLauncher.java:191)
	org.junit.platform.launcher.core.DefaultLauncher.execute(DefaultLauncher.java:128)
	org.gradle.api.internal.tasks.testing.junitplatform.JUnitPlatformTestClassProcessor$CollectAllTestClassesExecutor.processAllTestClasses(JUnitPlatformTestClassProcessor.java:102)
	org.gradle.api.internal.tasks.testing.junitplatform.JUnitPlatformTestClassProcessor$CollectAllTestClassesExecutor.access$000(JUnitPlatformTestClassProcessor.java:82)
	org.gradle.api.internal.tasks.testing.junitplatform.JUnitPlatformTestClassProcessor.stop(JUnitPlatformTestClassProcessor.java:78)
	org.gradle.api.internal.tasks.testing.SuiteTestClassProcessor.stop(SuiteTestClassProcessor.java:61)
	sun.reflect.NativeMethodAccessorImpl.invoke0(Native Method)
	sun.reflect.NativeMethodAccessorImpl.invoke(NativeMethodAccessorImpl.java:62)
	sun.reflect.DelegatingMethodAccessorImpl.invoke(DelegatingMethodAccessorImpl.java:43)
	java.lang.reflect.Method.invoke(Method.java:497)
	org.gradle.internal.dispatch.ReflectionDispatch.dispatch(ReflectionDispatch.java:35)
	org.gradle.internal.dispatch.ReflectionDispatch.dispatch(ReflectionDispatch.java:24)
	org.gradle.internal.dispatch.ContextClassLoaderDispatch.dispatch(ContextClassLoaderDispatch.java:32)
	org.gradle.internal.dispatch.ProxyDispatchAdapter$DispatchingInvocationHandler.invoke(ProxyDispatchAdapter.java:93)
	com.sun.proxy.$Proxy2.stop(Unknown Source)
	org.gradle.api.internal.tasks.testing.worker.TestWorker.stop(TestWorker.java:132)
	sun.reflect.NativeMethodAccessorImpl.invoke0(Native Method)
	sun.reflect.NativeMethodAccessorImpl.invoke(NativeMethodAccessorImpl.java:62)
	sun.reflect.DelegatingMethodAccessorImpl.invoke(DelegatingMethodAccessorImpl.java:43)
	java.lang.reflect.Method.invoke(Method.java:497)
	org.gradle.internal.dispatch.ReflectionDispatch.dispatch(ReflectionDispatch.java:35)
	org.gradle.internal.dispatch.ReflectionDispatch.dispatch(ReflectionDispatch.java:24)
	org.gradle.internal.remote.internal.hub.MessageHubBackedObjectConnection$DispatchWrapper.dispatch(MessageHubBackedObjectConnection.java:175)
	org.gradle.internal.remote.internal.hub.MessageHubBackedObjectConnection$DispatchWrapper.dispatch(MessageHubBackedObjectConnection.java:157)
	org.gradle.internal.remote.internal.hub.MessageHub$Handler.run(MessageHub.java:404)
	org.gradle.internal.concurrent.ExecutorPolicy$CatchAndRecordFailures.onExecute(ExecutorPolicy.java:63)
	org.gradle.internal.concurrent.ManagedExecutorImpl$1.run(ManagedExecutorImpl.java:46)
	java.util.concurrent.ThreadPoolExecutor.runWorker(ThreadPoolExecutor.java:1142)
	java.util.concurrent.ThreadPoolExecutor$Worker.run(ThreadPoolExecutor.java:617)
	org.gradle.internal.concurrent.ThreadFactoryImpl$ManagedThreadRunnable.run(ThreadFactoryImpl.java:55)
	java.lang.Thread.run(Thread.java:745)
#5:
	io.netty.buffer.AdvancedLeakAwareByteBuf.writeByte(AdvancedLeakAwareByteBuf.java:544)
	io.rsocket.metadata.CompositeMetadataFlyweight.encodeMetadataHeader(CompositeMetadataFlyweight.java:353)
	io.rsocket.metadata.CompositeMetadataFlyweight.encodeAndAddMetadata(CompositeMetadataFlyweight.java:216)
	org.springframework.messaging.rsocket.MetadataEncoder.lambda$encode$62(MetadataEncoder.java:168)
	java.util.LinkedHashMap.forEach(LinkedHashMap.java:676)
	org.springframework.messaging.rsocket.MetadataEncoder.encode(MetadataEncoder.java:166)
	org.springframework.messaging.rsocket.MetadataEncoderTests.compositeMetadataWithRoute(MetadataEncoderTests.java:53)
	sun.reflect.NativeMethodAccessorImpl.invoke0(Native Method)
	sun.reflect.NativeMethodAccessorImpl.invoke(NativeMethodAccessorImpl.java:62)
	sun.reflect.DelegatingMethodAccessorImpl.invoke(DelegatingMethodAccessorImpl.java:43)
	java.lang.reflect.Method.invoke(Method.java:497)
	org.junit.runners.model.FrameworkMethod$1.runReflectiveCall(FrameworkMethod.java:59)
	org.junit.internal.runners.model.ReflectiveCallable.run(ReflectiveCallable.java:12)
	org.junit.runners.model.FrameworkMethod.invokeExplosively(FrameworkMethod.java:56)
	org.junit.internal.runners.statements.InvokeMethod.evaluate(InvokeMethod.java:17)
	org.junit.runners.ParentRunner$3.evaluate(ParentRunner.java:305)
	org.junit.runners.BlockJUnit4ClassRunner$1.evaluate(BlockJUnit4ClassRunner.java:100)
	org.junit.runners.ParentRunner.runLeaf(ParentRunner.java:365)
	org.junit.runners.BlockJUnit4ClassRunner.runChild(BlockJUnit4ClassRunner.java:103)
	org.junit.runners.BlockJUnit4ClassRunner.runChild(BlockJUnit4ClassRunner.java:63)
	org.junit.runners.ParentRunner$4.run(ParentRunner.java:330)
	org.junit.runners.ParentRunner$1.schedule(ParentRunner.java:78)
	org.junit.runners.ParentRunner.runChildren(ParentRunner.java:328)
	org.junit.runners.ParentRunner.access$100(ParentRunner.java:65)
	org.junit.runners.ParentRunner$2.evaluate(ParentRunner.java:292)
	org.junit.runners.ParentRunner$3.evaluate(ParentRunner.java:305)
	org.junit.runners.ParentRunner.run(ParentRunner.java:412)
	org.junit.runner.JUnitCore.run(JUnitCore.java:137)
	org.junit.runner.JUnitCore.run(JUnitCore.java:115)
	org.junit.vintage.engine.execution.RunnerExecutor.execute(RunnerExecutor.java:40)
	java.util.stream.ForEachOps$ForEachOp$OfRef.accept(ForEachOps.java:184)
	java.util.stream.ReferencePipeline$3$1.accept(ReferencePipeline.java:193)
	java.util.Iterator.forEachRemaining(Iterator.java:116)
	java.util.Spliterators$IteratorSpliterator.forEachRemaining(Spliterators.java:1801)
	java.util.stream.AbstractPipeline.copyInto(AbstractPipeline.java:481)
	java.util.stream.AbstractPipeline.wrapAndCopyInto(AbstractPipeline.java:471)
	java.util.stream.ForEachOps$ForEachOp.evaluateSequential(ForEachOps.java:151)
	java.util.stream.ForEachOps$ForEachOp$OfRef.evaluateSequential(ForEachOps.java:174)
	java.util.stream.AbstractPipeline.evaluate(AbstractPipeline.java:234)
	java.util.stream.ReferencePipeline.forEach(ReferencePipeline.java:418)
	org.junit.vintage.engine.VintageTestEngine.executeAllChildren(VintageTestEngine.java:80)
	org.junit.vintage.engine.VintageTestEngine.execute(VintageTestEngine.java:71)
	org.junit.platform.launcher.core.DefaultLauncher.execute(DefaultLauncher.java:229)
	org.junit.platform.launcher.core.DefaultLauncher.lambda$execute$6(DefaultLauncher.java:197)
	org.junit.platform.launcher.core.DefaultLauncher.withInterceptedStreams(DefaultLauncher.java:211)
	org.junit.platform.launcher.core.DefaultLauncher.execute(DefaultLauncher.java:191)
	org.junit.platform.launcher.core.DefaultLauncher.execute(DefaultLauncher.java:128)
	org.gradle.api.internal.tasks.testing.junitplatform.JUnitPlatformTestClassProcessor$CollectAllTestClassesExecutor.processAllTestClasses(JUnitPlatformTestClassProcessor.java:102)
	org.gradle.api.internal.tasks.testing.junitplatform.JUnitPlatformTestClassProcessor$CollectAllTestClassesExecutor.access$000(JUnitPlatformTestClassProcessor.java:82)
	org.gradle.api.internal.tasks.testing.junitplatform.JUnitPlatformTestClassProcessor.stop(JUnitPlatformTestClassProcessor.java:78)
	org.gradle.api.internal.tasks.testing.SuiteTestClassProcessor.stop(SuiteTestClassProcessor.java:61)
	sun.reflect.NativeMethodAccessorImpl.invoke0(Native Method)
	sun.reflect.NativeMethodAccessorImpl.invoke(NativeMethodAccessorImpl.java:62)
	sun.reflect.DelegatingMethodAccessorImpl.invoke(DelegatingMethodAccessorImpl.java:43)
	java.lang.reflect.Method.invoke(Method.java:497)
	org.gradle.internal.dispatch.ReflectionDispatch.dispatch(ReflectionDispatch.java:35)
	org.gradle.internal.dispatch.ReflectionDispatch.dispatch(ReflectionDispatch.java:24)
	org.gradle.internal.dispatch.ContextClassLoaderDispatch.dispatch(ContextClassLoaderDispatch.java:32)
	org.gradle.internal.dispatch.ProxyDispatchAdapter$DispatchingInvocationHandler.invoke(ProxyDispatchAdapter.java:93)
	com.sun.proxy.$Proxy2.stop(Unknown Source)
	org.gradle.api.internal.tasks.testing.worker.TestWorker.stop(TestWorker.java:132)
	sun.reflect.NativeMethodAccessorImpl.invoke0(Native Method)
	sun.reflect.NativeMethodAccessorImpl.invoke(NativeMethodAccessorImpl.java:62)
	sun.reflect.DelegatingMethodAccessorImpl.invoke(DelegatingMethodAccessorImpl.java:43)
	java.lang.reflect.Method.invoke(Method.java:497)
	org.gradle.internal.dispatch.ReflectionDispatch.dispatch(ReflectionDispatch.java:35)
	org.gradle.internal.dispatch.ReflectionDispatch.dispatch(ReflectionDispatch.java:24)
	org.gradle.internal.remote.internal.hub.MessageHubBackedObjectConnection$DispatchWrapper.dispatch(MessageHubBackedObjectConnection.java:175)
	org.gradle.internal.remote.internal.hub.MessageHubBackedObjectConnection$DispatchWrapper.dispatch(MessageHubBackedObjectConnection.java:157)
	org.gradle.internal.remote.internal.hub.MessageHub$Handler.run(MessageHub.java:404)
	org.gradle.internal.concurrent.ExecutorPolicy$CatchAndRecordFailures.onExecute(ExecutorPolicy.java:63)
	org.gradle.internal.concurrent.ManagedExecutorImpl$1.run(ManagedExecutorImpl.java:46)
	java.util.concurrent.ThreadPoolExecutor.runWorker(ThreadPoolExecutor.java:1142)
	java.util.concurrent.ThreadPoolExecutor$Worker.run(ThreadPoolExecutor.java:617)
	org.gradle.internal.concurrent.ThreadFactoryImpl$ManagedThreadRunnable.run(ThreadFactoryImpl.java:55)
	java.lang.Thread.run(Thread.java:745)
#6:
	io.netty.buffer.AdvancedLeakAwareByteBuf.forEachByte(AdvancedLeakAwareByteBuf.java:676)
	io.netty.buffer.ByteBufUtil.isAscii(ByteBufUtil.java:1321)
	io.netty.buffer.ByteBufUtil.isText(ByteBufUtil.java:1280)
	io.netty.buffer.ByteBufUtil.isText(ByteBufUtil.java:1256)
	io.rsocket.metadata.CompositeMetadataFlyweight.encodeMetadataHeader(CompositeMetadataFlyweight.java:338)
	io.rsocket.metadata.CompositeMetadataFlyweight.encodeAndAddMetadata(CompositeMetadataFlyweight.java:216)
	org.springframework.messaging.rsocket.MetadataEncoder.lambda$encode$62(MetadataEncoder.java:168)
	java.util.LinkedHashMap.forEach(LinkedHashMap.java:676)
	org.springframework.messaging.rsocket.MetadataEncoder.encode(MetadataEncoder.java:166)
	org.springframework.messaging.rsocket.MetadataEncoderTests.compositeMetadataWithRoute(MetadataEncoderTests.java:53)
	sun.reflect.NativeMethodAccessorImpl.invoke0(Native Method)
	sun.reflect.NativeMethodAccessorImpl.invoke(NativeMethodAccessorImpl.java:62)
	sun.reflect.DelegatingMethodAccessorImpl.invoke(DelegatingMethodAccessorImpl.java:43)
	java.lang.reflect.Method.invoke(Method.java:497)
	org.junit.runners.model.FrameworkMethod$1.runReflectiveCall(FrameworkMethod.java:59)
	org.junit.internal.runners.model.ReflectiveCallable.run(ReflectiveCallable.java:12)
	org.junit.runners.model.FrameworkMethod.invokeExplosively(FrameworkMethod.java:56)
	org.junit.internal.runners.statements.InvokeMethod.evaluate(InvokeMethod.java:17)
	org.junit.runners.ParentRunner$3.evaluate(ParentRunner.java:305)
	org.junit.runners.BlockJUnit4ClassRunner$1.evaluate(BlockJUnit4ClassRunner.java:100)
	org.junit.runners.ParentRunner.runLeaf(ParentRunner.java:365)
	org.junit.runners.BlockJUnit4ClassRunner.runChild(BlockJUnit4ClassRunner.java:103)
	org.junit.runners.BlockJUnit4ClassRunner.runChild(BlockJUnit4ClassRunner.java:63)
	org.junit.runners.ParentRunner$4.run(ParentRunner.java:330)
	org.junit.runners.ParentRunner$1.schedule(ParentRunner.java:78)
	org.junit.runners.ParentRunner.runChildren(ParentRunner.java:328)
	org.junit.runners.ParentRunner.access$100(ParentRunner.java:65)
	org.junit.runners.ParentRunner$2.evaluate(ParentRunner.java:292)
	org.junit.runners.ParentRunner$3.evaluate(ParentRunner.java:305)
	org.junit.runners.ParentRunner.run(ParentRunner.java:412)
	org.junit.runner.JUnitCore.run(JUnitCore.java:137)
	org.junit.runner.JUnitCore.run(JUnitCore.java:115)
	org.junit.vintage.engine.execution.RunnerExecutor.execute(RunnerExecutor.java:40)
	java.util.stream.ForEachOps$ForEachOp$OfRef.accept(ForEachOps.java:184)
	java.util.stream.ReferencePipeline$3$1.accept(ReferencePipeline.java:193)
	java.util.Iterator.forEachRemaining(Iterator.java:116)
	java.util.Spliterators$IteratorSpliterator.forEachRemaining(Spliterators.java:1801)
	java.util.stream.AbstractPipeline.copyInto(AbstractPipeline.java:481)
	java.util.stream.AbstractPipeline.wrapAndCopyInto(AbstractPipeline.java:471)
	java.util.stream.ForEachOps$ForEachOp.evaluateSequential(ForEachOps.java:151)
	java.util.stream.ForEachOps$ForEachOp$OfRef.evaluateSequential(ForEachOps.java:174)
	java.util.stream.AbstractPipeline.evaluate(AbstractPipeline.java:234)
	java.util.stream.ReferencePipeline.forEach(ReferencePipeline.java:418)
	org.junit.vintage.engine.VintageTestEngine.executeAllChildren(VintageTestEngine.java:80)
	org.junit.vintage.engine.VintageTestEngine.execute(VintageTestEngine.java:71)
	org.junit.platform.launcher.core.DefaultLauncher.execute(DefaultLauncher.java:229)
	org.junit.platform.launcher.core.DefaultLauncher.lambda$execute$6(DefaultLauncher.java:197)
	org.junit.platform.launcher.core.DefaultLauncher.withInterceptedStreams(DefaultLauncher.java:211)
	org.junit.platform.launcher.core.DefaultLauncher.execute(DefaultLauncher.java:191)
	org.junit.platform.launcher.core.DefaultLauncher.execute(DefaultLauncher.java:128)
	org.gradle.api.internal.tasks.testing.junitplatform.JUnitPlatformTestClassProcessor$CollectAllTestClassesExecutor.processAllTestClasses(JUnitPlatformTestClassProcessor.java:102)
	org.gradle.api.internal.tasks.testing.junitplatform.JUnitPlatformTestClassProcessor$CollectAllTestClassesExecutor.access$000(JUnitPlatformTestClassProcessor.java:82)
	org.gradle.api.internal.tasks.testing.junitplatform.JUnitPlatformTestClassProcessor.stop(JUnitPlatformTestClassProcessor.java:78)
	org.gradle.api.internal.tasks.testing.SuiteTestClassProcessor.stop(SuiteTestClassProcessor.java:61)
	sun.reflect.NativeMethodAccessorImpl.invoke0(Native Method)
	sun.reflect.NativeMethodAccessorImpl.invoke(NativeMethodAccessorImpl.java:62)
	sun.reflect.DelegatingMethodAccessorImpl.invoke(DelegatingMethodAccessorImpl.java:43)
	java.lang.reflect.Method.invoke(Method.java:497)
	org.gradle.internal.dispatch.ReflectionDispatch.dispatch(ReflectionDispatch.java:35)
	org.gradle.internal.dispatch.ReflectionDispatch.dispatch(ReflectionDispatch.java:24)
	org.gradle.internal.dispatch.ContextClassLoaderDispatch.dispatch(ContextClassLoaderDispatch.java:32)
	org.gradle.internal.dispatch.ProxyDispatchAdapter$DispatchingInvocationHandler.invoke(ProxyDispatchAdapter.java:93)
	com.sun.proxy.$Proxy2.stop(Unknown Source)
	org.gradle.api.internal.tasks.testing.worker.TestWorker.stop(TestWorker.java:132)
	sun.reflect.NativeMethodAccessorImpl.invoke0(Native Method)
	sun.reflect.NativeMethodAccessorImpl.invoke(NativeMethodAccessorImpl.java:62)
	sun.reflect.DelegatingMethodAccessorImpl.invoke(DelegatingMethodAccessorImpl.java:43)
	java.lang.reflect.Method.invoke(Method.java:497)
	org.gradle.internal.dispatch.ReflectionDispatch.dispatch(ReflectionDispatch.java:35)
	org.gradle.internal.dispatch.ReflectionDispatch.dispatch(ReflectionDispatch.java:24)
	org.gradle.internal.remote.internal.hub.MessageHubBackedObjectConnection$DispatchWrapper.dispatch(MessageHubBackedObjectConnection.java:175)
	org.gradle.internal.remote.internal.hub.MessageHubBackedObjectConnection$DispatchWrapper.dispatch(MessageHubBackedObjectConnection.java:157)
	org.gradle.internal.remote.internal.hub.MessageHub$Handler.run(MessageHub.java:404)
	org.gradle.internal.concurrent.ExecutorPolicy$CatchAndRecordFailures.onExecute(ExecutorPolicy.java:63)
	org.gradle.internal.concurrent.ManagedExecutorImpl$1.run(ManagedExecutorImpl.java:46)
	java.util.concurrent.ThreadPoolExecutor.runWorker(ThreadPoolExecutor.java:1142)
	java.util.concurrent.ThreadPoolExecutor$Worker.run(ThreadPoolExecutor.java:617)
	org.gradle.internal.concurrent.ThreadFactoryImpl$ManagedThreadRunnable.run(ThreadFactoryImpl.java:55)
	java.lang.Thread.run(Thread.java:745)
Created at:
	io.netty.buffer.PooledByteBufAllocator.newDirectBuffer(PooledByteBufAllocator.java:349)
	io.netty.buffer.AbstractByteBufAllocator.directBuffer(AbstractByteBufAllocator.java:187)
	io.netty.buffer.AbstractByteBufAllocator.directBuffer(AbstractByteBufAllocator.java:178)
	io.netty.buffer.AbstractByteBufAllocator.buffer(AbstractByteBufAllocator.java:115)
	io.rsocket.metadata.CompositeMetadataFlyweight.encodeMetadataHeader(CompositeMetadataFlyweight.java:330)
	io.rsocket.metadata.CompositeMetadataFlyweight.encodeAndAddMetadata(CompositeMetadataFlyweight.java:216)
	org.springframework.messaging.rsocket.MetadataEncoder.lambda$encode$62(MetadataEncoder.java:168)
	java.util.LinkedHashMap.forEach(LinkedHashMap.java:676)
	org.springframework.messaging.rsocket.MetadataEncoder.encode(MetadataEncoder.java:166)
	org.springframework.messaging.rsocket.MetadataEncoderTests.compositeMetadataWithRoute(MetadataEncoderTests.java:53)
	sun.reflect.NativeMethodAccessorImpl.invoke0(Native Method)
	sun.reflect.NativeMethodAccessorImpl.invoke(NativeMethodAccessorImpl.java:62)
	sun.reflect.DelegatingMethodAccessorImpl.invoke(DelegatingMethodAccessorImpl.java:43)
	java.lang.reflect.Method.invoke(Method.java:497)
	org.junit.runners.model.FrameworkMethod$1.runReflectiveCall(FrameworkMethod.java:59)
	org.junit.internal.runners.model.ReflectiveCallable.run(ReflectiveCallable.java:12)
	org.junit.runners.model.FrameworkMethod.invokeExplosively(FrameworkMethod.java:56)
	org.junit.internal.runners.statements.InvokeMethod.evaluate(InvokeMethod.java:17)
	org.junit.runners.ParentRunner$3.evaluate(ParentRunner.java:305)
	org.junit.runners.BlockJUnit4ClassRunner$1.evaluate(BlockJUnit4ClassRunner.java:100)
	org.junit.runners.ParentRunner.runLeaf(ParentRunner.java:365)
	org.junit.runners.BlockJUnit4ClassRunner.runChild(BlockJUnit4ClassRunner.java:103)
	org.junit.runners.BlockJUnit4ClassRunner.runChild(BlockJUnit4ClassRunner.java:63)
	org.junit.runners.ParentRunner$4.run(ParentRunner.java:330)
	org.junit.runners.ParentRunner$1.schedule(ParentRunner.java:78)
	org.junit.runners.ParentRunner.runChildren(ParentRunner.java:328)
	org.junit.runners.ParentRunner.access$100(ParentRunner.java:65)
	org.junit.runners.ParentRunner$2.evaluate(ParentRunner.java:292)
	org.junit.runners.ParentRunner$3.evaluate(ParentRunner.java:305)
	org.junit.runners.ParentRunner.run(ParentRunner.java:412)
	org.junit.runner.JUnitCore.run(JUnitCore.java:137)
	org.junit.runner.JUnitCore.run(JUnitCore.java:115)
	org.junit.vintage.engine.execution.RunnerExecutor.execute(RunnerExecutor.java:40)
	java.util.stream.ForEachOps$ForEachOp$OfRef.accept(ForEachOps.java:184)
	java.util.stream.ReferencePipeline$3$1.accept(ReferencePipeline.java:193)
	java.util.Iterator.forEachRemaining(Iterator.java:116)
	java.util.Spliterators$IteratorSpliterator.forEachRemaining(Spliterators.java:1801)
	java.util.stream.AbstractPipeline.copyInto(AbstractPipeline.java:481)
	java.util.stream.AbstractPipeline.wrapAndCopyInto(AbstractPipeline.java:471)
	java.util.stream.ForEachOps$ForEachOp.evaluateSequential(ForEachOps.java:151)
	java.util.stream.ForEachOps$ForEachOp$OfRef.evaluateSequential(ForEachOps.java:174)
	java.util.stream.AbstractPipeline.evaluate(AbstractPipeline.java:234)
	java.util.stream.ReferencePipeline.forEach(ReferencePipeline.java:418)
	org.junit.vintage.engine.VintageTestEngine.executeAllChildren(VintageTestEngine.java:80)
	org.junit.vintage.engine.VintageTestEngine.execute(VintageTestEngine.java:71)
	org.junit.platform.launcher.core.DefaultLauncher.execute(DefaultLauncher.java:229)
	org.junit.platform.launcher.core.DefaultLauncher.lambda$execute$6(DefaultLauncher.java:197)
	org.junit.platform.launcher.core.DefaultLauncher.withInterceptedStreams(DefaultLauncher.java:211)
	org.junit.platform.launcher.core.DefaultLauncher.execute(DefaultLauncher.java:191)
	org.junit.platform.launcher.core.DefaultLauncher.execute(DefaultLauncher.java:128)
	org.gradle.api.internal.tasks.testing.junitplatform.JUnitPlatformTestClassProcessor$CollectAllTestClassesExecutor.processAllTestClasses(JUnitPlatformTestClassProcessor.java:102)
	org.gradle.api.internal.tasks.testing.junitplatform.JUnitPlatformTestClassProcessor$CollectAllTestClassesExecutor.access$000(JUnitPlatformTestClassProcessor.java:82)
	org.gradle.api.internal.tasks.testing.junitplatform.JUnitPlatformTestClassProcessor.stop(JUnitPlatformTestClassProcessor.java:78)
	org.gradle.api.internal.tasks.testing.SuiteTestClassProcessor.stop(SuiteTestClassProcessor.java:61)
	sun.reflect.NativeMethodAccessorImpl.invoke0(Native Method)
	sun.reflect.NativeMethodAccessorImpl.invoke(NativeMethodAccessorImpl.java:62)
	sun.reflect.DelegatingMethodAccessorImpl.invoke(DelegatingMethodAccessorImpl.java:43)
	java.lang.reflect.Method.invoke(Method.java:497)
	org.gradle.internal.dispatch.ReflectionDispatch.dispatch(ReflectionDispatch.java:35)
	org.gradle.internal.dispatch.ReflectionDispatch.dispatch(ReflectionDispatch.java:24)
	org.gradle.internal.dispatch.ContextClassLoaderDispatch.dispatch(ContextClassLoaderDispatch.java:32)
	org.gradle.internal.dispatch.ProxyDispatchAdapter$DispatchingInvocationHandler.invoke(ProxyDispatchAdapter.java:93)
	com.sun.proxy.$Proxy2.stop(Unknown Source)
	org.gradle.api.internal.tasks.testing.worker.TestWorker.stop(TestWorker.java:132)
	sun.reflect.NativeMethodAccessorImpl.invoke0(Native Method)
	sun.reflect.NativeMethodAccessorImpl.invoke(NativeMethodAccessorImpl.java:62)
	sun.reflect.DelegatingMethodAccessorImpl.invoke(DelegatingMethodAccessorImpl.java:43)
	java.lang.reflect.Method.invoke(Method.java:497)
	org.gradle.internal.dispatch.ReflectionDispatch.dispatch(ReflectionDispatch.java:35)
	org.gradle.internal.dispatch.ReflectionDispatch.dispatch(ReflectionDispatch.java:24)
	org.gradle.internal.remote.internal.hub.MessageHubBackedObjectConnection$DispatchWrapper.dispatch(MessageHubBackedObjectConnection.java:175)
	org.gradle.internal.remote.internal.hub.MessageHubBackedObjectConnection$DispatchWrapper.dispatch(MessageHubBackedObjectConnection.java:157)
	org.gradle.internal.remote.internal.hub.MessageHub$Handler.run(MessageHub.java:404)
	org.gradle.internal.concurrent.ExecutorPolicy$CatchAndRecordFailures.onExecute(ExecutorPolicy.java:63)
	org.gradle.internal.concurrent.ManagedExecutorImpl$1.run(ManagedExecutorImpl.java:46)
	java.util.concurrent.ThreadPoolExecutor.runWorker(ThreadPoolExecutor.java:1142)
	java.util.concurrent.ThreadPoolExecutor$Worker.run(ThreadPoolExecutor.java:617)
	org.gradle.internal.concurrent.ThreadFactoryImpl$ManagedThreadRunnable.run(ThreadFactoryImpl.java:55)
	java.lang.Thread.run(Thread.java:745)
: 3 leak records were discarded because the leak record count is targeted to 4. Use system property io.netty.leakDetection.targetRecords to increase the limit.
01:35:01.233 [Test worker] ERROR i.n.u.ResourceLeakDetector - LEAK: ByteBuf.release() was not called before it's garbage-collected. See http://netty.io/wiki/reference-counted-objects.html for more information.
Recent access records: 
#1:
	io.netty.buffer.AdvancedLeakAwareByteBuf.readBytes(AdvancedLeakAwareByteBuf.java:496)
	org.springframework.core.io.buffer.NettyDataBuffer.read(NettyDataBuffer.java:159)
	org.springframework.core.io.buffer.NettyDataBuffer.read(NettyDataBuffer.java:43)
	org.springframework.core.io.buffer.support.DataBufferTestUtils.dumpBytes(DataBufferTestUtils.java:44)
	org.springframework.core.io.buffer.support.DataBufferTestUtils.dumpString(DataBufferTestUtils.java:58)
	org.springframework.messaging.rsocket.MetadataEncoderTests.dumpString(MetadataEncoderTests.java:198)
	org.springframework.messaging.rsocket.MetadataEncoderTests.routeWithVars(MetadataEncoderTests.java:117)
	sun.reflect.NativeMethodAccessorImpl.invoke0(Native Method)
	sun.reflect.NativeMethodAccessorImpl.invoke(NativeMethodAccessorImpl.java:62)
	sun.reflect.DelegatingMethodAccessorImpl.invoke(DelegatingMethodAccessorImpl.java:43)
	java.lang.reflect.Method.invoke(Method.java:497)
	org.junit.runners.model.FrameworkMethod$1.runReflectiveCall(FrameworkMethod.java:59)
	org.junit.internal.runners.model.ReflectiveCallable.run(ReflectiveCallable.java:12)
	org.junit.runners.model.FrameworkMethod.invokeExplosively(FrameworkMethod.java:56)
	org.junit.internal.runners.statements.InvokeMethod.evaluate(InvokeMethod.java:17)
	org.junit.runners.ParentRunner$3.evaluate(ParentRunner.java:305)
	org.junit.runners.BlockJUnit4ClassRunner$1.evaluate(BlockJUnit4ClassRunner.java:100)
	org.junit.runners.ParentRunner.runLeaf(ParentRunner.java:365)
	org.junit.runners.BlockJUnit4ClassRunner.runChild(BlockJUnit4ClassRunner.java:103)
	org.junit.runners.BlockJUnit4ClassRunner.runChild(BlockJUnit4ClassRunner.java:63)
	org.junit.runners.ParentRunner$4.run(ParentRunner.java:330)
	org.junit.runners.ParentRunner$1.schedule(ParentRunner.java:78)
	org.junit.runners.ParentRunner.runChildren(ParentRunner.java:328)
	org.junit.runners.ParentRunner.access$100(ParentRunner.java:65)
	org.junit.runners.ParentRunner$2.evaluate(ParentRunner.java:292)
	org.junit.runners.ParentRunner$3.evaluate(ParentRunner.java:305)
	org.junit.runners.ParentRunner.run(ParentRunner.java:412)
	org.junit.runner.JUnitCore.run(JUnitCore.java:137)
	org.junit.runner.JUnitCore.run(JUnitCore.java:115)
	org.junit.vintage.engine.execution.RunnerExecutor.execute(RunnerExecutor.java:40)
	java.util.stream.ForEachOps$ForEachOp$OfRef.accept(ForEachOps.java:184)
	java.util.stream.ReferencePipeline$3$1.accept(ReferencePipeline.java:193)
	java.util.Iterator.forEachRemaining(Iterator.java:116)
	java.util.Spliterators$IteratorSpliterator.forEachRemaining(Spliterators.java:1801)
	java.util.stream.AbstractPipeline.copyInto(AbstractPipeline.java:481)
	java.util.stream.AbstractPipeline.wrapAndCopyInto(AbstractPipeline.java:471)
	java.util.stream.ForEachOps$ForEachOp.evaluateSequential(ForEachOps.java:151)
	java.util.stream.ForEachOps$ForEachOp$OfRef.evaluateSequential(ForEachOps.java:174)
	java.util.stream.AbstractPipeline.evaluate(AbstractPipeline.java:234)
	java.util.stream.ReferencePipeline.forEach(ReferencePipeline.java:418)
	org.junit.vintage.engine.VintageTestEngine.executeAllChildren(VintageTestEngine.java:80)
	org.junit.vintage.engine.VintageTestEngine.execute(VintageTestEngine.java:71)
	org.junit.platform.launcher.core.DefaultLauncher.execute(DefaultLauncher.java:229)
	org.junit.platform.launcher.core.DefaultLauncher.lambda$execute$6(DefaultLauncher.java:197)
	org.junit.platform.launcher.core.DefaultLauncher.withInterceptedStreams(DefaultLauncher.java:211)
	org.junit.platform.launcher.core.DefaultLauncher.execute(DefaultLauncher.java:191)
	org.junit.platform.launcher.core.DefaultLauncher.execute(DefaultLauncher.java:128)
	org.gradle.api.internal.tasks.testing.junitplatform.JUnitPlatformTestClassProcessor$CollectAllTestClassesExecutor.processAllTestClasses(JUnitPlatformTestClassProcessor.java:102)
	org.gradle.api.internal.tasks.testing.junitplatform.JUnitPlatformTestClassProcessor$CollectAllTestClassesExecutor.access$000(JUnitPlatformTestClassProcessor.java:82)
	org.gradle.api.internal.tasks.testing.junitplatform.JUnitPlatformTestClassProcessor.stop(JUnitPlatformTestClassProcessor.java:78)
	org.gradle.api.internal.tasks.testing.SuiteTestClassProcessor.stop(SuiteTestClassProcessor.java:61)
	sun.reflect.NativeMethodAccessorImpl.invoke0(Native Method)
	sun.reflect.NativeMethodAccessorImpl.invoke(NativeMethodAccessorImpl.java:62)
	sun.reflect.DelegatingMethodAccessorImpl.invoke(DelegatingMethodAccessorImpl.java:43)
	java.lang.reflect.Method.invoke(Method.java:497)
	org.gradle.internal.dispatch.ReflectionDispatch.dispatch(ReflectionDispatch.java:35)
	org.gradle.internal.dispatch.ReflectionDispatch.dispatch(ReflectionDispatch.java:24)
	org.gradle.internal.dispatch.ContextClassLoaderDispatch.dispatch(ContextClassLoaderDispatch.java:32)
	org.gradle.internal.dispatch.ProxyDispatchAdapter$DispatchingInvocationHandler.invoke(ProxyDispatchAdapter.java:93)
	com.sun.proxy.$Proxy2.stop(Unknown Source)
	org.gradle.api.internal.tasks.testing.worker.TestWorker.stop(TestWorker.java:132)
	sun.reflect.NativeMethodAccessorImpl.invoke0(Native Method)
	sun.reflect.NativeMethodAccessorImpl.invoke(NativeMethodAccessorImpl.java:62)
	sun.reflect.DelegatingMethodAccessorImpl.invoke(DelegatingMethodAccessorImpl.java:43)
	java.lang.reflect.Method.invoke(Method.java:497)
	org.gradle.internal.dispatch.ReflectionDispatch.dispatch(ReflectionDispatch.java:35)
	org.gradle.internal.dispatch.ReflectionDispatch.dispatch(ReflectionDispatch.java:24)
	org.gradle.internal.remote.internal.hub.MessageHubBackedObjectConnection$DispatchWrapper.dispatch(MessageHubBackedObjectConnection.java:175)
	org.gradle.internal.remote.internal.hub.MessageHubBackedObjectConnection$DispatchWrapper.dispatch(MessageHubBackedObjectConnection.java:157)
	org.gradle.internal.remote.internal.hub.MessageHub$Handler.run(MessageHub.java:404)
	org.gradle.internal.concurrent.ExecutorPolicy$CatchAndRecordFailures.onExecute(ExecutorPolicy.java:63)
	org.gradle.internal.concurrent.ManagedExecutorImpl$1.run(ManagedExecutorImpl.java:46)
	java.util.concurrent.ThreadPoolExecutor.runWorker(ThreadPoolExecutor.java:1142)
	java.util.concurrent.ThreadPoolExecutor$Worker.run(ThreadPoolExecutor.java:617)
	org.gradle.internal.concurrent.ThreadFactoryImpl$ManagedThreadRunnable.run(ThreadFactoryImpl.java:55)
	java.lang.Thread.run(Thread.java:745)
Created at:
	io.netty.buffer.PooledByteBufAllocator.newDirectBuffer(PooledByteBufAllocator.java:349)
	io.netty.buffer.AbstractByteBufAllocator.directBuffer(AbstractByteBufAllocator.java:187)
	io.netty.buffer.AbstractByteBufAllocator.directBuffer(AbstractByteBufAllocator.java:178)
	io.netty.buffer.AbstractByteBufAllocator.buffer(AbstractByteBufAllocator.java:115)
	org.springframework.core.io.buffer.NettyDataBufferFactory.allocateBuffer(NettyDataBufferFactory.java:71)
	org.springframework.core.io.buffer.NettyDataBufferFactory.allocateBuffer(NettyDataBufferFactory.java:39)
	org.springframework.core.codec.CharSequenceEncoder.encodeValue(CharSequenceEncoder.java:91)
	org.springframework.core.codec.CharSequenceEncoder.encodeValue(CharSequenceEncoder.java:47)
	org.springframework.messaging.rsocket.MetadataEncoder.encodeEntry(MetadataEncoder.java:229)
	org.springframework.messaging.rsocket.MetadataEncoder.encode(MetadataEncoder.java:197)
	org.springframework.messaging.rsocket.MetadataEncoderTests.routeWithVars(MetadataEncoderTests.java:115)
	sun.reflect.NativeMethodAccessorImpl.invoke0(Native Method)
	sun.reflect.NativeMethodAccessorImpl.invoke(NativeMethodAccessorImpl.java:62)
	sun.reflect.DelegatingMethodAccessorImpl.invoke(DelegatingMethodAccessorImpl.java:43)
	java.lang.reflect.Method.invoke(Method.java:497)
	org.junit.runners.model.FrameworkMethod$1.runReflectiveCall(FrameworkMethod.java:59)
	org.junit.internal.runners.model.ReflectiveCallable.run(ReflectiveCallable.java:12)
	org.junit.runners.model.FrameworkMethod.invokeExplosively(FrameworkMethod.java:56)
	org.junit.internal.runners.statements.InvokeMethod.evaluate(InvokeMethod.java:17)
	org.junit.runners.ParentRunner$3.evaluate(ParentRunner.java:305)
	org.junit.runners.BlockJUnit4ClassRunner$1.evaluate(BlockJUnit4ClassRunner.java:100)
	org.junit.runners.ParentRunner.runLeaf(ParentRunner.java:365)
	org.junit.runners.BlockJUnit4ClassRunner.runChild(BlockJUnit4ClassRunner.java:103)
	org.junit.runners.BlockJUnit4ClassRunner.runChild(BlockJUnit4ClassRunner.java:63)
	org.junit.runners.ParentRunner$4.run(ParentRunner.java:330)
	org.junit.runners.ParentRunner$1.schedule(ParentRunner.java:78)
	org.junit.runners.ParentRunner.runChildren(ParentRunner.java:328)
	org.junit.runners.ParentRunner.access$100(ParentRunner.java:65)
	org.junit.runners.ParentRunner$2.evaluate(ParentRunner.java:292)
	org.junit.runners.ParentRunner$3.evaluate(ParentRunner.java:305)
	org.junit.runners.ParentRunner.run(ParentRunner.java:412)
	org.junit.runner.JUnitCore.run(JUnitCore.java:137)
	org.junit.runner.JUnitCore.run(JUnitCore.java:115)
	org.junit.vintage.engine.execution.RunnerExecutor.execute(RunnerExecutor.java:40)
	java.util.stream.ForEachOps$ForEachOp$OfRef.accept(ForEachOps.java:184)
	java.util.stream.ReferencePipeline$3$1.accept(ReferencePipeline.java:193)
	java.util.Iterator.forEachRemaining(Iterator.java:116)
	java.util.Spliterators$IteratorSpliterator.forEachRemaining(Spliterators.java:1801)
	java.util.stream.AbstractPipeline.copyInto(AbstractPipeline.java:481)
	java.util.stream.AbstractPipeline.wrapAndCopyInto(AbstractPipeline.java:471)
	java.util.stream.ForEachOps$ForEachOp.evaluateSequential(ForEachOps.java:151)
	java.util.stream.ForEachOps$ForEachOp$OfRef.evaluateSequential(ForEachOps.java:174)
	java.util.stream.AbstractPipeline.evaluate(AbstractPipeline.java:234)
	java.util.stream.ReferencePipeline.forEach(ReferencePipeline.java:418)
	org.junit.vintage.engine.VintageTestEngine.executeAllChildren(VintageTestEngine.java:80)
	org.junit.vintage.engine.VintageTestEngine.execute(VintageTestEngine.java:71)
	org.junit.platform.launcher.core.DefaultLauncher.execute(DefaultLauncher.java:229)
	org.junit.platform.launcher.core.DefaultLauncher.lambda$execute$6(DefaultLauncher.java:197)
	org.junit.platform.launcher.core.DefaultLauncher.withInterceptedStreams(DefaultLauncher.java:211)
	org.junit.platform.launcher.core.DefaultLauncher.execute(DefaultLauncher.java:191)
	org.junit.platform.launcher.core.DefaultLauncher.execute(DefaultLauncher.java:128)
	org.gradle.api.internal.tasks.testing.junitplatform.JUnitPlatformTestClassProcessor$CollectAllTestClassesExecutor.processAllTestClasses(JUnitPlatformTestClassProcessor.java:102)
	org.gradle.api.internal.tasks.testing.junitplatform.JUnitPlatformTestClassProcessor$CollectAllTestClassesExecutor.access$000(JUnitPlatformTestClassProcessor.java:82)
	org.gradle.api.internal.tasks.testing.junitplatform.JUnitPlatformTestClassProcessor.stop(JUnitPlatformTestClassProcessor.java:78)
	org.gradle.api.internal.tasks.testing.SuiteTestClassProcessor.stop(SuiteTestClassProcessor.java:61)
	sun.reflect.NativeMethodAccessorImpl.invoke0(Native Method)
	sun.reflect.NativeMethodAccessorImpl.invoke(NativeMethodAccessorImpl.java:62)
	sun.reflect.DelegatingMethodAccessorImpl.invoke(DelegatingMethodAccessorImpl.java:43)
	java.lang.reflect.Method.invoke(Method.java:497)
	org.gradle.internal.dispatch.ReflectionDispatch.dispatch(ReflectionDispatch.java:35)
	org.gradle.internal.dispatch.ReflectionDispatch.dispatch(ReflectionDispatch.java:24)
	org.gradle.internal.dispatch.ContextClassLoaderDispatch.dispatch(ContextClassLoaderDispatch.java:32)
	org.gradle.internal.dispatch.ProxyDispatchAdapter$DispatchingInvocationHandler.invoke(ProxyDispatchAdapter.java:93)
	com.sun.proxy.$Proxy2.stop(Unknown Source)
	org.gradle.api.internal.tasks.testing.worker.TestWorker.stop(TestWorker.java:132)
	sun.reflect.NativeMethodAccessorImpl.invoke0(Native Method)
	sun.reflect.NativeMethodAccessorImpl.invoke(NativeMethodAccessorImpl.java:62)
	sun.reflect.DelegatingMethodAccessorImpl.invoke(DelegatingMethodAccessorImpl.java:43)
	java.lang.reflect.Method.invoke(Method.java:497)
	org.gradle.internal.dispatch.ReflectionDispatch.dispatch(ReflectionDispatch.java:35)
	org.gradle.internal.dispatch.ReflectionDispatch.dispatch(ReflectionDispatch.java:24)
	org.gradle.internal.remote.internal.hub.MessageHubBackedObjectConnection$DispatchWrapper.dispatch(MessageHubBackedObjectConnection.java:175)
	org.gradle.internal.remote.internal.hub.MessageHubBackedObjectConnection$DispatchWrapper.dispatch(MessageHubBackedObjectConnection.java:157)
	org.gradle.internal.remote.internal.hub.MessageHub$Handler.run(MessageHub.java:404)
	org.gradle.internal.concurrent.ExecutorPolicy$CatchAndRecordFailures.onExecute(ExecutorPolicy.java:63)
	org.gradle.internal.concurrent.ManagedExecutorImpl$1.run(ManagedExecutorImpl.java:46)
	java.util.concurrent.ThreadPoolExecutor.runWorker(ThreadPoolExecutor.java:1142)
	java.util.concurrent.ThreadPoolExecutor$Worker.run(ThreadPoolExecutor.java:617)
	org.gradle.internal.concurrent.ThreadFactoryImpl$ManagedThreadRunnable.run(ThreadFactoryImpl.java:55)
	java.lang.Thread.run(Thread.java:745)
01:35:01.234 [Test worker] ERROR i.n.u.ResourceLeakDetector - LEAK: ByteBuf.release() was not called before it's garbage-collected. See http://netty.io/wiki/reference-counted-objects.html for more information.
Recent access records: 
Created at:
	io.netty.buffer.PooledByteBufAllocator.newDirectBuffer(PooledByteBufAllocator.java:349)
	io.netty.buffer.AbstractByteBufAllocator.directBuffer(AbstractByteBufAllocator.java:187)
	io.netty.buffer.AbstractByteBufAllocator.directBuffer(AbstractByteBufAllocator.java:178)
	io.netty.buffer.AbstractByteBufAllocator.buffer(AbstractByteBufAllocator.java:115)
	org.springframework.core.io.buffer.NettyDataBufferFactory.allocateBuffer(NettyDataBufferFactory.java:71)
	org.springframework.core.io.buffer.NettyDataBufferFactory.allocateBuffer(NettyDataBufferFactory.java:39)
	org.springframework.core.codec.CharSequenceEncoder.encodeValue(CharSequenceEncoder.java:91)
	org.springframework.core.codec.CharSequenceEncoder.encodeValue(CharSequenceEncoder.java:47)
	org.springframework.messaging.rsocket.MetadataEncoder.encodeEntry(MetadataEncoder.java:229)
	org.springframework.messaging.rsocket.MetadataEncoder.encode(MetadataEncoder.java:197)
	org.springframework.messaging.rsocket.DefaultRSocketRequester$DefaultRequestSpec.firstPayload(DefaultRSocketRequester.java:232)
	reactor.core.publisher.FluxMapFuseable$MapFuseableConditionalSubscriber.onNext(FluxMapFuseable.java:273)
	reactor.core.publisher.Operators$MonoSubscriber.complete(Operators.java:1582)
	reactor.core.publisher.MonoCallable.subscribe(MonoCallable.java:61)
	reactor.core.publisher.Mono.subscribe(Mono.java:3920)
	reactor.core.publisher.Mono.block(Mono.java:1537)
	org.springframework.messaging.rsocket.DefaultRSocketRequesterTests.retrieveMonoVoid(DefaultRSocketRequesterTests.java:150)
	sun.reflect.NativeMethodAccessorImpl.invoke0(Native Method)
	sun.reflect.NativeMethodAccessorImpl.invoke(NativeMethodAccessorImpl.java:62)
	sun.reflect.DelegatingMethodAccessorImpl.invoke(DelegatingMethodAccessorImpl.java:43)
	java.lang.reflect.Method.invoke(Method.java:497)
	org.junit.runners.model.FrameworkMethod$1.runReflectiveCall(FrameworkMethod.java:59)
	org.junit.internal.runners.model.ReflectiveCallable.run(ReflectiveCallable.java:12)
	org.junit.runners.model.FrameworkMethod.invokeExplosively(FrameworkMethod.java:56)
	org.junit.internal.runners.statements.InvokeMethod.evaluate(InvokeMethod.java:17)
	org.junit.internal.runners.statements.RunBefores.evaluate(RunBefores.java:26)
	org.junit.runners.ParentRunner$3.evaluate(ParentRunner.java:305)
	org.junit.runners.BlockJUnit4ClassRunner$1.evaluate(BlockJUnit4ClassRunner.java:100)
	org.junit.runners.ParentRunner.runLeaf(ParentRunner.java:365)
	org.junit.runners.BlockJUnit4ClassRunner.runChild(BlockJUnit4ClassRunner.java:103)
	org.junit.runners.BlockJUnit4ClassRunner.runChild(BlockJUnit4ClassRunner.java:63)
	org.junit.runners.ParentRunner$4.run(ParentRunner.java:330)
	org.junit.runners.ParentRunner$1.schedule(ParentRunner.java:78)
	org.junit.runners.ParentRunner.runChildren(ParentRunner.java:328)
	org.junit.runners.ParentRunner.access$100(ParentRunner.java:65)
	org.junit.runners.ParentRunner$2.evaluate(ParentRunner.java:292)
	org.junit.runners.ParentRunner$3.evaluate(ParentRunner.java:305)
	org.junit.runners.ParentRunner.run(ParentRunner.java:412)
	org.junit.runner.JUnitCore.run(JUnitCore.java:137)
	org.junit.runner.JUnitCore.run(JUnitCore.java:115)
	org.junit.vintage.engine.execution.RunnerExecutor.execute(RunnerExecutor.java:40)
	java.util.stream.ForEachOps$ForEachOp$OfRef.accept(ForEachOps.java:184)
	java.util.stream.ReferencePipeline$3$1.accept(ReferencePipeline.java:193)
	java.util.Iterator.forEachRemaining(Iterator.java:116)
	java.util.Spliterators$IteratorSpliterator.forEachRemaining(Spliterators.java:1801)
	java.util.stream.AbstractPipeline.copyInto(AbstractPipeline.java:481)
	java.util.stream.AbstractPipeline.wrapAndCopyInto(AbstractPipeline.java:471)
	java.util.stream.ForEachOps$ForEachOp.evaluateSequential(ForEachOps.java:151)
	java.util.stream.ForEachOps$ForEachOp$OfRef.evaluateSequential(ForEachOps.java:174)
	java.util.stream.AbstractPipeline.evaluate(AbstractPipeline.java:234)
	java.util.stream.ReferencePipeline.forEach(ReferencePipeline.java:418)
	org.junit.vintage.engine.VintageTestEngine.executeAllChildren(VintageTestEngine.java:80)
	org.junit.vintage.engine.VintageTestEngine.execute(VintageTestEngine.java:71)
	org.junit.platform.launcher.core.DefaultLauncher.execute(DefaultLauncher.java:229)
	org.junit.platform.launcher.core.DefaultLauncher.lambda$execute$6(DefaultLauncher.java:197)
	org.junit.platform.launcher.core.DefaultLauncher.withInterceptedStreams(DefaultLauncher.java:211)
	org.junit.platform.launcher.core.DefaultLauncher.execute(DefaultLauncher.java:191)
	org.junit.platform.launcher.core.DefaultLauncher.execute(DefaultLauncher.java:128)
	org.gradle.api.internal.tasks.testing.junitplatform.JUnitPlatformTestClassProcessor$CollectAllTestClassesExecutor.processAllTestClasses(JUnitPlatformTestClassProcessor.java:102)
	org.gradle.api.internal.tasks.testing.junitplatform.JUnitPlatformTestClassProcessor$CollectAllTestClassesExecutor.access$000(JUnitPlatformTestClassProcessor.java:82)
	org.gradle.api.internal.tasks.testing.junitplatform.JUnitPlatformTestClassProcessor.stop(JUnitPlatformTestClassProcessor.java:78)
	org.gradle.api.internal.tasks.testing.SuiteTestClassProcessor.stop(SuiteTestClassProcessor.java:61)
	sun.reflect.NativeMethodAccessorImpl.invoke0(Native Method)
	sun.reflect.NativeMethodAccessorImpl.invoke(NativeMethodAccessorImpl.java:62)
	sun.reflect.DelegatingMethodAccessorImpl.invoke(DelegatingMethodAccessorImpl.java:43)
	java.lang.reflect.Method.invoke(Method.java:497)
	org.gradle.internal.dispatch.ReflectionDispatch.dispatch(ReflectionDispatch.java:35)
	org.gradle.internal.dispatch.ReflectionDispatch.dispatch(ReflectionDispatch.java:24)
	org.gradle.internal.dispatch.ContextClassLoaderDispatch.dispatch(ContextClassLoaderDispatch.java:32)
	org.gradle.internal.dispatch.ProxyDispatchAdapter$DispatchingInvocationHandler.invoke(ProxyDispatchAdapter.java:93)
	com.sun.proxy.$Proxy2.stop(Unknown Source)
	org.gradle.api.internal.tasks.testing.worker.TestWorker.stop(TestWorker.java:132)
	sun.reflect.NativeMethodAccessorImpl.invoke0(Native Method)
	sun.reflect.NativeMethodAccessorImpl.invoke(NativeMethodAccessorImpl.java:62)
	sun.reflect.DelegatingMethodAccessorImpl.invoke(DelegatingMethodAccessorImpl.java:43)
	java.lang.reflect.Method.invoke(Method.java:497)
	org.gradle.internal.dispatch.ReflectionDispatch.dispatch(ReflectionDispatch.java:35)
	org.gradle.internal.dispatch.ReflectionDispatch.dispatch(ReflectionDispatch.java:24)
	org.gradle.internal.remote.internal.hub.MessageHubBackedObjectConnection$DispatchWrapper.dispatch(MessageHubBackedObjectConnection.java:175)
	org.gradle.internal.remote.internal.hub.MessageHubBackedObjectConnection$DispatchWrapper.dispatch(MessageHubBackedObjectConnection.java:157)
	org.gradle.internal.remote.internal.hub.MessageHub$Handler.run(MessageHub.java:404)
	org.gradle.internal.concurrent.ExecutorPolicy$CatchAndRecordFailures.onExecute(ExecutorPolicy.java:63)
	org.gradle.internal.concurrent.ManagedExecutorImpl$1.run(ManagedExecutorImpl.java:46)
	java.util.concurrent.ThreadPoolExecutor.runWorker(ThreadPoolExecutor.java:1142)
	java.util.concurrent.ThreadPoolExecutor$Worker.run(ThreadPoolExecutor.java:617)
	org.gradle.internal.concurrent.ThreadFactoryImpl$ManagedThreadRunnable.run(ThreadFactoryImpl.java:55)
	java.lang.Thread.run(Thread.java:745)
01:35:01.234 [Test worker] ERROR i.n.u.ResourceLeakDetector - LEAK: ByteBuf.release() was not called before it's garbage-collected. See http://netty.io/wiki/reference-counted-objects.html for more information.
Recent access records: 
#1:
	io.netty.buffer.AdvancedLeakAwareByteBuf.toString(AdvancedLeakAwareByteBuf.java:742)
	io.rsocket.Payload.getMetadataUtf8(Payload.java:98)
	org.springframework.messaging.rsocket.DefaultRSocketRequesterTests.testSendMono(DefaultRSocketRequesterTests.java:94)
	org.springframework.messaging.rsocket.DefaultRSocketRequesterTests.sendMono(DefaultRSocketRequesterTests.java:82)
	sun.reflect.NativeMethodAccessorImpl.invoke0(Native Method)
	sun.reflect.NativeMethodAccessorImpl.invoke(NativeMethodAccessorImpl.java:62)
	sun.reflect.DelegatingMethodAccessorImpl.invoke(DelegatingMethodAccessorImpl.java:43)
	java.lang.reflect.Method.invoke(Method.java:497)
	org.junit.runners.model.FrameworkMethod$1.runReflectiveCall(FrameworkMethod.java:59)
	org.junit.internal.runners.model.ReflectiveCallable.run(ReflectiveCallable.java:12)
	org.junit.runners.model.FrameworkMethod.invokeExplosively(FrameworkMethod.java:56)
	org.junit.internal.runners.statements.InvokeMethod.evaluate(InvokeMethod.java:17)
	org.junit.internal.runners.statements.RunBefores.evaluate(RunBefores.java:26)
	org.junit.runners.ParentRunner$3.evaluate(ParentRunner.java:305)
	org.junit.runners.BlockJUnit4ClassRunner$1.evaluate(BlockJUnit4ClassRunner.java:100)
	org.junit.runners.ParentRunner.runLeaf(ParentRunner.java:365)
	org.junit.runners.BlockJUnit4ClassRunner.runChild(BlockJUnit4ClassRunner.java:103)
	org.junit.runners.BlockJUnit4ClassRunner.runChild(BlockJUnit4ClassRunner.java:63)
	org.junit.runners.ParentRunner$4.run(ParentRunner.java:330)
	org.junit.runners.ParentRunner$1.schedule(ParentRunner.java:78)
	org.junit.runners.ParentRunner.runChildren(ParentRunner.java:328)
	org.junit.runners.ParentRunner.access$100(ParentRunner.java:65)
	org.junit.runners.ParentRunner$2.evaluate(ParentRunner.java:292)
	org.junit.runners.ParentRunner$3.evaluate(ParentRunner.java:305)
	org.junit.runners.ParentRunner.run(ParentRunner.java:412)
	org.junit.runner.JUnitCore.run(JUnitCore.java:137)
	org.junit.runner.JUnitCore.run(JUnitCore.java:115)
	org.junit.vintage.engine.execution.RunnerExecutor.execute(RunnerExecutor.java:40)
	java.util.stream.ForEachOps$ForEachOp$OfRef.accept(ForEachOps.java:184)
	java.util.stream.ReferencePipeline$3$1.accept(ReferencePipeline.java:193)
	java.util.Iterator.forEachRemaining(Iterator.java:116)
	java.util.Spliterators$IteratorSpliterator.forEachRemaining(Spliterators.java:1801)
	java.util.stream.AbstractPipeline.copyInto(AbstractPipeline.java:481)
	java.util.stream.AbstractPipeline.wrapAndCopyInto(AbstractPipeline.java:471)
	java.util.stream.ForEachOps$ForEachOp.evaluateSequential(ForEachOps.java:151)
	java.util.stream.ForEachOps$ForEachOp$OfRef.evaluateSequential(ForEachOps.java:174)
	java.util.stream.AbstractPipeline.evaluate(AbstractPipeline.java:234)
	java.util.stream.ReferencePipeline.forEach(ReferencePipeline.java:418)
	org.junit.vintage.engine.VintageTestEngine.executeAllChildren(VintageTestEngine.java:80)
	org.junit.vintage.engine.VintageTestEngine.execute(VintageTestEngine.java:71)
	org.junit.platform.launcher.core.DefaultLauncher.execute(DefaultLauncher.java:229)
	org.junit.platform.launcher.core.DefaultLauncher.lambda$execute$6(DefaultLauncher.java:197)
	org.junit.platform.launcher.core.DefaultLauncher.withInterceptedStreams(DefaultLauncher.java:211)
	org.junit.platform.launcher.core.DefaultLauncher.execute(DefaultLauncher.java:191)
	org.junit.platform.launcher.core.DefaultLauncher.execute(DefaultLauncher.java:128)
	org.gradle.api.internal.tasks.testing.junitplatform.JUnitPlatformTestClassProcessor$CollectAllTestClassesExecutor.processAllTestClasses(JUnitPlatformTestClassProcessor.java:102)
	org.gradle.api.internal.tasks.testing.junitplatform.JUnitPlatformTestClassProcessor$CollectAllTestClassesExecutor.access$000(JUnitPlatformTestClassProcessor.java:82)
	org.gradle.api.internal.tasks.testing.junitplatform.JUnitPlatformTestClassProcessor.stop(JUnitPlatformTestClassProcessor.java:78)
	org.gradle.api.internal.tasks.testing.SuiteTestClassProcessor.stop(SuiteTestClassProcessor.java:61)
	sun.reflect.NativeMethodAccessorImpl.invoke0(Native Method)
	sun.reflect.NativeMethodAccessorImpl.invoke(NativeMethodAccessorImpl.java:62)
	sun.reflect.DelegatingMethodAccessorImpl.invoke(DelegatingMethodAccessorImpl.java:43)
	java.lang.reflect.Method.invoke(Method.java:497)
	org.gradle.internal.dispatch.ReflectionDispatch.dispatch(ReflectionDispatch.java:35)
	org.gradle.internal.dispatch.ReflectionDispatch.dispatch(ReflectionDispatch.java:24)
	org.gradle.internal.dispatch.ContextClassLoaderDispatch.dispatch(ContextClassLoaderDispatch.java:32)
	org.gradle.internal.dispatch.ProxyDispatchAdapter$DispatchingInvocationHandler.invoke(ProxyDispatchAdapter.java:93)
	com.sun.proxy.$Proxy2.stop(Unknown Source)
	org.gradle.api.internal.tasks.testing.worker.TestWorker.stop(TestWorker.java:132)
	sun.reflect.NativeMethodAccessorImpl.invoke0(Native Method)
	sun.reflect.NativeMethodAccessorImpl.invoke(NativeMethodAccessorImpl.java:62)
	sun.reflect.DelegatingMethodAccessorImpl.invoke(DelegatingMethodAccessorImpl.java:43)
	java.lang.reflect.Method.invoke(Method.java:497)
	org.gradle.internal.dispatch.ReflectionDispatch.dispatch(ReflectionDispatch.java:35)
	org.gradle.internal.dispatch.ReflectionDispatch.dispatch(ReflectionDispatch.java:24)
	org.gradle.internal.remote.internal.hub.MessageHubBackedObjectConnection$DispatchWrapper.dispatch(MessageHubBackedObjectConnection.java:175)
	org.gradle.internal.remote.internal.hub.MessageHubBackedObjectConnection$DispatchWrapper.dispatch(MessageHubBackedObjectConnection.java:157)
	org.gradle.internal.remote.internal.hub.MessageHub$Handler.run(MessageHub.java:404)
	org.gradle.internal.concurrent.ExecutorPolicy$CatchAndRecordFailures.onExecute(ExecutorPolicy.java:63)
	org.gradle.internal.concurrent.ManagedExecutorImpl$1.run(ManagedExecutorImpl.java:46)
	java.util.concurrent.ThreadPoolExecutor.runWorker(ThreadPoolExecutor.java:1142)
	java.util.concurrent.ThreadPoolExecutor$Worker.run(ThreadPoolExecutor.java:617)
	org.gradle.internal.concurrent.ThreadFactoryImpl$ManagedThreadRunnable.run(ThreadFactoryImpl.java:55)
	java.lang.Thread.run(Thread.java:745)
#2:
	io.netty.buffer.AdvancedLeakAwareByteBuf.slice(AdvancedLeakAwareByteBuf.java:76)
	io.rsocket.util.ByteBufPayload.sliceMetadata(ByteBufPayload.java:134)
	io.rsocket.Payload.getMetadataUtf8(Payload.java:98)
	org.springframework.messaging.rsocket.DefaultRSocketRequesterTests.testSendMono(DefaultRSocketRequesterTests.java:94)
	org.springframework.messaging.rsocket.DefaultRSocketRequesterTests.sendMono(DefaultRSocketRequesterTests.java:82)
	sun.reflect.NativeMethodAccessorImpl.invoke0(Native Method)
	sun.reflect.NativeMethodAccessorImpl.invoke(NativeMethodAccessorImpl.java:62)
	sun.reflect.DelegatingMethodAccessorImpl.invoke(DelegatingMethodAccessorImpl.java:43)
	java.lang.reflect.Method.invoke(Method.java:497)
	org.junit.runners.model.FrameworkMethod$1.runReflectiveCall(FrameworkMethod.java:59)
	org.junit.internal.runners.model.ReflectiveCallable.run(ReflectiveCallable.java:12)
	org.junit.runners.model.FrameworkMethod.invokeExplosively(FrameworkMethod.java:56)
	org.junit.internal.runners.statements.InvokeMethod.evaluate(InvokeMethod.java:17)
	org.junit.internal.runners.statements.RunBefores.evaluate(RunBefores.java:26)
	org.junit.runners.ParentRunner$3.evaluate(ParentRunner.java:305)
	org.junit.runners.BlockJUnit4ClassRunner$1.evaluate(BlockJUnit4ClassRunner.java:100)
	org.junit.runners.ParentRunner.runLeaf(ParentRunner.java:365)
	org.junit.runners.BlockJUnit4ClassRunner.runChild(BlockJUnit4ClassRunner.java:103)
	org.junit.runners.BlockJUnit4ClassRunner.runChild(BlockJUnit4ClassRunner.java:63)
	org.junit.runners.ParentRunner$4.run(ParentRunner.java:330)
	org.junit.runners.ParentRunner$1.schedule(ParentRunner.java:78)
	org.junit.runners.ParentRunner.runChildren(ParentRunner.java:328)
	org.junit.runners.ParentRunner.access$100(ParentRunner.java:65)
	org.junit.runners.ParentRunner$2.evaluate(ParentRunner.java:292)
	org.junit.runners.ParentRunner$3.evaluate(ParentRunner.java:305)
	org.junit.runners.ParentRunner.run(ParentRunner.java:412)
	org.junit.runner.JUnitCore.run(JUnitCore.java:137)
	org.junit.runner.JUnitCore.run(JUnitCore.java:115)
	org.junit.vintage.engine.execution.RunnerExecutor.execute(RunnerExecutor.java:40)
	java.util.stream.ForEachOps$ForEachOp$OfRef.accept(ForEachOps.java:184)
	java.util.stream.ReferencePipeline$3$1.accept(ReferencePipeline.java:193)
	java.util.Iterator.forEachRemaining(Iterator.java:116)
	java.util.Spliterators$IteratorSpliterator.forEachRemaining(Spliterators.java:1801)
	java.util.stream.AbstractPipeline.copyInto(AbstractPipeline.java:481)
	java.util.stream.AbstractPipeline.wrapAndCopyInto(AbstractPipeline.java:471)
	java.util.stream.ForEachOps$ForEachOp.evaluateSequential(ForEachOps.java:151)
	java.util.stream.ForEachOps$ForEachOp$OfRef.evaluateSequential(ForEachOps.java:174)
	java.util.stream.AbstractPipeline.evaluate(AbstractPipeline.java:234)
	java.util.stream.ReferencePipeline.forEach(ReferencePipeline.java:418)
	org.junit.vintage.engine.VintageTestEngine.executeAllChildren(VintageTestEngine.java:80)
	org.junit.vintage.engine.VintageTestEngine.execute(VintageTestEngine.java:71)
	org.junit.platform.launcher.core.DefaultLauncher.execute(DefaultLauncher.java:229)
	org.junit.platform.launcher.core.DefaultLauncher.lambda$execute$6(DefaultLauncher.java:197)
	org.junit.platform.launcher.core.DefaultLauncher.withInterceptedStreams(DefaultLauncher.java:211)
	org.junit.platform.launcher.core.DefaultLauncher.execute(DefaultLauncher.java:191)
	org.junit.platform.launcher.core.DefaultLauncher.execute(DefaultLauncher.java:128)
	org.gradle.api.internal.tasks.testing.junitplatform.JUnitPlatformTestClassProcessor$CollectAllTestClassesExecutor.processAllTestClasses(JUnitPlatformTestClassProcessor.java:102)
	org.gradle.api.internal.tasks.testing.junitplatform.JUnitPlatformTestClassProcessor$CollectAllTestClassesExecutor.access$000(JUnitPlatformTestClassProcessor.java:82)
	org.gradle.api.internal.tasks.testing.junitplatform.JUnitPlatformTestClassProcessor.stop(JUnitPlatformTestClassProcessor.java:78)
	org.gradle.api.internal.tasks.testing.SuiteTestClassProcessor.stop(SuiteTestClassProcessor.java:61)
	sun.reflect.NativeMethodAccessorImpl.invoke0(Native Method)
	sun.reflect.NativeMethodAccessorImpl.invoke(NativeMethodAccessorImpl.java:62)
	sun.reflect.DelegatingMethodAccessorImpl.invoke(DelegatingMethodAccessorImpl.java:43)
	java.lang.reflect.Method.invoke(Method.java:497)
	org.gradle.internal.dispatch.ReflectionDispatch.dispatch(ReflectionDispatch.java:35)
	org.gradle.internal.dispatch.ReflectionDispatch.dispatch(ReflectionDispatch.java:24)
	org.gradle.internal.dispatch.ContextClassLoaderDispatch.dispatch(ContextClassLoaderDispatch.java:32)
	org.gradle.internal.dispatch.ProxyDispatchAdapter$DispatchingInvocationHandler.invoke(ProxyDispatchAdapter.java:93)
	com.sun.proxy.$Proxy2.stop(Unknown Source)
	org.gradle.api.internal.tasks.testing.worker.TestWorker.stop(TestWorker.java:132)
	sun.reflect.NativeMethodAccessorImpl.invoke0(Native Method)
	sun.reflect.NativeMethodAccessorImpl.invoke(NativeMethodAccessorImpl.java:62)
	sun.reflect.DelegatingMethodAccessorImpl.invoke(DelegatingMethodAccessorImpl.java:43)
	java.lang.reflect.Method.invoke(Method.java:497)
	org.gradle.internal.dispatch.ReflectionDispatch.dispatch(ReflectionDispatch.java:35)
	org.gradle.internal.dispatch.ReflectionDispatch.dispatch(ReflectionDispatch.java:24)
	org.gradle.internal.remote.internal.hub.MessageHubBackedObjectConnection$DispatchWrapper.dispatch(MessageHubBackedObjectConnection.java:175)
	org.gradle.internal.remote.internal.hub.MessageHubBackedObjectConnection$DispatchWrapper.dispatch(MessageHubBackedObjectConnection.java:157)
	org.gradle.internal.remote.internal.hub.MessageHub$Handler.run(MessageHub.java:404)
	org.gradle.internal.concurrent.ExecutorPolicy$CatchAndRecordFailures.onExecute(ExecutorPolicy.java:63)
	org.gradle.internal.concurrent.ManagedExecutorImpl$1.run(ManagedExecutorImpl.java:46)
	java.util.concurrent.ThreadPoolExecutor.runWorker(ThreadPoolExecutor.java:1142)
	java.util.concurrent.ThreadPoolExecutor$Worker.run(ThreadPoolExecutor.java:617)
	org.gradle.internal.concurrent.ThreadFactoryImpl$ManagedThreadRunnable.run(ThreadFactoryImpl.java:55)
	java.lang.Thread.run(Thread.java:745)
Created at:
	io.netty.buffer.PooledByteBufAllocator.newDirectBuffer(PooledByteBufAllocator.java:349)
	io.netty.buffer.AbstractByteBufAllocator.directBuffer(AbstractByteBufAllocator.java:187)
	io.netty.buffer.AbstractByteBufAllocator.directBuffer(AbstractByteBufAllocator.java:178)
	io.netty.buffer.AbstractByteBufAllocator.buffer(AbstractByteBufAllocator.java:115)
	org.springframework.core.io.buffer.NettyDataBufferFactory.allocateBuffer(NettyDataBufferFactory.java:71)
	org.springframework.core.io.buffer.NettyDataBufferFactory.allocateBuffer(NettyDataBufferFactory.java:39)
	org.springframework.core.codec.CharSequenceEncoder.encodeValue(CharSequenceEncoder.java:91)
	org.springframework.core.codec.CharSequenceEncoder.encodeValue(CharSequenceEncoder.java:47)
	org.springframework.messaging.rsocket.MetadataEncoder.encodeEntry(MetadataEncoder.java:229)
	org.springframework.messaging.rsocket.MetadataEncoder.encode(MetadataEncoder.java:197)
	org.springframework.messaging.rsocket.DefaultRSocketRequester$DefaultRequestSpec.firstPayload(DefaultRSocketRequester.java:232)
	org.springframework.messaging.rsocket.DefaultRSocketRequester$DefaultRequestSpec.lambda$emptyPayload$58(DefaultRSocketRequester.java:242)
	reactor.core.publisher.MonoCallable.call(MonoCallable.java:91)
	reactor.core.publisher.MonoIgnoreThen$ThenIgnoreMain.drain(MonoIgnoreThen.java:135)
	reactor.core.publisher.MonoIgnoreThen.subscribe(MonoIgnoreThen.java:56)
	reactor.core.publisher.Mono.subscribe(Mono.java:3920)
	reactor.core.publisher.Mono.block(Mono.java:1537)
	org.springframework.messaging.rsocket.DefaultRSocketRequesterTests.testSendMono(DefaultRSocketRequesterTests.java:91)
	org.springframework.messaging.rsocket.DefaultRSocketRequesterTests.sendMono(DefaultRSocketRequesterTests.java:82)
	sun.reflect.NativeMethodAccessorImpl.invoke0(Native Method)
	sun.reflect.NativeMethodAccessorImpl.invoke(NativeMethodAccessorImpl.java:62)
	sun.reflect.DelegatingMethodAccessorImpl.invoke(DelegatingMethodAccessorImpl.java:43)
	java.lang.reflect.Method.invoke(Method.java:497)
	org.junit.runners.model.FrameworkMethod$1.runReflectiveCall(FrameworkMethod.java:59)
	org.junit.internal.runners.model.ReflectiveCallable.run(ReflectiveCallable.java:12)
	org.junit.runners.model.FrameworkMethod.invokeExplosively(FrameworkMethod.java:56)
	org.junit.internal.runners.statements.InvokeMethod.evaluate(InvokeMethod.java:17)
	org.junit.internal.runners.statements.RunBefores.evaluate(RunBefores.java:26)
	org.junit.runners.ParentRunner$3.evaluate(ParentRunner.java:305)
	org.junit.runners.BlockJUnit4ClassRunner$1.evaluate(BlockJUnit4ClassRunner.java:100)
	org.junit.runners.ParentRunner.runLeaf(ParentRunner.java:365)
	org.junit.runners.BlockJUnit4ClassRunner.runChild(BlockJUnit4ClassRunner.java:103)
	org.junit.runners.BlockJUnit4ClassRunner.runChild(BlockJUnit4ClassRunner.java:63)
	org.junit.runners.ParentRunner$4.run(ParentRunner.java:330)
	org.junit.runners.ParentRunner$1.schedule(ParentRunner.java:78)
	org.junit.runners.ParentRunner.runChildren(ParentRunner.java:328)
	org.junit.runners.ParentRunner.access$100(ParentRunner.java:65)
	org.junit.runners.ParentRunner$2.evaluate(ParentRunner.java:292)
	org.junit.runners.ParentRunner$3.evaluate(ParentRunner.java:305)
	org.junit.runners.ParentRunner.run(ParentRunner.java:412)
	org.junit.runner.JUnitCore.run(JUnitCore.java:137)
	org.junit.runner.JUnitCore.run(JUnitCore.java:115)
	org.junit.vintage.engine.execution.RunnerExecutor.execute(RunnerExecutor.java:40)
	java.util.stream.ForEachOps$ForEachOp$OfRef.accept(ForEachOps.java:184)
	java.util.stream.ReferencePipeline$3$1.accept(ReferencePipeline.java:193)
	java.util.Iterator.forEachRemaining(Iterator.java:116)
	java.util.Spliterators$IteratorSpliterator.forEachRemaining(Spliterators.java:1801)
	java.util.stream.AbstractPipeline.copyInto(AbstractPipeline.java:481)
	java.util.stream.AbstractPipeline.wrapAndCopyInto(AbstractPipeline.java:471)
	java.util.stream.ForEachOps$ForEachOp.evaluateSequential(ForEachOps.java:151)
	java.util.stream.ForEachOps$ForEachOp$OfRef.evaluateSequential(ForEachOps.java:174)
	java.util.stream.AbstractPipeline.evaluate(AbstractPipeline.java:234)
	java.util.stream.ReferencePipeline.forEach(ReferencePipeline.java:418)
	org.junit.vintage.engine.VintageTestEngine.executeAllChildren(VintageTestEngine.java:80)
	org.junit.vintage.engine.VintageTestEngine.execute(VintageTestEngine.java:71)
	org.junit.platform.launcher.core.DefaultLauncher.execute(DefaultLauncher.java:229)
	org.junit.platform.launcher.core.DefaultLauncher.lambda$execute$6(DefaultLauncher.java:197)
	org.junit.platform.launcher.core.DefaultLauncher.withInterceptedStreams(DefaultLauncher.java:211)
	org.junit.platform.launcher.core.DefaultLauncher.execute(DefaultLauncher.java:191)
	org.junit.platform.launcher.core.DefaultLauncher.execute(DefaultLauncher.java:128)
	org.gradle.api.internal.tasks.testing.junitplatform.JUnitPlatformTestClassProcessor$CollectAllTestClassesExecutor.processAllTestClasses(JUnitPlatformTestClassProcessor.java:102)
	org.gradle.api.internal.tasks.testing.junitplatform.JUnitPlatformTestClassProcessor$CollectAllTestClassesExecutor.access$000(JUnitPlatformTestClassProcessor.java:82)
	org.gradle.api.internal.tasks.testing.junitplatform.JUnitPlatformTestClassProcessor.stop(JUnitPlatformTestClassProcessor.java:78)
	org.gradle.api.internal.tasks.testing.SuiteTestClassProcessor.stop(SuiteTestClassProcessor.java:61)
	sun.reflect.NativeMethodAccessorImpl.invoke0(Native Method)
	sun.reflect.NativeMethodAccessorImpl.invoke(NativeMethodAccessorImpl.java:62)
	sun.reflect.DelegatingMethodAccessorImpl.invoke(DelegatingMethodAccessorImpl.java:43)
	java.lang.reflect.Method.invoke(Method.java:497)
	org.gradle.internal.dispatch.ReflectionDispatch.dispatch(ReflectionDispatch.java:35)
	org.gradle.internal.dispatch.ReflectionDispatch.dispatch(ReflectionDispatch.java:24)
	org.gradle.internal.dispatch.ContextClassLoaderDispatch.dispatch(ContextClassLoaderDispatch.java:32)
	org.gradle.internal.dispatch.ProxyDispatchAdapter$DispatchingInvocationHandler.invoke(ProxyDispatchAdapter.java:93)
	com.sun.proxy.$Proxy2.stop(Unknown Source)
	org.gradle.api.internal.tasks.testing.worker.TestWorker.stop(TestWorker.java:132)
	sun.reflect.NativeMethodAccessorImpl.invoke0(Native Method)
	sun.reflect.NativeMethodAccessorImpl.invoke(NativeMethodAccessorImpl.java:62)
	sun.reflect.DelegatingMethodAccessorImpl.invoke(DelegatingMethodAccessorImpl.java:43)
	java.lang.reflect.Method.invoke(Method.java:497)
	org.gradle.internal.dispatch.ReflectionDispatch.dispatch(ReflectionDispatch.java:35)
	org.gradle.internal.dispatch.ReflectionDispatch.dispatch(ReflectionDispatch.java:24)
	org.gradle.internal.remote.internal.hub.MessageHubBackedObjectConnection$DispatchWrapper.dispatch(MessageHubBackedObjectConnection.java:175)
	org.gradle.internal.remote.internal.hub.MessageHubBackedObjectConnection$DispatchWrapper.dispatch(MessageHubBackedObjectConnection.java:157)
	org.gradle.internal.remote.internal.hub.MessageHub$Handler.run(MessageHub.java:404)
	org.gradle.internal.concurrent.ExecutorPolicy$CatchAndRecordFailures.onExecute(ExecutorPolicy.java:63)
	org.gradle.internal.concurrent.ManagedExecutorImpl$1.run(ManagedExecutorImpl.java:46)
	java.util.concurrent.ThreadPoolExecutor.runWorker(ThreadPoolExecutor.java:1142)
	java.util.concurrent.ThreadPoolExecutor$Worker.run(ThreadPoolExecutor.java:617)
	org.gradle.internal.concurrent.ThreadFactoryImpl$ManagedThreadRunnable.run(ThreadFactoryImpl.java:55)
	java.lang.Thread.run(Thread.java:745)
01:35:01.235 [Test worker] ERROR i.n.u.ResourceLeakDetector - LEAK: ByteBuf.release() was not called before it's garbage-collected. See http://netty.io/wiki/reference-counted-objects.html for more information.
Recent access records: 
#1:
	io.netty.buffer.AdvancedLeakAwareByteBuf.toString(AdvancedLeakAwareByteBuf.java:742)
	io.rsocket.Payload.getDataUtf8(Payload.java:102)
	org.springframework.messaging.rsocket.DefaultRSocketRequesterTests.testSendMono(DefaultRSocketRequesterTests.java:95)
	org.springframework.messaging.rsocket.DefaultRSocketRequesterTests.sendMono(DefaultRSocketRequesterTests.java:85)
	sun.reflect.NativeMethodAccessorImpl.invoke0(Native Method)
	sun.reflect.NativeMethodAccessorImpl.invoke(NativeMethodAccessorImpl.java:62)
	sun.reflect.DelegatingMethodAccessorImpl.invoke(DelegatingMethodAccessorImpl.java:43)
	java.lang.reflect.Method.invoke(Method.java:497)
	org.junit.runners.model.FrameworkMethod$1.runReflectiveCall(FrameworkMethod.java:59)
	org.junit.internal.runners.model.ReflectiveCallable.run(ReflectiveCallable.java:12)
	org.junit.runners.model.FrameworkMethod.invokeExplosively(FrameworkMethod.java:56)
	org.junit.internal.runners.statements.InvokeMethod.evaluate(InvokeMethod.java:17)
	org.junit.internal.runners.statements.RunBefores.evaluate(RunBefores.java:26)
	org.junit.runners.ParentRunner$3.evaluate(ParentRunner.java:305)
	org.junit.runners.BlockJUnit4ClassRunner$1.evaluate(BlockJUnit4ClassRunner.java:100)
	org.junit.runners.ParentRunner.runLeaf(ParentRunner.java:365)
	org.junit.runners.BlockJUnit4ClassRunner.runChild(BlockJUnit4ClassRunner.java:103)
	org.junit.runners.BlockJUnit4ClassRunner.runChild(BlockJUnit4ClassRunner.java:63)
	org.junit.runners.ParentRunner$4.run(ParentRunner.java:330)
	org.junit.runners.ParentRunner$1.schedule(ParentRunner.java:78)
	org.junit.runners.ParentRunner.runChildren(ParentRunner.java:328)
	org.junit.runners.ParentRunner.access$100(ParentRunner.java:65)
	org.junit.runners.ParentRunner$2.evaluate(ParentRunner.java:292)
	org.junit.runners.ParentRunner$3.evaluate(ParentRunner.java:305)
	org.junit.runners.ParentRunner.run(ParentRunner.java:412)
	org.junit.runner.JUnitCore.run(JUnitCore.java:137)
	org.junit.runner.JUnitCore.run(JUnitCore.java:115)
	org.junit.vintage.engine.execution.RunnerExecutor.execute(RunnerExecutor.java:40)
	java.util.stream.ForEachOps$ForEachOp$OfRef.accept(ForEachOps.java:184)
	java.util.stream.ReferencePipeline$3$1.accept(ReferencePipeline.java:193)
	java.util.Iterator.forEachRemaining(Iterator.java:116)
	java.util.Spliterators$IteratorSpliterator.forEachRemaining(Spliterators.java:1801)
	java.util.stream.AbstractPipeline.copyInto(AbstractPipeline.java:481)
	java.util.stream.AbstractPipeline.wrapAndCopyInto(AbstractPipeline.java:471)
	java.util.stream.ForEachOps$ForEachOp.evaluateSequential(ForEachOps.java:151)
	java.util.stream.ForEachOps$ForEachOp$OfRef.evaluateSequential(ForEachOps.java:174)
	java.util.stream.AbstractPipeline.evaluate(AbstractPipeline.java:234)
	java.util.stream.ReferencePipeline.forEach(ReferencePipeline.java:418)
	org.junit.vintage.engine.VintageTestEngine.executeAllChildren(VintageTestEngine.java:80)
	org.junit.vintage.engine.VintageTestEngine.execute(VintageTestEngine.java:71)
	org.junit.platform.launcher.core.DefaultLauncher.execute(DefaultLauncher.java:229)
	org.junit.platform.launcher.core.DefaultLauncher.lambda$execute$6(DefaultLauncher.java:197)
	org.junit.platform.launcher.core.DefaultLauncher.withInterceptedStreams(DefaultLauncher.java:211)
	org.junit.platform.launcher.core.DefaultLauncher.execute(DefaultLauncher.java:191)
	org.junit.platform.launcher.core.DefaultLauncher.execute(DefaultLauncher.java:128)
	org.gradle.api.internal.tasks.testing.junitplatform.JUnitPlatformTestClassProcessor$CollectAllTestClassesExecutor.processAllTestClasses(JUnitPlatformTestClassProcessor.java:102)
	org.gradle.api.internal.tasks.testing.junitplatform.JUnitPlatformTestClassProcessor$CollectAllTestClassesExecutor.access$000(JUnitPlatformTestClassProcessor.java:82)
	org.gradle.api.internal.tasks.testing.junitplatform.JUnitPlatformTestClassProcessor.stop(JUnitPlatformTestClassProcessor.java:78)
	org.gradle.api.internal.tasks.testing.SuiteTestClassProcessor.stop(SuiteTestClassProcessor.java:61)
	sun.reflect.NativeMethodAccessorImpl.invoke0(Native Method)
	sun.reflect.NativeMethodAccessorImpl.invoke(NativeMethodAccessorImpl.java:62)
	sun.reflect.DelegatingMethodAccessorImpl.invoke(DelegatingMethodAccessorImpl.java:43)
	java.lang.reflect.Method.invoke(Method.java:497)
	org.gradle.internal.dispatch.ReflectionDispatch.dispatch(ReflectionDispatch.java:35)
	org.gradle.internal.dispatch.ReflectionDispatch.dispatch(ReflectionDispatch.java:24)
	org.gradle.internal.dispatch.ContextClassLoaderDispatch.dispatch(ContextClassLoaderDispatch.java:32)
	org.gradle.internal.dispatch.ProxyDispatchAdapter$DispatchingInvocationHandler.invoke(ProxyDispatchAdapter.java:93)
	com.sun.proxy.$Proxy2.stop(Unknown Source)
	org.gradle.api.internal.tasks.testing.worker.TestWorker.stop(TestWorker.java:132)
	sun.reflect.NativeMethodAccessorImpl.invoke0(Native Method)
	sun.reflect.NativeMethodAccessorImpl.invoke(NativeMethodAccessorImpl.java:62)
	sun.reflect.DelegatingMethodAccessorImpl.invoke(DelegatingMethodAccessorImpl.java:43)
	java.lang.reflect.Method.invoke(Method.java:497)
	org.gradle.internal.dispatch.ReflectionDispatch.dispatch(ReflectionDispatch.java:35)
	org.gradle.internal.dispatch.ReflectionDispatch.dispatch(ReflectionDispatch.java:24)
	org.gradle.internal.remote.internal.hub.MessageHubBackedObjectConnection$DispatchWrapper.dispatch(MessageHubBackedObjectConnection.java:175)
	org.gradle.internal.remote.internal.hub.MessageHubBackedObjectConnection$DispatchWrapper.dispatch(MessageHubBackedObjectConnection.java:157)
	org.gradle.internal.remote.internal.hub.MessageHub$Handler.run(MessageHub.java:404)
	org.gradle.internal.concurrent.ExecutorPolicy$CatchAndRecordFailures.onExecute(ExecutorPolicy.java:63)
	org.gradle.internal.concurrent.ManagedExecutorImpl$1.run(ManagedExecutorImpl.java:46)
	java.util.concurrent.ThreadPoolExecutor.runWorker(ThreadPoolExecutor.java:1142)
	java.util.concurrent.ThreadPoolExecutor$Worker.run(ThreadPoolExecutor.java:617)
	org.gradle.internal.concurrent.ThreadFactoryImpl$ManagedThreadRunnable.run(ThreadFactoryImpl.java:55)
	java.lang.Thread.run(Thread.java:745)
#2:
	io.netty.buffer.AdvancedLeakAwareByteBuf.slice(AdvancedLeakAwareByteBuf.java:76)
	io.rsocket.util.ByteBufPayload.sliceData(ByteBufPayload.java:149)
	io.rsocket.Payload.getDataUtf8(Payload.java:102)
	org.springframework.messaging.rsocket.DefaultRSocketRequesterTests.testSendMono(DefaultRSocketRequesterTests.java:95)
	org.springframework.messaging.rsocket.DefaultRSocketRequesterTests.sendMono(DefaultRSocketRequesterTests.java:85)
	sun.reflect.NativeMethodAccessorImpl.invoke0(Native Method)
	sun.reflect.NativeMethodAccessorImpl.invoke(NativeMethodAccessorImpl.java:62)
	sun.reflect.DelegatingMethodAccessorImpl.invoke(DelegatingMethodAccessorImpl.java:43)
	java.lang.reflect.Method.invoke(Method.java:497)
	org.junit.runners.model.FrameworkMethod$1.runReflectiveCall(FrameworkMethod.java:59)
	org.junit.internal.runners.model.ReflectiveCallable.run(ReflectiveCallable.java:12)
	org.junit.runners.model.FrameworkMethod.invokeExplosively(FrameworkMethod.java:56)
	org.junit.internal.runners.statements.InvokeMethod.evaluate(InvokeMethod.java:17)
	org.junit.internal.runners.statements.RunBefores.evaluate(RunBefores.java:26)
	org.junit.runners.ParentRunner$3.evaluate(ParentRunner.java:305)
	org.junit.runners.BlockJUnit4ClassRunner$1.evaluate(BlockJUnit4ClassRunner.java:100)
	org.junit.runners.ParentRunner.runLeaf(ParentRunner.java:365)
	org.junit.runners.BlockJUnit4ClassRunner.runChild(BlockJUnit4ClassRunner.java:103)
	org.junit.runners.BlockJUnit4ClassRunner.runChild(BlockJUnit4ClassRunner.java:63)
	org.junit.runners.ParentRunner$4.run(ParentRunner.java:330)
	org.junit.runners.ParentRunner$1.schedule(ParentRunner.java:78)
	org.junit.runners.ParentRunner.runChildren(ParentRunner.java:328)
	org.junit.runners.ParentRunner.access$100(ParentRunner.java:65)
	org.junit.runners.ParentRunner$2.evaluate(ParentRunner.java:292)
	org.junit.runners.ParentRunner$3.evaluate(ParentRunner.java:305)
	org.junit.runners.ParentRunner.run(ParentRunner.java:412)
	org.junit.runner.JUnitCore.run(JUnitCore.java:137)
	org.junit.runner.JUnitCore.run(JUnitCore.java:115)
	org.junit.vintage.engine.execution.RunnerExecutor.execute(RunnerExecutor.java:40)
	java.util.stream.ForEachOps$ForEachOp$OfRef.accept(ForEachOps.java:184)
	java.util.stream.ReferencePipeline$3$1.accept(ReferencePipeline.java:193)
	java.util.Iterator.forEachRemaining(Iterator.java:116)
	java.util.Spliterators$IteratorSpliterator.forEachRemaining(Spliterators.java:1801)
	java.util.stream.AbstractPipeline.copyInto(AbstractPipeline.java:481)
	java.util.stream.AbstractPipeline.wrapAndCopyInto(AbstractPipeline.java:471)
	java.util.stream.ForEachOps$ForEachOp.evaluateSequential(ForEachOps.java:151)
	java.util.stream.ForEachOps$ForEachOp$OfRef.evaluateSequential(ForEachOps.java:174)
	java.util.stream.AbstractPipeline.evaluate(AbstractPipeline.java:234)
	java.util.stream.ReferencePipeline.forEach(ReferencePipeline.java:418)
	org.junit.vintage.engine.VintageTestEngine.executeAllChildren(VintageTestEngine.java:80)
	org.junit.vintage.engine.VintageTestEngine.execute(VintageTestEngine.java:71)
	org.junit.platform.launcher.core.DefaultLauncher.execute(DefaultLauncher.java:229)
	org.junit.platform.launcher.core.DefaultLauncher.lambda$execute$6(DefaultLauncher.java:197)
	org.junit.platform.launcher.core.DefaultLauncher.withInterceptedStreams(DefaultLauncher.java:211)
	org.junit.platform.launcher.core.DefaultLauncher.execute(DefaultLauncher.java:191)
	org.junit.platform.launcher.core.DefaultLauncher.execute(DefaultLauncher.java:128)
	org.gradle.api.internal.tasks.testing.junitplatform.JUnitPlatformTestClassProcessor$CollectAllTestClassesExecutor.processAllTestClasses(JUnitPlatformTestClassProcessor.java:102)
	org.gradle.api.internal.tasks.testing.junitplatform.JUnitPlatformTestClassProcessor$CollectAllTestClassesExecutor.access$000(JUnitPlatformTestClassProcessor.java:82)
	org.gradle.api.internal.tasks.testing.junitplatform.JUnitPlatformTestClassProcessor.stop(JUnitPlatformTestClassProcessor.java:78)
	org.gradle.api.internal.tasks.testing.SuiteTestClassProcessor.stop(SuiteTestClassProcessor.java:61)
	sun.reflect.NativeMethodAccessorImpl.invoke0(Native Method)
	sun.reflect.NativeMethodAccessorImpl.invoke(NativeMethodAccessorImpl.java:62)
	sun.reflect.DelegatingMethodAccessorImpl.invoke(DelegatingMethodAccessorImpl.java:43)
	java.lang.reflect.Method.invoke(Method.java:497)
	org.gradle.internal.dispatch.ReflectionDispatch.dispatch(ReflectionDispatch.java:35)
	org.gradle.internal.dispatch.ReflectionDispatch.dispatch(ReflectionDispatch.java:24)
	org.gradle.internal.dispatch.ContextClassLoaderDispatch.dispatch(ContextClassLoaderDispatch.java:32)
	org.gradle.internal.dispatch.ProxyDispatchAdapter$DispatchingInvocationHandler.invoke(ProxyDispatchAdapter.java:93)
	com.sun.proxy.$Proxy2.stop(Unknown Source)
	org.gradle.api.internal.tasks.testing.worker.TestWorker.stop(TestWorker.java:132)
	sun.reflect.NativeMethodAccessorImpl.invoke0(Native Method)
	sun.reflect.NativeMethodAccessorImpl.invoke(NativeMethodAccessorImpl.java:62)
	sun.reflect.DelegatingMethodAccessorImpl.invoke(DelegatingMethodAccessorImpl.java:43)
	java.lang.reflect.Method.invoke(Method.java:497)
	org.gradle.internal.dispatch.ReflectionDispatch.dispatch(ReflectionDispatch.java:35)
	org.gradle.internal.dispatch.ReflectionDispatch.dispatch(ReflectionDispatch.java:24)
	org.gradle.internal.remote.internal.hub.MessageHubBackedObjectConnection$DispatchWrapper.dispatch(MessageHubBackedObjectConnection.java:175)
	org.gradle.internal.remote.internal.hub.MessageHubBackedObjectConnection$DispatchWrapper.dispatch(MessageHubBackedObjectConnection.java:157)
	org.gradle.internal.remote.internal.hub.MessageHub$Handler.run(MessageHub.java:404)
	org.gradle.internal.concurrent.ExecutorPolicy$CatchAndRecordFailures.onExecute(ExecutorPolicy.java:63)
	org.gradle.internal.concurrent.ManagedExecutorImpl$1.run(ManagedExecutorImpl.java:46)
	java.util.concurrent.ThreadPoolExecutor.runWorker(ThreadPoolExecutor.java:1142)
	java.util.concurrent.ThreadPoolExecutor$Worker.run(ThreadPoolExecutor.java:617)
	org.gradle.internal.concurrent.ThreadFactoryImpl$ManagedThreadRunnable.run(ThreadFactoryImpl.java:55)
	java.lang.Thread.run(Thread.java:745)
Created at:
	io.netty.buffer.PooledByteBufAllocator.newDirectBuffer(PooledByteBufAllocator.java:349)
	io.netty.buffer.AbstractByteBufAllocator.directBuffer(AbstractByteBufAllocator.java:187)
	io.netty.buffer.AbstractByteBufAllocator.directBuffer(AbstractByteBufAllocator.java:178)
	io.netty.buffer.AbstractByteBufAllocator.buffer(AbstractByteBufAllocator.java:115)
	org.springframework.core.io.buffer.NettyDataBufferFactory.allocateBuffer(NettyDataBufferFactory.java:71)
	org.springframework.core.io.buffer.NettyDataBufferFactory.allocateBuffer(NettyDataBufferFactory.java:39)
	org.springframework.core.codec.CharSequenceEncoder.encodeValue(CharSequenceEncoder.java:91)
	org.springframework.core.codec.CharSequenceEncoder.encodeValue(CharSequenceEncoder.java:47)
	org.springframework.messaging.rsocket.DefaultRSocketRequester$DefaultRequestSpec.encodeData(DefaultRSocketRequester.java:225)
	org.springframework.messaging.rsocket.DefaultRSocketRequester$DefaultRequestSpec.lambda$toResponseSpec$54(DefaultRSocketRequester.java:193)
	reactor.core.publisher.FluxMap$MapSubscriber.onNext(FluxMap.java:100)
	reactor.core.publisher.FluxMap$MapSubscriber.onNext(FluxMap.java:114)
	reactor.core.publisher.MonoDelay$MonoDelayRunnable.run(MonoDelay.java:117)
	reactor.core.scheduler.SchedulerTask.call(SchedulerTask.java:68)
	reactor.core.scheduler.SchedulerTask.call(SchedulerTask.java:28)
	java.util.concurrent.FutureTask.run(FutureTask.java:266)
	java.util.concurrent.ScheduledThreadPoolExecutor$ScheduledFutureTask.access$201(ScheduledThreadPoolExecutor.java:180)
	java.util.concurrent.ScheduledThreadPoolExecutor$ScheduledFutureTask.run(ScheduledThreadPoolExecutor.java:293)
	java.util.concurrent.ThreadPoolExecutor.runWorker(ThreadPoolExecutor.java:1142)
	java.util.concurrent.ThreadPoolExecutor$Worker.run(ThreadPoolExecutor.java:617)
	java.lang.Thread.run(Thread.java:745)
]]></system-out>
  <system-err><![CDATA[]]></system-err>
</testsuite>
