<?xml version="1.0" encoding="UTF-8"?>
<testsuite name="org.springframework.messaging.simp.user.MultiServerUserRegistryTests" tests="5" skipped="0" failures="0" errors="0" timestamp="2020-12-16T17:35:38" hostname="DESKTOP-EMRC5FU" time="0.028">
  <properties/>
  <testcase name="getUserFromRemoteRegistry" classname="org.springframework.messaging.simp.user.MultiServerUserRegistryTests" time="0.012"/>
  <testcase name="getUserFromLocalRegistry" classname="org.springframework.messaging.simp.user.MultiServerUserRegistryTests" time="0.004"/>
  <testcase name="purgeExpiredRegistries" classname="org.springframework.messaging.simp.user.MultiServerUserRegistryTests" time="0.004"/>
  <testcase name="findSubscriptionsFromRemoteRegistry" classname="org.springframework.messaging.simp.user.MultiServerUserRegistryTests" time="0.004"/>
  <testcase name="getSessionsWhenUserIsConnectedToMultipleServers" classname="org.springframework.messaging.simp.user.MultiServerUserRegistryTests" time="0.004"/>
  <system-out><![CDATA[]]></system-out>
  <system-err><![CDATA[]]></system-err>
</testsuite>
