<?xml version="1.0" encoding="UTF-8"?>
<testsuite name="org.springframework.messaging.converter.GenericMessageConverterTests" tests="3" skipped="0" failures="0" errors="0" timestamp="2020-12-16T17:34:56" hostname="DESKTOP-EMRC5FU" time="0.044">
  <properties/>
  <testcase name="fromMessageWithFailedConversion" classname="org.springframework.messaging.converter.GenericMessageConverterTests" time="0.043"/>
  <testcase name="fromMessageNoConverter" classname="org.springframework.messaging.converter.GenericMessageConverterTests" time="0.001"/>
  <testcase name="fromMessageWithConversion" classname="org.springframework.messaging.converter.GenericMessageConverterTests" time="0.0"/>
  <system-out><![CDATA[]]></system-out>
  <system-err><![CDATA[]]></system-err>
</testsuite>
