<?xml version="1.0" encoding="UTF-8"?>
<testsuite name="org.springframework.messaging.simp.SimpSessionScopeTests" tests="5" skipped="0" failures="0" errors="0" timestamp="2020-12-16T17:35:03" hostname="DESKTOP-EMRC5FU" time="0.004">
  <properties/>
  <testcase name="remove" classname="org.springframework.messaging.simp.SimpSessionScopeTests" time="0.003"/>
  <testcase name="getWithObjectFactory" classname="org.springframework.messaging.simp.SimpSessionScopeTests" time="0.0"/>
  <testcase name="get" classname="org.springframework.messaging.simp.SimpSessionScopeTests" time="0.0"/>
  <testcase name="getSessionId" classname="org.springframework.messaging.simp.SimpSessionScopeTests" time="0.0"/>
  <testcase name="registerDestructionCallback" classname="org.springframework.messaging.simp.SimpSessionScopeTests" time="0.0"/>
  <system-out><![CDATA[]]></system-out>
  <system-err><![CDATA[]]></system-err>
</testsuite>
