<?xml version="1.0" encoding="UTF-8"?>
<testsuite name="org.springframework.messaging.simp.stomp.StompBrokerRelayMessageHandlerIntegrationTests" tests="6" skipped="0" failures="0" errors="0" timestamp="2020-12-16T17:35:06" hostname="DESKTOP-EMRC5FU" time="32.001">
  <properties/>
  <testcase name="messageDeliveryExceptionIfSystemSessionForwardFails" classname="org.springframework.messaging.simp.stomp.StompBrokerRelayMessageHandlerIntegrationTests" time="4.319"/>
  <testcase name="publishSubscribe" classname="org.springframework.messaging.simp.stomp.StompBrokerRelayMessageHandlerIntegrationTests" time="4.016"/>
  <testcase name="brokerAvailabilityEventWhenStopped" classname="org.springframework.messaging.simp.stomp.StompBrokerRelayMessageHandlerIntegrationTests" time="4.317"/>
  <testcase name="relayReconnectsIfBrokerComesBackUp" classname="org.springframework.messaging.simp.stomp.StompBrokerRelayMessageHandlerIntegrationTests" time="11.012"/>
  <testcase name="brokerBecomingUnavailableTriggersErrorFrame" classname="org.springframework.messaging.simp.stomp.StompBrokerRelayMessageHandlerIntegrationTests" time="4.321"/>
  <testcase name="disconnectWithReceipt" classname="org.springframework.messaging.simp.stomp.StompBrokerRelayMessageHandlerIntegrationTests" time="4.016"/>
  <system-out><![CDATA[01:35:06.038 [Test worker] INFO  o.a.a.b.BrokerService - Using Persistence Adapter: MemoryPersistenceAdapter
01:35:06.038 [Test worker] INFO  o.a.a.b.BrokerService - Apache ActiveMQ 5.8.0 (localhost, ID:DESKTOP-EMRC5FU-55010-1608140103775-0:2) is starting
01:35:06.038 [Test worker] INFO  o.a.a.t.TransportServerThreadSupport - Listening for connections at: stomp://127.0.0.1:63492
01:35:06.038 [Test worker] INFO  o.a.a.b.TransportConnector - Connector stomp://127.0.0.1:63492 Started
01:35:06.038 [Test worker] INFO  o.a.a.b.BrokerService - Apache ActiveMQ 5.8.0 (localhost, ID:DESKTOP-EMRC5FU-55010-1608140103775-0:2) started
01:35:06.038 [Test worker] INFO  o.a.a.b.BrokerService - For help or more information please see: http://activemq.apache.org
01:35:06.050 [Test worker] INFO  o.a.a.b.BrokerService - Apache ActiveMQ 5.8.0 (localhost, ID:DESKTOP-EMRC5FU-55010-1608140103775-0:2) is shutting down
01:35:08.050 [Test worker] INFO  o.a.a.b.TransportConnector - Connector stomp://127.0.0.1:63492 Stopped
01:35:08.050 [Test worker] INFO  o.a.a.b.BrokerService - Apache ActiveMQ 5.8.0 (localhost, ID:DESKTOP-EMRC5FU-55010-1608140103775-0:2) uptime 2.012 seconds
01:35:08.050 [Test worker] INFO  o.a.a.b.BrokerService - Apache ActiveMQ 5.8.0 (localhost, ID:DESKTOP-EMRC5FU-55010-1608140103775-0:2) is shutdown
01:35:10.355 [Test worker] INFO  o.a.a.b.BrokerService - Using Persistence Adapter: MemoryPersistenceAdapter
01:35:10.355 [Test worker] INFO  o.a.a.b.BrokerService - Apache ActiveMQ 5.8.0 (localhost, ID:DESKTOP-EMRC5FU-55010-1608140103775-0:3) is starting
01:35:10.355 [Test worker] INFO  o.a.a.t.TransportServerThreadSupport - Listening for connections at: stomp://127.0.0.1:62443
01:35:10.356 [Test worker] INFO  o.a.a.b.TransportConnector - Connector stomp://127.0.0.1:62443 Started
01:35:10.356 [Test worker] INFO  o.a.a.b.BrokerService - Apache ActiveMQ 5.8.0 (localhost, ID:DESKTOP-EMRC5FU-55010-1608140103775-0:3) started
01:35:10.356 [Test worker] INFO  o.a.a.b.BrokerService - For help or more information please see: http://activemq.apache.org
01:35:12.586 [Test worker] INFO  o.a.a.b.BrokerService - Apache ActiveMQ 5.8.0 (localhost, ID:DESKTOP-EMRC5FU-55010-1608140103775-0:3) is shutting down
01:35:14.371 [Test worker] INFO  o.a.a.b.TransportConnector - Connector stomp://127.0.0.1:62443 Stopped
01:35:14.371 [Test worker] INFO  o.a.a.b.BrokerService - Apache ActiveMQ 5.8.0 (localhost, ID:DESKTOP-EMRC5FU-55010-1608140103775-0:3) uptime 4.016 seconds
01:35:14.371 [Test worker] INFO  o.a.a.b.BrokerService - Apache ActiveMQ 5.8.0 (localhost, ID:DESKTOP-EMRC5FU-55010-1608140103775-0:3) is shutdown
01:35:14.372 [Test worker] INFO  o.a.a.b.BrokerService - Using Persistence Adapter: MemoryPersistenceAdapter
01:35:14.372 [Test worker] INFO  o.a.a.b.BrokerService - Apache ActiveMQ 5.8.0 (localhost, ID:DESKTOP-EMRC5FU-55010-1608140103775-0:4) is starting
01:35:14.372 [Test worker] INFO  o.a.a.t.TransportServerThreadSupport - Listening for connections at: stomp://127.0.0.1:65133
01:35:14.372 [Test worker] INFO  o.a.a.b.TransportConnector - Connector stomp://127.0.0.1:65133 Started
01:35:14.372 [Test worker] INFO  o.a.a.b.BrokerService - Apache ActiveMQ 5.8.0 (localhost, ID:DESKTOP-EMRC5FU-55010-1608140103775-0:4) started
01:35:14.372 [Test worker] INFO  o.a.a.b.BrokerService - For help or more information please see: http://activemq.apache.org
01:35:14.382 [Test worker] INFO  o.a.a.b.BrokerService - Apache ActiveMQ 5.8.0 (localhost, ID:DESKTOP-EMRC5FU-55010-1608140103775-0:4) is shutting down
01:35:16.383 [Test worker] INFO  o.a.a.b.TransportConnector - Connector stomp://127.0.0.1:65133 Stopped
01:35:16.383 [Test worker] INFO  o.a.a.b.BrokerService - Apache ActiveMQ 5.8.0 (localhost, ID:DESKTOP-EMRC5FU-55010-1608140103775-0:4) uptime 2.011 seconds
01:35:16.383 [Test worker] INFO  o.a.a.b.BrokerService - Apache ActiveMQ 5.8.0 (localhost, ID:DESKTOP-EMRC5FU-55010-1608140103775-0:4) is shutdown
01:35:18.688 [Test worker] INFO  o.a.a.b.BrokerService - Using Persistence Adapter: MemoryPersistenceAdapter
01:35:18.688 [Test worker] INFO  o.a.a.b.BrokerService - Apache ActiveMQ 5.8.0 (localhost, ID:DESKTOP-EMRC5FU-55010-1608140103775-0:5) is starting
01:35:18.689 [Test worker] INFO  o.a.a.t.TransportServerThreadSupport - Listening for connections at: stomp://127.0.0.1:63906
01:35:18.689 [Test worker] INFO  o.a.a.b.TransportConnector - Connector stomp://127.0.0.1:63906 Started
01:35:18.689 [Test worker] INFO  o.a.a.b.BrokerService - Apache ActiveMQ 5.8.0 (localhost, ID:DESKTOP-EMRC5FU-55010-1608140103775-0:5) started
01:35:18.689 [Test worker] INFO  o.a.a.b.BrokerService - For help or more information please see: http://activemq.apache.org
01:35:18.703 [Test worker] INFO  o.a.a.b.BrokerService - Apache ActiveMQ 5.8.0 (localhost, ID:DESKTOP-EMRC5FU-55010-1608140103775-0:5) is shutting down
01:35:20.705 [Test worker] INFO  o.a.a.b.TransportConnector - Connector stomp://127.0.0.1:63906 Stopped
01:35:20.705 [Test worker] INFO  o.a.a.b.BrokerService - Apache ActiveMQ 5.8.0 (localhost, ID:DESKTOP-EMRC5FU-55010-1608140103775-0:5) uptime 2.017 seconds
01:35:20.705 [Test worker] INFO  o.a.a.b.BrokerService - Apache ActiveMQ 5.8.0 (localhost, ID:DESKTOP-EMRC5FU-55010-1608140103775-0:5) is shutdown
01:35:20.706 [Test worker] INFO  o.a.a.b.BrokerService - Using Persistence Adapter: MemoryPersistenceAdapter
01:35:20.706 [Test worker] INFO  o.a.a.b.BrokerService - Apache ActiveMQ 5.8.0 (localhost, ID:DESKTOP-EMRC5FU-55010-1608140103775-0:6) is starting
01:35:20.706 [Test worker] INFO  o.a.a.t.TransportServerThreadSupport - Listening for connections at: stomp://127.0.0.1:63906
01:35:20.706 [Test worker] INFO  o.a.a.b.TransportConnector - Connector stomp://127.0.0.1:63906 Started
01:35:20.706 [Test worker] INFO  o.a.a.b.BrokerService - Apache ActiveMQ 5.8.0 (localhost, ID:DESKTOP-EMRC5FU-55010-1608140103775-0:6) started
01:35:20.706 [Test worker] INFO  o.a.a.b.BrokerService - For help or more information please see: http://activemq.apache.org
01:35:27.808 [Test worker] INFO  o.a.a.b.BrokerService - Apache ActiveMQ 5.8.0 (localhost, ID:DESKTOP-EMRC5FU-55010-1608140103775-0:6) is shutting down
01:35:29.700 [Test worker] INFO  o.a.a.b.TransportConnector - Connector stomp://127.0.0.1:63906 Stopped
01:35:29.700 [Test worker] INFO  o.a.a.b.BrokerService - Apache ActiveMQ 5.8.0 (localhost, ID:DESKTOP-EMRC5FU-55010-1608140103775-0:6) uptime 8.994 seconds
01:35:29.700 [Test worker] INFO  o.a.a.b.BrokerService - Apache ActiveMQ 5.8.0 (localhost, ID:DESKTOP-EMRC5FU-55010-1608140103775-0:6) is shutdown
01:35:29.701 [Test worker] INFO  o.a.a.b.BrokerService - Using Persistence Adapter: MemoryPersistenceAdapter
01:35:29.701 [Test worker] INFO  o.a.a.b.BrokerService - Apache ActiveMQ 5.8.0 (localhost, ID:DESKTOP-EMRC5FU-55010-1608140103775-0:7) is starting
01:35:29.701 [Test worker] INFO  o.a.a.t.TransportServerThreadSupport - Listening for connections at: stomp://127.0.0.1:64115
01:35:29.701 [Test worker] INFO  o.a.a.b.TransportConnector - Connector stomp://127.0.0.1:64115 Started
01:35:29.701 [Test worker] INFO  o.a.a.b.BrokerService - Apache ActiveMQ 5.8.0 (localhost, ID:DESKTOP-EMRC5FU-55010-1608140103775-0:7) started
01:35:29.701 [Test worker] INFO  o.a.a.b.BrokerService - For help or more information please see: http://activemq.apache.org
01:35:29.715 [Test worker] INFO  o.a.a.b.BrokerService - Apache ActiveMQ 5.8.0 (localhost, ID:DESKTOP-EMRC5FU-55010-1608140103775-0:7) is shutting down
01:35:31.716 [Test worker] INFO  o.a.a.b.TransportConnector - Connector stomp://127.0.0.1:64115 Stopped
01:35:31.716 [Test worker] INFO  o.a.a.b.BrokerService - Apache ActiveMQ 5.8.0 (localhost, ID:DESKTOP-EMRC5FU-55010-1608140103775-0:7) uptime 2.015 seconds
01:35:31.716 [Test worker] INFO  o.a.a.b.BrokerService - Apache ActiveMQ 5.8.0 (localhost, ID:DESKTOP-EMRC5FU-55010-1608140103775-0:7) is shutdown
01:35:34.022 [Test worker] INFO  o.a.a.b.BrokerService - Using Persistence Adapter: MemoryPersistenceAdapter
01:35:34.023 [Test worker] INFO  o.a.a.b.BrokerService - Apache ActiveMQ 5.8.0 (localhost, ID:DESKTOP-EMRC5FU-55010-1608140103775-0:8) is starting
01:35:34.023 [Test worker] INFO  o.a.a.t.TransportServerThreadSupport - Listening for connections at: stomp://127.0.0.1:64088
01:35:34.023 [Test worker] INFO  o.a.a.b.TransportConnector - Connector stomp://127.0.0.1:64088 Started
01:35:34.023 [Test worker] INFO  o.a.a.b.BrokerService - Apache ActiveMQ 5.8.0 (localhost, ID:DESKTOP-EMRC5FU-55010-1608140103775-0:8) started
01:35:34.023 [Test worker] INFO  o.a.a.b.BrokerService - For help or more information please see: http://activemq.apache.org
01:35:36.344 [Test worker] INFO  o.a.a.b.BrokerService - Apache ActiveMQ 5.8.0 (localhost, ID:DESKTOP-EMRC5FU-55010-1608140103775-0:8) is shutting down
01:35:38.037 [Test worker] INFO  o.a.a.b.TransportConnector - Connector stomp://127.0.0.1:64088 Stopped
01:35:38.037 [Test worker] INFO  o.a.a.b.BrokerService - Apache ActiveMQ 5.8.0 (localhost, ID:DESKTOP-EMRC5FU-55010-1608140103775-0:8) uptime 4.015 seconds
01:35:38.037 [Test worker] INFO  o.a.a.b.BrokerService - Apache ActiveMQ 5.8.0 (localhost, ID:DESKTOP-EMRC5FU-55010-1608140103775-0:8) is shutdown
]]></system-out>
  <system-err><![CDATA[]]></system-err>
</testsuite>
