<?xml version="1.0" encoding="UTF-8"?>
<testsuite name="org.springframework.messaging.converter.MarshallingMessageConverterTests" tests="4" skipped="0" failures="0" errors="0" timestamp="2020-12-16T17:34:57" hostname="DESKTOP-EMRC5FU" time="0.261">
  <properties/>
  <testcase name="fromMessageValidXmlWithUnknownProperty" classname="org.springframework.messaging.converter.MarshallingMessageConverterTests" time="0.19"/>
  <testcase name="toMessage" classname="org.springframework.messaging.converter.MarshallingMessageConverterTests" time="0.065"/>
  <testcase name="fromMessage" classname="org.springframework.messaging.converter.MarshallingMessageConverterTests" time="0.002"/>
  <testcase name="fromMessageInvalidXml" classname="org.springframework.messaging.converter.MarshallingMessageConverterTests" time="0.003"/>
  <system-out><![CDATA[]]></system-out>
  <system-err><![CDATA[]]></system-err>
</testsuite>
