<?xml version="1.0" encoding="UTF-8"?>
<testsuite name="org.springframework.messaging.simp.config.MessageBrokerConfigurationTests" tests="26" skipped="0" failures="0" errors="0" timestamp="2020-12-16T17:35:03" hostname="DESKTOP-EMRC5FU" time="0.29">
  <properties/>
  <testcase name="clientOutboundChannelUsedByAnnotatedMethod" classname="org.springframework.messaging.simp.config.MessageBrokerConfigurationTests" time="0.042"/>
  <testcase name="dotSeparatorWithBrokerDotConvention" classname="org.springframework.messaging.simp.config.MessageBrokerConfigurationTests" time="0.02"/>
  <testcase name="brokerChannelCustomized" classname="org.springframework.messaging.simp.config.MessageBrokerConfigurationTests" time="0.021"/>
  <testcase name="simpValidatorCustom" classname="org.springframework.messaging.simp.config.MessageBrokerConfigurationTests" time="0.004"/>
  <testcase name="userBroadcastsDisabledWithSimpleBroker" classname="org.springframework.messaging.simp.config.MessageBrokerConfigurationTests" time="0.008"/>
  <testcase name="clientOutboundChannelCustomized" classname="org.springframework.messaging.simp.config.MessageBrokerConfigurationTests" time="0.01"/>
  <testcase name="dotSeparatorWithBrokerSlashConvention" classname="org.springframework.messaging.simp.config.MessageBrokerConfigurationTests" time="0.013"/>
  <testcase name="configureMessageConvertersDefault" classname="org.springframework.messaging.simp.config.MessageBrokerConfigurationTests" time="0.0"/>
  <testcase name="brokerChannelUsedByAnnotatedMethod" classname="org.springframework.messaging.simp.config.MessageBrokerConfigurationTests" time="0.008"/>
  <testcase name="clientInboundChannelWithBrokerRelay" classname="org.springframework.messaging.simp.config.MessageBrokerConfigurationTests" time="0.05"/>
  <testcase name="brokerChannel" classname="org.springframework.messaging.simp.config.MessageBrokerConfigurationTests" time="0.008"/>
  <testcase name="simpValidatorDefault" classname="org.springframework.messaging.simp.config.MessageBrokerConfigurationTests" time="0.0"/>
  <testcase name="customPathMatcher" classname="org.springframework.messaging.simp.config.MessageBrokerConfigurationTests" time="0.009"/>
  <testcase name="clientInboundChannelCustomized" classname="org.springframework.messaging.simp.config.MessageBrokerConfigurationTests" time="0.006"/>
  <testcase name="simpValidatorInjected" classname="org.springframework.messaging.simp.config.MessageBrokerConfigurationTests" time="0.009"/>
  <testcase name="configureMessageConvertersCustomAndDefault" classname="org.springframework.messaging.simp.config.MessageBrokerConfigurationTests" time="0.001"/>
  <testcase name="simpValidatorMvc" classname="org.springframework.messaging.simp.config.MessageBrokerConfigurationTests" time="0.0"/>
  <testcase name="customCacheLimit" classname="org.springframework.messaging.simp.config.MessageBrokerConfigurationTests" time="0.007"/>
  <testcase name="brokerChannelWithBrokerRelay" classname="org.springframework.messaging.simp.config.MessageBrokerConfigurationTests" time="0.016"/>
  <testcase name="threadPoolSizeDefault" classname="org.springframework.messaging.simp.config.MessageBrokerConfigurationTests" time="0.011"/>
  <testcase name="clientInboundChannel" classname="org.springframework.messaging.simp.config.MessageBrokerConfigurationTests" time="0.008"/>
  <testcase name="clientOutboundChannelUsedBySimpleBroker" classname="org.springframework.messaging.simp.config.MessageBrokerConfigurationTests" time="0.011"/>
  <testcase name="customUserRegistryOrder" classname="org.springframework.messaging.simp.config.MessageBrokerConfigurationTests" time="0.006"/>
  <testcase name="configureMessageConvertersCustom" classname="org.springframework.messaging.simp.config.MessageBrokerConfigurationTests" time="0.0"/>
  <testcase name="customArgumentAndReturnValueTypes" classname="org.springframework.messaging.simp.config.MessageBrokerConfigurationTests" time="0.007"/>
  <testcase name="userBroadcasts" classname="org.springframework.messaging.simp.config.MessageBrokerConfigurationTests" time="0.014"/>
  <system-out><![CDATA[]]></system-out>
  <system-err><![CDATA[]]></system-err>
</testsuite>
