<?xml version="1.0" encoding="UTF-8"?>
<testsuite name="org.springframework.messaging.simp.broker.SimpleBrokerMessageHandlerTests" tests="10" skipped="0" failures="0" errors="0" timestamp="2020-12-16T17:35:03" hostname="DESKTOP-EMRC5FU" time="0.066">
  <properties/>
  <testcase name="subscribePublish" classname="org.springframework.messaging.simp.broker.SimpleBrokerMessageHandlerTests" time="0.017"/>
  <testcase name="readWriteIntervalCalculation" classname="org.springframework.messaging.simp.broker.SimpleBrokerMessageHandlerTests" time="0.012"/>
  <testcase name="readInactivity" classname="org.springframework.messaging.simp.broker.SimpleBrokerMessageHandlerTests" time="0.015"/>
  <testcase name="heartbeatValueWithAndWithoutTaskScheduler" classname="org.springframework.messaging.simp.broker.SimpleBrokerMessageHandlerTests" time="0.001"/>
  <testcase name="startWithHeartbeatValueWithoutTaskScheduler" classname="org.springframework.messaging.simp.broker.SimpleBrokerMessageHandlerTests" time="0.001"/>
  <testcase name="startAndStopWithHeartbeatValue" classname="org.springframework.messaging.simp.broker.SimpleBrokerMessageHandlerTests" time="0.007"/>
  <testcase name="startWithOneZeroHeartbeatValue" classname="org.springframework.messaging.simp.broker.SimpleBrokerMessageHandlerTests" time="0.0"/>
  <testcase name="connect" classname="org.springframework.messaging.simp.broker.SimpleBrokerMessageHandlerTests" time="0.0"/>
  <testcase name="writeInactivity" classname="org.springframework.messaging.simp.broker.SimpleBrokerMessageHandlerTests" time="0.011"/>
  <testcase name="subscribeDisconnectPublish" classname="org.springframework.messaging.simp.broker.SimpleBrokerMessageHandlerTests" time="0.001"/>
  <system-out><![CDATA[]]></system-out>
  <system-err><![CDATA[]]></system-err>
</testsuite>
