<?xml version="1.0" encoding="UTF-8"?>
<testsuite name="org.springframework.messaging.handler.annotation.support.HeaderMethodArgumentResolverTests" tests="10" skipped="0" failures="0" errors="0" timestamp="2020-12-16T17:35:00" hostname="DESKTOP-EMRC5FU" time="0.012">
  <properties/>
  <testcase name="resolveOptionalHeaderWithValue" classname="org.springframework.messaging.handler.annotation.support.HeaderMethodArgumentResolverTests" time="0.002"/>
  <testcase name="resolveNameFromSystemProperty" classname="org.springframework.messaging.handler.annotation.support.HeaderMethodArgumentResolverTests" time="0.001"/>
  <testcase name="resolveArgumentNativeHeaderAmbiguity" classname="org.springframework.messaging.handler.annotation.support.HeaderMethodArgumentResolverTests" time="0.001"/>
  <testcase name="resolveArgumentNativeHeader" classname="org.springframework.messaging.handler.annotation.support.HeaderMethodArgumentResolverTests" time="0.001"/>
  <testcase name="resolveDefaultValueSystemProperty" classname="org.springframework.messaging.handler.annotation.support.HeaderMethodArgumentResolverTests" time="0.001"/>
  <testcase name="resolveOptionalHeaderAsEmpty" classname="org.springframework.messaging.handler.annotation.support.HeaderMethodArgumentResolverTests" time="0.001"/>
  <testcase name="resolveArgumentDefaultValue" classname="org.springframework.messaging.handler.annotation.support.HeaderMethodArgumentResolverTests" time="0.001"/>
  <testcase name="resolveArgumentNotFound" classname="org.springframework.messaging.handler.annotation.support.HeaderMethodArgumentResolverTests" time="0.001"/>
  <testcase name="resolveArgument" classname="org.springframework.messaging.handler.annotation.support.HeaderMethodArgumentResolverTests" time="0.001"/>
  <testcase name="supportsParameter" classname="org.springframework.messaging.handler.annotation.support.HeaderMethodArgumentResolverTests" time="0.002"/>
  <system-out><![CDATA[]]></system-out>
  <system-err><![CDATA[]]></system-err>
</testsuite>
