<?xml version="1.0" encoding="UTF-8"?>
<testsuite name="org.springframework.messaging.rsocket.DefaultMetadataExtractorTests" tests="6" skipped="0" failures="0" errors="0" timestamp="2020-12-16T17:35:00" hostname="DESKTOP-EMRC5FU" time="0.062">
  <properties/>
  <testcase name="routeWithCustomFormatting" classname="org.springframework.messaging.rsocket.DefaultMetadataExtractorTests" time="0.04"/>
  <testcase name="route" classname="org.springframework.messaging.rsocket.DefaultMetadataExtractorTests" time="0.008"/>
  <testcase name="compositeMetadataWithMimeTypeRegistrations" classname="org.springframework.messaging.rsocket.DefaultMetadataExtractorTests" time="0.012"/>
  <testcase name="compositeMetadataWithDefaultSettings" classname="org.springframework.messaging.rsocket.DefaultMetadataExtractorTests" time="0.002"/>
  <testcase name="routeAsText" classname="org.springframework.messaging.rsocket.DefaultMetadataExtractorTests" time="0.0"/>
  <testcase name="noDecoder" classname="org.springframework.messaging.rsocket.DefaultMetadataExtractorTests" time="0.0"/>
  <system-out><![CDATA[]]></system-out>
  <system-err><![CDATA[]]></system-err>
</testsuite>
