<?xml version="1.0" encoding="UTF-8"?>
<testsuite name="org.springframework.messaging.rsocket.DefaultRSocketRequesterTests" tests="7" skipped="0" failures="0" errors="0" timestamp="2020-12-16T17:35:00" hostname="DESKTOP-EMRC5FU" time="0.394">
  <properties/>
  <testcase name="retrieveFluxVoid" classname="org.springframework.messaging.rsocket.DefaultRSocketRequesterTests" time="0.028"/>
  <testcase name="fluxToMonoIsRejected" classname="org.springframework.messaging.rsocket.DefaultRSocketRequesterTests" time="0.001"/>
  <testcase name="retrieveFlux" classname="org.springframework.messaging.rsocket.DefaultRSocketRequesterTests" time="0.035"/>
  <testcase name="retrieveMono" classname="org.springframework.messaging.rsocket.DefaultRSocketRequesterTests" time="0.025"/>
  <testcase name="sendFlux" classname="org.springframework.messaging.rsocket.DefaultRSocketRequesterTests" time="0.162"/>
  <testcase name="sendMono" classname="org.springframework.messaging.rsocket.DefaultRSocketRequesterTests" time="0.13"/>
  <testcase name="retrieveMonoVoid" classname="org.springframework.messaging.rsocket.DefaultRSocketRequesterTests" time="0.013"/>
  <system-out><![CDATA[01:35:00.895 [Test worker] ERROR i.n.u.ResourceLeakDetector - LEAK: ByteBuf.release() was not called before it's garbage-collected. See http://netty.io/wiki/reference-counted-objects.html for more information.
Recent access records: 
#1:
	io.netty.buffer.AdvancedLeakAwareByteBuf.order(AdvancedLeakAwareByteBuf.java:70)
	io.netty.buffer.CompositeByteBuf.newComponent(CompositeByteBuf.java:318)
	io.netty.buffer.CompositeByteBuf.addComponents0(CompositeByteBuf.java:356)
	io.netty.buffer.CompositeByteBuf.addComponents(CompositeByteBuf.java:236)
	io.netty.buffer.WrappedCompositeByteBuf.addComponents(WrappedCompositeByteBuf.java:540)
	io.netty.buffer.AdvancedLeakAwareCompositeByteBuf.addComponents(AdvancedLeakAwareCompositeByteBuf.java:927)
	io.rsocket.frame.DataAndMetadataFlyweight.encode(DataAndMetadataFlyweight.java:47)
	io.rsocket.frame.SetupFrameFlyweight.encode(SetupFrameFlyweight.java:96)
	io.rsocket.RSocketFactory$ClientRSocketFactory$StartClient.lambda$start$0(RSocketFactory.java:317)
	reactor.core.publisher.FluxFlatMap.trySubscribeScalarMap(FluxFlatMap.java:140)
	reactor.core.publisher.MonoFlatMap.subscribeOrReturn(MonoFlatMap.java:52)
	reactor.core.publisher.InternalMonoOperator.subscribe(InternalMonoOperator.java:46)
	reactor.core.publisher.MonoDefer.subscribe(MonoDefer.java:52)
	reactor.core.publisher.Mono.subscribe(Mono.java:3920)
	reactor.core.publisher.Mono.block(Mono.java:1513)
	org.springframework.messaging.rsocket.DefaultRSocketRequesterBuilderTests.testFrameDecoder(DefaultRSocketRequesterBuilderTests.java:210)
	org.springframework.messaging.rsocket.DefaultRSocketRequesterBuilderTests.frameDecoderMatchesDataBufferFactory(DefaultRSocketRequesterBuilderTests.java:195)
	sun.reflect.NativeMethodAccessorImpl.invoke0(Native Method)
	sun.reflect.NativeMethodAccessorImpl.invoke(NativeMethodAccessorImpl.java:62)
	sun.reflect.DelegatingMethodAccessorImpl.invoke(DelegatingMethodAccessorImpl.java:43)
	java.lang.reflect.Method.invoke(Method.java:497)
	org.junit.runners.model.FrameworkMethod$1.runReflectiveCall(FrameworkMethod.java:59)
	org.junit.internal.runners.model.ReflectiveCallable.run(ReflectiveCallable.java:12)
	org.junit.runners.model.FrameworkMethod.invokeExplosively(FrameworkMethod.java:56)
	org.junit.internal.runners.statements.InvokeMethod.evaluate(InvokeMethod.java:17)
	org.junit.internal.runners.statements.RunBefores.evaluate(RunBefores.java:26)
	org.junit.runners.ParentRunner$3.evaluate(ParentRunner.java:305)
	org.junit.runners.BlockJUnit4ClassRunner$1.evaluate(BlockJUnit4ClassRunner.java:100)
	org.junit.runners.ParentRunner.runLeaf(ParentRunner.java:365)
	org.junit.runners.BlockJUnit4ClassRunner.runChild(BlockJUnit4ClassRunner.java:103)
	org.junit.runners.BlockJUnit4ClassRunner.runChild(BlockJUnit4ClassRunner.java:63)
	org.junit.runners.ParentRunner$4.run(ParentRunner.java:330)
	org.junit.runners.ParentRunner$1.schedule(ParentRunner.java:78)
	org.junit.runners.ParentRunner.runChildren(ParentRunner.java:328)
	org.junit.runners.ParentRunner.access$100(ParentRunner.java:65)
	org.junit.runners.ParentRunner$2.evaluate(ParentRunner.java:292)
	org.junit.runners.ParentRunner$3.evaluate(ParentRunner.java:305)
	org.junit.runners.ParentRunner.run(ParentRunner.java:412)
	org.junit.runner.JUnitCore.run(JUnitCore.java:137)
	org.junit.runner.JUnitCore.run(JUnitCore.java:115)
	org.junit.vintage.engine.execution.RunnerExecutor.execute(RunnerExecutor.java:40)
	java.util.stream.ForEachOps$ForEachOp$OfRef.accept(ForEachOps.java:184)
	java.util.stream.ReferencePipeline$3$1.accept(ReferencePipeline.java:193)
	java.util.Iterator.forEachRemaining(Iterator.java:116)
	java.util.Spliterators$IteratorSpliterator.forEachRemaining(Spliterators.java:1801)
	java.util.stream.AbstractPipeline.copyInto(AbstractPipeline.java:481)
	java.util.stream.AbstractPipeline.wrapAndCopyInto(AbstractPipeline.java:471)
	java.util.stream.ForEachOps$ForEachOp.evaluateSequential(ForEachOps.java:151)
	java.util.stream.ForEachOps$ForEachOp$OfRef.evaluateSequential(ForEachOps.java:174)
	java.util.stream.AbstractPipeline.evaluate(AbstractPipeline.java:234)
	java.util.stream.ReferencePipeline.forEach(ReferencePipeline.java:418)
	org.junit.vintage.engine.VintageTestEngine.executeAllChildren(VintageTestEngine.java:80)
	org.junit.vintage.engine.VintageTestEngine.execute(VintageTestEngine.java:71)
	org.junit.platform.launcher.core.DefaultLauncher.execute(DefaultLauncher.java:229)
	org.junit.platform.launcher.core.DefaultLauncher.lambda$execute$6(DefaultLauncher.java:197)
	org.junit.platform.launcher.core.DefaultLauncher.withInterceptedStreams(DefaultLauncher.java:211)
	org.junit.platform.launcher.core.DefaultLauncher.execute(DefaultLauncher.java:191)
	org.junit.platform.launcher.core.DefaultLauncher.execute(DefaultLauncher.java:128)
	org.gradle.api.internal.tasks.testing.junitplatform.JUnitPlatformTestClassProcessor$CollectAllTestClassesExecutor.processAllTestClasses(JUnitPlatformTestClassProcessor.java:102)
	org.gradle.api.internal.tasks.testing.junitplatform.JUnitPlatformTestClassProcessor$CollectAllTestClassesExecutor.access$000(JUnitPlatformTestClassProcessor.java:82)
	org.gradle.api.internal.tasks.testing.junitplatform.JUnitPlatformTestClassProcessor.stop(JUnitPlatformTestClassProcessor.java:78)
	org.gradle.api.internal.tasks.testing.SuiteTestClassProcessor.stop(SuiteTestClassProcessor.java:61)
	sun.reflect.NativeMethodAccessorImpl.invoke0(Native Method)
	sun.reflect.NativeMethodAccessorImpl.invoke(NativeMethodAccessorImpl.java:62)
	sun.reflect.DelegatingMethodAccessorImpl.invoke(DelegatingMethodAccessorImpl.java:43)
	java.lang.reflect.Method.invoke(Method.java:497)
	org.gradle.internal.dispatch.ReflectionDispatch.dispatch(ReflectionDispatch.java:35)
	org.gradle.internal.dispatch.ReflectionDispatch.dispatch(ReflectionDispatch.java:24)
	org.gradle.internal.dispatch.ContextClassLoaderDispatch.dispatch(ContextClassLoaderDispatch.java:32)
	org.gradle.internal.dispatch.ProxyDispatchAdapter$DispatchingInvocationHandler.invoke(ProxyDispatchAdapter.java:93)
	com.sun.proxy.$Proxy2.stop(Unknown Source)
	org.gradle.api.internal.tasks.testing.worker.TestWorker.stop(TestWorker.java:132)
	sun.reflect.NativeMethodAccessorImpl.invoke0(Native Method)
	sun.reflect.NativeMethodAccessorImpl.invoke(NativeMethodAccessorImpl.java:62)
	sun.reflect.DelegatingMethodAccessorImpl.invoke(DelegatingMethodAccessorImpl.java:43)
	java.lang.reflect.Method.invoke(Method.java:497)
	org.gradle.internal.dispatch.ReflectionDispatch.dispatch(ReflectionDispatch.java:35)
	org.gradle.internal.dispatch.ReflectionDispatch.dispatch(ReflectionDispatch.java:24)
	org.gradle.internal.remote.internal.hub.MessageHubBackedObjectConnection$DispatchWrapper.dispatch(MessageHubBackedObjectConnection.java:175)
	org.gradle.internal.remote.internal.hub.MessageHubBackedObjectConnection$DispatchWrapper.dispatch(MessageHubBackedObjectConnection.java:157)
	org.gradle.internal.remote.internal.hub.MessageHub$Handler.run(MessageHub.java:404)
	org.gradle.internal.concurrent.ExecutorPolicy$CatchAndRecordFailures.onExecute(ExecutorPolicy.java:63)
	org.gradle.internal.concurrent.ManagedExecutorImpl$1.run(ManagedExecutorImpl.java:46)
	java.util.concurrent.ThreadPoolExecutor.runWorker(ThreadPoolExecutor.java:1142)
	java.util.concurrent.ThreadPoolExecutor$Worker.run(ThreadPoolExecutor.java:617)
	org.gradle.internal.concurrent.ThreadFactoryImpl$ManagedThreadRunnable.run(ThreadFactoryImpl.java:55)
	java.lang.Thread.run(Thread.java:745)
#2:
	io.netty.buffer.AdvancedLeakAwareByteBuf.writeInt(AdvancedLeakAwareByteBuf.java:562)
	io.rsocket.frame.SetupFrameFlyweight.encode(SetupFrameFlyweight.java:76)
	io.rsocket.RSocketFactory$ClientRSocketFactory$StartClient.lambda$start$0(RSocketFactory.java:317)
	reactor.core.publisher.FluxFlatMap.trySubscribeScalarMap(FluxFlatMap.java:140)
	reactor.core.publisher.MonoFlatMap.subscribeOrReturn(MonoFlatMap.java:52)
	reactor.core.publisher.InternalMonoOperator.subscribe(InternalMonoOperator.java:46)
	reactor.core.publisher.MonoDefer.subscribe(MonoDefer.java:52)
	reactor.core.publisher.Mono.subscribe(Mono.java:3920)
	reactor.core.publisher.Mono.block(Mono.java:1513)
	org.springframework.messaging.rsocket.DefaultRSocketRequesterBuilderTests.testFrameDecoder(DefaultRSocketRequesterBuilderTests.java:210)
	org.springframework.messaging.rsocket.DefaultRSocketRequesterBuilderTests.frameDecoderMatchesDataBufferFactory(DefaultRSocketRequesterBuilderTests.java:195)
	sun.reflect.NativeMethodAccessorImpl.invoke0(Native Method)
	sun.reflect.NativeMethodAccessorImpl.invoke(NativeMethodAccessorImpl.java:62)
	sun.reflect.DelegatingMethodAccessorImpl.invoke(DelegatingMethodAccessorImpl.java:43)
	java.lang.reflect.Method.invoke(Method.java:497)
	org.junit.runners.model.FrameworkMethod$1.runReflectiveCall(FrameworkMethod.java:59)
	org.junit.internal.runners.model.ReflectiveCallable.run(ReflectiveCallable.java:12)
	org.junit.runners.model.FrameworkMethod.invokeExplosively(FrameworkMethod.java:56)
	org.junit.internal.runners.statements.InvokeMethod.evaluate(InvokeMethod.java:17)
	org.junit.internal.runners.statements.RunBefores.evaluate(RunBefores.java:26)
	org.junit.runners.ParentRunner$3.evaluate(ParentRunner.java:305)
	org.junit.runners.BlockJUnit4ClassRunner$1.evaluate(BlockJUnit4ClassRunner.java:100)
	org.junit.runners.ParentRunner.runLeaf(ParentRunner.java:365)
	org.junit.runners.BlockJUnit4ClassRunner.runChild(BlockJUnit4ClassRunner.java:103)
	org.junit.runners.BlockJUnit4ClassRunner.runChild(BlockJUnit4ClassRunner.java:63)
	org.junit.runners.ParentRunner$4.run(ParentRunner.java:330)
	org.junit.runners.ParentRunner$1.schedule(ParentRunner.java:78)
	org.junit.runners.ParentRunner.runChildren(ParentRunner.java:328)
	org.junit.runners.ParentRunner.access$100(ParentRunner.java:65)
	org.junit.runners.ParentRunner$2.evaluate(ParentRunner.java:292)
	org.junit.runners.ParentRunner$3.evaluate(ParentRunner.java:305)
	org.junit.runners.ParentRunner.run(ParentRunner.java:412)
	org.junit.runner.JUnitCore.run(JUnitCore.java:137)
	org.junit.runner.JUnitCore.run(JUnitCore.java:115)
	org.junit.vintage.engine.execution.RunnerExecutor.execute(RunnerExecutor.java:40)
	java.util.stream.ForEachOps$ForEachOp$OfRef.accept(ForEachOps.java:184)
	java.util.stream.ReferencePipeline$3$1.accept(ReferencePipeline.java:193)
	java.util.Iterator.forEachRemaining(Iterator.java:116)
	java.util.Spliterators$IteratorSpliterator.forEachRemaining(Spliterators.java:1801)
	java.util.stream.AbstractPipeline.copyInto(AbstractPipeline.java:481)
	java.util.stream.AbstractPipeline.wrapAndCopyInto(AbstractPipeline.java:471)
	java.util.stream.ForEachOps$ForEachOp.evaluateSequential(ForEachOps.java:151)
	java.util.stream.ForEachOps$ForEachOp$OfRef.evaluateSequential(ForEachOps.java:174)
	java.util.stream.AbstractPipeline.evaluate(AbstractPipeline.java:234)
	java.util.stream.ReferencePipeline.forEach(ReferencePipeline.java:418)
	org.junit.vintage.engine.VintageTestEngine.executeAllChildren(VintageTestEngine.java:80)
	org.junit.vintage.engine.VintageTestEngine.execute(VintageTestEngine.java:71)
	org.junit.platform.launcher.core.DefaultLauncher.execute(DefaultLauncher.java:229)
	org.junit.platform.launcher.core.DefaultLauncher.lambda$execute$6(DefaultLauncher.java:197)
	org.junit.platform.launcher.core.DefaultLauncher.withInterceptedStreams(DefaultLauncher.java:211)
	org.junit.platform.launcher.core.DefaultLauncher.execute(DefaultLauncher.java:191)
	org.junit.platform.launcher.core.DefaultLauncher.execute(DefaultLauncher.java:128)
	org.gradle.api.internal.tasks.testing.junitplatform.JUnitPlatformTestClassProcessor$CollectAllTestClassesExecutor.processAllTestClasses(JUnitPlatformTestClassProcessor.java:102)
	org.gradle.api.internal.tasks.testing.junitplatform.JUnitPlatformTestClassProcessor$CollectAllTestClassesExecutor.access$000(JUnitPlatformTestClassProcessor.java:82)
	org.gradle.api.internal.tasks.testing.junitplatform.JUnitPlatformTestClassProcessor.stop(JUnitPlatformTestClassProcessor.java:78)
	org.gradle.api.internal.tasks.testing.SuiteTestClassProcessor.stop(SuiteTestClassProcessor.java:61)
	sun.reflect.NativeMethodAccessorImpl.invoke0(Native Method)
	sun.reflect.NativeMethodAccessorImpl.invoke(NativeMethodAccessorImpl.java:62)
	sun.reflect.DelegatingMethodAccessorImpl.invoke(DelegatingMethodAccessorImpl.java:43)
	java.lang.reflect.Method.invoke(Method.java:497)
	org.gradle.internal.dispatch.ReflectionDispatch.dispatch(ReflectionDispatch.java:35)
	org.gradle.internal.dispatch.ReflectionDispatch.dispatch(ReflectionDispatch.java:24)
	org.gradle.internal.dispatch.ContextClassLoaderDispatch.dispatch(ContextClassLoaderDispatch.java:32)
	org.gradle.internal.dispatch.ProxyDispatchAdapter$DispatchingInvocationHandler.invoke(ProxyDispatchAdapter.java:93)
	com.sun.proxy.$Proxy2.stop(Unknown Source)
	org.gradle.api.internal.tasks.testing.worker.TestWorker.stop(TestWorker.java:132)
	sun.reflect.NativeMethodAccessorImpl.invoke0(Native Method)
	sun.reflect.NativeMethodAccessorImpl.invoke(NativeMethodAccessorImpl.java:62)
	sun.reflect.DelegatingMethodAccessorImpl.invoke(DelegatingMethodAccessorImpl.java:43)
	java.lang.reflect.Method.invoke(Method.java:497)
	org.gradle.internal.dispatch.ReflectionDispatch.dispatch(ReflectionDispatch.java:35)
	org.gradle.internal.dispatch.ReflectionDispatch.dispatch(ReflectionDispatch.java:24)
	org.gradle.internal.remote.internal.hub.MessageHubBackedObjectConnection$DispatchWrapper.dispatch(MessageHubBackedObjectConnection.java:175)
	org.gradle.internal.remote.internal.hub.MessageHubBackedObjectConnection$DispatchWrapper.dispatch(MessageHubBackedObjectConnection.java:157)
	org.gradle.internal.remote.internal.hub.MessageHub$Handler.run(MessageHub.java:404)
	org.gradle.internal.concurrent.ExecutorPolicy$CatchAndRecordFailures.onExecute(ExecutorPolicy.java:63)
	org.gradle.internal.concurrent.ManagedExecutorImpl$1.run(ManagedExecutorImpl.java:46)
	java.util.concurrent.ThreadPoolExecutor.runWorker(ThreadPoolExecutor.java:1142)
	java.util.concurrent.ThreadPoolExecutor$Worker.run(ThreadPoolExecutor.java:617)
	org.gradle.internal.concurrent.ThreadFactoryImpl$ManagedThreadRunnable.run(ThreadFactoryImpl.java:55)
	java.lang.Thread.run(Thread.java:745)
#3:
	io.netty.buffer.AdvancedLeakAwareByteBuf.writeShort(AdvancedLeakAwareByteBuf.java:550)
	io.rsocket.frame.FrameHeaderFlyweight.encode(FrameHeaderFlyweight.java:56)
	io.rsocket.frame.FrameHeaderFlyweight.encodeStreamZero(FrameHeaderFlyweight.java:45)
	io.rsocket.frame.SetupFrameFlyweight.encode(SetupFrameFlyweight.java:74)
	io.rsocket.RSocketFactory$ClientRSocketFactory$StartClient.lambda$start$0(RSocketFactory.java:317)
	reactor.core.publisher.FluxFlatMap.trySubscribeScalarMap(FluxFlatMap.java:140)
	reactor.core.publisher.MonoFlatMap.subscribeOrReturn(MonoFlatMap.java:52)
	reactor.core.publisher.InternalMonoOperator.subscribe(InternalMonoOperator.java:46)
	reactor.core.publisher.MonoDefer.subscribe(MonoDefer.java:52)
	reactor.core.publisher.Mono.subscribe(Mono.java:3920)
	reactor.core.publisher.Mono.block(Mono.java:1513)
	org.springframework.messaging.rsocket.DefaultRSocketRequesterBuilderTests.testFrameDecoder(DefaultRSocketRequesterBuilderTests.java:210)
	org.springframework.messaging.rsocket.DefaultRSocketRequesterBuilderTests.frameDecoderMatchesDataBufferFactory(DefaultRSocketRequesterBuilderTests.java:195)
	sun.reflect.NativeMethodAccessorImpl.invoke0(Native Method)
	sun.reflect.NativeMethodAccessorImpl.invoke(NativeMethodAccessorImpl.java:62)
	sun.reflect.DelegatingMethodAccessorImpl.invoke(DelegatingMethodAccessorImpl.java:43)
	java.lang.reflect.Method.invoke(Method.java:497)
	org.junit.runners.model.FrameworkMethod$1.runReflectiveCall(FrameworkMethod.java:59)
	org.junit.internal.runners.model.ReflectiveCallable.run(ReflectiveCallable.java:12)
	org.junit.runners.model.FrameworkMethod.invokeExplosively(FrameworkMethod.java:56)
	org.junit.internal.runners.statements.InvokeMethod.evaluate(InvokeMethod.java:17)
	org.junit.internal.runners.statements.RunBefores.evaluate(RunBefores.java:26)
	org.junit.runners.ParentRunner$3.evaluate(ParentRunner.java:305)
	org.junit.runners.BlockJUnit4ClassRunner$1.evaluate(BlockJUnit4ClassRunner.java:100)
	org.junit.runners.ParentRunner.runLeaf(ParentRunner.java:365)
	org.junit.runners.BlockJUnit4ClassRunner.runChild(BlockJUnit4ClassRunner.java:103)
	org.junit.runners.BlockJUnit4ClassRunner.runChild(BlockJUnit4ClassRunner.java:63)
	org.junit.runners.ParentRunner$4.run(ParentRunner.java:330)
	org.junit.runners.ParentRunner$1.schedule(ParentRunner.java:78)
	org.junit.runners.ParentRunner.runChildren(ParentRunner.java:328)
	org.junit.runners.ParentRunner.access$100(ParentRunner.java:65)
	org.junit.runners.ParentRunner$2.evaluate(ParentRunner.java:292)
	org.junit.runners.ParentRunner$3.evaluate(ParentRunner.java:305)
	org.junit.runners.ParentRunner.run(ParentRunner.java:412)
	org.junit.runner.JUnitCore.run(JUnitCore.java:137)
	org.junit.runner.JUnitCore.run(JUnitCore.java:115)
	org.junit.vintage.engine.execution.RunnerExecutor.execute(RunnerExecutor.java:40)
	java.util.stream.ForEachOps$ForEachOp$OfRef.accept(ForEachOps.java:184)
	java.util.stream.ReferencePipeline$3$1.accept(ReferencePipeline.java:193)
	java.util.Iterator.forEachRemaining(Iterator.java:116)
	java.util.Spliterators$IteratorSpliterator.forEachRemaining(Spliterators.java:1801)
	java.util.stream.AbstractPipeline.copyInto(AbstractPipeline.java:481)
	java.util.stream.AbstractPipeline.wrapAndCopyInto(AbstractPipeline.java:471)
	java.util.stream.ForEachOps$ForEachOp.evaluateSequential(ForEachOps.java:151)
	java.util.stream.ForEachOps$ForEachOp$OfRef.evaluateSequential(ForEachOps.java:174)
	java.util.stream.AbstractPipeline.evaluate(AbstractPipeline.java:234)
	java.util.stream.ReferencePipeline.forEach(ReferencePipeline.java:418)
	org.junit.vintage.engine.VintageTestEngine.executeAllChildren(VintageTestEngine.java:80)
	org.junit.vintage.engine.VintageTestEngine.execute(VintageTestEngine.java:71)
	org.junit.platform.launcher.core.DefaultLauncher.execute(DefaultLauncher.java:229)
	org.junit.platform.launcher.core.DefaultLauncher.lambda$execute$6(DefaultLauncher.java:197)
	org.junit.platform.launcher.core.DefaultLauncher.withInterceptedStreams(DefaultLauncher.java:211)
	org.junit.platform.launcher.core.DefaultLauncher.execute(DefaultLauncher.java:191)
	org.junit.platform.launcher.core.DefaultLauncher.execute(DefaultLauncher.java:128)
	org.gradle.api.internal.tasks.testing.junitplatform.JUnitPlatformTestClassProcessor$CollectAllTestClassesExecutor.processAllTestClasses(JUnitPlatformTestClassProcessor.java:102)
	org.gradle.api.internal.tasks.testing.junitplatform.JUnitPlatformTestClassProcessor$CollectAllTestClassesExecutor.access$000(JUnitPlatformTestClassProcessor.java:82)
	org.gradle.api.internal.tasks.testing.junitplatform.JUnitPlatformTestClassProcessor.stop(JUnitPlatformTestClassProcessor.java:78)
	org.gradle.api.internal.tasks.testing.SuiteTestClassProcessor.stop(SuiteTestClassProcessor.java:61)
	sun.reflect.NativeMethodAccessorImpl.invoke0(Native Method)
	sun.reflect.NativeMethodAccessorImpl.invoke(NativeMethodAccessorImpl.java:62)
	sun.reflect.DelegatingMethodAccessorImpl.invoke(DelegatingMethodAccessorImpl.java:43)
	java.lang.reflect.Method.invoke(Method.java:497)
	org.gradle.internal.dispatch.ReflectionDispatch.dispatch(ReflectionDispatch.java:35)
	org.gradle.internal.dispatch.ReflectionDispatch.dispatch(ReflectionDispatch.java:24)
	org.gradle.internal.dispatch.ContextClassLoaderDispatch.dispatch(ContextClassLoaderDispatch.java:32)
	org.gradle.internal.dispatch.ProxyDispatchAdapter$DispatchingInvocationHandler.invoke(ProxyDispatchAdapter.java:93)
	com.sun.proxy.$Proxy2.stop(Unknown Source)
	org.gradle.api.internal.tasks.testing.worker.TestWorker.stop(TestWorker.java:132)
	sun.reflect.NativeMethodAccessorImpl.invoke0(Native Method)
	sun.reflect.NativeMethodAccessorImpl.invoke(NativeMethodAccessorImpl.java:62)
	sun.reflect.DelegatingMethodAccessorImpl.invoke(DelegatingMethodAccessorImpl.java:43)
	java.lang.reflect.Method.invoke(Method.java:497)
	org.gradle.internal.dispatch.ReflectionDispatch.dispatch(ReflectionDispatch.java:35)
	org.gradle.internal.dispatch.ReflectionDispatch.dispatch(ReflectionDispatch.java:24)
	org.gradle.internal.remote.internal.hub.MessageHubBackedObjectConnection$DispatchWrapper.dispatch(MessageHubBackedObjectConnection.java:175)
	org.gradle.internal.remote.internal.hub.MessageHubBackedObjectConnection$DispatchWrapper.dispatch(MessageHubBackedObjectConnection.java:157)
	org.gradle.internal.remote.internal.hub.MessageHub$Handler.run(MessageHub.java:404)
	org.gradle.internal.concurrent.ExecutorPolicy$CatchAndRecordFailures.onExecute(ExecutorPolicy.java:63)
	org.gradle.internal.concurrent.ManagedExecutorImpl$1.run(ManagedExecutorImpl.java:46)
	java.util.concurrent.ThreadPoolExecutor.runWorker(ThreadPoolExecutor.java:1142)
	java.util.concurrent.ThreadPoolExecutor$Worker.run(ThreadPoolExecutor.java:617)
	org.gradle.internal.concurrent.ThreadFactoryImpl$ManagedThreadRunnable.run(ThreadFactoryImpl.java:55)
	java.lang.Thread.run(Thread.java:745)
#4:
	io.netty.buffer.AdvancedLeakAwareByteBuf.writeInt(AdvancedLeakAwareByteBuf.java:562)
	io.rsocket.frame.FrameHeaderFlyweight.encode(FrameHeaderFlyweight.java:56)
	io.rsocket.frame.FrameHeaderFlyweight.encodeStreamZero(FrameHeaderFlyweight.java:45)
	io.rsocket.frame.SetupFrameFlyweight.encode(SetupFrameFlyweight.java:74)
	io.rsocket.RSocketFactory$ClientRSocketFactory$StartClient.lambda$start$0(RSocketFactory.java:317)
	reactor.core.publisher.FluxFlatMap.trySubscribeScalarMap(FluxFlatMap.java:140)
	reactor.core.publisher.MonoFlatMap.subscribeOrReturn(MonoFlatMap.java:52)
	reactor.core.publisher.InternalMonoOperator.subscribe(InternalMonoOperator.java:46)
	reactor.core.publisher.MonoDefer.subscribe(MonoDefer.java:52)
	reactor.core.publisher.Mono.subscribe(Mono.java:3920)
	reactor.core.publisher.Mono.block(Mono.java:1513)
	org.springframework.messaging.rsocket.DefaultRSocketRequesterBuilderTests.testFrameDecoder(DefaultRSocketRequesterBuilderTests.java:210)
	org.springframework.messaging.rsocket.DefaultRSocketRequesterBuilderTests.frameDecoderMatchesDataBufferFactory(DefaultRSocketRequesterBuilderTests.java:195)
	sun.reflect.NativeMethodAccessorImpl.invoke0(Native Method)
	sun.reflect.NativeMethodAccessorImpl.invoke(NativeMethodAccessorImpl.java:62)
	sun.reflect.DelegatingMethodAccessorImpl.invoke(DelegatingMethodAccessorImpl.java:43)
	java.lang.reflect.Method.invoke(Method.java:497)
	org.junit.runners.model.FrameworkMethod$1.runReflectiveCall(FrameworkMethod.java:59)
	org.junit.internal.runners.model.ReflectiveCallable.run(ReflectiveCallable.java:12)
	org.junit.runners.model.FrameworkMethod.invokeExplosively(FrameworkMethod.java:56)
	org.junit.internal.runners.statements.InvokeMethod.evaluate(InvokeMethod.java:17)
	org.junit.internal.runners.statements.RunBefores.evaluate(RunBefores.java:26)
	org.junit.runners.ParentRunner$3.evaluate(ParentRunner.java:305)
	org.junit.runners.BlockJUnit4ClassRunner$1.evaluate(BlockJUnit4ClassRunner.java:100)
	org.junit.runners.ParentRunner.runLeaf(ParentRunner.java:365)
	org.junit.runners.BlockJUnit4ClassRunner.runChild(BlockJUnit4ClassRunner.java:103)
	org.junit.runners.BlockJUnit4ClassRunner.runChild(BlockJUnit4ClassRunner.java:63)
	org.junit.runners.ParentRunner$4.run(ParentRunner.java:330)
	org.junit.runners.ParentRunner$1.schedule(ParentRunner.java:78)
	org.junit.runners.ParentRunner.runChildren(ParentRunner.java:328)
	org.junit.runners.ParentRunner.access$100(ParentRunner.java:65)
	org.junit.runners.ParentRunner$2.evaluate(ParentRunner.java:292)
	org.junit.runners.ParentRunner$3.evaluate(ParentRunner.java:305)
	org.junit.runners.ParentRunner.run(ParentRunner.java:412)
	org.junit.runner.JUnitCore.run(JUnitCore.java:137)
	org.junit.runner.JUnitCore.run(JUnitCore.java:115)
	org.junit.vintage.engine.execution.RunnerExecutor.execute(RunnerExecutor.java:40)
	java.util.stream.ForEachOps$ForEachOp$OfRef.accept(ForEachOps.java:184)
	java.util.stream.ReferencePipeline$3$1.accept(ReferencePipeline.java:193)
	java.util.Iterator.forEachRemaining(Iterator.java:116)
	java.util.Spliterators$IteratorSpliterator.forEachRemaining(Spliterators.java:1801)
	java.util.stream.AbstractPipeline.copyInto(AbstractPipeline.java:481)
	java.util.stream.AbstractPipeline.wrapAndCopyInto(AbstractPipeline.java:471)
	java.util.stream.ForEachOps$ForEachOp.evaluateSequential(ForEachOps.java:151)
	java.util.stream.ForEachOps$ForEachOp$OfRef.evaluateSequential(ForEachOps.java:174)
	java.util.stream.AbstractPipeline.evaluate(AbstractPipeline.java:234)
	java.util.stream.ReferencePipeline.forEach(ReferencePipeline.java:418)
	org.junit.vintage.engine.VintageTestEngine.executeAllChildren(VintageTestEngine.java:80)
	org.junit.vintage.engine.VintageTestEngine.execute(VintageTestEngine.java:71)
	org.junit.platform.launcher.core.DefaultLauncher.execute(DefaultLauncher.java:229)
	org.junit.platform.launcher.core.DefaultLauncher.lambda$execute$6(DefaultLauncher.java:197)
	org.junit.platform.launcher.core.DefaultLauncher.withInterceptedStreams(DefaultLauncher.java:211)
	org.junit.platform.launcher.core.DefaultLauncher.execute(DefaultLauncher.java:191)
	org.junit.platform.launcher.core.DefaultLauncher.execute(DefaultLauncher.java:128)
	org.gradle.api.internal.tasks.testing.junitplatform.JUnitPlatformTestClassProcessor$CollectAllTestClassesExecutor.processAllTestClasses(JUnitPlatformTestClassProcessor.java:102)
	org.gradle.api.internal.tasks.testing.junitplatform.JUnitPlatformTestClassProcessor$CollectAllTestClassesExecutor.access$000(JUnitPlatformTestClassProcessor.java:82)
	org.gradle.api.internal.tasks.testing.junitplatform.JUnitPlatformTestClassProcessor.stop(JUnitPlatformTestClassProcessor.java:78)
	org.gradle.api.internal.tasks.testing.SuiteTestClassProcessor.stop(SuiteTestClassProcessor.java:61)
	sun.reflect.NativeMethodAccessorImpl.invoke0(Native Method)
	sun.reflect.NativeMethodAccessorImpl.invoke(NativeMethodAccessorImpl.java:62)
	sun.reflect.DelegatingMethodAccessorImpl.invoke(DelegatingMethodAccessorImpl.java:43)
	java.lang.reflect.Method.invoke(Method.java:497)
	org.gradle.internal.dispatch.ReflectionDispatch.dispatch(ReflectionDispatch.java:35)
	org.gradle.internal.dispatch.ReflectionDispatch.dispatch(ReflectionDispatch.java:24)
	org.gradle.internal.dispatch.ContextClassLoaderDispatch.dispatch(ContextClassLoaderDispatch.java:32)
	org.gradle.internal.dispatch.ProxyDispatchAdapter$DispatchingInvocationHandler.invoke(ProxyDispatchAdapter.java:93)
	com.sun.proxy.$Proxy2.stop(Unknown Source)
	org.gradle.api.internal.tasks.testing.worker.TestWorker.stop(TestWorker.java:132)
	sun.reflect.NativeMethodAccessorImpl.invoke0(Native Method)
	sun.reflect.NativeMethodAccessorImpl.invoke(NativeMethodAccessorImpl.java:62)
	sun.reflect.DelegatingMethodAccessorImpl.invoke(DelegatingMethodAccessorImpl.java:43)
	java.lang.reflect.Method.invoke(Method.java:497)
	org.gradle.internal.dispatch.ReflectionDispatch.dispatch(ReflectionDispatch.java:35)
	org.gradle.internal.dispatch.ReflectionDispatch.dispatch(ReflectionDispatch.java:24)
	org.gradle.internal.remote.internal.hub.MessageHubBackedObjectConnection$DispatchWrapper.dispatch(MessageHubBackedObjectConnection.java:175)
	org.gradle.internal.remote.internal.hub.MessageHubBackedObjectConnection$DispatchWrapper.dispatch(MessageHubBackedObjectConnection.java:157)
	org.gradle.internal.remote.internal.hub.MessageHub$Handler.run(MessageHub.java:404)
	org.gradle.internal.concurrent.ExecutorPolicy$CatchAndRecordFailures.onExecute(ExecutorPolicy.java:63)
	org.gradle.internal.concurrent.ManagedExecutorImpl$1.run(ManagedExecutorImpl.java:46)
	java.util.concurrent.ThreadPoolExecutor.runWorker(ThreadPoolExecutor.java:1142)
	java.util.concurrent.ThreadPoolExecutor$Worker.run(ThreadPoolExecutor.java:617)
	org.gradle.internal.concurrent.ThreadFactoryImpl$ManagedThreadRunnable.run(ThreadFactoryImpl.java:55)
	java.lang.Thread.run(Thread.java:745)
Created at:
	io.netty.buffer.PooledByteBufAllocator.newDirectBuffer(PooledByteBufAllocator.java:349)
	io.netty.buffer.AbstractByteBufAllocator.directBuffer(AbstractByteBufAllocator.java:187)
	io.netty.buffer.AbstractByteBufAllocator.directBuffer(AbstractByteBufAllocator.java:173)
	io.netty.buffer.AbstractByteBufAllocator.buffer(AbstractByteBufAllocator.java:107)
	io.rsocket.frame.FrameHeaderFlyweight.encode(FrameHeaderFlyweight.java:56)
	io.rsocket.frame.FrameHeaderFlyweight.encodeStreamZero(FrameHeaderFlyweight.java:45)
	io.rsocket.frame.SetupFrameFlyweight.encode(SetupFrameFlyweight.java:74)
	io.rsocket.RSocketFactory$ClientRSocketFactory$StartClient.lambda$start$0(RSocketFactory.java:317)
	reactor.core.publisher.FluxFlatMap.trySubscribeScalarMap(FluxFlatMap.java:140)
	reactor.core.publisher.MonoFlatMap.subscribeOrReturn(MonoFlatMap.java:52)
	reactor.core.publisher.InternalMonoOperator.subscribe(InternalMonoOperator.java:46)
	reactor.core.publisher.MonoDefer.subscribe(MonoDefer.java:52)
	reactor.core.publisher.Mono.subscribe(Mono.java:3920)
	reactor.core.publisher.Mono.block(Mono.java:1513)
	org.springframework.messaging.rsocket.DefaultRSocketRequesterBuilderTests.testFrameDecoder(DefaultRSocketRequesterBuilderTests.java:210)
	org.springframework.messaging.rsocket.DefaultRSocketRequesterBuilderTests.frameDecoderMatchesDataBufferFactory(DefaultRSocketRequesterBuilderTests.java:195)
	sun.reflect.NativeMethodAccessorImpl.invoke0(Native Method)
	sun.reflect.NativeMethodAccessorImpl.invoke(NativeMethodAccessorImpl.java:62)
	sun.reflect.DelegatingMethodAccessorImpl.invoke(DelegatingMethodAccessorImpl.java:43)
	java.lang.reflect.Method.invoke(Method.java:497)
	org.junit.runners.model.FrameworkMethod$1.runReflectiveCall(FrameworkMethod.java:59)
	org.junit.internal.runners.model.ReflectiveCallable.run(ReflectiveCallable.java:12)
	org.junit.runners.model.FrameworkMethod.invokeExplosively(FrameworkMethod.java:56)
	org.junit.internal.runners.statements.InvokeMethod.evaluate(InvokeMethod.java:17)
	org.junit.internal.runners.statements.RunBefores.evaluate(RunBefores.java:26)
	org.junit.runners.ParentRunner$3.evaluate(ParentRunner.java:305)
	org.junit.runners.BlockJUnit4ClassRunner$1.evaluate(BlockJUnit4ClassRunner.java:100)
	org.junit.runners.ParentRunner.runLeaf(ParentRunner.java:365)
	org.junit.runners.BlockJUnit4ClassRunner.runChild(BlockJUnit4ClassRunner.java:103)
	org.junit.runners.BlockJUnit4ClassRunner.runChild(BlockJUnit4ClassRunner.java:63)
	org.junit.runners.ParentRunner$4.run(ParentRunner.java:330)
	org.junit.runners.ParentRunner$1.schedule(ParentRunner.java:78)
	org.junit.runners.ParentRunner.runChildren(ParentRunner.java:328)
	org.junit.runners.ParentRunner.access$100(ParentRunner.java:65)
	org.junit.runners.ParentRunner$2.evaluate(ParentRunner.java:292)
	org.junit.runners.ParentRunner$3.evaluate(ParentRunner.java:305)
	org.junit.runners.ParentRunner.run(ParentRunner.java:412)
	org.junit.runner.JUnitCore.run(JUnitCore.java:137)
	org.junit.runner.JUnitCore.run(JUnitCore.java:115)
	org.junit.vintage.engine.execution.RunnerExecutor.execute(RunnerExecutor.java:40)
	java.util.stream.ForEachOps$ForEachOp$OfRef.accept(ForEachOps.java:184)
	java.util.stream.ReferencePipeline$3$1.accept(ReferencePipeline.java:193)
	java.util.Iterator.forEachRemaining(Iterator.java:116)
	java.util.Spliterators$IteratorSpliterator.forEachRemaining(Spliterators.java:1801)
	java.util.stream.AbstractPipeline.copyInto(AbstractPipeline.java:481)
	java.util.stream.AbstractPipeline.wrapAndCopyInto(AbstractPipeline.java:471)
	java.util.stream.ForEachOps$ForEachOp.evaluateSequential(ForEachOps.java:151)
	java.util.stream.ForEachOps$ForEachOp$OfRef.evaluateSequential(ForEachOps.java:174)
	java.util.stream.AbstractPipeline.evaluate(AbstractPipeline.java:234)
	java.util.stream.ReferencePipeline.forEach(ReferencePipeline.java:418)
	org.junit.vintage.engine.VintageTestEngine.executeAllChildren(VintageTestEngine.java:80)
	org.junit.vintage.engine.VintageTestEngine.execute(VintageTestEngine.java:71)
	org.junit.platform.launcher.core.DefaultLauncher.execute(DefaultLauncher.java:229)
	org.junit.platform.launcher.core.DefaultLauncher.lambda$execute$6(DefaultLauncher.java:197)
	org.junit.platform.launcher.core.DefaultLauncher.withInterceptedStreams(DefaultLauncher.java:211)
	org.junit.platform.launcher.core.DefaultLauncher.execute(DefaultLauncher.java:191)
	org.junit.platform.launcher.core.DefaultLauncher.execute(DefaultLauncher.java:128)
	org.gradle.api.internal.tasks.testing.junitplatform.JUnitPlatformTestClassProcessor$CollectAllTestClassesExecutor.processAllTestClasses(JUnitPlatformTestClassProcessor.java:102)
	org.gradle.api.internal.tasks.testing.junitplatform.JUnitPlatformTestClassProcessor$CollectAllTestClassesExecutor.access$000(JUnitPlatformTestClassProcessor.java:82)
	org.gradle.api.internal.tasks.testing.junitplatform.JUnitPlatformTestClassProcessor.stop(JUnitPlatformTestClassProcessor.java:78)
	org.gradle.api.internal.tasks.testing.SuiteTestClassProcessor.stop(SuiteTestClassProcessor.java:61)
	sun.reflect.NativeMethodAccessorImpl.invoke0(Native Method)
	sun.reflect.NativeMethodAccessorImpl.invoke(NativeMethodAccessorImpl.java:62)
	sun.reflect.DelegatingMethodAccessorImpl.invoke(DelegatingMethodAccessorImpl.java:43)
	java.lang.reflect.Method.invoke(Method.java:497)
	org.gradle.internal.dispatch.ReflectionDispatch.dispatch(ReflectionDispatch.java:35)
	org.gradle.internal.dispatch.ReflectionDispatch.dispatch(ReflectionDispatch.java:24)
	org.gradle.internal.dispatch.ContextClassLoaderDispatch.dispatch(ContextClassLoaderDispatch.java:32)
	org.gradle.internal.dispatch.ProxyDispatchAdapter$DispatchingInvocationHandler.invoke(ProxyDispatchAdapter.java:93)
	com.sun.proxy.$Proxy2.stop(Unknown Source)
	org.gradle.api.internal.tasks.testing.worker.TestWorker.stop(TestWorker.java:132)
	sun.reflect.NativeMethodAccessorImpl.invoke0(Native Method)
	sun.reflect.NativeMethodAccessorImpl.invoke(NativeMethodAccessorImpl.java:62)
	sun.reflect.DelegatingMethodAccessorImpl.invoke(DelegatingMethodAccessorImpl.java:43)
	java.lang.reflect.Method.invoke(Method.java:497)
	org.gradle.internal.dispatch.ReflectionDispatch.dispatch(ReflectionDispatch.java:35)
	org.gradle.internal.dispatch.ReflectionDispatch.dispatch(ReflectionDispatch.java:24)
	org.gradle.internal.remote.internal.hub.MessageHubBackedObjectConnection$DispatchWrapper.dispatch(MessageHubBackedObjectConnection.java:175)
	org.gradle.internal.remote.internal.hub.MessageHubBackedObjectConnection$DispatchWrapper.dispatch(MessageHubBackedObjectConnection.java:157)
	org.gradle.internal.remote.internal.hub.MessageHub$Handler.run(MessageHub.java:404)
	org.gradle.internal.concurrent.ExecutorPolicy$CatchAndRecordFailures.onExecute(ExecutorPolicy.java:63)
	org.gradle.internal.concurrent.ManagedExecutorImpl$1.run(ManagedExecutorImpl.java:46)
	java.util.concurrent.ThreadPoolExecutor.runWorker(ThreadPoolExecutor.java:1142)
	java.util.concurrent.ThreadPoolExecutor$Worker.run(ThreadPoolExecutor.java:617)
	org.gradle.internal.concurrent.ThreadFactoryImpl$ManagedThreadRunnable.run(ThreadFactoryImpl.java:55)
	java.lang.Thread.run(Thread.java:745)
: 1 leak records were discarded because they were duplicates
: 6 leak records were discarded because the leak record count is targeted to 4. Use system property io.netty.leakDetection.targetRecords to increase the limit.
01:35:00.899 [Test worker] ERROR i.n.u.ResourceLeakDetector - LEAK: ByteBuf.release() was not called before it's garbage-collected. See http://netty.io/wiki/reference-counted-objects.html for more information.
Recent access records: 
Created at:
	io.netty.buffer.PooledByteBufAllocator.newDirectBuffer(PooledByteBufAllocator.java:349)
	io.netty.buffer.AbstractByteBufAllocator.directBuffer(AbstractByteBufAllocator.java:187)
	io.netty.buffer.AbstractByteBufAllocator.directBuffer(AbstractByteBufAllocator.java:178)
	io.netty.buffer.AbstractByteBufAllocator.buffer(AbstractByteBufAllocator.java:115)
	org.springframework.core.io.buffer.NettyDataBufferFactory.allocateBuffer(NettyDataBufferFactory.java:71)
	org.springframework.core.io.buffer.NettyDataBufferFactory.allocateBuffer(NettyDataBufferFactory.java:39)
	org.springframework.core.codec.CharSequenceEncoder.encodeValue(CharSequenceEncoder.java:91)
	org.springframework.core.codec.CharSequenceEncoder.encodeValue(CharSequenceEncoder.java:47)
	org.springframework.messaging.rsocket.MetadataEncoder.encodeEntry(MetadataEncoder.java:229)
	org.springframework.messaging.rsocket.MetadataEncoder.encode(MetadataEncoder.java:197)
	org.springframework.messaging.rsocket.DefaultRSocketRequester$DefaultRequestSpec.firstPayload(DefaultRSocketRequester.java:232)
	reactor.core.publisher.FluxMapFuseable$MapFuseableConditionalSubscriber.onNext(FluxMapFuseable.java:273)
	reactor.core.publisher.Operators$MonoSubscriber.complete(Operators.java:1582)
	reactor.core.publisher.MonoCallable.subscribe(MonoCallable.java:61)
	reactor.core.publisher.Mono.subscribe(Mono.java:3920)
	reactor.core.publisher.FluxConcatArray$ConcatArraySubscriber.onComplete(FluxConcatArray.java:207)
	reactor.core.publisher.FluxConcatArray.subscribe(FluxConcatArray.java:80)
	reactor.core.publisher.Flux.subscribe(Flux.java:8000)
	reactor.core.publisher.Flux.blockLast(Flux.java:2435)
	org.springframework.messaging.rsocket.DefaultRSocketRequesterTests.retrieveFluxVoid(DefaultRSocketRequesterTests.java:172)
	sun.reflect.NativeMethodAccessorImpl.invoke0(Native Method)
	sun.reflect.NativeMethodAccessorImpl.invoke(NativeMethodAccessorImpl.java:62)
	sun.reflect.DelegatingMethodAccessorImpl.invoke(DelegatingMethodAccessorImpl.java:43)
	java.lang.reflect.Method.invoke(Method.java:497)
	org.junit.runners.model.FrameworkMethod$1.runReflectiveCall(FrameworkMethod.java:59)
	org.junit.internal.runners.model.ReflectiveCallable.run(ReflectiveCallable.java:12)
	org.junit.runners.model.FrameworkMethod.invokeExplosively(FrameworkMethod.java:56)
	org.junit.internal.runners.statements.InvokeMethod.evaluate(InvokeMethod.java:17)
	org.junit.internal.runners.statements.RunBefores.evaluate(RunBefores.java:26)
	org.junit.runners.ParentRunner$3.evaluate(ParentRunner.java:305)
	org.junit.runners.BlockJUnit4ClassRunner$1.evaluate(BlockJUnit4ClassRunner.java:100)
	org.junit.runners.ParentRunner.runLeaf(ParentRunner.java:365)
	org.junit.runners.BlockJUnit4ClassRunner.runChild(BlockJUnit4ClassRunner.java:103)
	org.junit.runners.BlockJUnit4ClassRunner.runChild(BlockJUnit4ClassRunner.java:63)
	org.junit.runners.ParentRunner$4.run(ParentRunner.java:330)
	org.junit.runners.ParentRunner$1.schedule(ParentRunner.java:78)
	org.junit.runners.ParentRunner.runChildren(ParentRunner.java:328)
	org.junit.runners.ParentRunner.access$100(ParentRunner.java:65)
	org.junit.runners.ParentRunner$2.evaluate(ParentRunner.java:292)
	org.junit.runners.ParentRunner$3.evaluate(ParentRunner.java:305)
	org.junit.runners.ParentRunner.run(ParentRunner.java:412)
	org.junit.runner.JUnitCore.run(JUnitCore.java:137)
	org.junit.runner.JUnitCore.run(JUnitCore.java:115)
	org.junit.vintage.engine.execution.RunnerExecutor.execute(RunnerExecutor.java:40)
	java.util.stream.ForEachOps$ForEachOp$OfRef.accept(ForEachOps.java:184)
	java.util.stream.ReferencePipeline$3$1.accept(ReferencePipeline.java:193)
	java.util.Iterator.forEachRemaining(Iterator.java:116)
	java.util.Spliterators$IteratorSpliterator.forEachRemaining(Spliterators.java:1801)
	java.util.stream.AbstractPipeline.copyInto(AbstractPipeline.java:481)
	java.util.stream.AbstractPipeline.wrapAndCopyInto(AbstractPipeline.java:471)
	java.util.stream.ForEachOps$ForEachOp.evaluateSequential(ForEachOps.java:151)
	java.util.stream.ForEachOps$ForEachOp$OfRef.evaluateSequential(ForEachOps.java:174)
	java.util.stream.AbstractPipeline.evaluate(AbstractPipeline.java:234)
	java.util.stream.ReferencePipeline.forEach(ReferencePipeline.java:418)
	org.junit.vintage.engine.VintageTestEngine.executeAllChildren(VintageTestEngine.java:80)
	org.junit.vintage.engine.VintageTestEngine.execute(VintageTestEngine.java:71)
	org.junit.platform.launcher.core.DefaultLauncher.execute(DefaultLauncher.java:229)
	org.junit.platform.launcher.core.DefaultLauncher.lambda$execute$6(DefaultLauncher.java:197)
	org.junit.platform.launcher.core.DefaultLauncher.withInterceptedStreams(DefaultLauncher.java:211)
	org.junit.platform.launcher.core.DefaultLauncher.execute(DefaultLauncher.java:191)
	org.junit.platform.launcher.core.DefaultLauncher.execute(DefaultLauncher.java:128)
	org.gradle.api.internal.tasks.testing.junitplatform.JUnitPlatformTestClassProcessor$CollectAllTestClassesExecutor.processAllTestClasses(JUnitPlatformTestClassProcessor.java:102)
	org.gradle.api.internal.tasks.testing.junitplatform.JUnitPlatformTestClassProcessor$CollectAllTestClassesExecutor.access$000(JUnitPlatformTestClassProcessor.java:82)
	org.gradle.api.internal.tasks.testing.junitplatform.JUnitPlatformTestClassProcessor.stop(JUnitPlatformTestClassProcessor.java:78)
	org.gradle.api.internal.tasks.testing.SuiteTestClassProcessor.stop(SuiteTestClassProcessor.java:61)
	sun.reflect.NativeMethodAccessorImpl.invoke0(Native Method)
	sun.reflect.NativeMethodAccessorImpl.invoke(NativeMethodAccessorImpl.java:62)
	sun.reflect.DelegatingMethodAccessorImpl.invoke(DelegatingMethodAccessorImpl.java:43)
	java.lang.reflect.Method.invoke(Method.java:497)
	org.gradle.internal.dispatch.ReflectionDispatch.dispatch(ReflectionDispatch.java:35)
	org.gradle.internal.dispatch.ReflectionDispatch.dispatch(ReflectionDispatch.java:24)
	org.gradle.internal.dispatch.ContextClassLoaderDispatch.dispatch(ContextClassLoaderDispatch.java:32)
	org.gradle.internal.dispatch.ProxyDispatchAdapter$DispatchingInvocationHandler.invoke(ProxyDispatchAdapter.java:93)
	com.sun.proxy.$Proxy2.stop(Unknown Source)
	org.gradle.api.internal.tasks.testing.worker.TestWorker.stop(TestWorker.java:132)
	sun.reflect.NativeMethodAccessorImpl.invoke0(Native Method)
	sun.reflect.NativeMethodAccessorImpl.invoke(NativeMethodAccessorImpl.java:62)
	sun.reflect.DelegatingMethodAccessorImpl.invoke(DelegatingMethodAccessorImpl.java:43)
	java.lang.reflect.Method.invoke(Method.java:497)
	org.gradle.internal.dispatch.ReflectionDispatch.dispatch(ReflectionDispatch.java:35)
	org.gradle.internal.dispatch.ReflectionDispatch.dispatch(ReflectionDispatch.java:24)
	org.gradle.internal.remote.internal.hub.MessageHubBackedObjectConnection$DispatchWrapper.dispatch(MessageHubBackedObjectConnection.java:175)
	org.gradle.internal.remote.internal.hub.MessageHubBackedObjectConnection$DispatchWrapper.dispatch(MessageHubBackedObjectConnection.java:157)
	org.gradle.internal.remote.internal.hub.MessageHub$Handler.run(MessageHub.java:404)
	org.gradle.internal.concurrent.ExecutorPolicy$CatchAndRecordFailures.onExecute(ExecutorPolicy.java:63)
	org.gradle.internal.concurrent.ManagedExecutorImpl$1.run(ManagedExecutorImpl.java:46)
	java.util.concurrent.ThreadPoolExecutor.runWorker(ThreadPoolExecutor.java:1142)
	java.util.concurrent.ThreadPoolExecutor$Worker.run(ThreadPoolExecutor.java:617)
	org.gradle.internal.concurrent.ThreadFactoryImpl$ManagedThreadRunnable.run(ThreadFactoryImpl.java:55)
	java.lang.Thread.run(Thread.java:745)
01:35:00.901 [Test worker] ERROR i.n.u.ResourceLeakDetector - LEAK: ByteBuf.release() was not called before it's garbage-collected. See http://netty.io/wiki/reference-counted-objects.html for more information.
Recent access records: 
Created at:
	io.netty.buffer.PooledByteBufAllocator.newDirectBuffer(PooledByteBufAllocator.java:349)
	io.netty.buffer.AbstractByteBufAllocator.directBuffer(AbstractByteBufAllocator.java:187)
	io.netty.buffer.AbstractByteBufAllocator.directBuffer(AbstractByteBufAllocator.java:178)
	io.netty.buffer.AbstractByteBufAllocator.buffer(AbstractByteBufAllocator.java:115)
	org.springframework.core.io.buffer.NettyDataBufferFactory.allocateBuffer(NettyDataBufferFactory.java:71)
	org.springframework.core.io.buffer.NettyDataBufferFactory.allocateBuffer(NettyDataBufferFactory.java:39)
	org.springframework.core.codec.CharSequenceEncoder.encodeValue(CharSequenceEncoder.java:91)
	org.springframework.core.codec.CharSequenceEncoder.encodeValue(CharSequenceEncoder.java:47)
	org.springframework.messaging.rsocket.DefaultRSocketRequester$DefaultRequestSpec.encodeData(DefaultRSocketRequester.java:225)
	org.springframework.messaging.rsocket.DefaultRSocketRequester$DefaultRequestSpec.lambda$toResponseSpec$53(DefaultRSocketRequester.java:176)
	reactor.core.publisher.MonoCallable.subscribe(MonoCallable.java:56)
	reactor.core.publisher.Mono.subscribe(Mono.java:3920)
	reactor.core.publisher.FluxConcatArray$ConcatArraySubscriber.onComplete(FluxConcatArray.java:207)
	reactor.core.publisher.FluxConcatArray.subscribe(FluxConcatArray.java:80)
	reactor.core.publisher.Flux.subscribe(Flux.java:8000)
	reactor.core.publisher.Flux.blockLast(Flux.java:2435)
	org.springframework.messaging.rsocket.DefaultRSocketRequesterTests.retrieveFluxVoid(DefaultRSocketRequesterTests.java:172)
	sun.reflect.NativeMethodAccessorImpl.invoke0(Native Method)
	sun.reflect.NativeMethodAccessorImpl.invoke(NativeMethodAccessorImpl.java:62)
	sun.reflect.DelegatingMethodAccessorImpl.invoke(DelegatingMethodAccessorImpl.java:43)
	java.lang.reflect.Method.invoke(Method.java:497)
	org.junit.runners.model.FrameworkMethod$1.runReflectiveCall(FrameworkMethod.java:59)
	org.junit.internal.runners.model.ReflectiveCallable.run(ReflectiveCallable.java:12)
	org.junit.runners.model.FrameworkMethod.invokeExplosively(FrameworkMethod.java:56)
	org.junit.internal.runners.statements.InvokeMethod.evaluate(InvokeMethod.java:17)
	org.junit.internal.runners.statements.RunBefores.evaluate(RunBefores.java:26)
	org.junit.runners.ParentRunner$3.evaluate(ParentRunner.java:305)
	org.junit.runners.BlockJUnit4ClassRunner$1.evaluate(BlockJUnit4ClassRunner.java:100)
	org.junit.runners.ParentRunner.runLeaf(ParentRunner.java:365)
	org.junit.runners.BlockJUnit4ClassRunner.runChild(BlockJUnit4ClassRunner.java:103)
	org.junit.runners.BlockJUnit4ClassRunner.runChild(BlockJUnit4ClassRunner.java:63)
	org.junit.runners.ParentRunner$4.run(ParentRunner.java:330)
	org.junit.runners.ParentRunner$1.schedule(ParentRunner.java:78)
	org.junit.runners.ParentRunner.runChildren(ParentRunner.java:328)
	org.junit.runners.ParentRunner.access$100(ParentRunner.java:65)
	org.junit.runners.ParentRunner$2.evaluate(ParentRunner.java:292)
	org.junit.runners.ParentRunner$3.evaluate(ParentRunner.java:305)
	org.junit.runners.ParentRunner.run(ParentRunner.java:412)
	org.junit.runner.JUnitCore.run(JUnitCore.java:137)
	org.junit.runner.JUnitCore.run(JUnitCore.java:115)
	org.junit.vintage.engine.execution.RunnerExecutor.execute(RunnerExecutor.java:40)
	java.util.stream.ForEachOps$ForEachOp$OfRef.accept(ForEachOps.java:184)
	java.util.stream.ReferencePipeline$3$1.accept(ReferencePipeline.java:193)
	java.util.Iterator.forEachRemaining(Iterator.java:116)
	java.util.Spliterators$IteratorSpliterator.forEachRemaining(Spliterators.java:1801)
	java.util.stream.AbstractPipeline.copyInto(AbstractPipeline.java:481)
	java.util.stream.AbstractPipeline.wrapAndCopyInto(AbstractPipeline.java:471)
	java.util.stream.ForEachOps$ForEachOp.evaluateSequential(ForEachOps.java:151)
	java.util.stream.ForEachOps$ForEachOp$OfRef.evaluateSequential(ForEachOps.java:174)
	java.util.stream.AbstractPipeline.evaluate(AbstractPipeline.java:234)
	java.util.stream.ReferencePipeline.forEach(ReferencePipeline.java:418)
	org.junit.vintage.engine.VintageTestEngine.executeAllChildren(VintageTestEngine.java:80)
	org.junit.vintage.engine.VintageTestEngine.execute(VintageTestEngine.java:71)
	org.junit.platform.launcher.core.DefaultLauncher.execute(DefaultLauncher.java:229)
	org.junit.platform.launcher.core.DefaultLauncher.lambda$execute$6(DefaultLauncher.java:197)
	org.junit.platform.launcher.core.DefaultLauncher.withInterceptedStreams(DefaultLauncher.java:211)
	org.junit.platform.launcher.core.DefaultLauncher.execute(DefaultLauncher.java:191)
	org.junit.platform.launcher.core.DefaultLauncher.execute(DefaultLauncher.java:128)
	org.gradle.api.internal.tasks.testing.junitplatform.JUnitPlatformTestClassProcessor$CollectAllTestClassesExecutor.processAllTestClasses(JUnitPlatformTestClassProcessor.java:102)
	org.gradle.api.internal.tasks.testing.junitplatform.JUnitPlatformTestClassProcessor$CollectAllTestClassesExecutor.access$000(JUnitPlatformTestClassProcessor.java:82)
	org.gradle.api.internal.tasks.testing.junitplatform.JUnitPlatformTestClassProcessor.stop(JUnitPlatformTestClassProcessor.java:78)
	org.gradle.api.internal.tasks.testing.SuiteTestClassProcessor.stop(SuiteTestClassProcessor.java:61)
	sun.reflect.NativeMethodAccessorImpl.invoke0(Native Method)
	sun.reflect.NativeMethodAccessorImpl.invoke(NativeMethodAccessorImpl.java:62)
	sun.reflect.DelegatingMethodAccessorImpl.invoke(DelegatingMethodAccessorImpl.java:43)
	java.lang.reflect.Method.invoke(Method.java:497)
	org.gradle.internal.dispatch.ReflectionDispatch.dispatch(ReflectionDispatch.java:35)
	org.gradle.internal.dispatch.ReflectionDispatch.dispatch(ReflectionDispatch.java:24)
	org.gradle.internal.dispatch.ContextClassLoaderDispatch.dispatch(ContextClassLoaderDispatch.java:32)
	org.gradle.internal.dispatch.ProxyDispatchAdapter$DispatchingInvocationHandler.invoke(ProxyDispatchAdapter.java:93)
	com.sun.proxy.$Proxy2.stop(Unknown Source)
	org.gradle.api.internal.tasks.testing.worker.TestWorker.stop(TestWorker.java:132)
	sun.reflect.NativeMethodAccessorImpl.invoke0(Native Method)
	sun.reflect.NativeMethodAccessorImpl.invoke(NativeMethodAccessorImpl.java:62)
	sun.reflect.DelegatingMethodAccessorImpl.invoke(DelegatingMethodAccessorImpl.java:43)
	java.lang.reflect.Method.invoke(Method.java:497)
	org.gradle.internal.dispatch.ReflectionDispatch.dispatch(ReflectionDispatch.java:35)
	org.gradle.internal.dispatch.ReflectionDispatch.dispatch(ReflectionDispatch.java:24)
	org.gradle.internal.remote.internal.hub.MessageHubBackedObjectConnection$DispatchWrapper.dispatch(MessageHubBackedObjectConnection.java:175)
	org.gradle.internal.remote.internal.hub.MessageHubBackedObjectConnection$DispatchWrapper.dispatch(MessageHubBackedObjectConnection.java:157)
	org.gradle.internal.remote.internal.hub.MessageHub$Handler.run(MessageHub.java:404)
	org.gradle.internal.concurrent.ExecutorPolicy$CatchAndRecordFailures.onExecute(ExecutorPolicy.java:63)
	org.gradle.internal.concurrent.ManagedExecutorImpl$1.run(ManagedExecutorImpl.java:46)
	java.util.concurrent.ThreadPoolExecutor.runWorker(ThreadPoolExecutor.java:1142)
	java.util.concurrent.ThreadPoolExecutor$Worker.run(ThreadPoolExecutor.java:617)
	org.gradle.internal.concurrent.ThreadFactoryImpl$ManagedThreadRunnable.run(ThreadFactoryImpl.java:55)
	java.lang.Thread.run(Thread.java:745)
01:35:00.902 [Test worker] ERROR i.n.u.ResourceLeakDetector - LEAK: ByteBuf.release() was not called before it's garbage-collected. See http://netty.io/wiki/reference-counted-objects.html for more information.
Recent access records: 
#1:
	io.netty.buffer.AdvancedLeakAwareCompositeByteBuf.addComponents(AdvancedLeakAwareCompositeByteBuf.java:926)
	io.rsocket.frame.DataAndMetadataFlyweight.encode(DataAndMetadataFlyweight.java:47)
	io.rsocket.frame.SetupFrameFlyweight.encode(SetupFrameFlyweight.java:96)
	io.rsocket.RSocketFactory$ClientRSocketFactory$StartClient.lambda$start$0(RSocketFactory.java:317)
	reactor.core.publisher.FluxFlatMap.trySubscribeScalarMap(FluxFlatMap.java:140)
	reactor.core.publisher.MonoFlatMap.subscribeOrReturn(MonoFlatMap.java:52)
	reactor.core.publisher.InternalMonoOperator.subscribe(InternalMonoOperator.java:46)
	reactor.core.publisher.MonoDefer.subscribe(MonoDefer.java:52)
	reactor.core.publisher.Mono.subscribe(Mono.java:3920)
	reactor.core.publisher.Mono.block(Mono.java:1513)
	org.springframework.messaging.rsocket.DefaultRSocketRequesterBuilderTests.testFrameDecoder(DefaultRSocketRequesterBuilderTests.java:210)
	org.springframework.messaging.rsocket.DefaultRSocketRequesterBuilderTests.frameDecoderMatchesDataBufferFactory(DefaultRSocketRequesterBuilderTests.java:195)
	sun.reflect.NativeMethodAccessorImpl.invoke0(Native Method)
	sun.reflect.NativeMethodAccessorImpl.invoke(NativeMethodAccessorImpl.java:62)
	sun.reflect.DelegatingMethodAccessorImpl.invoke(DelegatingMethodAccessorImpl.java:43)
	java.lang.reflect.Method.invoke(Method.java:497)
	org.junit.runners.model.FrameworkMethod$1.runReflectiveCall(FrameworkMethod.java:59)
	org.junit.internal.runners.model.ReflectiveCallable.run(ReflectiveCallable.java:12)
	org.junit.runners.model.FrameworkMethod.invokeExplosively(FrameworkMethod.java:56)
	org.junit.internal.runners.statements.InvokeMethod.evaluate(InvokeMethod.java:17)
	org.junit.internal.runners.statements.RunBefores.evaluate(RunBefores.java:26)
	org.junit.runners.ParentRunner$3.evaluate(ParentRunner.java:305)
	org.junit.runners.BlockJUnit4ClassRunner$1.evaluate(BlockJUnit4ClassRunner.java:100)
	org.junit.runners.ParentRunner.runLeaf(ParentRunner.java:365)
	org.junit.runners.BlockJUnit4ClassRunner.runChild(BlockJUnit4ClassRunner.java:103)
	org.junit.runners.BlockJUnit4ClassRunner.runChild(BlockJUnit4ClassRunner.java:63)
	org.junit.runners.ParentRunner$4.run(ParentRunner.java:330)
	org.junit.runners.ParentRunner$1.schedule(ParentRunner.java:78)
	org.junit.runners.ParentRunner.runChildren(ParentRunner.java:328)
	org.junit.runners.ParentRunner.access$100(ParentRunner.java:65)
	org.junit.runners.ParentRunner$2.evaluate(ParentRunner.java:292)
	org.junit.runners.ParentRunner$3.evaluate(ParentRunner.java:305)
	org.junit.runners.ParentRunner.run(ParentRunner.java:412)
	org.junit.runner.JUnitCore.run(JUnitCore.java:137)
	org.junit.runner.JUnitCore.run(JUnitCore.java:115)
	org.junit.vintage.engine.execution.RunnerExecutor.execute(RunnerExecutor.java:40)
	java.util.stream.ForEachOps$ForEachOp$OfRef.accept(ForEachOps.java:184)
	java.util.stream.ReferencePipeline$3$1.accept(ReferencePipeline.java:193)
	java.util.Iterator.forEachRemaining(Iterator.java:116)
	java.util.Spliterators$IteratorSpliterator.forEachRemaining(Spliterators.java:1801)
	java.util.stream.AbstractPipeline.copyInto(AbstractPipeline.java:481)
	java.util.stream.AbstractPipeline.wrapAndCopyInto(AbstractPipeline.java:471)
	java.util.stream.ForEachOps$ForEachOp.evaluateSequential(ForEachOps.java:151)
	java.util.stream.ForEachOps$ForEachOp$OfRef.evaluateSequential(ForEachOps.java:174)
	java.util.stream.AbstractPipeline.evaluate(AbstractPipeline.java:234)
	java.util.stream.ReferencePipeline.forEach(ReferencePipeline.java:418)
	org.junit.vintage.engine.VintageTestEngine.executeAllChildren(VintageTestEngine.java:80)
	org.junit.vintage.engine.VintageTestEngine.execute(VintageTestEngine.java:71)
	org.junit.platform.launcher.core.DefaultLauncher.execute(DefaultLauncher.java:229)
	org.junit.platform.launcher.core.DefaultLauncher.lambda$execute$6(DefaultLauncher.java:197)
	org.junit.platform.launcher.core.DefaultLauncher.withInterceptedStreams(DefaultLauncher.java:211)
	org.junit.platform.launcher.core.DefaultLauncher.execute(DefaultLauncher.java:191)
	org.junit.platform.launcher.core.DefaultLauncher.execute(DefaultLauncher.java:128)
	org.gradle.api.internal.tasks.testing.junitplatform.JUnitPlatformTestClassProcessor$CollectAllTestClassesExecutor.processAllTestClasses(JUnitPlatformTestClassProcessor.java:102)
	org.gradle.api.internal.tasks.testing.junitplatform.JUnitPlatformTestClassProcessor$CollectAllTestClassesExecutor.access$000(JUnitPlatformTestClassProcessor.java:82)
	org.gradle.api.internal.tasks.testing.junitplatform.JUnitPlatformTestClassProcessor.stop(JUnitPlatformTestClassProcessor.java:78)
	org.gradle.api.internal.tasks.testing.SuiteTestClassProcessor.stop(SuiteTestClassProcessor.java:61)
	sun.reflect.NativeMethodAccessorImpl.invoke0(Native Method)
	sun.reflect.NativeMethodAccessorImpl.invoke(NativeMethodAccessorImpl.java:62)
	sun.reflect.DelegatingMethodAccessorImpl.invoke(DelegatingMethodAccessorImpl.java:43)
	java.lang.reflect.Method.invoke(Method.java:497)
	org.gradle.internal.dispatch.ReflectionDispatch.dispatch(ReflectionDispatch.java:35)
	org.gradle.internal.dispatch.ReflectionDispatch.dispatch(ReflectionDispatch.java:24)
	org.gradle.internal.dispatch.ContextClassLoaderDispatch.dispatch(ContextClassLoaderDispatch.java:32)
	org.gradle.internal.dispatch.ProxyDispatchAdapter$DispatchingInvocationHandler.invoke(ProxyDispatchAdapter.java:93)
	com.sun.proxy.$Proxy2.stop(Unknown Source)
	org.gradle.api.internal.tasks.testing.worker.TestWorker.stop(TestWorker.java:132)
	sun.reflect.NativeMethodAccessorImpl.invoke0(Native Method)
	sun.reflect.NativeMethodAccessorImpl.invoke(NativeMethodAccessorImpl.java:62)
	sun.reflect.DelegatingMethodAccessorImpl.invoke(DelegatingMethodAccessorImpl.java:43)
	java.lang.reflect.Method.invoke(Method.java:497)
	org.gradle.internal.dispatch.ReflectionDispatch.dispatch(ReflectionDispatch.java:35)
	org.gradle.internal.dispatch.ReflectionDispatch.dispatch(ReflectionDispatch.java:24)
	org.gradle.internal.remote.internal.hub.MessageHubBackedObjectConnection$DispatchWrapper.dispatch(MessageHubBackedObjectConnection.java:175)
	org.gradle.internal.remote.internal.hub.MessageHubBackedObjectConnection$DispatchWrapper.dispatch(MessageHubBackedObjectConnection.java:157)
	org.gradle.internal.remote.internal.hub.MessageHub$Handler.run(MessageHub.java:404)
	org.gradle.internal.concurrent.ExecutorPolicy$CatchAndRecordFailures.onExecute(ExecutorPolicy.java:63)
	org.gradle.internal.concurrent.ManagedExecutorImpl$1.run(ManagedExecutorImpl.java:46)
	java.util.concurrent.ThreadPoolExecutor.runWorker(ThreadPoolExecutor.java:1142)
	java.util.concurrent.ThreadPoolExecutor$Worker.run(ThreadPoolExecutor.java:617)
	org.gradle.internal.concurrent.ThreadFactoryImpl$ManagedThreadRunnable.run(ThreadFactoryImpl.java:55)
	java.lang.Thread.run(Thread.java:745)
Created at:
	io.netty.buffer.AbstractByteBufAllocator.compositeDirectBuffer(AbstractByteBufAllocator.java:223)
	io.netty.buffer.AbstractByteBufAllocator.compositeDirectBuffer(AbstractByteBufAllocator.java:218)
	io.netty.buffer.AbstractByteBufAllocator.compositeBuffer(AbstractByteBufAllocator.java:193)
	io.rsocket.frame.DataAndMetadataFlyweight.encode(DataAndMetadataFlyweight.java:47)
	io.rsocket.frame.SetupFrameFlyweight.encode(SetupFrameFlyweight.java:96)
	io.rsocket.RSocketFactory$ClientRSocketFactory$StartClient.lambda$start$0(RSocketFactory.java:317)
	reactor.core.publisher.FluxFlatMap.trySubscribeScalarMap(FluxFlatMap.java:140)
	reactor.core.publisher.MonoFlatMap.subscribeOrReturn(MonoFlatMap.java:52)
	reactor.core.publisher.InternalMonoOperator.subscribe(InternalMonoOperator.java:46)
	reactor.core.publisher.MonoDefer.subscribe(MonoDefer.java:52)
	reactor.core.publisher.Mono.subscribe(Mono.java:3920)
	reactor.core.publisher.Mono.block(Mono.java:1513)
	org.springframework.messaging.rsocket.DefaultRSocketRequesterBuilderTests.testFrameDecoder(DefaultRSocketRequesterBuilderTests.java:210)
	org.springframework.messaging.rsocket.DefaultRSocketRequesterBuilderTests.frameDecoderMatchesDataBufferFactory(DefaultRSocketRequesterBuilderTests.java:195)
	sun.reflect.NativeMethodAccessorImpl.invoke0(Native Method)
	sun.reflect.NativeMethodAccessorImpl.invoke(NativeMethodAccessorImpl.java:62)
	sun.reflect.DelegatingMethodAccessorImpl.invoke(DelegatingMethodAccessorImpl.java:43)
	java.lang.reflect.Method.invoke(Method.java:497)
	org.junit.runners.model.FrameworkMethod$1.runReflectiveCall(FrameworkMethod.java:59)
	org.junit.internal.runners.model.ReflectiveCallable.run(ReflectiveCallable.java:12)
	org.junit.runners.model.FrameworkMethod.invokeExplosively(FrameworkMethod.java:56)
	org.junit.internal.runners.statements.InvokeMethod.evaluate(InvokeMethod.java:17)
	org.junit.internal.runners.statements.RunBefores.evaluate(RunBefores.java:26)
	org.junit.runners.ParentRunner$3.evaluate(ParentRunner.java:305)
	org.junit.runners.BlockJUnit4ClassRunner$1.evaluate(BlockJUnit4ClassRunner.java:100)
	org.junit.runners.ParentRunner.runLeaf(ParentRunner.java:365)
	org.junit.runners.BlockJUnit4ClassRunner.runChild(BlockJUnit4ClassRunner.java:103)
	org.junit.runners.BlockJUnit4ClassRunner.runChild(BlockJUnit4ClassRunner.java:63)
	org.junit.runners.ParentRunner$4.run(ParentRunner.java:330)
	org.junit.runners.ParentRunner$1.schedule(ParentRunner.java:78)
	org.junit.runners.ParentRunner.runChildren(ParentRunner.java:328)
	org.junit.runners.ParentRunner.access$100(ParentRunner.java:65)
	org.junit.runners.ParentRunner$2.evaluate(ParentRunner.java:292)
	org.junit.runners.ParentRunner$3.evaluate(ParentRunner.java:305)
	org.junit.runners.ParentRunner.run(ParentRunner.java:412)
	org.junit.runner.JUnitCore.run(JUnitCore.java:137)
	org.junit.runner.JUnitCore.run(JUnitCore.java:115)
	org.junit.vintage.engine.execution.RunnerExecutor.execute(RunnerExecutor.java:40)
	java.util.stream.ForEachOps$ForEachOp$OfRef.accept(ForEachOps.java:184)
	java.util.stream.ReferencePipeline$3$1.accept(ReferencePipeline.java:193)
	java.util.Iterator.forEachRemaining(Iterator.java:116)
	java.util.Spliterators$IteratorSpliterator.forEachRemaining(Spliterators.java:1801)
	java.util.stream.AbstractPipeline.copyInto(AbstractPipeline.java:481)
	java.util.stream.AbstractPipeline.wrapAndCopyInto(AbstractPipeline.java:471)
	java.util.stream.ForEachOps$ForEachOp.evaluateSequential(ForEachOps.java:151)
	java.util.stream.ForEachOps$ForEachOp$OfRef.evaluateSequential(ForEachOps.java:174)
	java.util.stream.AbstractPipeline.evaluate(AbstractPipeline.java:234)
	java.util.stream.ReferencePipeline.forEach(ReferencePipeline.java:418)
	org.junit.vintage.engine.VintageTestEngine.executeAllChildren(VintageTestEngine.java:80)
	org.junit.vintage.engine.VintageTestEngine.execute(VintageTestEngine.java:71)
	org.junit.platform.launcher.core.DefaultLauncher.execute(DefaultLauncher.java:229)
	org.junit.platform.launcher.core.DefaultLauncher.lambda$execute$6(DefaultLauncher.java:197)
	org.junit.platform.launcher.core.DefaultLauncher.withInterceptedStreams(DefaultLauncher.java:211)
	org.junit.platform.launcher.core.DefaultLauncher.execute(DefaultLauncher.java:191)
	org.junit.platform.launcher.core.DefaultLauncher.execute(DefaultLauncher.java:128)
	org.gradle.api.internal.tasks.testing.junitplatform.JUnitPlatformTestClassProcessor$CollectAllTestClassesExecutor.processAllTestClasses(JUnitPlatformTestClassProcessor.java:102)
	org.gradle.api.internal.tasks.testing.junitplatform.JUnitPlatformTestClassProcessor$CollectAllTestClassesExecutor.access$000(JUnitPlatformTestClassProcessor.java:82)
	org.gradle.api.internal.tasks.testing.junitplatform.JUnitPlatformTestClassProcessor.stop(JUnitPlatformTestClassProcessor.java:78)
	org.gradle.api.internal.tasks.testing.SuiteTestClassProcessor.stop(SuiteTestClassProcessor.java:61)
	sun.reflect.NativeMethodAccessorImpl.invoke0(Native Method)
	sun.reflect.NativeMethodAccessorImpl.invoke(NativeMethodAccessorImpl.java:62)
	sun.reflect.DelegatingMethodAccessorImpl.invoke(DelegatingMethodAccessorImpl.java:43)
	java.lang.reflect.Method.invoke(Method.java:497)
	org.gradle.internal.dispatch.ReflectionDispatch.dispatch(ReflectionDispatch.java:35)
	org.gradle.internal.dispatch.ReflectionDispatch.dispatch(ReflectionDispatch.java:24)
	org.gradle.internal.dispatch.ContextClassLoaderDispatch.dispatch(ContextClassLoaderDispatch.java:32)
	org.gradle.internal.dispatch.ProxyDispatchAdapter$DispatchingInvocationHandler.invoke(ProxyDispatchAdapter.java:93)
	com.sun.proxy.$Proxy2.stop(Unknown Source)
	org.gradle.api.internal.tasks.testing.worker.TestWorker.stop(TestWorker.java:132)
	sun.reflect.NativeMethodAccessorImpl.invoke0(Native Method)
	sun.reflect.NativeMethodAccessorImpl.invoke(NativeMethodAccessorImpl.java:62)
	sun.reflect.DelegatingMethodAccessorImpl.invoke(DelegatingMethodAccessorImpl.java:43)
	java.lang.reflect.Method.invoke(Method.java:497)
	org.gradle.internal.dispatch.ReflectionDispatch.dispatch(ReflectionDispatch.java:35)
	org.gradle.internal.dispatch.ReflectionDispatch.dispatch(ReflectionDispatch.java:24)
	org.gradle.internal.remote.internal.hub.MessageHubBackedObjectConnection$DispatchWrapper.dispatch(MessageHubBackedObjectConnection.java:175)
	org.gradle.internal.remote.internal.hub.MessageHubBackedObjectConnection$DispatchWrapper.dispatch(MessageHubBackedObjectConnection.java:157)
	org.gradle.internal.remote.internal.hub.MessageHub$Handler.run(MessageHub.java:404)
	org.gradle.internal.concurrent.ExecutorPolicy$CatchAndRecordFailures.onExecute(ExecutorPolicy.java:63)
	org.gradle.internal.concurrent.ManagedExecutorImpl$1.run(ManagedExecutorImpl.java:46)
	java.util.concurrent.ThreadPoolExecutor.runWorker(ThreadPoolExecutor.java:1142)
	java.util.concurrent.ThreadPoolExecutor$Worker.run(ThreadPoolExecutor.java:617)
	org.gradle.internal.concurrent.ThreadFactoryImpl$ManagedThreadRunnable.run(ThreadFactoryImpl.java:55)
	java.lang.Thread.run(Thread.java:745)
01:35:00.944 [parallel-15] ERROR i.n.u.ResourceLeakDetector - LEAK: ByteBuf.release() was not called before it's garbage-collected. See http://netty.io/wiki/reference-counted-objects.html for more information.
Recent access records: 
Created at:
	io.netty.buffer.PooledByteBufAllocator.newDirectBuffer(PooledByteBufAllocator.java:349)
	io.netty.buffer.AbstractByteBufAllocator.directBuffer(AbstractByteBufAllocator.java:187)
	io.netty.buffer.AbstractByteBufAllocator.directBuffer(AbstractByteBufAllocator.java:178)
	io.netty.buffer.AbstractByteBufAllocator.buffer(AbstractByteBufAllocator.java:115)
	org.springframework.core.io.buffer.NettyDataBufferFactory.allocateBuffer(NettyDataBufferFactory.java:71)
	org.springframework.core.io.buffer.NettyDataBufferFactory.allocateBuffer(NettyDataBufferFactory.java:39)
	org.springframework.core.codec.CharSequenceEncoder.encodeValue(CharSequenceEncoder.java:91)
	org.springframework.core.codec.CharSequenceEncoder.encodeValue(CharSequenceEncoder.java:47)
	org.springframework.messaging.rsocket.DefaultRSocketRequester$DefaultRequestSpec.encodeData(DefaultRSocketRequester.java:225)
	org.springframework.messaging.rsocket.DefaultRSocketRequester$DefaultRequestSpec.lambda$toResponseSpec$53(DefaultRSocketRequester.java:176)
	reactor.core.publisher.MonoCallable.subscribe(MonoCallable.java:56)
	reactor.core.publisher.Mono.subscribe(Mono.java:3920)
	reactor.test.DefaultStepVerifierBuilder$DefaultStepVerifier.verify(DefaultStepVerifierBuilder.java:811)
	org.springframework.messaging.rsocket.DefaultRSocketRequesterTests.retrieveMono(DefaultRSocketRequesterTests.java:141)
	sun.reflect.NativeMethodAccessorImpl.invoke0(Native Method)
	sun.reflect.NativeMethodAccessorImpl.invoke(NativeMethodAccessorImpl.java:62)
	sun.reflect.DelegatingMethodAccessorImpl.invoke(DelegatingMethodAccessorImpl.java:43)
	java.lang.reflect.Method.invoke(Method.java:497)
	org.junit.runners.model.FrameworkMethod$1.runReflectiveCall(FrameworkMethod.java:59)
	org.junit.internal.runners.model.ReflectiveCallable.run(ReflectiveCallable.java:12)
	org.junit.runners.model.FrameworkMethod.invokeExplosively(FrameworkMethod.java:56)
	org.junit.internal.runners.statements.InvokeMethod.evaluate(InvokeMethod.java:17)
	org.junit.internal.runners.statements.RunBefores.evaluate(RunBefores.java:26)
	org.junit.runners.ParentRunner$3.evaluate(ParentRunner.java:305)
	org.junit.runners.BlockJUnit4ClassRunner$1.evaluate(BlockJUnit4ClassRunner.java:100)
	org.junit.runners.ParentRunner.runLeaf(ParentRunner.java:365)
	org.junit.runners.BlockJUnit4ClassRunner.runChild(BlockJUnit4ClassRunner.java:103)
	org.junit.runners.BlockJUnit4ClassRunner.runChild(BlockJUnit4ClassRunner.java:63)
	org.junit.runners.ParentRunner$4.run(ParentRunner.java:330)
	org.junit.runners.ParentRunner$1.schedule(ParentRunner.java:78)
	org.junit.runners.ParentRunner.runChildren(ParentRunner.java:328)
	org.junit.runners.ParentRunner.access$100(ParentRunner.java:65)
	org.junit.runners.ParentRunner$2.evaluate(ParentRunner.java:292)
	org.junit.runners.ParentRunner$3.evaluate(ParentRunner.java:305)
	org.junit.runners.ParentRunner.run(ParentRunner.java:412)
	org.junit.runner.JUnitCore.run(JUnitCore.java:137)
	org.junit.runner.JUnitCore.run(JUnitCore.java:115)
	org.junit.vintage.engine.execution.RunnerExecutor.execute(RunnerExecutor.java:40)
	java.util.stream.ForEachOps$ForEachOp$OfRef.accept(ForEachOps.java:184)
	java.util.stream.ReferencePipeline$3$1.accept(ReferencePipeline.java:193)
	java.util.Iterator.forEachRemaining(Iterator.java:116)
	java.util.Spliterators$IteratorSpliterator.forEachRemaining(Spliterators.java:1801)
	java.util.stream.AbstractPipeline.copyInto(AbstractPipeline.java:481)
	java.util.stream.AbstractPipeline.wrapAndCopyInto(AbstractPipeline.java:471)
	java.util.stream.ForEachOps$ForEachOp.evaluateSequential(ForEachOps.java:151)
	java.util.stream.ForEachOps$ForEachOp$OfRef.evaluateSequential(ForEachOps.java:174)
	java.util.stream.AbstractPipeline.evaluate(AbstractPipeline.java:234)
	java.util.stream.ReferencePipeline.forEach(ReferencePipeline.java:418)
	org.junit.vintage.engine.VintageTestEngine.executeAllChildren(VintageTestEngine.java:80)
	org.junit.vintage.engine.VintageTestEngine.execute(VintageTestEngine.java:71)
	org.junit.platform.launcher.core.DefaultLauncher.execute(DefaultLauncher.java:229)
	org.junit.platform.launcher.core.DefaultLauncher.lambda$execute$6(DefaultLauncher.java:197)
	org.junit.platform.launcher.core.DefaultLauncher.withInterceptedStreams(DefaultLauncher.java:211)
	org.junit.platform.launcher.core.DefaultLauncher.execute(DefaultLauncher.java:191)
	org.junit.platform.launcher.core.DefaultLauncher.execute(DefaultLauncher.java:128)
	org.gradle.api.internal.tasks.testing.junitplatform.JUnitPlatformTestClassProcessor$CollectAllTestClassesExecutor.processAllTestClasses(JUnitPlatformTestClassProcessor.java:102)
	org.gradle.api.internal.tasks.testing.junitplatform.JUnitPlatformTestClassProcessor$CollectAllTestClassesExecutor.access$000(JUnitPlatformTestClassProcessor.java:82)
	org.gradle.api.internal.tasks.testing.junitplatform.JUnitPlatformTestClassProcessor.stop(JUnitPlatformTestClassProcessor.java:78)
	org.gradle.api.internal.tasks.testing.SuiteTestClassProcessor.stop(SuiteTestClassProcessor.java:61)
	sun.reflect.NativeMethodAccessorImpl.invoke0(Native Method)
	sun.reflect.NativeMethodAccessorImpl.invoke(NativeMethodAccessorImpl.java:62)
	sun.reflect.DelegatingMethodAccessorImpl.invoke(DelegatingMethodAccessorImpl.java:43)
	java.lang.reflect.Method.invoke(Method.java:497)
	org.gradle.internal.dispatch.ReflectionDispatch.dispatch(ReflectionDispatch.java:35)
	org.gradle.internal.dispatch.ReflectionDispatch.dispatch(ReflectionDispatch.java:24)
	org.gradle.internal.dispatch.ContextClassLoaderDispatch.dispatch(ContextClassLoaderDispatch.java:32)
	org.gradle.internal.dispatch.ProxyDispatchAdapter$DispatchingInvocationHandler.invoke(ProxyDispatchAdapter.java:93)
	com.sun.proxy.$Proxy2.stop(Unknown Source)
	org.gradle.api.internal.tasks.testing.worker.TestWorker.stop(TestWorker.java:132)
	sun.reflect.NativeMethodAccessorImpl.invoke0(Native Method)
	sun.reflect.NativeMethodAccessorImpl.invoke(NativeMethodAccessorImpl.java:62)
	sun.reflect.DelegatingMethodAccessorImpl.invoke(DelegatingMethodAccessorImpl.java:43)
	java.lang.reflect.Method.invoke(Method.java:497)
	org.gradle.internal.dispatch.ReflectionDispatch.dispatch(ReflectionDispatch.java:35)
	org.gradle.internal.dispatch.ReflectionDispatch.dispatch(ReflectionDispatch.java:24)
	org.gradle.internal.remote.internal.hub.MessageHubBackedObjectConnection$DispatchWrapper.dispatch(MessageHubBackedObjectConnection.java:175)
	org.gradle.internal.remote.internal.hub.MessageHubBackedObjectConnection$DispatchWrapper.dispatch(MessageHubBackedObjectConnection.java:157)
	org.gradle.internal.remote.internal.hub.MessageHub$Handler.run(MessageHub.java:404)
	org.gradle.internal.concurrent.ExecutorPolicy$CatchAndRecordFailures.onExecute(ExecutorPolicy.java:63)
	org.gradle.internal.concurrent.ManagedExecutorImpl$1.run(ManagedExecutorImpl.java:46)
	java.util.concurrent.ThreadPoolExecutor.runWorker(ThreadPoolExecutor.java:1142)
	java.util.concurrent.ThreadPoolExecutor$Worker.run(ThreadPoolExecutor.java:617)
	org.gradle.internal.concurrent.ThreadFactoryImpl$ManagedThreadRunnable.run(ThreadFactoryImpl.java:55)
	java.lang.Thread.run(Thread.java:745)
01:35:00.945 [parallel-15] ERROR i.n.u.ResourceLeakDetector - LEAK: ByteBuf.release() was not called before it's garbage-collected. See http://netty.io/wiki/reference-counted-objects.html for more information.
Recent access records: 
Created at:
	io.netty.buffer.PooledByteBufAllocator.newDirectBuffer(PooledByteBufAllocator.java:349)
	io.netty.buffer.AbstractByteBufAllocator.directBuffer(AbstractByteBufAllocator.java:187)
	io.netty.buffer.AbstractByteBufAllocator.directBuffer(AbstractByteBufAllocator.java:178)
	io.netty.buffer.AbstractByteBufAllocator.buffer(AbstractByteBufAllocator.java:115)
	org.springframework.core.io.buffer.NettyDataBufferFactory.allocateBuffer(NettyDataBufferFactory.java:71)
	org.springframework.core.io.buffer.NettyDataBufferFactory.allocateBuffer(NettyDataBufferFactory.java:39)
	org.springframework.core.codec.CharSequenceEncoder.encodeValue(CharSequenceEncoder.java:91)
	org.springframework.core.codec.CharSequenceEncoder.encodeValue(CharSequenceEncoder.java:47)
	org.springframework.messaging.rsocket.MetadataEncoder.encodeEntry(MetadataEncoder.java:229)
	org.springframework.messaging.rsocket.MetadataEncoder.encode(MetadataEncoder.java:197)
	org.springframework.messaging.rsocket.DefaultRSocketRequester$DefaultRequestSpec.firstPayload(DefaultRSocketRequester.java:232)
	reactor.core.publisher.FluxMapFuseable$MapFuseableConditionalSubscriber.onNext(FluxMapFuseable.java:273)
	reactor.core.publisher.Operators$MonoSubscriber.complete(Operators.java:1582)
	reactor.core.publisher.MonoCallable.subscribe(MonoCallable.java:61)
	reactor.core.publisher.Mono.subscribe(Mono.java:3920)
	reactor.test.DefaultStepVerifierBuilder$DefaultStepVerifier.verify(DefaultStepVerifierBuilder.java:811)
	org.springframework.messaging.rsocket.DefaultRSocketRequesterTests.retrieveMono(DefaultRSocketRequesterTests.java:141)
	sun.reflect.NativeMethodAccessorImpl.invoke0(Native Method)
	sun.reflect.NativeMethodAccessorImpl.invoke(NativeMethodAccessorImpl.java:62)
	sun.reflect.DelegatingMethodAccessorImpl.invoke(DelegatingMethodAccessorImpl.java:43)
	java.lang.reflect.Method.invoke(Method.java:497)
	org.junit.runners.model.FrameworkMethod$1.runReflectiveCall(FrameworkMethod.java:59)
	org.junit.internal.runners.model.ReflectiveCallable.run(ReflectiveCallable.java:12)
	org.junit.runners.model.FrameworkMethod.invokeExplosively(FrameworkMethod.java:56)
	org.junit.internal.runners.statements.InvokeMethod.evaluate(InvokeMethod.java:17)
	org.junit.internal.runners.statements.RunBefores.evaluate(RunBefores.java:26)
	org.junit.runners.ParentRunner$3.evaluate(ParentRunner.java:305)
	org.junit.runners.BlockJUnit4ClassRunner$1.evaluate(BlockJUnit4ClassRunner.java:100)
	org.junit.runners.ParentRunner.runLeaf(ParentRunner.java:365)
	org.junit.runners.BlockJUnit4ClassRunner.runChild(BlockJUnit4ClassRunner.java:103)
	org.junit.runners.BlockJUnit4ClassRunner.runChild(BlockJUnit4ClassRunner.java:63)
	org.junit.runners.ParentRunner$4.run(ParentRunner.java:330)
	org.junit.runners.ParentRunner$1.schedule(ParentRunner.java:78)
	org.junit.runners.ParentRunner.runChildren(ParentRunner.java:328)
	org.junit.runners.ParentRunner.access$100(ParentRunner.java:65)
	org.junit.runners.ParentRunner$2.evaluate(ParentRunner.java:292)
	org.junit.runners.ParentRunner$3.evaluate(ParentRunner.java:305)
	org.junit.runners.ParentRunner.run(ParentRunner.java:412)
	org.junit.runner.JUnitCore.run(JUnitCore.java:137)
	org.junit.runner.JUnitCore.run(JUnitCore.java:115)
	org.junit.vintage.engine.execution.RunnerExecutor.execute(RunnerExecutor.java:40)
	java.util.stream.ForEachOps$ForEachOp$OfRef.accept(ForEachOps.java:184)
	java.util.stream.ReferencePipeline$3$1.accept(ReferencePipeline.java:193)
	java.util.Iterator.forEachRemaining(Iterator.java:116)
	java.util.Spliterators$IteratorSpliterator.forEachRemaining(Spliterators.java:1801)
	java.util.stream.AbstractPipeline.copyInto(AbstractPipeline.java:481)
	java.util.stream.AbstractPipeline.wrapAndCopyInto(AbstractPipeline.java:471)
	java.util.stream.ForEachOps$ForEachOp.evaluateSequential(ForEachOps.java:151)
	java.util.stream.ForEachOps$ForEachOp$OfRef.evaluateSequential(ForEachOps.java:174)
	java.util.stream.AbstractPipeline.evaluate(AbstractPipeline.java:234)
	java.util.stream.ReferencePipeline.forEach(ReferencePipeline.java:418)
	org.junit.vintage.engine.VintageTestEngine.executeAllChildren(VintageTestEngine.java:80)
	org.junit.vintage.engine.VintageTestEngine.execute(VintageTestEngine.java:71)
	org.junit.platform.launcher.core.DefaultLauncher.execute(DefaultLauncher.java:229)
	org.junit.platform.launcher.core.DefaultLauncher.lambda$execute$6(DefaultLauncher.java:197)
	org.junit.platform.launcher.core.DefaultLauncher.withInterceptedStreams(DefaultLauncher.java:211)
	org.junit.platform.launcher.core.DefaultLauncher.execute(DefaultLauncher.java:191)
	org.junit.platform.launcher.core.DefaultLauncher.execute(DefaultLauncher.java:128)
	org.gradle.api.internal.tasks.testing.junitplatform.JUnitPlatformTestClassProcessor$CollectAllTestClassesExecutor.processAllTestClasses(JUnitPlatformTestClassProcessor.java:102)
	org.gradle.api.internal.tasks.testing.junitplatform.JUnitPlatformTestClassProcessor$CollectAllTestClassesExecutor.access$000(JUnitPlatformTestClassProcessor.java:82)
	org.gradle.api.internal.tasks.testing.junitplatform.JUnitPlatformTestClassProcessor.stop(JUnitPlatformTestClassProcessor.java:78)
	org.gradle.api.internal.tasks.testing.SuiteTestClassProcessor.stop(SuiteTestClassProcessor.java:61)
	sun.reflect.NativeMethodAccessorImpl.invoke0(Native Method)
	sun.reflect.NativeMethodAccessorImpl.invoke(NativeMethodAccessorImpl.java:62)
	sun.reflect.DelegatingMethodAccessorImpl.invoke(DelegatingMethodAccessorImpl.java:43)
	java.lang.reflect.Method.invoke(Method.java:497)
	org.gradle.internal.dispatch.ReflectionDispatch.dispatch(ReflectionDispatch.java:35)
	org.gradle.internal.dispatch.ReflectionDispatch.dispatch(ReflectionDispatch.java:24)
	org.gradle.internal.dispatch.ContextClassLoaderDispatch.dispatch(ContextClassLoaderDispatch.java:32)
	org.gradle.internal.dispatch.ProxyDispatchAdapter$DispatchingInvocationHandler.invoke(ProxyDispatchAdapter.java:93)
	com.sun.proxy.$Proxy2.stop(Unknown Source)
	org.gradle.api.internal.tasks.testing.worker.TestWorker.stop(TestWorker.java:132)
	sun.reflect.NativeMethodAccessorImpl.invoke0(Native Method)
	sun.reflect.NativeMethodAccessorImpl.invoke(NativeMethodAccessorImpl.java:62)
	sun.reflect.DelegatingMethodAccessorImpl.invoke(DelegatingMethodAccessorImpl.java:43)
	java.lang.reflect.Method.invoke(Method.java:497)
	org.gradle.internal.dispatch.ReflectionDispatch.dispatch(ReflectionDispatch.java:35)
	org.gradle.internal.dispatch.ReflectionDispatch.dispatch(ReflectionDispatch.java:24)
	org.gradle.internal.remote.internal.hub.MessageHubBackedObjectConnection$DispatchWrapper.dispatch(MessageHubBackedObjectConnection.java:175)
	org.gradle.internal.remote.internal.hub.MessageHubBackedObjectConnection$DispatchWrapper.dispatch(MessageHubBackedObjectConnection.java:157)
	org.gradle.internal.remote.internal.hub.MessageHub$Handler.run(MessageHub.java:404)
	org.gradle.internal.concurrent.ExecutorPolicy$CatchAndRecordFailures.onExecute(ExecutorPolicy.java:63)
	org.gradle.internal.concurrent.ManagedExecutorImpl$1.run(ManagedExecutorImpl.java:46)
	java.util.concurrent.ThreadPoolExecutor.runWorker(ThreadPoolExecutor.java:1142)
	java.util.concurrent.ThreadPoolExecutor$Worker.run(ThreadPoolExecutor.java:617)
	org.gradle.internal.concurrent.ThreadFactoryImpl$ManagedThreadRunnable.run(ThreadFactoryImpl.java:55)
	java.lang.Thread.run(Thread.java:745)
01:35:00.998 [RxComputationThreadPool-1] ERROR i.n.u.ResourceLeakDetector - LEAK: ByteBuf.release() was not called before it's garbage-collected. See http://netty.io/wiki/reference-counted-objects.html for more information.
Recent access records: 
#1:
	io.netty.buffer.AdvancedLeakAwareByteBuf.toString(AdvancedLeakAwareByteBuf.java:742)
	io.rsocket.Payload.getDataUtf8(Payload.java:102)
	java.util.stream.ReferencePipeline$3$1.accept(ReferencePipeline.java:193)
	java.util.ArrayList$ArrayListSpliterator.forEachRemaining(ArrayList.java:1374)
	java.util.stream.AbstractPipeline.copyInto(AbstractPipeline.java:481)
	java.util.stream.AbstractPipeline.wrapAndCopyInto(AbstractPipeline.java:471)
	java.util.stream.AbstractPipeline.evaluate(AbstractPipeline.java:545)
	java.util.stream.AbstractPipeline.evaluateToArrayNode(AbstractPipeline.java:260)
	java.util.stream.ReferencePipeline.toArray(ReferencePipeline.java:438)
	org.springframework.messaging.rsocket.DefaultRSocketRequesterTests.testSendFlux(DefaultRSocketRequesterTests.java:130)
	org.springframework.messaging.rsocket.DefaultRSocketRequesterTests.sendFlux(DefaultRSocketRequesterTests.java:104)
	sun.reflect.NativeMethodAccessorImpl.invoke0(Native Method)
	sun.reflect.NativeMethodAccessorImpl.invoke(NativeMethodAccessorImpl.java:62)
	sun.reflect.DelegatingMethodAccessorImpl.invoke(DelegatingMethodAccessorImpl.java:43)
	java.lang.reflect.Method.invoke(Method.java:497)
	org.junit.runners.model.FrameworkMethod$1.runReflectiveCall(FrameworkMethod.java:59)
	org.junit.internal.runners.model.ReflectiveCallable.run(ReflectiveCallable.java:12)
	org.junit.runners.model.FrameworkMethod.invokeExplosively(FrameworkMethod.java:56)
	org.junit.internal.runners.statements.InvokeMethod.evaluate(InvokeMethod.java:17)
	org.junit.internal.runners.statements.RunBefores.evaluate(RunBefores.java:26)
	org.junit.runners.ParentRunner$3.evaluate(ParentRunner.java:305)
	org.junit.runners.BlockJUnit4ClassRunner$1.evaluate(BlockJUnit4ClassRunner.java:100)
	org.junit.runners.ParentRunner.runLeaf(ParentRunner.java:365)
	org.junit.runners.BlockJUnit4ClassRunner.runChild(BlockJUnit4ClassRunner.java:103)
	org.junit.runners.BlockJUnit4ClassRunner.runChild(BlockJUnit4ClassRunner.java:63)
	org.junit.runners.ParentRunner$4.run(ParentRunner.java:330)
	org.junit.runners.ParentRunner$1.schedule(ParentRunner.java:78)
	org.junit.runners.ParentRunner.runChildren(ParentRunner.java:328)
	org.junit.runners.ParentRunner.access$100(ParentRunner.java:65)
	org.junit.runners.ParentRunner$2.evaluate(ParentRunner.java:292)
	org.junit.runners.ParentRunner$3.evaluate(ParentRunner.java:305)
	org.junit.runners.ParentRunner.run(ParentRunner.java:412)
	org.junit.runner.JUnitCore.run(JUnitCore.java:137)
	org.junit.runner.JUnitCore.run(JUnitCore.java:115)
	org.junit.vintage.engine.execution.RunnerExecutor.execute(RunnerExecutor.java:40)
	java.util.stream.ForEachOps$ForEachOp$OfRef.accept(ForEachOps.java:184)
	java.util.stream.ReferencePipeline$3$1.accept(ReferencePipeline.java:193)
	java.util.Iterator.forEachRemaining(Iterator.java:116)
	java.util.Spliterators$IteratorSpliterator.forEachRemaining(Spliterators.java:1801)
	java.util.stream.AbstractPipeline.copyInto(AbstractPipeline.java:481)
	java.util.stream.AbstractPipeline.wrapAndCopyInto(AbstractPipeline.java:471)
	java.util.stream.ForEachOps$ForEachOp.evaluateSequential(ForEachOps.java:151)
	java.util.stream.ForEachOps$ForEachOp$OfRef.evaluateSequential(ForEachOps.java:174)
	java.util.stream.AbstractPipeline.evaluate(AbstractPipeline.java:234)
	java.util.stream.ReferencePipeline.forEach(ReferencePipeline.java:418)
	org.junit.vintage.engine.VintageTestEngine.executeAllChildren(VintageTestEngine.java:80)
	org.junit.vintage.engine.VintageTestEngine.execute(VintageTestEngine.java:71)
	org.junit.platform.launcher.core.DefaultLauncher.execute(DefaultLauncher.java:229)
	org.junit.platform.launcher.core.DefaultLauncher.lambda$execute$6(DefaultLauncher.java:197)
	org.junit.platform.launcher.core.DefaultLauncher.withInterceptedStreams(DefaultLauncher.java:211)
	org.junit.platform.launcher.core.DefaultLauncher.execute(DefaultLauncher.java:191)
	org.junit.platform.launcher.core.DefaultLauncher.execute(DefaultLauncher.java:128)
	org.gradle.api.internal.tasks.testing.junitplatform.JUnitPlatformTestClassProcessor$CollectAllTestClassesExecutor.processAllTestClasses(JUnitPlatformTestClassProcessor.java:102)
	org.gradle.api.internal.tasks.testing.junitplatform.JUnitPlatformTestClassProcessor$CollectAllTestClassesExecutor.access$000(JUnitPlatformTestClassProcessor.java:82)
	org.gradle.api.internal.tasks.testing.junitplatform.JUnitPlatformTestClassProcessor.stop(JUnitPlatformTestClassProcessor.java:78)
	org.gradle.api.internal.tasks.testing.SuiteTestClassProcessor.stop(SuiteTestClassProcessor.java:61)
	sun.reflect.NativeMethodAccessorImpl.invoke0(Native Method)
	sun.reflect.NativeMethodAccessorImpl.invoke(NativeMethodAccessorImpl.java:62)
	sun.reflect.DelegatingMethodAccessorImpl.invoke(DelegatingMethodAccessorImpl.java:43)
	java.lang.reflect.Method.invoke(Method.java:497)
	org.gradle.internal.dispatch.ReflectionDispatch.dispatch(ReflectionDispatch.java:35)
	org.gradle.internal.dispatch.ReflectionDispatch.dispatch(ReflectionDispatch.java:24)
	org.gradle.internal.dispatch.ContextClassLoaderDispatch.dispatch(ContextClassLoaderDispatch.java:32)
	org.gradle.internal.dispatch.ProxyDispatchAdapter$DispatchingInvocationHandler.invoke(ProxyDispatchAdapter.java:93)
	com.sun.proxy.$Proxy2.stop(Unknown Source)
	org.gradle.api.internal.tasks.testing.worker.TestWorker.stop(TestWorker.java:132)
	sun.reflect.NativeMethodAccessorImpl.invoke0(Native Method)
	sun.reflect.NativeMethodAccessorImpl.invoke(NativeMethodAccessorImpl.java:62)
	sun.reflect.DelegatingMethodAccessorImpl.invoke(DelegatingMethodAccessorImpl.java:43)
	java.lang.reflect.Method.invoke(Method.java:497)
	org.gradle.internal.dispatch.ReflectionDispatch.dispatch(ReflectionDispatch.java:35)
	org.gradle.internal.dispatch.ReflectionDispatch.dispatch(ReflectionDispatch.java:24)
	org.gradle.internal.remote.internal.hub.MessageHubBackedObjectConnection$DispatchWrapper.dispatch(MessageHubBackedObjectConnection.java:175)
	org.gradle.internal.remote.internal.hub.MessageHubBackedObjectConnection$DispatchWrapper.dispatch(MessageHubBackedObjectConnection.java:157)
	org.gradle.internal.remote.internal.hub.MessageHub$Handler.run(MessageHub.java:404)
	org.gradle.internal.concurrent.ExecutorPolicy$CatchAndRecordFailures.onExecute(ExecutorPolicy.java:63)
	org.gradle.internal.concurrent.ManagedExecutorImpl$1.run(ManagedExecutorImpl.java:46)
	java.util.concurrent.ThreadPoolExecutor.runWorker(ThreadPoolExecutor.java:1142)
	java.util.concurrent.ThreadPoolExecutor$Worker.run(ThreadPoolExecutor.java:617)
	org.gradle.internal.concurrent.ThreadFactoryImpl$ManagedThreadRunnable.run(ThreadFactoryImpl.java:55)
	java.lang.Thread.run(Thread.java:745)
#2:
	io.netty.buffer.AdvancedLeakAwareByteBuf.slice(AdvancedLeakAwareByteBuf.java:76)
	io.rsocket.util.ByteBufPayload.sliceData(ByteBufPayload.java:149)
	io.rsocket.Payload.getDataUtf8(Payload.java:102)
	java.util.stream.ReferencePipeline$3$1.accept(ReferencePipeline.java:193)
	java.util.ArrayList$ArrayListSpliterator.forEachRemaining(ArrayList.java:1374)
	java.util.stream.AbstractPipeline.copyInto(AbstractPipeline.java:481)
	java.util.stream.AbstractPipeline.wrapAndCopyInto(AbstractPipeline.java:471)
	java.util.stream.AbstractPipeline.evaluate(AbstractPipeline.java:545)
	java.util.stream.AbstractPipeline.evaluateToArrayNode(AbstractPipeline.java:260)
	java.util.stream.ReferencePipeline.toArray(ReferencePipeline.java:438)
	org.springframework.messaging.rsocket.DefaultRSocketRequesterTests.testSendFlux(DefaultRSocketRequesterTests.java:130)
	org.springframework.messaging.rsocket.DefaultRSocketRequesterTests.sendFlux(DefaultRSocketRequesterTests.java:104)
	sun.reflect.NativeMethodAccessorImpl.invoke0(Native Method)
	sun.reflect.NativeMethodAccessorImpl.invoke(NativeMethodAccessorImpl.java:62)
	sun.reflect.DelegatingMethodAccessorImpl.invoke(DelegatingMethodAccessorImpl.java:43)
	java.lang.reflect.Method.invoke(Method.java:497)
	org.junit.runners.model.FrameworkMethod$1.runReflectiveCall(FrameworkMethod.java:59)
	org.junit.internal.runners.model.ReflectiveCallable.run(ReflectiveCallable.java:12)
	org.junit.runners.model.FrameworkMethod.invokeExplosively(FrameworkMethod.java:56)
	org.junit.internal.runners.statements.InvokeMethod.evaluate(InvokeMethod.java:17)
	org.junit.internal.runners.statements.RunBefores.evaluate(RunBefores.java:26)
	org.junit.runners.ParentRunner$3.evaluate(ParentRunner.java:305)
	org.junit.runners.BlockJUnit4ClassRunner$1.evaluate(BlockJUnit4ClassRunner.java:100)
	org.junit.runners.ParentRunner.runLeaf(ParentRunner.java:365)
	org.junit.runners.BlockJUnit4ClassRunner.runChild(BlockJUnit4ClassRunner.java:103)
	org.junit.runners.BlockJUnit4ClassRunner.runChild(BlockJUnit4ClassRunner.java:63)
	org.junit.runners.ParentRunner$4.run(ParentRunner.java:330)
	org.junit.runners.ParentRunner$1.schedule(ParentRunner.java:78)
	org.junit.runners.ParentRunner.runChildren(ParentRunner.java:328)
	org.junit.runners.ParentRunner.access$100(ParentRunner.java:65)
	org.junit.runners.ParentRunner$2.evaluate(ParentRunner.java:292)
	org.junit.runners.ParentRunner$3.evaluate(ParentRunner.java:305)
	org.junit.runners.ParentRunner.run(ParentRunner.java:412)
	org.junit.runner.JUnitCore.run(JUnitCore.java:137)
	org.junit.runner.JUnitCore.run(JUnitCore.java:115)
	org.junit.vintage.engine.execution.RunnerExecutor.execute(RunnerExecutor.java:40)
	java.util.stream.ForEachOps$ForEachOp$OfRef.accept(ForEachOps.java:184)
	java.util.stream.ReferencePipeline$3$1.accept(ReferencePipeline.java:193)
	java.util.Iterator.forEachRemaining(Iterator.java:116)
	java.util.Spliterators$IteratorSpliterator.forEachRemaining(Spliterators.java:1801)
	java.util.stream.AbstractPipeline.copyInto(AbstractPipeline.java:481)
	java.util.stream.AbstractPipeline.wrapAndCopyInto(AbstractPipeline.java:471)
	java.util.stream.ForEachOps$ForEachOp.evaluateSequential(ForEachOps.java:151)
	java.util.stream.ForEachOps$ForEachOp$OfRef.evaluateSequential(ForEachOps.java:174)
	java.util.stream.AbstractPipeline.evaluate(AbstractPipeline.java:234)
	java.util.stream.ReferencePipeline.forEach(ReferencePipeline.java:418)
	org.junit.vintage.engine.VintageTestEngine.executeAllChildren(VintageTestEngine.java:80)
	org.junit.vintage.engine.VintageTestEngine.execute(VintageTestEngine.java:71)
	org.junit.platform.launcher.core.DefaultLauncher.execute(DefaultLauncher.java:229)
	org.junit.platform.launcher.core.DefaultLauncher.lambda$execute$6(DefaultLauncher.java:197)
	org.junit.platform.launcher.core.DefaultLauncher.withInterceptedStreams(DefaultLauncher.java:211)
	org.junit.platform.launcher.core.DefaultLauncher.execute(DefaultLauncher.java:191)
	org.junit.platform.launcher.core.DefaultLauncher.execute(DefaultLauncher.java:128)
	org.gradle.api.internal.tasks.testing.junitplatform.JUnitPlatformTestClassProcessor$CollectAllTestClassesExecutor.processAllTestClasses(JUnitPlatformTestClassProcessor.java:102)
	org.gradle.api.internal.tasks.testing.junitplatform.JUnitPlatformTestClassProcessor$CollectAllTestClassesExecutor.access$000(JUnitPlatformTestClassProcessor.java:82)
	org.gradle.api.internal.tasks.testing.junitplatform.JUnitPlatformTestClassProcessor.stop(JUnitPlatformTestClassProcessor.java:78)
	org.gradle.api.internal.tasks.testing.SuiteTestClassProcessor.stop(SuiteTestClassProcessor.java:61)
	sun.reflect.NativeMethodAccessorImpl.invoke0(Native Method)
	sun.reflect.NativeMethodAccessorImpl.invoke(NativeMethodAccessorImpl.java:62)
	sun.reflect.DelegatingMethodAccessorImpl.invoke(DelegatingMethodAccessorImpl.java:43)
	java.lang.reflect.Method.invoke(Method.java:497)
	org.gradle.internal.dispatch.ReflectionDispatch.dispatch(ReflectionDispatch.java:35)
	org.gradle.internal.dispatch.ReflectionDispatch.dispatch(ReflectionDispatch.java:24)
	org.gradle.internal.dispatch.ContextClassLoaderDispatch.dispatch(ContextClassLoaderDispatch.java:32)
	org.gradle.internal.dispatch.ProxyDispatchAdapter$DispatchingInvocationHandler.invoke(ProxyDispatchAdapter.java:93)
	com.sun.proxy.$Proxy2.stop(Unknown Source)
	org.gradle.api.internal.tasks.testing.worker.TestWorker.stop(TestWorker.java:132)
	sun.reflect.NativeMethodAccessorImpl.invoke0(Native Method)
	sun.reflect.NativeMethodAccessorImpl.invoke(NativeMethodAccessorImpl.java:62)
	sun.reflect.DelegatingMethodAccessorImpl.invoke(DelegatingMethodAccessorImpl.java:43)
	java.lang.reflect.Method.invoke(Method.java:497)
	org.gradle.internal.dispatch.ReflectionDispatch.dispatch(ReflectionDispatch.java:35)
	org.gradle.internal.dispatch.ReflectionDispatch.dispatch(ReflectionDispatch.java:24)
	org.gradle.internal.remote.internal.hub.MessageHubBackedObjectConnection$DispatchWrapper.dispatch(MessageHubBackedObjectConnection.java:175)
	org.gradle.internal.remote.internal.hub.MessageHubBackedObjectConnection$DispatchWrapper.dispatch(MessageHubBackedObjectConnection.java:157)
	org.gradle.internal.remote.internal.hub.MessageHub$Handler.run(MessageHub.java:404)
	org.gradle.internal.concurrent.ExecutorPolicy$CatchAndRecordFailures.onExecute(ExecutorPolicy.java:63)
	org.gradle.internal.concurrent.ManagedExecutorImpl$1.run(ManagedExecutorImpl.java:46)
	java.util.concurrent.ThreadPoolExecutor.runWorker(ThreadPoolExecutor.java:1142)
	java.util.concurrent.ThreadPoolExecutor$Worker.run(ThreadPoolExecutor.java:617)
	org.gradle.internal.concurrent.ThreadFactoryImpl$ManagedThreadRunnable.run(ThreadFactoryImpl.java:55)
	java.lang.Thread.run(Thread.java:745)
Created at:
	io.netty.buffer.PooledByteBufAllocator.newDirectBuffer(PooledByteBufAllocator.java:349)
	io.netty.buffer.AbstractByteBufAllocator.directBuffer(AbstractByteBufAllocator.java:187)
	io.netty.buffer.AbstractByteBufAllocator.directBuffer(AbstractByteBufAllocator.java:178)
	io.netty.buffer.AbstractByteBufAllocator.buffer(AbstractByteBufAllocator.java:115)
	org.springframework.core.io.buffer.NettyDataBufferFactory.allocateBuffer(NettyDataBufferFactory.java:71)
	org.springframework.core.io.buffer.NettyDataBufferFactory.allocateBuffer(NettyDataBufferFactory.java:39)
	org.springframework.core.codec.CharSequenceEncoder.encodeValue(CharSequenceEncoder.java:91)
	org.springframework.core.codec.CharSequenceEncoder.encodeValue(CharSequenceEncoder.java:47)
	org.springframework.messaging.rsocket.DefaultRSocketRequester$DefaultRequestSpec.encodeData(DefaultRSocketRequester.java:225)
	org.springframework.messaging.rsocket.DefaultRSocketRequester$DefaultRequestSpec.lambda$toResponseSpec$55(DefaultRSocketRequester.java:200)
	reactor.core.publisher.FluxMap$MapConditionalSubscriber.onNext(FluxMap.java:199)
	reactor.core.publisher.FluxConcatMap$ConcatMapImmediate.innerNext(FluxConcatMap.java:274)
	reactor.core.publisher.FluxConcatMap$ConcatMapInner.onNext(FluxConcatMap.java:851)
	reactor.core.publisher.Operators$MonoSubscriber.complete(Operators.java:1582)
	reactor.core.publisher.MonoDelayUntil$DelayUntilCoordinator.signal(MonoDelayUntil.java:231)
	reactor.core.publisher.MonoDelayUntil$DelayUntilTrigger.onComplete(MonoDelayUntil.java:310)
	reactor.core.publisher.MonoDelay$MonoDelayRunnable.run(MonoDelay.java:118)
	reactor.core.scheduler.SchedulerTask.call(SchedulerTask.java:68)
	reactor.core.scheduler.SchedulerTask.call(SchedulerTask.java:28)
	java.util.concurrent.FutureTask.run(FutureTask.java:266)
	java.util.concurrent.ScheduledThreadPoolExecutor$ScheduledFutureTask.access$201(ScheduledThreadPoolExecutor.java:180)
	java.util.concurrent.ScheduledThreadPoolExecutor$ScheduledFutureTask.run(ScheduledThreadPoolExecutor.java:293)
	java.util.concurrent.ThreadPoolExecutor.runWorker(ThreadPoolExecutor.java:1142)
	java.util.concurrent.ThreadPoolExecutor$Worker.run(ThreadPoolExecutor.java:617)
	java.lang.Thread.run(Thread.java:745)
01:35:01.000 [RxComputationThreadPool-1] ERROR i.n.u.ResourceLeakDetector - LEAK: ByteBuf.release() was not called before it's garbage-collected. See http://netty.io/wiki/reference-counted-objects.html for more information.
Recent access records: 
#1:
	io.netty.buffer.AdvancedLeakAwareByteBuf.toString(AdvancedLeakAwareByteBuf.java:742)
	io.rsocket.Payload.getMetadataUtf8(Payload.java:98)
	org.springframework.messaging.rsocket.DefaultRSocketRequesterTests.testSendFlux(DefaultRSocketRequesterTests.java:124)
	org.springframework.messaging.rsocket.DefaultRSocketRequesterTests.sendFlux(DefaultRSocketRequesterTests.java:105)
	sun.reflect.NativeMethodAccessorImpl.invoke0(Native Method)
	sun.reflect.NativeMethodAccessorImpl.invoke(NativeMethodAccessorImpl.java:62)
	sun.reflect.DelegatingMethodAccessorImpl.invoke(DelegatingMethodAccessorImpl.java:43)
	java.lang.reflect.Method.invoke(Method.java:497)
	org.junit.runners.model.FrameworkMethod$1.runReflectiveCall(FrameworkMethod.java:59)
	org.junit.internal.runners.model.ReflectiveCallable.run(ReflectiveCallable.java:12)
	org.junit.runners.model.FrameworkMethod.invokeExplosively(FrameworkMethod.java:56)
	org.junit.internal.runners.statements.InvokeMethod.evaluate(InvokeMethod.java:17)
	org.junit.internal.runners.statements.RunBefores.evaluate(RunBefores.java:26)
	org.junit.runners.ParentRunner$3.evaluate(ParentRunner.java:305)
	org.junit.runners.BlockJUnit4ClassRunner$1.evaluate(BlockJUnit4ClassRunner.java:100)
	org.junit.runners.ParentRunner.runLeaf(ParentRunner.java:365)
	org.junit.runners.BlockJUnit4ClassRunner.runChild(BlockJUnit4ClassRunner.java:103)
	org.junit.runners.BlockJUnit4ClassRunner.runChild(BlockJUnit4ClassRunner.java:63)
	org.junit.runners.ParentRunner$4.run(ParentRunner.java:330)
	org.junit.runners.ParentRunner$1.schedule(ParentRunner.java:78)
	org.junit.runners.ParentRunner.runChildren(ParentRunner.java:328)
	org.junit.runners.ParentRunner.access$100(ParentRunner.java:65)
	org.junit.runners.ParentRunner$2.evaluate(ParentRunner.java:292)
	org.junit.runners.ParentRunner$3.evaluate(ParentRunner.java:305)
	org.junit.runners.ParentRunner.run(ParentRunner.java:412)
	org.junit.runner.JUnitCore.run(JUnitCore.java:137)
	org.junit.runner.JUnitCore.run(JUnitCore.java:115)
	org.junit.vintage.engine.execution.RunnerExecutor.execute(RunnerExecutor.java:40)
	java.util.stream.ForEachOps$ForEachOp$OfRef.accept(ForEachOps.java:184)
	java.util.stream.ReferencePipeline$3$1.accept(ReferencePipeline.java:193)
	java.util.Iterator.forEachRemaining(Iterator.java:116)
	java.util.Spliterators$IteratorSpliterator.forEachRemaining(Spliterators.java:1801)
	java.util.stream.AbstractPipeline.copyInto(AbstractPipeline.java:481)
	java.util.stream.AbstractPipeline.wrapAndCopyInto(AbstractPipeline.java:471)
	java.util.stream.ForEachOps$ForEachOp.evaluateSequential(ForEachOps.java:151)
	java.util.stream.ForEachOps$ForEachOp$OfRef.evaluateSequential(ForEachOps.java:174)
	java.util.stream.AbstractPipeline.evaluate(AbstractPipeline.java:234)
	java.util.stream.ReferencePipeline.forEach(ReferencePipeline.java:418)
	org.junit.vintage.engine.VintageTestEngine.executeAllChildren(VintageTestEngine.java:80)
	org.junit.vintage.engine.VintageTestEngine.execute(VintageTestEngine.java:71)
	org.junit.platform.launcher.core.DefaultLauncher.execute(DefaultLauncher.java:229)
	org.junit.platform.launcher.core.DefaultLauncher.lambda$execute$6(DefaultLauncher.java:197)
	org.junit.platform.launcher.core.DefaultLauncher.withInterceptedStreams(DefaultLauncher.java:211)
	org.junit.platform.launcher.core.DefaultLauncher.execute(DefaultLauncher.java:191)
	org.junit.platform.launcher.core.DefaultLauncher.execute(DefaultLauncher.java:128)
	org.gradle.api.internal.tasks.testing.junitplatform.JUnitPlatformTestClassProcessor$CollectAllTestClassesExecutor.processAllTestClasses(JUnitPlatformTestClassProcessor.java:102)
	org.gradle.api.internal.tasks.testing.junitplatform.JUnitPlatformTestClassProcessor$CollectAllTestClassesExecutor.access$000(JUnitPlatformTestClassProcessor.java:82)
	org.gradle.api.internal.tasks.testing.junitplatform.JUnitPlatformTestClassProcessor.stop(JUnitPlatformTestClassProcessor.java:78)
	org.gradle.api.internal.tasks.testing.SuiteTestClassProcessor.stop(SuiteTestClassProcessor.java:61)
	sun.reflect.NativeMethodAccessorImpl.invoke0(Native Method)
	sun.reflect.NativeMethodAccessorImpl.invoke(NativeMethodAccessorImpl.java:62)
	sun.reflect.DelegatingMethodAccessorImpl.invoke(DelegatingMethodAccessorImpl.java:43)
	java.lang.reflect.Method.invoke(Method.java:497)
	org.gradle.internal.dispatch.ReflectionDispatch.dispatch(ReflectionDispatch.java:35)
	org.gradle.internal.dispatch.ReflectionDispatch.dispatch(ReflectionDispatch.java:24)
	org.gradle.internal.dispatch.ContextClassLoaderDispatch.dispatch(ContextClassLoaderDispatch.java:32)
	org.gradle.internal.dispatch.ProxyDispatchAdapter$DispatchingInvocationHandler.invoke(ProxyDispatchAdapter.java:93)
	com.sun.proxy.$Proxy2.stop(Unknown Source)
	org.gradle.api.internal.tasks.testing.worker.TestWorker.stop(TestWorker.java:132)
	sun.reflect.NativeMethodAccessorImpl.invoke0(Native Method)
	sun.reflect.NativeMethodAccessorImpl.invoke(NativeMethodAccessorImpl.java:62)
	sun.reflect.DelegatingMethodAccessorImpl.invoke(DelegatingMethodAccessorImpl.java:43)
	java.lang.reflect.Method.invoke(Method.java:497)
	org.gradle.internal.dispatch.ReflectionDispatch.dispatch(ReflectionDispatch.java:35)
	org.gradle.internal.dispatch.ReflectionDispatch.dispatch(ReflectionDispatch.java:24)
	org.gradle.internal.remote.internal.hub.MessageHubBackedObjectConnection$DispatchWrapper.dispatch(MessageHubBackedObjectConnection.java:175)
	org.gradle.internal.remote.internal.hub.MessageHubBackedObjectConnection$DispatchWrapper.dispatch(MessageHubBackedObjectConnection.java:157)
	org.gradle.internal.remote.internal.hub.MessageHub$Handler.run(MessageHub.java:404)
	org.gradle.internal.concurrent.ExecutorPolicy$CatchAndRecordFailures.onExecute(ExecutorPolicy.java:63)
	org.gradle.internal.concurrent.ManagedExecutorImpl$1.run(ManagedExecutorImpl.java:46)
	java.util.concurrent.ThreadPoolExecutor.runWorker(ThreadPoolExecutor.java:1142)
	java.util.concurrent.ThreadPoolExecutor$Worker.run(ThreadPoolExecutor.java:617)
	org.gradle.internal.concurrent.ThreadFactoryImpl$ManagedThreadRunnable.run(ThreadFactoryImpl.java:55)
	java.lang.Thread.run(Thread.java:745)
#2:
	io.netty.buffer.AdvancedLeakAwareByteBuf.slice(AdvancedLeakAwareByteBuf.java:76)
	io.rsocket.util.ByteBufPayload.sliceMetadata(ByteBufPayload.java:134)
	io.rsocket.Payload.getMetadataUtf8(Payload.java:98)
	org.springframework.messaging.rsocket.DefaultRSocketRequesterTests.testSendFlux(DefaultRSocketRequesterTests.java:124)
	org.springframework.messaging.rsocket.DefaultRSocketRequesterTests.sendFlux(DefaultRSocketRequesterTests.java:105)
	sun.reflect.NativeMethodAccessorImpl.invoke0(Native Method)
	sun.reflect.NativeMethodAccessorImpl.invoke(NativeMethodAccessorImpl.java:62)
	sun.reflect.DelegatingMethodAccessorImpl.invoke(DelegatingMethodAccessorImpl.java:43)
	java.lang.reflect.Method.invoke(Method.java:497)
	org.junit.runners.model.FrameworkMethod$1.runReflectiveCall(FrameworkMethod.java:59)
	org.junit.internal.runners.model.ReflectiveCallable.run(ReflectiveCallable.java:12)
	org.junit.runners.model.FrameworkMethod.invokeExplosively(FrameworkMethod.java:56)
	org.junit.internal.runners.statements.InvokeMethod.evaluate(InvokeMethod.java:17)
	org.junit.internal.runners.statements.RunBefores.evaluate(RunBefores.java:26)
	org.junit.runners.ParentRunner$3.evaluate(ParentRunner.java:305)
	org.junit.runners.BlockJUnit4ClassRunner$1.evaluate(BlockJUnit4ClassRunner.java:100)
	org.junit.runners.ParentRunner.runLeaf(ParentRunner.java:365)
	org.junit.runners.BlockJUnit4ClassRunner.runChild(BlockJUnit4ClassRunner.java:103)
	org.junit.runners.BlockJUnit4ClassRunner.runChild(BlockJUnit4ClassRunner.java:63)
	org.junit.runners.ParentRunner$4.run(ParentRunner.java:330)
	org.junit.runners.ParentRunner$1.schedule(ParentRunner.java:78)
	org.junit.runners.ParentRunner.runChildren(ParentRunner.java:328)
	org.junit.runners.ParentRunner.access$100(ParentRunner.java:65)
	org.junit.runners.ParentRunner$2.evaluate(ParentRunner.java:292)
	org.junit.runners.ParentRunner$3.evaluate(ParentRunner.java:305)
	org.junit.runners.ParentRunner.run(ParentRunner.java:412)
	org.junit.runner.JUnitCore.run(JUnitCore.java:137)
	org.junit.runner.JUnitCore.run(JUnitCore.java:115)
	org.junit.vintage.engine.execution.RunnerExecutor.execute(RunnerExecutor.java:40)
	java.util.stream.ForEachOps$ForEachOp$OfRef.accept(ForEachOps.java:184)
	java.util.stream.ReferencePipeline$3$1.accept(ReferencePipeline.java:193)
	java.util.Iterator.forEachRemaining(Iterator.java:116)
	java.util.Spliterators$IteratorSpliterator.forEachRemaining(Spliterators.java:1801)
	java.util.stream.AbstractPipeline.copyInto(AbstractPipeline.java:481)
	java.util.stream.AbstractPipeline.wrapAndCopyInto(AbstractPipeline.java:471)
	java.util.stream.ForEachOps$ForEachOp.evaluateSequential(ForEachOps.java:151)
	java.util.stream.ForEachOps$ForEachOp$OfRef.evaluateSequential(ForEachOps.java:174)
	java.util.stream.AbstractPipeline.evaluate(AbstractPipeline.java:234)
	java.util.stream.ReferencePipeline.forEach(ReferencePipeline.java:418)
	org.junit.vintage.engine.VintageTestEngine.executeAllChildren(VintageTestEngine.java:80)
	org.junit.vintage.engine.VintageTestEngine.execute(VintageTestEngine.java:71)
	org.junit.platform.launcher.core.DefaultLauncher.execute(DefaultLauncher.java:229)
	org.junit.platform.launcher.core.DefaultLauncher.lambda$execute$6(DefaultLauncher.java:197)
	org.junit.platform.launcher.core.DefaultLauncher.withInterceptedStreams(DefaultLauncher.java:211)
	org.junit.platform.launcher.core.DefaultLauncher.execute(DefaultLauncher.java:191)
	org.junit.platform.launcher.core.DefaultLauncher.execute(DefaultLauncher.java:128)
	org.gradle.api.internal.tasks.testing.junitplatform.JUnitPlatformTestClassProcessor$CollectAllTestClassesExecutor.processAllTestClasses(JUnitPlatformTestClassProcessor.java:102)
	org.gradle.api.internal.tasks.testing.junitplatform.JUnitPlatformTestClassProcessor$CollectAllTestClassesExecutor.access$000(JUnitPlatformTestClassProcessor.java:82)
	org.gradle.api.internal.tasks.testing.junitplatform.JUnitPlatformTestClassProcessor.stop(JUnitPlatformTestClassProcessor.java:78)
	org.gradle.api.internal.tasks.testing.SuiteTestClassProcessor.stop(SuiteTestClassProcessor.java:61)
	sun.reflect.NativeMethodAccessorImpl.invoke0(Native Method)
	sun.reflect.NativeMethodAccessorImpl.invoke(NativeMethodAccessorImpl.java:62)
	sun.reflect.DelegatingMethodAccessorImpl.invoke(DelegatingMethodAccessorImpl.java:43)
	java.lang.reflect.Method.invoke(Method.java:497)
	org.gradle.internal.dispatch.ReflectionDispatch.dispatch(ReflectionDispatch.java:35)
	org.gradle.internal.dispatch.ReflectionDispatch.dispatch(ReflectionDispatch.java:24)
	org.gradle.internal.dispatch.ContextClassLoaderDispatch.dispatch(ContextClassLoaderDispatch.java:32)
	org.gradle.internal.dispatch.ProxyDispatchAdapter$DispatchingInvocationHandler.invoke(ProxyDispatchAdapter.java:93)
	com.sun.proxy.$Proxy2.stop(Unknown Source)
	org.gradle.api.internal.tasks.testing.worker.TestWorker.stop(TestWorker.java:132)
	sun.reflect.NativeMethodAccessorImpl.invoke0(Native Method)
	sun.reflect.NativeMethodAccessorImpl.invoke(NativeMethodAccessorImpl.java:62)
	sun.reflect.DelegatingMethodAccessorImpl.invoke(DelegatingMethodAccessorImpl.java:43)
	java.lang.reflect.Method.invoke(Method.java:497)
	org.gradle.internal.dispatch.ReflectionDispatch.dispatch(ReflectionDispatch.java:35)
	org.gradle.internal.dispatch.ReflectionDispatch.dispatch(ReflectionDispatch.java:24)
	org.gradle.internal.remote.internal.hub.MessageHubBackedObjectConnection$DispatchWrapper.dispatch(MessageHubBackedObjectConnection.java:175)
	org.gradle.internal.remote.internal.hub.MessageHubBackedObjectConnection$DispatchWrapper.dispatch(MessageHubBackedObjectConnection.java:157)
	org.gradle.internal.remote.internal.hub.MessageHub$Handler.run(MessageHub.java:404)
	org.gradle.internal.concurrent.ExecutorPolicy$CatchAndRecordFailures.onExecute(ExecutorPolicy.java:63)
	org.gradle.internal.concurrent.ManagedExecutorImpl$1.run(ManagedExecutorImpl.java:46)
	java.util.concurrent.ThreadPoolExecutor.runWorker(ThreadPoolExecutor.java:1142)
	java.util.concurrent.ThreadPoolExecutor$Worker.run(ThreadPoolExecutor.java:617)
	org.gradle.internal.concurrent.ThreadFactoryImpl$ManagedThreadRunnable.run(ThreadFactoryImpl.java:55)
	java.lang.Thread.run(Thread.java:745)
Created at:
	io.netty.buffer.PooledByteBufAllocator.newDirectBuffer(PooledByteBufAllocator.java:349)
	io.netty.buffer.AbstractByteBufAllocator.directBuffer(AbstractByteBufAllocator.java:187)
	io.netty.buffer.AbstractByteBufAllocator.directBuffer(AbstractByteBufAllocator.java:178)
	io.netty.buffer.AbstractByteBufAllocator.buffer(AbstractByteBufAllocator.java:115)
	org.springframework.core.io.buffer.NettyDataBufferFactory.allocateBuffer(NettyDataBufferFactory.java:71)
	org.springframework.core.io.buffer.NettyDataBufferFactory.allocateBuffer(NettyDataBufferFactory.java:39)
	org.springframework.core.codec.CharSequenceEncoder.encodeValue(CharSequenceEncoder.java:91)
	org.springframework.core.codec.CharSequenceEncoder.encodeValue(CharSequenceEncoder.java:47)
	org.springframework.messaging.rsocket.MetadataEncoder.encodeEntry(MetadataEncoder.java:229)
	org.springframework.messaging.rsocket.MetadataEncoder.encode(MetadataEncoder.java:197)
	org.springframework.messaging.rsocket.DefaultRSocketRequester$DefaultRequestSpec.firstPayload(DefaultRSocketRequester.java:232)
	org.springframework.messaging.rsocket.DefaultRSocketRequester$DefaultRequestSpec.lambda$emptyPayload$58(DefaultRSocketRequester.java:242)
	reactor.core.publisher.MonoCallable.subscribe(MonoCallable.java:56)
	reactor.core.publisher.Mono.subscribe(Mono.java:3920)
	reactor.core.publisher.FluxSwitchIfEmpty$SwitchIfEmptySubscriber.onComplete(FluxSwitchIfEmpty.java:75)
	reactor.core.publisher.FluxContextStart$ContextStartSubscriber.onComplete(FluxContextStart.java:122)
	reactor.core.publisher.FluxSwitchOnFirst$SwitchOnFirstConditionalInnerSubscriber.onComplete(FluxSwitchOnFirst.java:595)
	reactor.core.publisher.FluxMap$MapConditionalSubscriber.onComplete(FluxMap.java:262)
	reactor.core.publisher.Operators.complete(Operators.java:132)
	reactor.core.publisher.FluxSwitchOnFirst$SwitchOnFirstConditionalInner.subscribe(FluxSwitchOnFirst.java:375)
	reactor.core.publisher.Flux.subscribe(Flux.java:8000)
	reactor.core.publisher.FluxSwitchOnFirst$AbstractSwitchOnFirstInner.onComplete(FluxSwitchOnFirst.java:250)
	reactor.core.publisher.FluxMap$MapConditionalSubscriber.onComplete(FluxMap.java:262)
	reactor.core.publisher.Operators.complete(Operators.java:132)
	reactor.core.publisher.FluxEmpty.subscribe(FluxEmpty.java:41)
	reactor.core.publisher.InternalFluxOperator.subscribe(InternalFluxOperator.java:55)
	reactor.core.publisher.FluxSwitchOnFirst.subscribeOrReturn(FluxSwitchOnFirst.java:59)
	reactor.core.publisher.Mono.subscribe(Mono.java:3912)
	reactor.core.publisher.Mono.block(Mono.java:1537)
	org.springframework.messaging.rsocket.DefaultRSocketRequesterTests.testSendFlux(DefaultRSocketRequesterTests.java:119)
	org.springframework.messaging.rsocket.DefaultRSocketRequesterTests.sendFlux(DefaultRSocketRequesterTests.java:105)
	sun.reflect.NativeMethodAccessorImpl.invoke0(Native Method)
	sun.reflect.NativeMethodAccessorImpl.invoke(NativeMethodAccessorImpl.java:62)
	sun.reflect.DelegatingMethodAccessorImpl.invoke(DelegatingMethodAccessorImpl.java:43)
	java.lang.reflect.Method.invoke(Method.java:497)
	org.junit.runners.model.FrameworkMethod$1.runReflectiveCall(FrameworkMethod.java:59)
	org.junit.internal.runners.model.ReflectiveCallable.run(ReflectiveCallable.java:12)
	org.junit.runners.model.FrameworkMethod.invokeExplosively(FrameworkMethod.java:56)
	org.junit.internal.runners.statements.InvokeMethod.evaluate(InvokeMethod.java:17)
	org.junit.internal.runners.statements.RunBefores.evaluate(RunBefores.java:26)
	org.junit.runners.ParentRunner$3.evaluate(ParentRunner.java:305)
	org.junit.runners.BlockJUnit4ClassRunner$1.evaluate(BlockJUnit4ClassRunner.java:100)
	org.junit.runners.ParentRunner.runLeaf(ParentRunner.java:365)
	org.junit.runners.BlockJUnit4ClassRunner.runChild(BlockJUnit4ClassRunner.java:103)
	org.junit.runners.BlockJUnit4ClassRunner.runChild(BlockJUnit4ClassRunner.java:63)
	org.junit.runners.ParentRunner$4.run(ParentRunner.java:330)
	org.junit.runners.ParentRunner$1.schedule(ParentRunner.java:78)
	org.junit.runners.ParentRunner.runChildren(ParentRunner.java:328)
	org.junit.runners.ParentRunner.access$100(ParentRunner.java:65)
	org.junit.runners.ParentRunner$2.evaluate(ParentRunner.java:292)
	org.junit.runners.ParentRunner$3.evaluate(ParentRunner.java:305)
	org.junit.runners.ParentRunner.run(ParentRunner.java:412)
	org.junit.runner.JUnitCore.run(JUnitCore.java:137)
	org.junit.runner.JUnitCore.run(JUnitCore.java:115)
	org.junit.vintage.engine.execution.RunnerExecutor.execute(RunnerExecutor.java:40)
	java.util.stream.ForEachOps$ForEachOp$OfRef.accept(ForEachOps.java:184)
	java.util.stream.ReferencePipeline$3$1.accept(ReferencePipeline.java:193)
	java.util.Iterator.forEachRemaining(Iterator.java:116)
	java.util.Spliterators$IteratorSpliterator.forEachRemaining(Spliterators.java:1801)
	java.util.stream.AbstractPipeline.copyInto(AbstractPipeline.java:481)
	java.util.stream.AbstractPipeline.wrapAndCopyInto(AbstractPipeline.java:471)
	java.util.stream.ForEachOps$ForEachOp.evaluateSequential(ForEachOps.java:151)
	java.util.stream.ForEachOps$ForEachOp$OfRef.evaluateSequential(ForEachOps.java:174)
	java.util.stream.AbstractPipeline.evaluate(AbstractPipeline.java:234)
	java.util.stream.ReferencePipeline.forEach(ReferencePipeline.java:418)
	org.junit.vintage.engine.VintageTestEngine.executeAllChildren(VintageTestEngine.java:80)
	org.junit.vintage.engine.VintageTestEngine.execute(VintageTestEngine.java:71)
	org.junit.platform.launcher.core.DefaultLauncher.execute(DefaultLauncher.java:229)
	org.junit.platform.launcher.core.DefaultLauncher.lambda$execute$6(DefaultLauncher.java:197)
	org.junit.platform.launcher.core.DefaultLauncher.withInterceptedStreams(DefaultLauncher.java:211)
	org.junit.platform.launcher.core.DefaultLauncher.execute(DefaultLauncher.java:191)
	org.junit.platform.launcher.core.DefaultLauncher.execute(DefaultLauncher.java:128)
	org.gradle.api.internal.tasks.testing.junitplatform.JUnitPlatformTestClassProcessor$CollectAllTestClassesExecutor.processAllTestClasses(JUnitPlatformTestClassProcessor.java:102)
	org.gradle.api.internal.tasks.testing.junitplatform.JUnitPlatformTestClassProcessor$CollectAllTestClassesExecutor.access$000(JUnitPlatformTestClassProcessor.java:82)
	org.gradle.api.internal.tasks.testing.junitplatform.JUnitPlatformTestClassProcessor.stop(JUnitPlatformTestClassProcessor.java:78)
	org.gradle.api.internal.tasks.testing.SuiteTestClassProcessor.stop(SuiteTestClassProcessor.java:61)
	sun.reflect.NativeMethodAccessorImpl.invoke0(Native Method)
	sun.reflect.NativeMethodAccessorImpl.invoke(NativeMethodAccessorImpl.java:62)
	sun.reflect.DelegatingMethodAccessorImpl.invoke(DelegatingMethodAccessorImpl.java:43)
	java.lang.reflect.Method.invoke(Method.java:497)
	org.gradle.internal.dispatch.ReflectionDispatch.dispatch(ReflectionDispatch.java:35)
	org.gradle.internal.dispatch.ReflectionDispatch.dispatch(ReflectionDispatch.java:24)
	org.gradle.internal.dispatch.ContextClassLoaderDispatch.dispatch(ContextClassLoaderDispatch.java:32)
	org.gradle.internal.dispatch.ProxyDispatchAdapter$DispatchingInvocationHandler.invoke(ProxyDispatchAdapter.java:93)
	com.sun.proxy.$Proxy2.stop(Unknown Source)
	org.gradle.api.internal.tasks.testing.worker.TestWorker.stop(TestWorker.java:132)
	sun.reflect.NativeMethodAccessorImpl.invoke0(Native Method)
	sun.reflect.NativeMethodAccessorImpl.invoke(NativeMethodAccessorImpl.java:62)
	sun.reflect.DelegatingMethodAccessorImpl.invoke(DelegatingMethodAccessorImpl.java:43)
	java.lang.reflect.Method.invoke(Method.java:497)
	org.gradle.internal.dispatch.ReflectionDispatch.dispatch(ReflectionDispatch.java:35)
	org.gradle.internal.dispatch.ReflectionDispatch.dispatch(ReflectionDispatch.java:24)
	org.gradle.internal.remote.internal.hub.MessageHubBackedObjectConnection$DispatchWrapper.dispatch(MessageHubBackedObjectConnection.java:175)
	org.gradle.internal.remote.internal.hub.MessageHubBackedObjectConnection$DispatchWrapper.dispatch(MessageHubBackedObjectConnection.java:157)
	org.gradle.internal.remote.internal.hub.MessageHub$Handler.run(MessageHub.java:404)
	org.gradle.internal.concurrent.ExecutorPolicy$CatchAndRecordFailures.onExecute(ExecutorPolicy.java:63)
	org.gradle.internal.concurrent.ManagedExecutorImpl$1.run(ManagedExecutorImpl.java:46)
	java.util.concurrent.ThreadPoolExecutor.runWorker(ThreadPoolExecutor.java:1142)
	java.util.concurrent.ThreadPoolExecutor$Worker.run(ThreadPoolExecutor.java:617)
	org.gradle.internal.concurrent.ThreadFactoryImpl$ManagedThreadRunnable.run(ThreadFactoryImpl.java:55)
	java.lang.Thread.run(Thread.java:745)
01:35:01.001 [RxComputationThreadPool-1] ERROR i.n.u.ResourceLeakDetector - LEAK: ByteBuf.release() was not called before it's garbage-collected. See http://netty.io/wiki/reference-counted-objects.html for more information.
Recent access records: 
#1:
	io.netty.buffer.AdvancedLeakAwareByteBuf.toString(AdvancedLeakAwareByteBuf.java:742)
	io.rsocket.Payload.getMetadataUtf8(Payload.java:98)
	java.util.stream.ReferencePipeline$3$1.accept(ReferencePipeline.java:193)
	java.util.ArrayList$ArrayListSpliterator.forEachRemaining(ArrayList.java:1374)
	java.util.stream.AbstractPipeline.copyInto(AbstractPipeline.java:481)
	java.util.stream.AbstractPipeline.wrapAndCopyInto(AbstractPipeline.java:471)
	java.util.stream.AbstractPipeline.evaluate(AbstractPipeline.java:545)
	java.util.stream.AbstractPipeline.evaluateToArrayNode(AbstractPipeline.java:260)
	java.util.stream.ReferencePipeline.toArray(ReferencePipeline.java:438)
	org.springframework.messaging.rsocket.DefaultRSocketRequesterTests.testSendFlux(DefaultRSocketRequesterTests.java:128)
	org.springframework.messaging.rsocket.DefaultRSocketRequesterTests.sendFlux(DefaultRSocketRequesterTests.java:104)
	sun.reflect.NativeMethodAccessorImpl.invoke0(Native Method)
	sun.reflect.NativeMethodAccessorImpl.invoke(NativeMethodAccessorImpl.java:62)
	sun.reflect.DelegatingMethodAccessorImpl.invoke(DelegatingMethodAccessorImpl.java:43)
	java.lang.reflect.Method.invoke(Method.java:497)
	org.junit.runners.model.FrameworkMethod$1.runReflectiveCall(FrameworkMethod.java:59)
	org.junit.internal.runners.model.ReflectiveCallable.run(ReflectiveCallable.java:12)
	org.junit.runners.model.FrameworkMethod.invokeExplosively(FrameworkMethod.java:56)
	org.junit.internal.runners.statements.InvokeMethod.evaluate(InvokeMethod.java:17)
	org.junit.internal.runners.statements.RunBefores.evaluate(RunBefores.java:26)
	org.junit.runners.ParentRunner$3.evaluate(ParentRunner.java:305)
	org.junit.runners.BlockJUnit4ClassRunner$1.evaluate(BlockJUnit4ClassRunner.java:100)
	org.junit.runners.ParentRunner.runLeaf(ParentRunner.java:365)
	org.junit.runners.BlockJUnit4ClassRunner.runChild(BlockJUnit4ClassRunner.java:103)
	org.junit.runners.BlockJUnit4ClassRunner.runChild(BlockJUnit4ClassRunner.java:63)
	org.junit.runners.ParentRunner$4.run(ParentRunner.java:330)
	org.junit.runners.ParentRunner$1.schedule(ParentRunner.java:78)
	org.junit.runners.ParentRunner.runChildren(ParentRunner.java:328)
	org.junit.runners.ParentRunner.access$100(ParentRunner.java:65)
	org.junit.runners.ParentRunner$2.evaluate(ParentRunner.java:292)
	org.junit.runners.ParentRunner$3.evaluate(ParentRunner.java:305)
	org.junit.runners.ParentRunner.run(ParentRunner.java:412)
	org.junit.runner.JUnitCore.run(JUnitCore.java:137)
	org.junit.runner.JUnitCore.run(JUnitCore.java:115)
	org.junit.vintage.engine.execution.RunnerExecutor.execute(RunnerExecutor.java:40)
	java.util.stream.ForEachOps$ForEachOp$OfRef.accept(ForEachOps.java:184)
	java.util.stream.ReferencePipeline$3$1.accept(ReferencePipeline.java:193)
	java.util.Iterator.forEachRemaining(Iterator.java:116)
	java.util.Spliterators$IteratorSpliterator.forEachRemaining(Spliterators.java:1801)
	java.util.stream.AbstractPipeline.copyInto(AbstractPipeline.java:481)
	java.util.stream.AbstractPipeline.wrapAndCopyInto(AbstractPipeline.java:471)
	java.util.stream.ForEachOps$ForEachOp.evaluateSequential(ForEachOps.java:151)
	java.util.stream.ForEachOps$ForEachOp$OfRef.evaluateSequential(ForEachOps.java:174)
	java.util.stream.AbstractPipeline.evaluate(AbstractPipeline.java:234)
	java.util.stream.ReferencePipeline.forEach(ReferencePipeline.java:418)
	org.junit.vintage.engine.VintageTestEngine.executeAllChildren(VintageTestEngine.java:80)
	org.junit.vintage.engine.VintageTestEngine.execute(VintageTestEngine.java:71)
	org.junit.platform.launcher.core.DefaultLauncher.execute(DefaultLauncher.java:229)
	org.junit.platform.launcher.core.DefaultLauncher.lambda$execute$6(DefaultLauncher.java:197)
	org.junit.platform.launcher.core.DefaultLauncher.withInterceptedStreams(DefaultLauncher.java:211)
	org.junit.platform.launcher.core.DefaultLauncher.execute(DefaultLauncher.java:191)
	org.junit.platform.launcher.core.DefaultLauncher.execute(DefaultLauncher.java:128)
	org.gradle.api.internal.tasks.testing.junitplatform.JUnitPlatformTestClassProcessor$CollectAllTestClassesExecutor.processAllTestClasses(JUnitPlatformTestClassProcessor.java:102)
	org.gradle.api.internal.tasks.testing.junitplatform.JUnitPlatformTestClassProcessor$CollectAllTestClassesExecutor.access$000(JUnitPlatformTestClassProcessor.java:82)
	org.gradle.api.internal.tasks.testing.junitplatform.JUnitPlatformTestClassProcessor.stop(JUnitPlatformTestClassProcessor.java:78)
	org.gradle.api.internal.tasks.testing.SuiteTestClassProcessor.stop(SuiteTestClassProcessor.java:61)
	sun.reflect.NativeMethodAccessorImpl.invoke0(Native Method)
	sun.reflect.NativeMethodAccessorImpl.invoke(NativeMethodAccessorImpl.java:62)
	sun.reflect.DelegatingMethodAccessorImpl.invoke(DelegatingMethodAccessorImpl.java:43)
	java.lang.reflect.Method.invoke(Method.java:497)
	org.gradle.internal.dispatch.ReflectionDispatch.dispatch(ReflectionDispatch.java:35)
	org.gradle.internal.dispatch.ReflectionDispatch.dispatch(ReflectionDispatch.java:24)
	org.gradle.internal.dispatch.ContextClassLoaderDispatch.dispatch(ContextClassLoaderDispatch.java:32)
	org.gradle.internal.dispatch.ProxyDispatchAdapter$DispatchingInvocationHandler.invoke(ProxyDispatchAdapter.java:93)
	com.sun.proxy.$Proxy2.stop(Unknown Source)
	org.gradle.api.internal.tasks.testing.worker.TestWorker.stop(TestWorker.java:132)
	sun.reflect.NativeMethodAccessorImpl.invoke0(Native Method)
	sun.reflect.NativeMethodAccessorImpl.invoke(NativeMethodAccessorImpl.java:62)
	sun.reflect.DelegatingMethodAccessorImpl.invoke(DelegatingMethodAccessorImpl.java:43)
	java.lang.reflect.Method.invoke(Method.java:497)
	org.gradle.internal.dispatch.ReflectionDispatch.dispatch(ReflectionDispatch.java:35)
	org.gradle.internal.dispatch.ReflectionDispatch.dispatch(ReflectionDispatch.java:24)
	org.gradle.internal.remote.internal.hub.MessageHubBackedObjectConnection$DispatchWrapper.dispatch(MessageHubBackedObjectConnection.java:175)
	org.gradle.internal.remote.internal.hub.MessageHubBackedObjectConnection$DispatchWrapper.dispatch(MessageHubBackedObjectConnection.java:157)
	org.gradle.internal.remote.internal.hub.MessageHub$Handler.run(MessageHub.java:404)
	org.gradle.internal.concurrent.ExecutorPolicy$CatchAndRecordFailures.onExecute(ExecutorPolicy.java:63)
	org.gradle.internal.concurrent.ManagedExecutorImpl$1.run(ManagedExecutorImpl.java:46)
	java.util.concurrent.ThreadPoolExecutor.runWorker(ThreadPoolExecutor.java:1142)
	java.util.concurrent.ThreadPoolExecutor$Worker.run(ThreadPoolExecutor.java:617)
	org.gradle.internal.concurrent.ThreadFactoryImpl$ManagedThreadRunnable.run(ThreadFactoryImpl.java:55)
	java.lang.Thread.run(Thread.java:745)
#2:
	io.netty.buffer.AdvancedLeakAwareByteBuf.slice(AdvancedLeakAwareByteBuf.java:76)
	io.rsocket.util.ByteBufPayload.sliceMetadata(ByteBufPayload.java:134)
	io.rsocket.Payload.getMetadataUtf8(Payload.java:98)
	java.util.stream.ReferencePipeline$3$1.accept(ReferencePipeline.java:193)
	java.util.ArrayList$ArrayListSpliterator.forEachRemaining(ArrayList.java:1374)
	java.util.stream.AbstractPipeline.copyInto(AbstractPipeline.java:481)
	java.util.stream.AbstractPipeline.wrapAndCopyInto(AbstractPipeline.java:471)
	java.util.stream.AbstractPipeline.evaluate(AbstractPipeline.java:545)
	java.util.stream.AbstractPipeline.evaluateToArrayNode(AbstractPipeline.java:260)
	java.util.stream.ReferencePipeline.toArray(ReferencePipeline.java:438)
	org.springframework.messaging.rsocket.DefaultRSocketRequesterTests.testSendFlux(DefaultRSocketRequesterTests.java:128)
	org.springframework.messaging.rsocket.DefaultRSocketRequesterTests.sendFlux(DefaultRSocketRequesterTests.java:104)
	sun.reflect.NativeMethodAccessorImpl.invoke0(Native Method)
	sun.reflect.NativeMethodAccessorImpl.invoke(NativeMethodAccessorImpl.java:62)
	sun.reflect.DelegatingMethodAccessorImpl.invoke(DelegatingMethodAccessorImpl.java:43)
	java.lang.reflect.Method.invoke(Method.java:497)
	org.junit.runners.model.FrameworkMethod$1.runReflectiveCall(FrameworkMethod.java:59)
	org.junit.internal.runners.model.ReflectiveCallable.run(ReflectiveCallable.java:12)
	org.junit.runners.model.FrameworkMethod.invokeExplosively(FrameworkMethod.java:56)
	org.junit.internal.runners.statements.InvokeMethod.evaluate(InvokeMethod.java:17)
	org.junit.internal.runners.statements.RunBefores.evaluate(RunBefores.java:26)
	org.junit.runners.ParentRunner$3.evaluate(ParentRunner.java:305)
	org.junit.runners.BlockJUnit4ClassRunner$1.evaluate(BlockJUnit4ClassRunner.java:100)
	org.junit.runners.ParentRunner.runLeaf(ParentRunner.java:365)
	org.junit.runners.BlockJUnit4ClassRunner.runChild(BlockJUnit4ClassRunner.java:103)
	org.junit.runners.BlockJUnit4ClassRunner.runChild(BlockJUnit4ClassRunner.java:63)
	org.junit.runners.ParentRunner$4.run(ParentRunner.java:330)
	org.junit.runners.ParentRunner$1.schedule(ParentRunner.java:78)
	org.junit.runners.ParentRunner.runChildren(ParentRunner.java:328)
	org.junit.runners.ParentRunner.access$100(ParentRunner.java:65)
	org.junit.runners.ParentRunner$2.evaluate(ParentRunner.java:292)
	org.junit.runners.ParentRunner$3.evaluate(ParentRunner.java:305)
	org.junit.runners.ParentRunner.run(ParentRunner.java:412)
	org.junit.runner.JUnitCore.run(JUnitCore.java:137)
	org.junit.runner.JUnitCore.run(JUnitCore.java:115)
	org.junit.vintage.engine.execution.RunnerExecutor.execute(RunnerExecutor.java:40)
	java.util.stream.ForEachOps$ForEachOp$OfRef.accept(ForEachOps.java:184)
	java.util.stream.ReferencePipeline$3$1.accept(ReferencePipeline.java:193)
	java.util.Iterator.forEachRemaining(Iterator.java:116)
	java.util.Spliterators$IteratorSpliterator.forEachRemaining(Spliterators.java:1801)
	java.util.stream.AbstractPipeline.copyInto(AbstractPipeline.java:481)
	java.util.stream.AbstractPipeline.wrapAndCopyInto(AbstractPipeline.java:471)
	java.util.stream.ForEachOps$ForEachOp.evaluateSequential(ForEachOps.java:151)
	java.util.stream.ForEachOps$ForEachOp$OfRef.evaluateSequential(ForEachOps.java:174)
	java.util.stream.AbstractPipeline.evaluate(AbstractPipeline.java:234)
	java.util.stream.ReferencePipeline.forEach(ReferencePipeline.java:418)
	org.junit.vintage.engine.VintageTestEngine.executeAllChildren(VintageTestEngine.java:80)
	org.junit.vintage.engine.VintageTestEngine.execute(VintageTestEngine.java:71)
	org.junit.platform.launcher.core.DefaultLauncher.execute(DefaultLauncher.java:229)
	org.junit.platform.launcher.core.DefaultLauncher.lambda$execute$6(DefaultLauncher.java:197)
	org.junit.platform.launcher.core.DefaultLauncher.withInterceptedStreams(DefaultLauncher.java:211)
	org.junit.platform.launcher.core.DefaultLauncher.execute(DefaultLauncher.java:191)
	org.junit.platform.launcher.core.DefaultLauncher.execute(DefaultLauncher.java:128)
	org.gradle.api.internal.tasks.testing.junitplatform.JUnitPlatformTestClassProcessor$CollectAllTestClassesExecutor.processAllTestClasses(JUnitPlatformTestClassProcessor.java:102)
	org.gradle.api.internal.tasks.testing.junitplatform.JUnitPlatformTestClassProcessor$CollectAllTestClassesExecutor.access$000(JUnitPlatformTestClassProcessor.java:82)
	org.gradle.api.internal.tasks.testing.junitplatform.JUnitPlatformTestClassProcessor.stop(JUnitPlatformTestClassProcessor.java:78)
	org.gradle.api.internal.tasks.testing.SuiteTestClassProcessor.stop(SuiteTestClassProcessor.java:61)
	sun.reflect.NativeMethodAccessorImpl.invoke0(Native Method)
	sun.reflect.NativeMethodAccessorImpl.invoke(NativeMethodAccessorImpl.java:62)
	sun.reflect.DelegatingMethodAccessorImpl.invoke(DelegatingMethodAccessorImpl.java:43)
	java.lang.reflect.Method.invoke(Method.java:497)
	org.gradle.internal.dispatch.ReflectionDispatch.dispatch(ReflectionDispatch.java:35)
	org.gradle.internal.dispatch.ReflectionDispatch.dispatch(ReflectionDispatch.java:24)
	org.gradle.internal.dispatch.ContextClassLoaderDispatch.dispatch(ContextClassLoaderDispatch.java:32)
	org.gradle.internal.dispatch.ProxyDispatchAdapter$DispatchingInvocationHandler.invoke(ProxyDispatchAdapter.java:93)
	com.sun.proxy.$Proxy2.stop(Unknown Source)
	org.gradle.api.internal.tasks.testing.worker.TestWorker.stop(TestWorker.java:132)
	sun.reflect.NativeMethodAccessorImpl.invoke0(Native Method)
	sun.reflect.NativeMethodAccessorImpl.invoke(NativeMethodAccessorImpl.java:62)
	sun.reflect.DelegatingMethodAccessorImpl.invoke(DelegatingMethodAccessorImpl.java:43)
	java.lang.reflect.Method.invoke(Method.java:497)
	org.gradle.internal.dispatch.ReflectionDispatch.dispatch(ReflectionDispatch.java:35)
	org.gradle.internal.dispatch.ReflectionDispatch.dispatch(ReflectionDispatch.java:24)
	org.gradle.internal.remote.internal.hub.MessageHubBackedObjectConnection$DispatchWrapper.dispatch(MessageHubBackedObjectConnection.java:175)
	org.gradle.internal.remote.internal.hub.MessageHubBackedObjectConnection$DispatchWrapper.dispatch(MessageHubBackedObjectConnection.java:157)
	org.gradle.internal.remote.internal.hub.MessageHub$Handler.run(MessageHub.java:404)
	org.gradle.internal.concurrent.ExecutorPolicy$CatchAndRecordFailures.onExecute(ExecutorPolicy.java:63)
	org.gradle.internal.concurrent.ManagedExecutorImpl$1.run(ManagedExecutorImpl.java:46)
	java.util.concurrent.ThreadPoolExecutor.runWorker(ThreadPoolExecutor.java:1142)
	java.util.concurrent.ThreadPoolExecutor$Worker.run(ThreadPoolExecutor.java:617)
	org.gradle.internal.concurrent.ThreadFactoryImpl$ManagedThreadRunnable.run(ThreadFactoryImpl.java:55)
	java.lang.Thread.run(Thread.java:745)
Created at:
	io.netty.buffer.PooledByteBufAllocator.newDirectBuffer(PooledByteBufAllocator.java:349)
	io.netty.buffer.AbstractByteBufAllocator.directBuffer(AbstractByteBufAllocator.java:187)
	io.netty.buffer.AbstractByteBufAllocator.directBuffer(AbstractByteBufAllocator.java:178)
	io.netty.buffer.AbstractByteBufAllocator.buffer(AbstractByteBufAllocator.java:115)
	org.springframework.core.io.buffer.NettyDataBufferFactory.allocateBuffer(NettyDataBufferFactory.java:71)
	org.springframework.core.io.buffer.NettyDataBufferFactory.allocateBuffer(NettyDataBufferFactory.java:39)
	org.springframework.core.codec.CharSequenceEncoder.encodeValue(CharSequenceEncoder.java:91)
	org.springframework.core.codec.CharSequenceEncoder.encodeValue(CharSequenceEncoder.java:47)
	org.springframework.messaging.rsocket.MetadataEncoder.encodeEntry(MetadataEncoder.java:229)
	org.springframework.messaging.rsocket.MetadataEncoder.encode(MetadataEncoder.java:197)
	org.springframework.messaging.rsocket.DefaultRSocketRequester$DefaultRequestSpec.firstPayload(DefaultRSocketRequester.java:232)
	org.springframework.messaging.rsocket.DefaultRSocketRequester$DefaultRequestSpec.lambda$null$56(DefaultRSocketRequester.java:204)
	reactor.core.publisher.MonoCallable.subscribe(MonoCallable.java:56)
	reactor.core.publisher.Mono.subscribe(Mono.java:3920)
	reactor.core.publisher.FluxConcatArray$ConcatArraySubscriber.onComplete(FluxConcatArray.java:207)
	reactor.core.publisher.FluxConcatArray.subscribe(FluxConcatArray.java:80)
	reactor.core.publisher.Flux.subscribe(Flux.java:8000)
	reactor.core.publisher.FluxSwitchOnFirst$AbstractSwitchOnFirstInner.onNext(FluxSwitchOnFirst.java:180)
	reactor.core.publisher.FluxMap$MapConditionalSubscriber.onNext(FluxMap.java:213)
	reactor.core.publisher.FluxConcatMap$ConcatMapImmediate.innerNext(FluxConcatMap.java:274)
	reactor.core.publisher.FluxConcatMap$ConcatMapInner.onNext(FluxConcatMap.java:851)
	reactor.core.publisher.Operators$MonoSubscriber.complete(Operators.java:1582)
	reactor.core.publisher.MonoDelayUntil$DelayUntilCoordinator.signal(MonoDelayUntil.java:231)
	reactor.core.publisher.MonoDelayUntil$DelayUntilTrigger.onComplete(MonoDelayUntil.java:310)
	reactor.core.publisher.MonoDelay$MonoDelayRunnable.run(MonoDelay.java:118)
	reactor.core.scheduler.SchedulerTask.call(SchedulerTask.java:68)
	reactor.core.scheduler.SchedulerTask.call(SchedulerTask.java:28)
	java.util.concurrent.FutureTask.run(FutureTask.java:266)
	java.util.concurrent.ScheduledThreadPoolExecutor$ScheduledFutureTask.access$201(ScheduledThreadPoolExecutor.java:180)
	java.util.concurrent.ScheduledThreadPoolExecutor$ScheduledFutureTask.run(ScheduledThreadPoolExecutor.java:293)
	java.util.concurrent.ThreadPoolExecutor.runWorker(ThreadPoolExecutor.java:1142)
	java.util.concurrent.ThreadPoolExecutor$Worker.run(ThreadPoolExecutor.java:617)
	java.lang.Thread.run(Thread.java:745)
01:35:01.136 [RxComputationThreadPool-2] ERROR i.n.u.ResourceLeakDetector - LEAK: ByteBuf.release() was not called before it's garbage-collected. See http://netty.io/wiki/reference-counted-objects.html for more information.
Recent access records: 
#1:
	io.netty.buffer.AdvancedLeakAwareByteBuf.toString(AdvancedLeakAwareByteBuf.java:742)
	io.rsocket.Payload.getMetadataUtf8(Payload.java:98)
	java.util.stream.ReferencePipeline$3$1.accept(ReferencePipeline.java:193)
	java.util.ArrayList$ArrayListSpliterator.forEachRemaining(ArrayList.java:1374)
	java.util.stream.AbstractPipeline.copyInto(AbstractPipeline.java:481)
	java.util.stream.AbstractPipeline.wrapAndCopyInto(AbstractPipeline.java:471)
	java.util.stream.AbstractPipeline.evaluate(AbstractPipeline.java:545)
	java.util.stream.AbstractPipeline.evaluateToArrayNode(AbstractPipeline.java:260)
	java.util.stream.ReferencePipeline.toArray(ReferencePipeline.java:438)
	org.springframework.messaging.rsocket.DefaultRSocketRequesterTests.testSendFlux(DefaultRSocketRequesterTests.java:128)
	org.springframework.messaging.rsocket.DefaultRSocketRequesterTests.sendFlux(DefaultRSocketRequesterTests.java:106)
	sun.reflect.NativeMethodAccessorImpl.invoke0(Native Method)
	sun.reflect.NativeMethodAccessorImpl.invoke(NativeMethodAccessorImpl.java:62)
	sun.reflect.DelegatingMethodAccessorImpl.invoke(DelegatingMethodAccessorImpl.java:43)
	java.lang.reflect.Method.invoke(Method.java:497)
	org.junit.runners.model.FrameworkMethod$1.runReflectiveCall(FrameworkMethod.java:59)
	org.junit.internal.runners.model.ReflectiveCallable.run(ReflectiveCallable.java:12)
	org.junit.runners.model.FrameworkMethod.invokeExplosively(FrameworkMethod.java:56)
	org.junit.internal.runners.statements.InvokeMethod.evaluate(InvokeMethod.java:17)
	org.junit.internal.runners.statements.RunBefores.evaluate(RunBefores.java:26)
	org.junit.runners.ParentRunner$3.evaluate(ParentRunner.java:305)
	org.junit.runners.BlockJUnit4ClassRunner$1.evaluate(BlockJUnit4ClassRunner.java:100)
	org.junit.runners.ParentRunner.runLeaf(ParentRunner.java:365)
	org.junit.runners.BlockJUnit4ClassRunner.runChild(BlockJUnit4ClassRunner.java:103)
	org.junit.runners.BlockJUnit4ClassRunner.runChild(BlockJUnit4ClassRunner.java:63)
	org.junit.runners.ParentRunner$4.run(ParentRunner.java:330)
	org.junit.runners.ParentRunner$1.schedule(ParentRunner.java:78)
	org.junit.runners.ParentRunner.runChildren(ParentRunner.java:328)
	org.junit.runners.ParentRunner.access$100(ParentRunner.java:65)
	org.junit.runners.ParentRunner$2.evaluate(ParentRunner.java:292)
	org.junit.runners.ParentRunner$3.evaluate(ParentRunner.java:305)
	org.junit.runners.ParentRunner.run(ParentRunner.java:412)
	org.junit.runner.JUnitCore.run(JUnitCore.java:137)
	org.junit.runner.JUnitCore.run(JUnitCore.java:115)
	org.junit.vintage.engine.execution.RunnerExecutor.execute(RunnerExecutor.java:40)
	java.util.stream.ForEachOps$ForEachOp$OfRef.accept(ForEachOps.java:184)
	java.util.stream.ReferencePipeline$3$1.accept(ReferencePipeline.java:193)
	java.util.Iterator.forEachRemaining(Iterator.java:116)
	java.util.Spliterators$IteratorSpliterator.forEachRemaining(Spliterators.java:1801)
	java.util.stream.AbstractPipeline.copyInto(AbstractPipeline.java:481)
	java.util.stream.AbstractPipeline.wrapAndCopyInto(AbstractPipeline.java:471)
	java.util.stream.ForEachOps$ForEachOp.evaluateSequential(ForEachOps.java:151)
	java.util.stream.ForEachOps$ForEachOp$OfRef.evaluateSequential(ForEachOps.java:174)
	java.util.stream.AbstractPipeline.evaluate(AbstractPipeline.java:234)
	java.util.stream.ReferencePipeline.forEach(ReferencePipeline.java:418)
	org.junit.vintage.engine.VintageTestEngine.executeAllChildren(VintageTestEngine.java:80)
	org.junit.vintage.engine.VintageTestEngine.execute(VintageTestEngine.java:71)
	org.junit.platform.launcher.core.DefaultLauncher.execute(DefaultLauncher.java:229)
	org.junit.platform.launcher.core.DefaultLauncher.lambda$execute$6(DefaultLauncher.java:197)
	org.junit.platform.launcher.core.DefaultLauncher.withInterceptedStreams(DefaultLauncher.java:211)
	org.junit.platform.launcher.core.DefaultLauncher.execute(DefaultLauncher.java:191)
	org.junit.platform.launcher.core.DefaultLauncher.execute(DefaultLauncher.java:128)
	org.gradle.api.internal.tasks.testing.junitplatform.JUnitPlatformTestClassProcessor$CollectAllTestClassesExecutor.processAllTestClasses(JUnitPlatformTestClassProcessor.java:102)
	org.gradle.api.internal.tasks.testing.junitplatform.JUnitPlatformTestClassProcessor$CollectAllTestClassesExecutor.access$000(JUnitPlatformTestClassProcessor.java:82)
	org.gradle.api.internal.tasks.testing.junitplatform.JUnitPlatformTestClassProcessor.stop(JUnitPlatformTestClassProcessor.java:78)
	org.gradle.api.internal.tasks.testing.SuiteTestClassProcessor.stop(SuiteTestClassProcessor.java:61)
	sun.reflect.NativeMethodAccessorImpl.invoke0(Native Method)
	sun.reflect.NativeMethodAccessorImpl.invoke(NativeMethodAccessorImpl.java:62)
	sun.reflect.DelegatingMethodAccessorImpl.invoke(DelegatingMethodAccessorImpl.java:43)
	java.lang.reflect.Method.invoke(Method.java:497)
	org.gradle.internal.dispatch.ReflectionDispatch.dispatch(ReflectionDispatch.java:35)
	org.gradle.internal.dispatch.ReflectionDispatch.dispatch(ReflectionDispatch.java:24)
	org.gradle.internal.dispatch.ContextClassLoaderDispatch.dispatch(ContextClassLoaderDispatch.java:32)
	org.gradle.internal.dispatch.ProxyDispatchAdapter$DispatchingInvocationHandler.invoke(ProxyDispatchAdapter.java:93)
	com.sun.proxy.$Proxy2.stop(Unknown Source)
	org.gradle.api.internal.tasks.testing.worker.TestWorker.stop(TestWorker.java:132)
	sun.reflect.NativeMethodAccessorImpl.invoke0(Native Method)
	sun.reflect.NativeMethodAccessorImpl.invoke(NativeMethodAccessorImpl.java:62)
	sun.reflect.DelegatingMethodAccessorImpl.invoke(DelegatingMethodAccessorImpl.java:43)
	java.lang.reflect.Method.invoke(Method.java:497)
	org.gradle.internal.dispatch.ReflectionDispatch.dispatch(ReflectionDispatch.java:35)
	org.gradle.internal.dispatch.ReflectionDispatch.dispatch(ReflectionDispatch.java:24)
	org.gradle.internal.remote.internal.hub.MessageHubBackedObjectConnection$DispatchWrapper.dispatch(MessageHubBackedObjectConnection.java:175)
	org.gradle.internal.remote.internal.hub.MessageHubBackedObjectConnection$DispatchWrapper.dispatch(MessageHubBackedObjectConnection.java:157)
	org.gradle.internal.remote.internal.hub.MessageHub$Handler.run(MessageHub.java:404)
	org.gradle.internal.concurrent.ExecutorPolicy$CatchAndRecordFailures.onExecute(ExecutorPolicy.java:63)
	org.gradle.internal.concurrent.ManagedExecutorImpl$1.run(ManagedExecutorImpl.java:46)
	java.util.concurrent.ThreadPoolExecutor.runWorker(ThreadPoolExecutor.java:1142)
	java.util.concurrent.ThreadPoolExecutor$Worker.run(ThreadPoolExecutor.java:617)
	org.gradle.internal.concurrent.ThreadFactoryImpl$ManagedThreadRunnable.run(ThreadFactoryImpl.java:55)
	java.lang.Thread.run(Thread.java:745)
#2:
	io.netty.buffer.AdvancedLeakAwareByteBuf.slice(AdvancedLeakAwareByteBuf.java:76)
	io.rsocket.util.ByteBufPayload.sliceMetadata(ByteBufPayload.java:134)
	io.rsocket.Payload.getMetadataUtf8(Payload.java:98)
	java.util.stream.ReferencePipeline$3$1.accept(ReferencePipeline.java:193)
	java.util.ArrayList$ArrayListSpliterator.forEachRemaining(ArrayList.java:1374)
	java.util.stream.AbstractPipeline.copyInto(AbstractPipeline.java:481)
	java.util.stream.AbstractPipeline.wrapAndCopyInto(AbstractPipeline.java:471)
	java.util.stream.AbstractPipeline.evaluate(AbstractPipeline.java:545)
	java.util.stream.AbstractPipeline.evaluateToArrayNode(AbstractPipeline.java:260)
	java.util.stream.ReferencePipeline.toArray(ReferencePipeline.java:438)
	org.springframework.messaging.rsocket.DefaultRSocketRequesterTests.testSendFlux(DefaultRSocketRequesterTests.java:128)
	org.springframework.messaging.rsocket.DefaultRSocketRequesterTests.sendFlux(DefaultRSocketRequesterTests.java:106)
	sun.reflect.NativeMethodAccessorImpl.invoke0(Native Method)
	sun.reflect.NativeMethodAccessorImpl.invoke(NativeMethodAccessorImpl.java:62)
	sun.reflect.DelegatingMethodAccessorImpl.invoke(DelegatingMethodAccessorImpl.java:43)
	java.lang.reflect.Method.invoke(Method.java:497)
	org.junit.runners.model.FrameworkMethod$1.runReflectiveCall(FrameworkMethod.java:59)
	org.junit.internal.runners.model.ReflectiveCallable.run(ReflectiveCallable.java:12)
	org.junit.runners.model.FrameworkMethod.invokeExplosively(FrameworkMethod.java:56)
	org.junit.internal.runners.statements.InvokeMethod.evaluate(InvokeMethod.java:17)
	org.junit.internal.runners.statements.RunBefores.evaluate(RunBefores.java:26)
	org.junit.runners.ParentRunner$3.evaluate(ParentRunner.java:305)
	org.junit.runners.BlockJUnit4ClassRunner$1.evaluate(BlockJUnit4ClassRunner.java:100)
	org.junit.runners.ParentRunner.runLeaf(ParentRunner.java:365)
	org.junit.runners.BlockJUnit4ClassRunner.runChild(BlockJUnit4ClassRunner.java:103)
	org.junit.runners.BlockJUnit4ClassRunner.runChild(BlockJUnit4ClassRunner.java:63)
	org.junit.runners.ParentRunner$4.run(ParentRunner.java:330)
	org.junit.runners.ParentRunner$1.schedule(ParentRunner.java:78)
	org.junit.runners.ParentRunner.runChildren(ParentRunner.java:328)
	org.junit.runners.ParentRunner.access$100(ParentRunner.java:65)
	org.junit.runners.ParentRunner$2.evaluate(ParentRunner.java:292)
	org.junit.runners.ParentRunner$3.evaluate(ParentRunner.java:305)
	org.junit.runners.ParentRunner.run(ParentRunner.java:412)
	org.junit.runner.JUnitCore.run(JUnitCore.java:137)
	org.junit.runner.JUnitCore.run(JUnitCore.java:115)
	org.junit.vintage.engine.execution.RunnerExecutor.execute(RunnerExecutor.java:40)
	java.util.stream.ForEachOps$ForEachOp$OfRef.accept(ForEachOps.java:184)
	java.util.stream.ReferencePipeline$3$1.accept(ReferencePipeline.java:193)
	java.util.Iterator.forEachRemaining(Iterator.java:116)
	java.util.Spliterators$IteratorSpliterator.forEachRemaining(Spliterators.java:1801)
	java.util.stream.AbstractPipeline.copyInto(AbstractPipeline.java:481)
	java.util.stream.AbstractPipeline.wrapAndCopyInto(AbstractPipeline.java:471)
	java.util.stream.ForEachOps$ForEachOp.evaluateSequential(ForEachOps.java:151)
	java.util.stream.ForEachOps$ForEachOp$OfRef.evaluateSequential(ForEachOps.java:174)
	java.util.stream.AbstractPipeline.evaluate(AbstractPipeline.java:234)
	java.util.stream.ReferencePipeline.forEach(ReferencePipeline.java:418)
	org.junit.vintage.engine.VintageTestEngine.executeAllChildren(VintageTestEngine.java:80)
	org.junit.vintage.engine.VintageTestEngine.execute(VintageTestEngine.java:71)
	org.junit.platform.launcher.core.DefaultLauncher.execute(DefaultLauncher.java:229)
	org.junit.platform.launcher.core.DefaultLauncher.lambda$execute$6(DefaultLauncher.java:197)
	org.junit.platform.launcher.core.DefaultLauncher.withInterceptedStreams(DefaultLauncher.java:211)
	org.junit.platform.launcher.core.DefaultLauncher.execute(DefaultLauncher.java:191)
	org.junit.platform.launcher.core.DefaultLauncher.execute(DefaultLauncher.java:128)
	org.gradle.api.internal.tasks.testing.junitplatform.JUnitPlatformTestClassProcessor$CollectAllTestClassesExecutor.processAllTestClasses(JUnitPlatformTestClassProcessor.java:102)
	org.gradle.api.internal.tasks.testing.junitplatform.JUnitPlatformTestClassProcessor$CollectAllTestClassesExecutor.access$000(JUnitPlatformTestClassProcessor.java:82)
	org.gradle.api.internal.tasks.testing.junitplatform.JUnitPlatformTestClassProcessor.stop(JUnitPlatformTestClassProcessor.java:78)
	org.gradle.api.internal.tasks.testing.SuiteTestClassProcessor.stop(SuiteTestClassProcessor.java:61)
	sun.reflect.NativeMethodAccessorImpl.invoke0(Native Method)
	sun.reflect.NativeMethodAccessorImpl.invoke(NativeMethodAccessorImpl.java:62)
	sun.reflect.DelegatingMethodAccessorImpl.invoke(DelegatingMethodAccessorImpl.java:43)
	java.lang.reflect.Method.invoke(Method.java:497)
	org.gradle.internal.dispatch.ReflectionDispatch.dispatch(ReflectionDispatch.java:35)
	org.gradle.internal.dispatch.ReflectionDispatch.dispatch(ReflectionDispatch.java:24)
	org.gradle.internal.dispatch.ContextClassLoaderDispatch.dispatch(ContextClassLoaderDispatch.java:32)
	org.gradle.internal.dispatch.ProxyDispatchAdapter$DispatchingInvocationHandler.invoke(ProxyDispatchAdapter.java:93)
	com.sun.proxy.$Proxy2.stop(Unknown Source)
	org.gradle.api.internal.tasks.testing.worker.TestWorker.stop(TestWorker.java:132)
	sun.reflect.NativeMethodAccessorImpl.invoke0(Native Method)
	sun.reflect.NativeMethodAccessorImpl.invoke(NativeMethodAccessorImpl.java:62)
	sun.reflect.DelegatingMethodAccessorImpl.invoke(DelegatingMethodAccessorImpl.java:43)
	java.lang.reflect.Method.invoke(Method.java:497)
	org.gradle.internal.dispatch.ReflectionDispatch.dispatch(ReflectionDispatch.java:35)
	org.gradle.internal.dispatch.ReflectionDispatch.dispatch(ReflectionDispatch.java:24)
	org.gradle.internal.remote.internal.hub.MessageHubBackedObjectConnection$DispatchWrapper.dispatch(MessageHubBackedObjectConnection.java:175)
	org.gradle.internal.remote.internal.hub.MessageHubBackedObjectConnection$DispatchWrapper.dispatch(MessageHubBackedObjectConnection.java:157)
	org.gradle.internal.remote.internal.hub.MessageHub$Handler.run(MessageHub.java:404)
	org.gradle.internal.concurrent.ExecutorPolicy$CatchAndRecordFailures.onExecute(ExecutorPolicy.java:63)
	org.gradle.internal.concurrent.ManagedExecutorImpl$1.run(ManagedExecutorImpl.java:46)
	java.util.concurrent.ThreadPoolExecutor.runWorker(ThreadPoolExecutor.java:1142)
	java.util.concurrent.ThreadPoolExecutor$Worker.run(ThreadPoolExecutor.java:617)
	org.gradle.internal.concurrent.ThreadFactoryImpl$ManagedThreadRunnable.run(ThreadFactoryImpl.java:55)
	java.lang.Thread.run(Thread.java:745)
Created at:
	io.netty.buffer.PooledByteBufAllocator.newDirectBuffer(PooledByteBufAllocator.java:349)
	io.netty.buffer.AbstractByteBufAllocator.directBuffer(AbstractByteBufAllocator.java:187)
	io.netty.buffer.AbstractByteBufAllocator.directBuffer(AbstractByteBufAllocator.java:178)
	io.netty.buffer.AbstractByteBufAllocator.buffer(AbstractByteBufAllocator.java:115)
	org.springframework.core.io.buffer.NettyDataBufferFactory.allocateBuffer(NettyDataBufferFactory.java:71)
	org.springframework.core.io.buffer.NettyDataBufferFactory.allocateBuffer(NettyDataBufferFactory.java:39)
	org.springframework.core.codec.CharSequenceEncoder.encodeValue(CharSequenceEncoder.java:91)
	org.springframework.core.codec.CharSequenceEncoder.encodeValue(CharSequenceEncoder.java:47)
	org.springframework.messaging.rsocket.MetadataEncoder.encodeEntry(MetadataEncoder.java:229)
	org.springframework.messaging.rsocket.MetadataEncoder.encode(MetadataEncoder.java:197)
	org.springframework.messaging.rsocket.DefaultRSocketRequester$DefaultRequestSpec.firstPayload(DefaultRSocketRequester.java:232)
	org.springframework.messaging.rsocket.DefaultRSocketRequester$DefaultRequestSpec.lambda$null$56(DefaultRSocketRequester.java:204)
	reactor.core.publisher.MonoCallable.subscribe(MonoCallable.java:56)
	reactor.core.publisher.Mono.subscribe(Mono.java:3920)
	reactor.core.publisher.FluxConcatArray$ConcatArraySubscriber.onComplete(FluxConcatArray.java:207)
	reactor.core.publisher.FluxConcatArray.subscribe(FluxConcatArray.java:80)
	reactor.core.publisher.Flux.subscribe(Flux.java:8000)
	reactor.core.publisher.FluxSwitchOnFirst$AbstractSwitchOnFirstInner.onNext(FluxSwitchOnFirst.java:180)
	reactor.core.publisher.FluxMap$MapConditionalSubscriber.onNext(FluxMap.java:213)
	io.reactivex.internal.util.HalfSerializer.onNext(HalfSerializer.java:45)
	io.reactivex.internal.subscribers.StrictSubscriber.onNext(StrictSubscriber.java:97)
	io.reactivex.internal.operators.flowable.FlowableOnBackpressureBuffer$BackpressureBufferSubscriber.drain(FlowableOnBackpressureBuffer.java:187)
	io.reactivex.internal.operators.flowable.FlowableOnBackpressureBuffer$BackpressureBufferSubscriber.onNext(FlowableOnBackpressureBuffer.java:112)
	io.reactivex.internal.operators.flowable.FlowableFromObservable$SubscriberObserver.onNext(FlowableFromObservable.java:54)
	io.reactivex.observers.SerializedObserver.onNext(SerializedObserver.java:111)
	io.reactivex.internal.operators.observable.ObservableDelay$DelayObserver$OnNext.run(ObservableDelay.java:114)
	io.reactivex.internal.schedulers.ScheduledRunnable.run(ScheduledRunnable.java:66)
	io.reactivex.internal.schedulers.ScheduledRunnable.call(ScheduledRunnable.java:57)
	java.util.concurrent.FutureTask.run(FutureTask.java:266)
	java.util.concurrent.ScheduledThreadPoolExecutor$ScheduledFutureTask.access$201(ScheduledThreadPoolExecutor.java:180)
	java.util.concurrent.ScheduledThreadPoolExecutor$ScheduledFutureTask.run(ScheduledThreadPoolExecutor.java:293)
	java.util.concurrent.ThreadPoolExecutor.runWorker(ThreadPoolExecutor.java:1142)
	java.util.concurrent.ThreadPoolExecutor$Worker.run(ThreadPoolExecutor.java:617)
	java.lang.Thread.run(Thread.java:745)
01:35:01.137 [RxComputationThreadPool-2] ERROR i.n.u.ResourceLeakDetector - LEAK: ByteBuf.release() was not called before it's garbage-collected. See http://netty.io/wiki/reference-counted-objects.html for more information.
Recent access records: 
#1:
	io.netty.buffer.AdvancedLeakAwareByteBuf.toString(AdvancedLeakAwareByteBuf.java:742)
	io.rsocket.Payload.getDataUtf8(Payload.java:102)
	java.util.stream.ReferencePipeline$3$1.accept(ReferencePipeline.java:193)
	java.util.ArrayList$ArrayListSpliterator.forEachRemaining(ArrayList.java:1374)
	java.util.stream.AbstractPipeline.copyInto(AbstractPipeline.java:481)
	java.util.stream.AbstractPipeline.wrapAndCopyInto(AbstractPipeline.java:471)
	java.util.stream.AbstractPipeline.evaluate(AbstractPipeline.java:545)
	java.util.stream.AbstractPipeline.evaluateToArrayNode(AbstractPipeline.java:260)
	java.util.stream.ReferencePipeline.toArray(ReferencePipeline.java:438)
	org.springframework.messaging.rsocket.DefaultRSocketRequesterTests.testSendFlux(DefaultRSocketRequesterTests.java:130)
	org.springframework.messaging.rsocket.DefaultRSocketRequesterTests.sendFlux(DefaultRSocketRequesterTests.java:111)
	sun.reflect.NativeMethodAccessorImpl.invoke0(Native Method)
	sun.reflect.NativeMethodAccessorImpl.invoke(NativeMethodAccessorImpl.java:62)
	sun.reflect.DelegatingMethodAccessorImpl.invoke(DelegatingMethodAccessorImpl.java:43)
	java.lang.reflect.Method.invoke(Method.java:497)
	org.junit.runners.model.FrameworkMethod$1.runReflectiveCall(FrameworkMethod.java:59)
	org.junit.internal.runners.model.ReflectiveCallable.run(ReflectiveCallable.java:12)
	org.junit.runners.model.FrameworkMethod.invokeExplosively(FrameworkMethod.java:56)
	org.junit.internal.runners.statements.InvokeMethod.evaluate(InvokeMethod.java:17)
	org.junit.internal.runners.statements.RunBefores.evaluate(RunBefores.java:26)
	org.junit.runners.ParentRunner$3.evaluate(ParentRunner.java:305)
	org.junit.runners.BlockJUnit4ClassRunner$1.evaluate(BlockJUnit4ClassRunner.java:100)
	org.junit.runners.ParentRunner.runLeaf(ParentRunner.java:365)
	org.junit.runners.BlockJUnit4ClassRunner.runChild(BlockJUnit4ClassRunner.java:103)
	org.junit.runners.BlockJUnit4ClassRunner.runChild(BlockJUnit4ClassRunner.java:63)
	org.junit.runners.ParentRunner$4.run(ParentRunner.java:330)
	org.junit.runners.ParentRunner$1.schedule(ParentRunner.java:78)
	org.junit.runners.ParentRunner.runChildren(ParentRunner.java:328)
	org.junit.runners.ParentRunner.access$100(ParentRunner.java:65)
	org.junit.runners.ParentRunner$2.evaluate(ParentRunner.java:292)
	org.junit.runners.ParentRunner$3.evaluate(ParentRunner.java:305)
	org.junit.runners.ParentRunner.run(ParentRunner.java:412)
	org.junit.runner.JUnitCore.run(JUnitCore.java:137)
	org.junit.runner.JUnitCore.run(JUnitCore.java:115)
	org.junit.vintage.engine.execution.RunnerExecutor.execute(RunnerExecutor.java:40)
	java.util.stream.ForEachOps$ForEachOp$OfRef.accept(ForEachOps.java:184)
	java.util.stream.ReferencePipeline$3$1.accept(ReferencePipeline.java:193)
	java.util.Iterator.forEachRemaining(Iterator.java:116)
	java.util.Spliterators$IteratorSpliterator.forEachRemaining(Spliterators.java:1801)
	java.util.stream.AbstractPipeline.copyInto(AbstractPipeline.java:481)
	java.util.stream.AbstractPipeline.wrapAndCopyInto(AbstractPipeline.java:471)
	java.util.stream.ForEachOps$ForEachOp.evaluateSequential(ForEachOps.java:151)
	java.util.stream.ForEachOps$ForEachOp$OfRef.evaluateSequential(ForEachOps.java:174)
	java.util.stream.AbstractPipeline.evaluate(AbstractPipeline.java:234)
	java.util.stream.ReferencePipeline.forEach(ReferencePipeline.java:418)
	org.junit.vintage.engine.VintageTestEngine.executeAllChildren(VintageTestEngine.java:80)
	org.junit.vintage.engine.VintageTestEngine.execute(VintageTestEngine.java:71)
	org.junit.platform.launcher.core.DefaultLauncher.execute(DefaultLauncher.java:229)
	org.junit.platform.launcher.core.DefaultLauncher.lambda$execute$6(DefaultLauncher.java:197)
	org.junit.platform.launcher.core.DefaultLauncher.withInterceptedStreams(DefaultLauncher.java:211)
	org.junit.platform.launcher.core.DefaultLauncher.execute(DefaultLauncher.java:191)
	org.junit.platform.launcher.core.DefaultLauncher.execute(DefaultLauncher.java:128)
	org.gradle.api.internal.tasks.testing.junitplatform.JUnitPlatformTestClassProcessor$CollectAllTestClassesExecutor.processAllTestClasses(JUnitPlatformTestClassProcessor.java:102)
	org.gradle.api.internal.tasks.testing.junitplatform.JUnitPlatformTestClassProcessor$CollectAllTestClassesExecutor.access$000(JUnitPlatformTestClassProcessor.java:82)
	org.gradle.api.internal.tasks.testing.junitplatform.JUnitPlatformTestClassProcessor.stop(JUnitPlatformTestClassProcessor.java:78)
	org.gradle.api.internal.tasks.testing.SuiteTestClassProcessor.stop(SuiteTestClassProcessor.java:61)
	sun.reflect.NativeMethodAccessorImpl.invoke0(Native Method)
	sun.reflect.NativeMethodAccessorImpl.invoke(NativeMethodAccessorImpl.java:62)
	sun.reflect.DelegatingMethodAccessorImpl.invoke(DelegatingMethodAccessorImpl.java:43)
	java.lang.reflect.Method.invoke(Method.java:497)
	org.gradle.internal.dispatch.ReflectionDispatch.dispatch(ReflectionDispatch.java:35)
	org.gradle.internal.dispatch.ReflectionDispatch.dispatch(ReflectionDispatch.java:24)
	org.gradle.internal.dispatch.ContextClassLoaderDispatch.dispatch(ContextClassLoaderDispatch.java:32)
	org.gradle.internal.dispatch.ProxyDispatchAdapter$DispatchingInvocationHandler.invoke(ProxyDispatchAdapter.java:93)
	com.sun.proxy.$Proxy2.stop(Unknown Source)
	org.gradle.api.internal.tasks.testing.worker.TestWorker.stop(TestWorker.java:132)
	sun.reflect.NativeMethodAccessorImpl.invoke0(Native Method)
	sun.reflect.NativeMethodAccessorImpl.invoke(NativeMethodAccessorImpl.java:62)
	sun.reflect.DelegatingMethodAccessorImpl.invoke(DelegatingMethodAccessorImpl.java:43)
	java.lang.reflect.Method.invoke(Method.java:497)
	org.gradle.internal.dispatch.ReflectionDispatch.dispatch(ReflectionDispatch.java:35)
	org.gradle.internal.dispatch.ReflectionDispatch.dispatch(ReflectionDispatch.java:24)
	org.gradle.internal.remote.internal.hub.MessageHubBackedObjectConnection$DispatchWrapper.dispatch(MessageHubBackedObjectConnection.java:175)
	org.gradle.internal.remote.internal.hub.MessageHubBackedObjectConnection$DispatchWrapper.dispatch(MessageHubBackedObjectConnection.java:157)
	org.gradle.internal.remote.internal.hub.MessageHub$Handler.run(MessageHub.java:404)
	org.gradle.internal.concurrent.ExecutorPolicy$CatchAndRecordFailures.onExecute(ExecutorPolicy.java:63)
	org.gradle.internal.concurrent.ManagedExecutorImpl$1.run(ManagedExecutorImpl.java:46)
	java.util.concurrent.ThreadPoolExecutor.runWorker(ThreadPoolExecutor.java:1142)
	java.util.concurrent.ThreadPoolExecutor$Worker.run(ThreadPoolExecutor.java:617)
	org.gradle.internal.concurrent.ThreadFactoryImpl$ManagedThreadRunnable.run(ThreadFactoryImpl.java:55)
	java.lang.Thread.run(Thread.java:745)
#2:
	io.netty.buffer.AdvancedLeakAwareByteBuf.slice(AdvancedLeakAwareByteBuf.java:76)
	io.rsocket.util.ByteBufPayload.sliceData(ByteBufPayload.java:149)
	io.rsocket.Payload.getDataUtf8(Payload.java:102)
	java.util.stream.ReferencePipeline$3$1.accept(ReferencePipeline.java:193)
	java.util.ArrayList$ArrayListSpliterator.forEachRemaining(ArrayList.java:1374)
	java.util.stream.AbstractPipeline.copyInto(AbstractPipeline.java:481)
	java.util.stream.AbstractPipeline.wrapAndCopyInto(AbstractPipeline.java:471)
	java.util.stream.AbstractPipeline.evaluate(AbstractPipeline.java:545)
	java.util.stream.AbstractPipeline.evaluateToArrayNode(AbstractPipeline.java:260)
	java.util.stream.ReferencePipeline.toArray(ReferencePipeline.java:438)
	org.springframework.messaging.rsocket.DefaultRSocketRequesterTests.testSendFlux(DefaultRSocketRequesterTests.java:130)
	org.springframework.messaging.rsocket.DefaultRSocketRequesterTests.sendFlux(DefaultRSocketRequesterTests.java:111)
	sun.reflect.NativeMethodAccessorImpl.invoke0(Native Method)
	sun.reflect.NativeMethodAccessorImpl.invoke(NativeMethodAccessorImpl.java:62)
	sun.reflect.DelegatingMethodAccessorImpl.invoke(DelegatingMethodAccessorImpl.java:43)
	java.lang.reflect.Method.invoke(Method.java:497)
	org.junit.runners.model.FrameworkMethod$1.runReflectiveCall(FrameworkMethod.java:59)
	org.junit.internal.runners.model.ReflectiveCallable.run(ReflectiveCallable.java:12)
	org.junit.runners.model.FrameworkMethod.invokeExplosively(FrameworkMethod.java:56)
	org.junit.internal.runners.statements.InvokeMethod.evaluate(InvokeMethod.java:17)
	org.junit.internal.runners.statements.RunBefores.evaluate(RunBefores.java:26)
	org.junit.runners.ParentRunner$3.evaluate(ParentRunner.java:305)
	org.junit.runners.BlockJUnit4ClassRunner$1.evaluate(BlockJUnit4ClassRunner.java:100)
	org.junit.runners.ParentRunner.runLeaf(ParentRunner.java:365)
	org.junit.runners.BlockJUnit4ClassRunner.runChild(BlockJUnit4ClassRunner.java:103)
	org.junit.runners.BlockJUnit4ClassRunner.runChild(BlockJUnit4ClassRunner.java:63)
	org.junit.runners.ParentRunner$4.run(ParentRunner.java:330)
	org.junit.runners.ParentRunner$1.schedule(ParentRunner.java:78)
	org.junit.runners.ParentRunner.runChildren(ParentRunner.java:328)
	org.junit.runners.ParentRunner.access$100(ParentRunner.java:65)
	org.junit.runners.ParentRunner$2.evaluate(ParentRunner.java:292)
	org.junit.runners.ParentRunner$3.evaluate(ParentRunner.java:305)
	org.junit.runners.ParentRunner.run(ParentRunner.java:412)
	org.junit.runner.JUnitCore.run(JUnitCore.java:137)
	org.junit.runner.JUnitCore.run(JUnitCore.java:115)
	org.junit.vintage.engine.execution.RunnerExecutor.execute(RunnerExecutor.java:40)
	java.util.stream.ForEachOps$ForEachOp$OfRef.accept(ForEachOps.java:184)
	java.util.stream.ReferencePipeline$3$1.accept(ReferencePipeline.java:193)
	java.util.Iterator.forEachRemaining(Iterator.java:116)
	java.util.Spliterators$IteratorSpliterator.forEachRemaining(Spliterators.java:1801)
	java.util.stream.AbstractPipeline.copyInto(AbstractPipeline.java:481)
	java.util.stream.AbstractPipeline.wrapAndCopyInto(AbstractPipeline.java:471)
	java.util.stream.ForEachOps$ForEachOp.evaluateSequential(ForEachOps.java:151)
	java.util.stream.ForEachOps$ForEachOp$OfRef.evaluateSequential(ForEachOps.java:174)
	java.util.stream.AbstractPipeline.evaluate(AbstractPipeline.java:234)
	java.util.stream.ReferencePipeline.forEach(ReferencePipeline.java:418)
	org.junit.vintage.engine.VintageTestEngine.executeAllChildren(VintageTestEngine.java:80)
	org.junit.vintage.engine.VintageTestEngine.execute(VintageTestEngine.java:71)
	org.junit.platform.launcher.core.DefaultLauncher.execute(DefaultLauncher.java:229)
	org.junit.platform.launcher.core.DefaultLauncher.lambda$execute$6(DefaultLauncher.java:197)
	org.junit.platform.launcher.core.DefaultLauncher.withInterceptedStreams(DefaultLauncher.java:211)
	org.junit.platform.launcher.core.DefaultLauncher.execute(DefaultLauncher.java:191)
	org.junit.platform.launcher.core.DefaultLauncher.execute(DefaultLauncher.java:128)
	org.gradle.api.internal.tasks.testing.junitplatform.JUnitPlatformTestClassProcessor$CollectAllTestClassesExecutor.processAllTestClasses(JUnitPlatformTestClassProcessor.java:102)
	org.gradle.api.internal.tasks.testing.junitplatform.JUnitPlatformTestClassProcessor$CollectAllTestClassesExecutor.access$000(JUnitPlatformTestClassProcessor.java:82)
	org.gradle.api.internal.tasks.testing.junitplatform.JUnitPlatformTestClassProcessor.stop(JUnitPlatformTestClassProcessor.java:78)
	org.gradle.api.internal.tasks.testing.SuiteTestClassProcessor.stop(SuiteTestClassProcessor.java:61)
	sun.reflect.NativeMethodAccessorImpl.invoke0(Native Method)
	sun.reflect.NativeMethodAccessorImpl.invoke(NativeMethodAccessorImpl.java:62)
	sun.reflect.DelegatingMethodAccessorImpl.invoke(DelegatingMethodAccessorImpl.java:43)
	java.lang.reflect.Method.invoke(Method.java:497)
	org.gradle.internal.dispatch.ReflectionDispatch.dispatch(ReflectionDispatch.java:35)
	org.gradle.internal.dispatch.ReflectionDispatch.dispatch(ReflectionDispatch.java:24)
	org.gradle.internal.dispatch.ContextClassLoaderDispatch.dispatch(ContextClassLoaderDispatch.java:32)
	org.gradle.internal.dispatch.ProxyDispatchAdapter$DispatchingInvocationHandler.invoke(ProxyDispatchAdapter.java:93)
	com.sun.proxy.$Proxy2.stop(Unknown Source)
	org.gradle.api.internal.tasks.testing.worker.TestWorker.stop(TestWorker.java:132)
	sun.reflect.NativeMethodAccessorImpl.invoke0(Native Method)
	sun.reflect.NativeMethodAccessorImpl.invoke(NativeMethodAccessorImpl.java:62)
	sun.reflect.DelegatingMethodAccessorImpl.invoke(DelegatingMethodAccessorImpl.java:43)
	java.lang.reflect.Method.invoke(Method.java:497)
	org.gradle.internal.dispatch.ReflectionDispatch.dispatch(ReflectionDispatch.java:35)
	org.gradle.internal.dispatch.ReflectionDispatch.dispatch(ReflectionDispatch.java:24)
	org.gradle.internal.remote.internal.hub.MessageHubBackedObjectConnection$DispatchWrapper.dispatch(MessageHubBackedObjectConnection.java:175)
	org.gradle.internal.remote.internal.hub.MessageHubBackedObjectConnection$DispatchWrapper.dispatch(MessageHubBackedObjectConnection.java:157)
	org.gradle.internal.remote.internal.hub.MessageHub$Handler.run(MessageHub.java:404)
	org.gradle.internal.concurrent.ExecutorPolicy$CatchAndRecordFailures.onExecute(ExecutorPolicy.java:63)
	org.gradle.internal.concurrent.ManagedExecutorImpl$1.run(ManagedExecutorImpl.java:46)
	java.util.concurrent.ThreadPoolExecutor.runWorker(ThreadPoolExecutor.java:1142)
	java.util.concurrent.ThreadPoolExecutor$Worker.run(ThreadPoolExecutor.java:617)
	org.gradle.internal.concurrent.ThreadFactoryImpl$ManagedThreadRunnable.run(ThreadFactoryImpl.java:55)
	java.lang.Thread.run(Thread.java:745)
Created at:
	io.netty.buffer.PooledByteBufAllocator.newDirectBuffer(PooledByteBufAllocator.java:349)
	io.netty.buffer.AbstractByteBufAllocator.directBuffer(AbstractByteBufAllocator.java:187)
	io.netty.buffer.AbstractByteBufAllocator.directBuffer(AbstractByteBufAllocator.java:178)
	io.netty.buffer.AbstractByteBufAllocator.buffer(AbstractByteBufAllocator.java:115)
	org.springframework.core.io.buffer.NettyDataBufferFactory.allocateBuffer(NettyDataBufferFactory.java:71)
	org.springframework.core.io.buffer.NettyDataBufferFactory.allocateBuffer(NettyDataBufferFactory.java:39)
	org.springframework.core.codec.CharSequenceEncoder.encodeValue(CharSequenceEncoder.java:91)
	org.springframework.core.codec.CharSequenceEncoder.encodeValue(CharSequenceEncoder.java:47)
	org.springframework.messaging.rsocket.DefaultRSocketRequester$DefaultRequestSpec.encodeData(DefaultRSocketRequester.java:225)
	org.springframework.messaging.rsocket.DefaultRSocketRequester$DefaultRequestSpec.lambda$toResponseSpec$55(DefaultRSocketRequester.java:200)
	reactor.core.publisher.FluxMap$MapConditionalSubscriber.onNext(FluxMap.java:199)
	reactor.core.publisher.FluxMap$MapConditionalSubscriber.onNext(FluxMap.java:213)
	reactor.core.publisher.FluxConcatMap$ConcatMapImmediate.innerNext(FluxConcatMap.java:274)
	reactor.core.publisher.FluxConcatMap$ConcatMapInner.onNext(FluxConcatMap.java:851)
	reactor.core.publisher.Operators$MonoSubscriber.complete(Operators.java:1582)
	reactor.core.publisher.MonoDelayUntil$DelayUntilCoordinator.signal(MonoDelayUntil.java:231)
	reactor.core.publisher.MonoDelayUntil$DelayUntilTrigger.onComplete(MonoDelayUntil.java:310)
	reactor.core.publisher.MonoDelay$MonoDelayRunnable.run(MonoDelay.java:118)
	reactor.core.scheduler.SchedulerTask.call(SchedulerTask.java:68)
	reactor.core.scheduler.SchedulerTask.call(SchedulerTask.java:28)
	java.util.concurrent.FutureTask.run(FutureTask.java:266)
	java.util.concurrent.ScheduledThreadPoolExecutor$ScheduledFutureTask.access$201(ScheduledThreadPoolExecutor.java:180)
	java.util.concurrent.ScheduledThreadPoolExecutor$ScheduledFutureTask.run(ScheduledThreadPoolExecutor.java:293)
	java.util.concurrent.ThreadPoolExecutor.runWorker(ThreadPoolExecutor.java:1142)
	java.util.concurrent.ThreadPoolExecutor$Worker.run(ThreadPoolExecutor.java:617)
	java.lang.Thread.run(Thread.java:745)
01:35:01.138 [RxComputationThreadPool-2] ERROR i.n.u.ResourceLeakDetector - LEAK: ByteBuf.release() was not called before it's garbage-collected. See http://netty.io/wiki/reference-counted-objects.html for more information.
Recent access records: 
#1:
	io.netty.buffer.AdvancedLeakAwareByteBuf.toString(AdvancedLeakAwareByteBuf.java:742)
	io.rsocket.Payload.getDataUtf8(Payload.java:102)
	java.util.stream.ReferencePipeline$3$1.accept(ReferencePipeline.java:193)
	java.util.ArrayList$ArrayListSpliterator.forEachRemaining(ArrayList.java:1374)
	java.util.stream.AbstractPipeline.copyInto(AbstractPipeline.java:481)
	java.util.stream.AbstractPipeline.wrapAndCopyInto(AbstractPipeline.java:471)
	java.util.stream.AbstractPipeline.evaluate(AbstractPipeline.java:545)
	java.util.stream.AbstractPipeline.evaluateToArrayNode(AbstractPipeline.java:260)
	java.util.stream.ReferencePipeline.toArray(ReferencePipeline.java:438)
	org.springframework.messaging.rsocket.DefaultRSocketRequesterTests.testSendFlux(DefaultRSocketRequesterTests.java:130)
	org.springframework.messaging.rsocket.DefaultRSocketRequesterTests.sendFlux(DefaultRSocketRequesterTests.java:106)
	sun.reflect.NativeMethodAccessorImpl.invoke0(Native Method)
	sun.reflect.NativeMethodAccessorImpl.invoke(NativeMethodAccessorImpl.java:62)
	sun.reflect.DelegatingMethodAccessorImpl.invoke(DelegatingMethodAccessorImpl.java:43)
	java.lang.reflect.Method.invoke(Method.java:497)
	org.junit.runners.model.FrameworkMethod$1.runReflectiveCall(FrameworkMethod.java:59)
	org.junit.internal.runners.model.ReflectiveCallable.run(ReflectiveCallable.java:12)
	org.junit.runners.model.FrameworkMethod.invokeExplosively(FrameworkMethod.java:56)
	org.junit.internal.runners.statements.InvokeMethod.evaluate(InvokeMethod.java:17)
	org.junit.internal.runners.statements.RunBefores.evaluate(RunBefores.java:26)
	org.junit.runners.ParentRunner$3.evaluate(ParentRunner.java:305)
	org.junit.runners.BlockJUnit4ClassRunner$1.evaluate(BlockJUnit4ClassRunner.java:100)
	org.junit.runners.ParentRunner.runLeaf(ParentRunner.java:365)
	org.junit.runners.BlockJUnit4ClassRunner.runChild(BlockJUnit4ClassRunner.java:103)
	org.junit.runners.BlockJUnit4ClassRunner.runChild(BlockJUnit4ClassRunner.java:63)
	org.junit.runners.ParentRunner$4.run(ParentRunner.java:330)
	org.junit.runners.ParentRunner$1.schedule(ParentRunner.java:78)
	org.junit.runners.ParentRunner.runChildren(ParentRunner.java:328)
	org.junit.runners.ParentRunner.access$100(ParentRunner.java:65)
	org.junit.runners.ParentRunner$2.evaluate(ParentRunner.java:292)
	org.junit.runners.ParentRunner$3.evaluate(ParentRunner.java:305)
	org.junit.runners.ParentRunner.run(ParentRunner.java:412)
	org.junit.runner.JUnitCore.run(JUnitCore.java:137)
	org.junit.runner.JUnitCore.run(JUnitCore.java:115)
	org.junit.vintage.engine.execution.RunnerExecutor.execute(RunnerExecutor.java:40)
	java.util.stream.ForEachOps$ForEachOp$OfRef.accept(ForEachOps.java:184)
	java.util.stream.ReferencePipeline$3$1.accept(ReferencePipeline.java:193)
	java.util.Iterator.forEachRemaining(Iterator.java:116)
	java.util.Spliterators$IteratorSpliterator.forEachRemaining(Spliterators.java:1801)
	java.util.stream.AbstractPipeline.copyInto(AbstractPipeline.java:481)
	java.util.stream.AbstractPipeline.wrapAndCopyInto(AbstractPipeline.java:471)
	java.util.stream.ForEachOps$ForEachOp.evaluateSequential(ForEachOps.java:151)
	java.util.stream.ForEachOps$ForEachOp$OfRef.evaluateSequential(ForEachOps.java:174)
	java.util.stream.AbstractPipeline.evaluate(AbstractPipeline.java:234)
	java.util.stream.ReferencePipeline.forEach(ReferencePipeline.java:418)
	org.junit.vintage.engine.VintageTestEngine.executeAllChildren(VintageTestEngine.java:80)
	org.junit.vintage.engine.VintageTestEngine.execute(VintageTestEngine.java:71)
	org.junit.platform.launcher.core.DefaultLauncher.execute(DefaultLauncher.java:229)
	org.junit.platform.launcher.core.DefaultLauncher.lambda$execute$6(DefaultLauncher.java:197)
	org.junit.platform.launcher.core.DefaultLauncher.withInterceptedStreams(DefaultLauncher.java:211)
	org.junit.platform.launcher.core.DefaultLauncher.execute(DefaultLauncher.java:191)
	org.junit.platform.launcher.core.DefaultLauncher.execute(DefaultLauncher.java:128)
	org.gradle.api.internal.tasks.testing.junitplatform.JUnitPlatformTestClassProcessor$CollectAllTestClassesExecutor.processAllTestClasses(JUnitPlatformTestClassProcessor.java:102)
	org.gradle.api.internal.tasks.testing.junitplatform.JUnitPlatformTestClassProcessor$CollectAllTestClassesExecutor.access$000(JUnitPlatformTestClassProcessor.java:82)
	org.gradle.api.internal.tasks.testing.junitplatform.JUnitPlatformTestClassProcessor.stop(JUnitPlatformTestClassProcessor.java:78)
	org.gradle.api.internal.tasks.testing.SuiteTestClassProcessor.stop(SuiteTestClassProcessor.java:61)
	sun.reflect.NativeMethodAccessorImpl.invoke0(Native Method)
	sun.reflect.NativeMethodAccessorImpl.invoke(NativeMethodAccessorImpl.java:62)
	sun.reflect.DelegatingMethodAccessorImpl.invoke(DelegatingMethodAccessorImpl.java:43)
	java.lang.reflect.Method.invoke(Method.java:497)
	org.gradle.internal.dispatch.ReflectionDispatch.dispatch(ReflectionDispatch.java:35)
	org.gradle.internal.dispatch.ReflectionDispatch.dispatch(ReflectionDispatch.java:24)
	org.gradle.internal.dispatch.ContextClassLoaderDispatch.dispatch(ContextClassLoaderDispatch.java:32)
	org.gradle.internal.dispatch.ProxyDispatchAdapter$DispatchingInvocationHandler.invoke(ProxyDispatchAdapter.java:93)
	com.sun.proxy.$Proxy2.stop(Unknown Source)
	org.gradle.api.internal.tasks.testing.worker.TestWorker.stop(TestWorker.java:132)
	sun.reflect.NativeMethodAccessorImpl.invoke0(Native Method)
	sun.reflect.NativeMethodAccessorImpl.invoke(NativeMethodAccessorImpl.java:62)
	sun.reflect.DelegatingMethodAccessorImpl.invoke(DelegatingMethodAccessorImpl.java:43)
	java.lang.reflect.Method.invoke(Method.java:497)
	org.gradle.internal.dispatch.ReflectionDispatch.dispatch(ReflectionDispatch.java:35)
	org.gradle.internal.dispatch.ReflectionDispatch.dispatch(ReflectionDispatch.java:24)
	org.gradle.internal.remote.internal.hub.MessageHubBackedObjectConnection$DispatchWrapper.dispatch(MessageHubBackedObjectConnection.java:175)
	org.gradle.internal.remote.internal.hub.MessageHubBackedObjectConnection$DispatchWrapper.dispatch(MessageHubBackedObjectConnection.java:157)
	org.gradle.internal.remote.internal.hub.MessageHub$Handler.run(MessageHub.java:404)
	org.gradle.internal.concurrent.ExecutorPolicy$CatchAndRecordFailures.onExecute(ExecutorPolicy.java:63)
	org.gradle.internal.concurrent.ManagedExecutorImpl$1.run(ManagedExecutorImpl.java:46)
	java.util.concurrent.ThreadPoolExecutor.runWorker(ThreadPoolExecutor.java:1142)
	java.util.concurrent.ThreadPoolExecutor$Worker.run(ThreadPoolExecutor.java:617)
	org.gradle.internal.concurrent.ThreadFactoryImpl$ManagedThreadRunnable.run(ThreadFactoryImpl.java:55)
	java.lang.Thread.run(Thread.java:745)
#2:
	io.netty.buffer.AdvancedLeakAwareByteBuf.slice(AdvancedLeakAwareByteBuf.java:76)
	io.rsocket.util.ByteBufPayload.sliceData(ByteBufPayload.java:149)
	io.rsocket.Payload.getDataUtf8(Payload.java:102)
	java.util.stream.ReferencePipeline$3$1.accept(ReferencePipeline.java:193)
	java.util.ArrayList$ArrayListSpliterator.forEachRemaining(ArrayList.java:1374)
	java.util.stream.AbstractPipeline.copyInto(AbstractPipeline.java:481)
	java.util.stream.AbstractPipeline.wrapAndCopyInto(AbstractPipeline.java:471)
	java.util.stream.AbstractPipeline.evaluate(AbstractPipeline.java:545)
	java.util.stream.AbstractPipeline.evaluateToArrayNode(AbstractPipeline.java:260)
	java.util.stream.ReferencePipeline.toArray(ReferencePipeline.java:438)
	org.springframework.messaging.rsocket.DefaultRSocketRequesterTests.testSendFlux(DefaultRSocketRequesterTests.java:130)
	org.springframework.messaging.rsocket.DefaultRSocketRequesterTests.sendFlux(DefaultRSocketRequesterTests.java:106)
	sun.reflect.NativeMethodAccessorImpl.invoke0(Native Method)
	sun.reflect.NativeMethodAccessorImpl.invoke(NativeMethodAccessorImpl.java:62)
	sun.reflect.DelegatingMethodAccessorImpl.invoke(DelegatingMethodAccessorImpl.java:43)
	java.lang.reflect.Method.invoke(Method.java:497)
	org.junit.runners.model.FrameworkMethod$1.runReflectiveCall(FrameworkMethod.java:59)
	org.junit.internal.runners.model.ReflectiveCallable.run(ReflectiveCallable.java:12)
	org.junit.runners.model.FrameworkMethod.invokeExplosively(FrameworkMethod.java:56)
	org.junit.internal.runners.statements.InvokeMethod.evaluate(InvokeMethod.java:17)
	org.junit.internal.runners.statements.RunBefores.evaluate(RunBefores.java:26)
	org.junit.runners.ParentRunner$3.evaluate(ParentRunner.java:305)
	org.junit.runners.BlockJUnit4ClassRunner$1.evaluate(BlockJUnit4ClassRunner.java:100)
	org.junit.runners.ParentRunner.runLeaf(ParentRunner.java:365)
	org.junit.runners.BlockJUnit4ClassRunner.runChild(BlockJUnit4ClassRunner.java:103)
	org.junit.runners.BlockJUnit4ClassRunner.runChild(BlockJUnit4ClassRunner.java:63)
	org.junit.runners.ParentRunner$4.run(ParentRunner.java:330)
	org.junit.runners.ParentRunner$1.schedule(ParentRunner.java:78)
	org.junit.runners.ParentRunner.runChildren(ParentRunner.java:328)
	org.junit.runners.ParentRunner.access$100(ParentRunner.java:65)
	org.junit.runners.ParentRunner$2.evaluate(ParentRunner.java:292)
	org.junit.runners.ParentRunner$3.evaluate(ParentRunner.java:305)
	org.junit.runners.ParentRunner.run(ParentRunner.java:412)
	org.junit.runner.JUnitCore.run(JUnitCore.java:137)
	org.junit.runner.JUnitCore.run(JUnitCore.java:115)
	org.junit.vintage.engine.execution.RunnerExecutor.execute(RunnerExecutor.java:40)
	java.util.stream.ForEachOps$ForEachOp$OfRef.accept(ForEachOps.java:184)
	java.util.stream.ReferencePipeline$3$1.accept(ReferencePipeline.java:193)
	java.util.Iterator.forEachRemaining(Iterator.java:116)
	java.util.Spliterators$IteratorSpliterator.forEachRemaining(Spliterators.java:1801)
	java.util.stream.AbstractPipeline.copyInto(AbstractPipeline.java:481)
	java.util.stream.AbstractPipeline.wrapAndCopyInto(AbstractPipeline.java:471)
	java.util.stream.ForEachOps$ForEachOp.evaluateSequential(ForEachOps.java:151)
	java.util.stream.ForEachOps$ForEachOp$OfRef.evaluateSequential(ForEachOps.java:174)
	java.util.stream.AbstractPipeline.evaluate(AbstractPipeline.java:234)
	java.util.stream.ReferencePipeline.forEach(ReferencePipeline.java:418)
	org.junit.vintage.engine.VintageTestEngine.executeAllChildren(VintageTestEngine.java:80)
	org.junit.vintage.engine.VintageTestEngine.execute(VintageTestEngine.java:71)
	org.junit.platform.launcher.core.DefaultLauncher.execute(DefaultLauncher.java:229)
	org.junit.platform.launcher.core.DefaultLauncher.lambda$execute$6(DefaultLauncher.java:197)
	org.junit.platform.launcher.core.DefaultLauncher.withInterceptedStreams(DefaultLauncher.java:211)
	org.junit.platform.launcher.core.DefaultLauncher.execute(DefaultLauncher.java:191)
	org.junit.platform.launcher.core.DefaultLauncher.execute(DefaultLauncher.java:128)
	org.gradle.api.internal.tasks.testing.junitplatform.JUnitPlatformTestClassProcessor$CollectAllTestClassesExecutor.processAllTestClasses(JUnitPlatformTestClassProcessor.java:102)
	org.gradle.api.internal.tasks.testing.junitplatform.JUnitPlatformTestClassProcessor$CollectAllTestClassesExecutor.access$000(JUnitPlatformTestClassProcessor.java:82)
	org.gradle.api.internal.tasks.testing.junitplatform.JUnitPlatformTestClassProcessor.stop(JUnitPlatformTestClassProcessor.java:78)
	org.gradle.api.internal.tasks.testing.SuiteTestClassProcessor.stop(SuiteTestClassProcessor.java:61)
	sun.reflect.NativeMethodAccessorImpl.invoke0(Native Method)
	sun.reflect.NativeMethodAccessorImpl.invoke(NativeMethodAccessorImpl.java:62)
	sun.reflect.DelegatingMethodAccessorImpl.invoke(DelegatingMethodAccessorImpl.java:43)
	java.lang.reflect.Method.invoke(Method.java:497)
	org.gradle.internal.dispatch.ReflectionDispatch.dispatch(ReflectionDispatch.java:35)
	org.gradle.internal.dispatch.ReflectionDispatch.dispatch(ReflectionDispatch.java:24)
	org.gradle.internal.dispatch.ContextClassLoaderDispatch.dispatch(ContextClassLoaderDispatch.java:32)
	org.gradle.internal.dispatch.ProxyDispatchAdapter$DispatchingInvocationHandler.invoke(ProxyDispatchAdapter.java:93)
	com.sun.proxy.$Proxy2.stop(Unknown Source)
	org.gradle.api.internal.tasks.testing.worker.TestWorker.stop(TestWorker.java:132)
	sun.reflect.NativeMethodAccessorImpl.invoke0(Native Method)
	sun.reflect.NativeMethodAccessorImpl.invoke(NativeMethodAccessorImpl.java:62)
	sun.reflect.DelegatingMethodAccessorImpl.invoke(DelegatingMethodAccessorImpl.java:43)
	java.lang.reflect.Method.invoke(Method.java:497)
	org.gradle.internal.dispatch.ReflectionDispatch.dispatch(ReflectionDispatch.java:35)
	org.gradle.internal.dispatch.ReflectionDispatch.dispatch(ReflectionDispatch.java:24)
	org.gradle.internal.remote.internal.hub.MessageHubBackedObjectConnection$DispatchWrapper.dispatch(MessageHubBackedObjectConnection.java:175)
	org.gradle.internal.remote.internal.hub.MessageHubBackedObjectConnection$DispatchWrapper.dispatch(MessageHubBackedObjectConnection.java:157)
	org.gradle.internal.remote.internal.hub.MessageHub$Handler.run(MessageHub.java:404)
	org.gradle.internal.concurrent.ExecutorPolicy$CatchAndRecordFailures.onExecute(ExecutorPolicy.java:63)
	org.gradle.internal.concurrent.ManagedExecutorImpl$1.run(ManagedExecutorImpl.java:46)
	java.util.concurrent.ThreadPoolExecutor.runWorker(ThreadPoolExecutor.java:1142)
	java.util.concurrent.ThreadPoolExecutor$Worker.run(ThreadPoolExecutor.java:617)
	org.gradle.internal.concurrent.ThreadFactoryImpl$ManagedThreadRunnable.run(ThreadFactoryImpl.java:55)
	java.lang.Thread.run(Thread.java:745)
Created at:
	io.netty.buffer.PooledByteBufAllocator.newDirectBuffer(PooledByteBufAllocator.java:349)
	io.netty.buffer.AbstractByteBufAllocator.directBuffer(AbstractByteBufAllocator.java:187)
	io.netty.buffer.AbstractByteBufAllocator.directBuffer(AbstractByteBufAllocator.java:178)
	io.netty.buffer.AbstractByteBufAllocator.buffer(AbstractByteBufAllocator.java:115)
	org.springframework.core.io.buffer.NettyDataBufferFactory.allocateBuffer(NettyDataBufferFactory.java:71)
	org.springframework.core.io.buffer.NettyDataBufferFactory.allocateBuffer(NettyDataBufferFactory.java:39)
	org.springframework.core.codec.CharSequenceEncoder.encodeValue(CharSequenceEncoder.java:91)
	org.springframework.core.codec.CharSequenceEncoder.encodeValue(CharSequenceEncoder.java:47)
	org.springframework.messaging.rsocket.DefaultRSocketRequester$DefaultRequestSpec.encodeData(DefaultRSocketRequester.java:225)
	org.springframework.messaging.rsocket.DefaultRSocketRequester$DefaultRequestSpec.lambda$toResponseSpec$55(DefaultRSocketRequester.java:200)
	reactor.core.publisher.FluxMap$MapConditionalSubscriber.onNext(FluxMap.java:199)
	io.reactivex.internal.util.HalfSerializer.onNext(HalfSerializer.java:45)
	io.reactivex.internal.subscribers.StrictSubscriber.onNext(StrictSubscriber.java:97)
	io.reactivex.internal.operators.flowable.FlowableOnBackpressureBuffer$BackpressureBufferSubscriber.drain(FlowableOnBackpressureBuffer.java:187)
	io.reactivex.internal.operators.flowable.FlowableOnBackpressureBuffer$BackpressureBufferSubscriber.onNext(FlowableOnBackpressureBuffer.java:112)
	io.reactivex.internal.operators.flowable.FlowableFromObservable$SubscriberObserver.onNext(FlowableFromObservable.java:54)
	io.reactivex.observers.SerializedObserver.onNext(SerializedObserver.java:111)
	io.reactivex.internal.operators.observable.ObservableDelay$DelayObserver$OnNext.run(ObservableDelay.java:114)
	io.reactivex.internal.schedulers.ScheduledRunnable.run(ScheduledRunnable.java:66)
	io.reactivex.internal.schedulers.ScheduledRunnable.call(ScheduledRunnable.java:57)
	java.util.concurrent.FutureTask.run(FutureTask.java:266)
	java.util.concurrent.ScheduledThreadPoolExecutor$ScheduledFutureTask.access$201(ScheduledThreadPoolExecutor.java:180)
	java.util.concurrent.ScheduledThreadPoolExecutor$ScheduledFutureTask.run(ScheduledThreadPoolExecutor.java:293)
	java.util.concurrent.ThreadPoolExecutor.runWorker(ThreadPoolExecutor.java:1142)
	java.util.concurrent.ThreadPoolExecutor$Worker.run(ThreadPoolExecutor.java:617)
	java.lang.Thread.run(Thread.java:745)
01:35:01.138 [RxComputationThreadPool-2] ERROR i.n.u.ResourceLeakDetector - LEAK: ByteBuf.release() was not called before it's garbage-collected. See http://netty.io/wiki/reference-counted-objects.html for more information.
Recent access records: 
#1:
	io.netty.buffer.AdvancedLeakAwareByteBuf.toString(AdvancedLeakAwareByteBuf.java:742)
	io.rsocket.Payload.getDataUtf8(Payload.java:102)
	java.util.stream.ReferencePipeline$3$1.accept(ReferencePipeline.java:193)
	java.util.ArrayList$ArrayListSpliterator.forEachRemaining(ArrayList.java:1374)
	java.util.stream.AbstractPipeline.copyInto(AbstractPipeline.java:481)
	java.util.stream.AbstractPipeline.wrapAndCopyInto(AbstractPipeline.java:471)
	java.util.stream.AbstractPipeline.evaluate(AbstractPipeline.java:545)
	java.util.stream.AbstractPipeline.evaluateToArrayNode(AbstractPipeline.java:260)
	java.util.stream.ReferencePipeline.toArray(ReferencePipeline.java:438)
	org.springframework.messaging.rsocket.DefaultRSocketRequesterTests.testSendFlux(DefaultRSocketRequesterTests.java:130)
	org.springframework.messaging.rsocket.DefaultRSocketRequesterTests.sendFlux(DefaultRSocketRequesterTests.java:110)
	sun.reflect.NativeMethodAccessorImpl.invoke0(Native Method)
	sun.reflect.NativeMethodAccessorImpl.invoke(NativeMethodAccessorImpl.java:62)
	sun.reflect.DelegatingMethodAccessorImpl.invoke(DelegatingMethodAccessorImpl.java:43)
	java.lang.reflect.Method.invoke(Method.java:497)
	org.junit.runners.model.FrameworkMethod$1.runReflectiveCall(FrameworkMethod.java:59)
	org.junit.internal.runners.model.ReflectiveCallable.run(ReflectiveCallable.java:12)
	org.junit.runners.model.FrameworkMethod.invokeExplosively(FrameworkMethod.java:56)
	org.junit.internal.runners.statements.InvokeMethod.evaluate(InvokeMethod.java:17)
	org.junit.internal.runners.statements.RunBefores.evaluate(RunBefores.java:26)
	org.junit.runners.ParentRunner$3.evaluate(ParentRunner.java:305)
	org.junit.runners.BlockJUnit4ClassRunner$1.evaluate(BlockJUnit4ClassRunner.java:100)
	org.junit.runners.ParentRunner.runLeaf(ParentRunner.java:365)
	org.junit.runners.BlockJUnit4ClassRunner.runChild(BlockJUnit4ClassRunner.java:103)
	org.junit.runners.BlockJUnit4ClassRunner.runChild(BlockJUnit4ClassRunner.java:63)
	org.junit.runners.ParentRunner$4.run(ParentRunner.java:330)
	org.junit.runners.ParentRunner$1.schedule(ParentRunner.java:78)
	org.junit.runners.ParentRunner.runChildren(ParentRunner.java:328)
	org.junit.runners.ParentRunner.access$100(ParentRunner.java:65)
	org.junit.runners.ParentRunner$2.evaluate(ParentRunner.java:292)
	org.junit.runners.ParentRunner$3.evaluate(ParentRunner.java:305)
	org.junit.runners.ParentRunner.run(ParentRunner.java:412)
	org.junit.runner.JUnitCore.run(JUnitCore.java:137)
	org.junit.runner.JUnitCore.run(JUnitCore.java:115)
	org.junit.vintage.engine.execution.RunnerExecutor.execute(RunnerExecutor.java:40)
	java.util.stream.ForEachOps$ForEachOp$OfRef.accept(ForEachOps.java:184)
	java.util.stream.ReferencePipeline$3$1.accept(ReferencePipeline.java:193)
	java.util.Iterator.forEachRemaining(Iterator.java:116)
	java.util.Spliterators$IteratorSpliterator.forEachRemaining(Spliterators.java:1801)
	java.util.stream.AbstractPipeline.copyInto(AbstractPipeline.java:481)
	java.util.stream.AbstractPipeline.wrapAndCopyInto(AbstractPipeline.java:471)
	java.util.stream.ForEachOps$ForEachOp.evaluateSequential(ForEachOps.java:151)
	java.util.stream.ForEachOps$ForEachOp$OfRef.evaluateSequential(ForEachOps.java:174)
	java.util.stream.AbstractPipeline.evaluate(AbstractPipeline.java:234)
	java.util.stream.ReferencePipeline.forEach(ReferencePipeline.java:418)
	org.junit.vintage.engine.VintageTestEngine.executeAllChildren(VintageTestEngine.java:80)
	org.junit.vintage.engine.VintageTestEngine.execute(VintageTestEngine.java:71)
	org.junit.platform.launcher.core.DefaultLauncher.execute(DefaultLauncher.java:229)
	org.junit.platform.launcher.core.DefaultLauncher.lambda$execute$6(DefaultLauncher.java:197)
	org.junit.platform.launcher.core.DefaultLauncher.withInterceptedStreams(DefaultLauncher.java:211)
	org.junit.platform.launcher.core.DefaultLauncher.execute(DefaultLauncher.java:191)
	org.junit.platform.launcher.core.DefaultLauncher.execute(DefaultLauncher.java:128)
	org.gradle.api.internal.tasks.testing.junitplatform.JUnitPlatformTestClassProcessor$CollectAllTestClassesExecutor.processAllTestClasses(JUnitPlatformTestClassProcessor.java:102)
	org.gradle.api.internal.tasks.testing.junitplatform.JUnitPlatformTestClassProcessor$CollectAllTestClassesExecutor.access$000(JUnitPlatformTestClassProcessor.java:82)
	org.gradle.api.internal.tasks.testing.junitplatform.JUnitPlatformTestClassProcessor.stop(JUnitPlatformTestClassProcessor.java:78)
	org.gradle.api.internal.tasks.testing.SuiteTestClassProcessor.stop(SuiteTestClassProcessor.java:61)
	sun.reflect.NativeMethodAccessorImpl.invoke0(Native Method)
	sun.reflect.NativeMethodAccessorImpl.invoke(NativeMethodAccessorImpl.java:62)
	sun.reflect.DelegatingMethodAccessorImpl.invoke(DelegatingMethodAccessorImpl.java:43)
	java.lang.reflect.Method.invoke(Method.java:497)
	org.gradle.internal.dispatch.ReflectionDispatch.dispatch(ReflectionDispatch.java:35)
	org.gradle.internal.dispatch.ReflectionDispatch.dispatch(ReflectionDispatch.java:24)
	org.gradle.internal.dispatch.ContextClassLoaderDispatch.dispatch(ContextClassLoaderDispatch.java:32)
	org.gradle.internal.dispatch.ProxyDispatchAdapter$DispatchingInvocationHandler.invoke(ProxyDispatchAdapter.java:93)
	com.sun.proxy.$Proxy2.stop(Unknown Source)
	org.gradle.api.internal.tasks.testing.worker.TestWorker.stop(TestWorker.java:132)
	sun.reflect.NativeMethodAccessorImpl.invoke0(Native Method)
	sun.reflect.NativeMethodAccessorImpl.invoke(NativeMethodAccessorImpl.java:62)
	sun.reflect.DelegatingMethodAccessorImpl.invoke(DelegatingMethodAccessorImpl.java:43)
	java.lang.reflect.Method.invoke(Method.java:497)
	org.gradle.internal.dispatch.ReflectionDispatch.dispatch(ReflectionDispatch.java:35)
	org.gradle.internal.dispatch.ReflectionDispatch.dispatch(ReflectionDispatch.java:24)
	org.gradle.internal.remote.internal.hub.MessageHubBackedObjectConnection$DispatchWrapper.dispatch(MessageHubBackedObjectConnection.java:175)
	org.gradle.internal.remote.internal.hub.MessageHubBackedObjectConnection$DispatchWrapper.dispatch(MessageHubBackedObjectConnection.java:157)
	org.gradle.internal.remote.internal.hub.MessageHub$Handler.run(MessageHub.java:404)
	org.gradle.internal.concurrent.ExecutorPolicy$CatchAndRecordFailures.onExecute(ExecutorPolicy.java:63)
	org.gradle.internal.concurrent.ManagedExecutorImpl$1.run(ManagedExecutorImpl.java:46)
	java.util.concurrent.ThreadPoolExecutor.runWorker(ThreadPoolExecutor.java:1142)
	java.util.concurrent.ThreadPoolExecutor$Worker.run(ThreadPoolExecutor.java:617)
	org.gradle.internal.concurrent.ThreadFactoryImpl$ManagedThreadRunnable.run(ThreadFactoryImpl.java:55)
	java.lang.Thread.run(Thread.java:745)
#2:
	io.netty.buffer.AdvancedLeakAwareByteBuf.slice(AdvancedLeakAwareByteBuf.java:76)
	io.rsocket.util.ByteBufPayload.sliceData(ByteBufPayload.java:149)
	io.rsocket.Payload.getDataUtf8(Payload.java:102)
	java.util.stream.ReferencePipeline$3$1.accept(ReferencePipeline.java:193)
	java.util.ArrayList$ArrayListSpliterator.forEachRemaining(ArrayList.java:1374)
	java.util.stream.AbstractPipeline.copyInto(AbstractPipeline.java:481)
	java.util.stream.AbstractPipeline.wrapAndCopyInto(AbstractPipeline.java:471)
	java.util.stream.AbstractPipeline.evaluate(AbstractPipeline.java:545)
	java.util.stream.AbstractPipeline.evaluateToArrayNode(AbstractPipeline.java:260)
	java.util.stream.ReferencePipeline.toArray(ReferencePipeline.java:438)
	org.springframework.messaging.rsocket.DefaultRSocketRequesterTests.testSendFlux(DefaultRSocketRequesterTests.java:130)
	org.springframework.messaging.rsocket.DefaultRSocketRequesterTests.sendFlux(DefaultRSocketRequesterTests.java:110)
	sun.reflect.NativeMethodAccessorImpl.invoke0(Native Method)
	sun.reflect.NativeMethodAccessorImpl.invoke(NativeMethodAccessorImpl.java:62)
	sun.reflect.DelegatingMethodAccessorImpl.invoke(DelegatingMethodAccessorImpl.java:43)
	java.lang.reflect.Method.invoke(Method.java:497)
	org.junit.runners.model.FrameworkMethod$1.runReflectiveCall(FrameworkMethod.java:59)
	org.junit.internal.runners.model.ReflectiveCallable.run(ReflectiveCallable.java:12)
	org.junit.runners.model.FrameworkMethod.invokeExplosively(FrameworkMethod.java:56)
	org.junit.internal.runners.statements.InvokeMethod.evaluate(InvokeMethod.java:17)
	org.junit.internal.runners.statements.RunBefores.evaluate(RunBefores.java:26)
	org.junit.runners.ParentRunner$3.evaluate(ParentRunner.java:305)
	org.junit.runners.BlockJUnit4ClassRunner$1.evaluate(BlockJUnit4ClassRunner.java:100)
	org.junit.runners.ParentRunner.runLeaf(ParentRunner.java:365)
	org.junit.runners.BlockJUnit4ClassRunner.runChild(BlockJUnit4ClassRunner.java:103)
	org.junit.runners.BlockJUnit4ClassRunner.runChild(BlockJUnit4ClassRunner.java:63)
	org.junit.runners.ParentRunner$4.run(ParentRunner.java:330)
	org.junit.runners.ParentRunner$1.schedule(ParentRunner.java:78)
	org.junit.runners.ParentRunner.runChildren(ParentRunner.java:328)
	org.junit.runners.ParentRunner.access$100(ParentRunner.java:65)
	org.junit.runners.ParentRunner$2.evaluate(ParentRunner.java:292)
	org.junit.runners.ParentRunner$3.evaluate(ParentRunner.java:305)
	org.junit.runners.ParentRunner.run(ParentRunner.java:412)
	org.junit.runner.JUnitCore.run(JUnitCore.java:137)
	org.junit.runner.JUnitCore.run(JUnitCore.java:115)
	org.junit.vintage.engine.execution.RunnerExecutor.execute(RunnerExecutor.java:40)
	java.util.stream.ForEachOps$ForEachOp$OfRef.accept(ForEachOps.java:184)
	java.util.stream.ReferencePipeline$3$1.accept(ReferencePipeline.java:193)
	java.util.Iterator.forEachRemaining(Iterator.java:116)
	java.util.Spliterators$IteratorSpliterator.forEachRemaining(Spliterators.java:1801)
	java.util.stream.AbstractPipeline.copyInto(AbstractPipeline.java:481)
	java.util.stream.AbstractPipeline.wrapAndCopyInto(AbstractPipeline.java:471)
	java.util.stream.ForEachOps$ForEachOp.evaluateSequential(ForEachOps.java:151)
	java.util.stream.ForEachOps$ForEachOp$OfRef.evaluateSequential(ForEachOps.java:174)
	java.util.stream.AbstractPipeline.evaluate(AbstractPipeline.java:234)
	java.util.stream.ReferencePipeline.forEach(ReferencePipeline.java:418)
	org.junit.vintage.engine.VintageTestEngine.executeAllChildren(VintageTestEngine.java:80)
	org.junit.vintage.engine.VintageTestEngine.execute(VintageTestEngine.java:71)
	org.junit.platform.launcher.core.DefaultLauncher.execute(DefaultLauncher.java:229)
	org.junit.platform.launcher.core.DefaultLauncher.lambda$execute$6(DefaultLauncher.java:197)
	org.junit.platform.launcher.core.DefaultLauncher.withInterceptedStreams(DefaultLauncher.java:211)
	org.junit.platform.launcher.core.DefaultLauncher.execute(DefaultLauncher.java:191)
	org.junit.platform.launcher.core.DefaultLauncher.execute(DefaultLauncher.java:128)
	org.gradle.api.internal.tasks.testing.junitplatform.JUnitPlatformTestClassProcessor$CollectAllTestClassesExecutor.processAllTestClasses(JUnitPlatformTestClassProcessor.java:102)
	org.gradle.api.internal.tasks.testing.junitplatform.JUnitPlatformTestClassProcessor$CollectAllTestClassesExecutor.access$000(JUnitPlatformTestClassProcessor.java:82)
	org.gradle.api.internal.tasks.testing.junitplatform.JUnitPlatformTestClassProcessor.stop(JUnitPlatformTestClassProcessor.java:78)
	org.gradle.api.internal.tasks.testing.SuiteTestClassProcessor.stop(SuiteTestClassProcessor.java:61)
	sun.reflect.NativeMethodAccessorImpl.invoke0(Native Method)
	sun.reflect.NativeMethodAccessorImpl.invoke(NativeMethodAccessorImpl.java:62)
	sun.reflect.DelegatingMethodAccessorImpl.invoke(DelegatingMethodAccessorImpl.java:43)
	java.lang.reflect.Method.invoke(Method.java:497)
	org.gradle.internal.dispatch.ReflectionDispatch.dispatch(ReflectionDispatch.java:35)
	org.gradle.internal.dispatch.ReflectionDispatch.dispatch(ReflectionDispatch.java:24)
	org.gradle.internal.dispatch.ContextClassLoaderDispatch.dispatch(ContextClassLoaderDispatch.java:32)
	org.gradle.internal.dispatch.ProxyDispatchAdapter$DispatchingInvocationHandler.invoke(ProxyDispatchAdapter.java:93)
	com.sun.proxy.$Proxy2.stop(Unknown Source)
	org.gradle.api.internal.tasks.testing.worker.TestWorker.stop(TestWorker.java:132)
	sun.reflect.NativeMethodAccessorImpl.invoke0(Native Method)
	sun.reflect.NativeMethodAccessorImpl.invoke(NativeMethodAccessorImpl.java:62)
	sun.reflect.DelegatingMethodAccessorImpl.invoke(DelegatingMethodAccessorImpl.java:43)
	java.lang.reflect.Method.invoke(Method.java:497)
	org.gradle.internal.dispatch.ReflectionDispatch.dispatch(ReflectionDispatch.java:35)
	org.gradle.internal.dispatch.ReflectionDispatch.dispatch(ReflectionDispatch.java:24)
	org.gradle.internal.remote.internal.hub.MessageHubBackedObjectConnection$DispatchWrapper.dispatch(MessageHubBackedObjectConnection.java:175)
	org.gradle.internal.remote.internal.hub.MessageHubBackedObjectConnection$DispatchWrapper.dispatch(MessageHubBackedObjectConnection.java:157)
	org.gradle.internal.remote.internal.hub.MessageHub$Handler.run(MessageHub.java:404)
	org.gradle.internal.concurrent.ExecutorPolicy$CatchAndRecordFailures.onExecute(ExecutorPolicy.java:63)
	org.gradle.internal.concurrent.ManagedExecutorImpl$1.run(ManagedExecutorImpl.java:46)
	java.util.concurrent.ThreadPoolExecutor.runWorker(ThreadPoolExecutor.java:1142)
	java.util.concurrent.ThreadPoolExecutor$Worker.run(ThreadPoolExecutor.java:617)
	org.gradle.internal.concurrent.ThreadFactoryImpl$ManagedThreadRunnable.run(ThreadFactoryImpl.java:55)
	java.lang.Thread.run(Thread.java:745)
Created at:
	io.netty.buffer.PooledByteBufAllocator.newDirectBuffer(PooledByteBufAllocator.java:349)
	io.netty.buffer.AbstractByteBufAllocator.directBuffer(AbstractByteBufAllocator.java:187)
	io.netty.buffer.AbstractByteBufAllocator.directBuffer(AbstractByteBufAllocator.java:178)
	io.netty.buffer.AbstractByteBufAllocator.buffer(AbstractByteBufAllocator.java:115)
	org.springframework.core.io.buffer.NettyDataBufferFactory.allocateBuffer(NettyDataBufferFactory.java:71)
	org.springframework.core.io.buffer.NettyDataBufferFactory.allocateBuffer(NettyDataBufferFactory.java:39)
	org.springframework.core.codec.CharSequenceEncoder.encodeValue(CharSequenceEncoder.java:91)
	org.springframework.core.codec.CharSequenceEncoder.encodeValue(CharSequenceEncoder.java:47)
	org.springframework.messaging.rsocket.DefaultRSocketRequester$DefaultRequestSpec.encodeData(DefaultRSocketRequester.java:225)
	org.springframework.messaging.rsocket.DefaultRSocketRequester$DefaultRequestSpec.lambda$toResponseSpec$55(DefaultRSocketRequester.java:200)
	reactor.core.publisher.FluxMap$MapConditionalSubscriber.onNext(FluxMap.java:199)
	reactor.core.publisher.FluxConcatMap$ConcatMapImmediate.innerNext(FluxConcatMap.java:274)
	reactor.core.publisher.FluxConcatMap$ConcatMapInner.onNext(FluxConcatMap.java:851)
	reactor.core.publisher.Operators$MonoSubscriber.complete(Operators.java:1582)
	reactor.core.publisher.MonoDelayUntil$DelayUntilCoordinator.signal(MonoDelayUntil.java:231)
	reactor.core.publisher.MonoDelayUntil$DelayUntilTrigger.onComplete(MonoDelayUntil.java:310)
	reactor.core.publisher.MonoDelay$MonoDelayRunnable.run(MonoDelay.java:118)
	reactor.core.scheduler.SchedulerTask.call(SchedulerTask.java:68)
	reactor.core.scheduler.SchedulerTask.call(SchedulerTask.java:28)
	java.util.concurrent.FutureTask.run(FutureTask.java:266)
	java.util.concurrent.ScheduledThreadPoolExecutor$ScheduledFutureTask.access$201(ScheduledThreadPoolExecutor.java:180)
	java.util.concurrent.ScheduledThreadPoolExecutor$ScheduledFutureTask.run(ScheduledThreadPoolExecutor.java:293)
	java.util.concurrent.ThreadPoolExecutor.runWorker(ThreadPoolExecutor.java:1142)
	java.util.concurrent.ThreadPoolExecutor$Worker.run(ThreadPoolExecutor.java:617)
	java.lang.Thread.run(Thread.java:745)
01:35:01.164 [RxComputationThreadPool-2] ERROR i.n.u.ResourceLeakDetector - LEAK: ByteBuf.release() was not called before it's garbage-collected. See http://netty.io/wiki/reference-counted-objects.html for more information.
Recent access records: 
#1:
	io.netty.buffer.AdvancedLeakAwareByteBuf.toString(AdvancedLeakAwareByteBuf.java:742)
	io.rsocket.Payload.getMetadataUtf8(Payload.java:98)
	org.springframework.messaging.rsocket.DefaultRSocketRequesterTests.testSendFlux(DefaultRSocketRequesterTests.java:124)
	org.springframework.messaging.rsocket.DefaultRSocketRequesterTests.sendFlux(DefaultRSocketRequesterTests.java:107)
	sun.reflect.NativeMethodAccessorImpl.invoke0(Native Method)
	sun.reflect.NativeMethodAccessorImpl.invoke(NativeMethodAccessorImpl.java:62)
	sun.reflect.DelegatingMethodAccessorImpl.invoke(DelegatingMethodAccessorImpl.java:43)
	java.lang.reflect.Method.invoke(Method.java:497)
	org.junit.runners.model.FrameworkMethod$1.runReflectiveCall(FrameworkMethod.java:59)
	org.junit.internal.runners.model.ReflectiveCallable.run(ReflectiveCallable.java:12)
	org.junit.runners.model.FrameworkMethod.invokeExplosively(FrameworkMethod.java:56)
	org.junit.internal.runners.statements.InvokeMethod.evaluate(InvokeMethod.java:17)
	org.junit.internal.runners.statements.RunBefores.evaluate(RunBefores.java:26)
	org.junit.runners.ParentRunner$3.evaluate(ParentRunner.java:305)
	org.junit.runners.BlockJUnit4ClassRunner$1.evaluate(BlockJUnit4ClassRunner.java:100)
	org.junit.runners.ParentRunner.runLeaf(ParentRunner.java:365)
	org.junit.runners.BlockJUnit4ClassRunner.runChild(BlockJUnit4ClassRunner.java:103)
	org.junit.runners.BlockJUnit4ClassRunner.runChild(BlockJUnit4ClassRunner.java:63)
	org.junit.runners.ParentRunner$4.run(ParentRunner.java:330)
	org.junit.runners.ParentRunner$1.schedule(ParentRunner.java:78)
	org.junit.runners.ParentRunner.runChildren(ParentRunner.java:328)
	org.junit.runners.ParentRunner.access$100(ParentRunner.java:65)
	org.junit.runners.ParentRunner$2.evaluate(ParentRunner.java:292)
	org.junit.runners.ParentRunner$3.evaluate(ParentRunner.java:305)
	org.junit.runners.ParentRunner.run(ParentRunner.java:412)
	org.junit.runner.JUnitCore.run(JUnitCore.java:137)
	org.junit.runner.JUnitCore.run(JUnitCore.java:115)
	org.junit.vintage.engine.execution.RunnerExecutor.execute(RunnerExecutor.java:40)
	java.util.stream.ForEachOps$ForEachOp$OfRef.accept(ForEachOps.java:184)
	java.util.stream.ReferencePipeline$3$1.accept(ReferencePipeline.java:193)
	java.util.Iterator.forEachRemaining(Iterator.java:116)
	java.util.Spliterators$IteratorSpliterator.forEachRemaining(Spliterators.java:1801)
	java.util.stream.AbstractPipeline.copyInto(AbstractPipeline.java:481)
	java.util.stream.AbstractPipeline.wrapAndCopyInto(AbstractPipeline.java:471)
	java.util.stream.ForEachOps$ForEachOp.evaluateSequential(ForEachOps.java:151)
	java.util.stream.ForEachOps$ForEachOp$OfRef.evaluateSequential(ForEachOps.java:174)
	java.util.stream.AbstractPipeline.evaluate(AbstractPipeline.java:234)
	java.util.stream.ReferencePipeline.forEach(ReferencePipeline.java:418)
	org.junit.vintage.engine.VintageTestEngine.executeAllChildren(VintageTestEngine.java:80)
	org.junit.vintage.engine.VintageTestEngine.execute(VintageTestEngine.java:71)
	org.junit.platform.launcher.core.DefaultLauncher.execute(DefaultLauncher.java:229)
	org.junit.platform.launcher.core.DefaultLauncher.lambda$execute$6(DefaultLauncher.java:197)
	org.junit.platform.launcher.core.DefaultLauncher.withInterceptedStreams(DefaultLauncher.java:211)
	org.junit.platform.launcher.core.DefaultLauncher.execute(DefaultLauncher.java:191)
	org.junit.platform.launcher.core.DefaultLauncher.execute(DefaultLauncher.java:128)
	org.gradle.api.internal.tasks.testing.junitplatform.JUnitPlatformTestClassProcessor$CollectAllTestClassesExecutor.processAllTestClasses(JUnitPlatformTestClassProcessor.java:102)
	org.gradle.api.internal.tasks.testing.junitplatform.JUnitPlatformTestClassProcessor$CollectAllTestClassesExecutor.access$000(JUnitPlatformTestClassProcessor.java:82)
	org.gradle.api.internal.tasks.testing.junitplatform.JUnitPlatformTestClassProcessor.stop(JUnitPlatformTestClassProcessor.java:78)
	org.gradle.api.internal.tasks.testing.SuiteTestClassProcessor.stop(SuiteTestClassProcessor.java:61)
	sun.reflect.NativeMethodAccessorImpl.invoke0(Native Method)
	sun.reflect.NativeMethodAccessorImpl.invoke(NativeMethodAccessorImpl.java:62)
	sun.reflect.DelegatingMethodAccessorImpl.invoke(DelegatingMethodAccessorImpl.java:43)
	java.lang.reflect.Method.invoke(Method.java:497)
	org.gradle.internal.dispatch.ReflectionDispatch.dispatch(ReflectionDispatch.java:35)
	org.gradle.internal.dispatch.ReflectionDispatch.dispatch(ReflectionDispatch.java:24)
	org.gradle.internal.dispatch.ContextClassLoaderDispatch.dispatch(ContextClassLoaderDispatch.java:32)
	org.gradle.internal.dispatch.ProxyDispatchAdapter$DispatchingInvocationHandler.invoke(ProxyDispatchAdapter.java:93)
	com.sun.proxy.$Proxy2.stop(Unknown Source)
	org.gradle.api.internal.tasks.testing.worker.TestWorker.stop(TestWorker.java:132)
	sun.reflect.NativeMethodAccessorImpl.invoke0(Native Method)
	sun.reflect.NativeMethodAccessorImpl.invoke(NativeMethodAccessorImpl.java:62)
	sun.reflect.DelegatingMethodAccessorImpl.invoke(DelegatingMethodAccessorImpl.java:43)
	java.lang.reflect.Method.invoke(Method.java:497)
	org.gradle.internal.dispatch.ReflectionDispatch.dispatch(ReflectionDispatch.java:35)
	org.gradle.internal.dispatch.ReflectionDispatch.dispatch(ReflectionDispatch.java:24)
	org.gradle.internal.remote.internal.hub.MessageHubBackedObjectConnection$DispatchWrapper.dispatch(MessageHubBackedObjectConnection.java:175)
	org.gradle.internal.remote.internal.hub.MessageHubBackedObjectConnection$DispatchWrapper.dispatch(MessageHubBackedObjectConnection.java:157)
	org.gradle.internal.remote.internal.hub.MessageHub$Handler.run(MessageHub.java:404)
	org.gradle.internal.concurrent.ExecutorPolicy$CatchAndRecordFailures.onExecute(ExecutorPolicy.java:63)
	org.gradle.internal.concurrent.ManagedExecutorImpl$1.run(ManagedExecutorImpl.java:46)
	java.util.concurrent.ThreadPoolExecutor.runWorker(ThreadPoolExecutor.java:1142)
	java.util.concurrent.ThreadPoolExecutor$Worker.run(ThreadPoolExecutor.java:617)
	org.gradle.internal.concurrent.ThreadFactoryImpl$ManagedThreadRunnable.run(ThreadFactoryImpl.java:55)
	java.lang.Thread.run(Thread.java:745)
#2:
	io.netty.buffer.AdvancedLeakAwareByteBuf.slice(AdvancedLeakAwareByteBuf.java:76)
	io.rsocket.util.ByteBufPayload.sliceMetadata(ByteBufPayload.java:134)
	io.rsocket.Payload.getMetadataUtf8(Payload.java:98)
	org.springframework.messaging.rsocket.DefaultRSocketRequesterTests.testSendFlux(DefaultRSocketRequesterTests.java:124)
	org.springframework.messaging.rsocket.DefaultRSocketRequesterTests.sendFlux(DefaultRSocketRequesterTests.java:107)
	sun.reflect.NativeMethodAccessorImpl.invoke0(Native Method)
	sun.reflect.NativeMethodAccessorImpl.invoke(NativeMethodAccessorImpl.java:62)
	sun.reflect.DelegatingMethodAccessorImpl.invoke(DelegatingMethodAccessorImpl.java:43)
	java.lang.reflect.Method.invoke(Method.java:497)
	org.junit.runners.model.FrameworkMethod$1.runReflectiveCall(FrameworkMethod.java:59)
	org.junit.internal.runners.model.ReflectiveCallable.run(ReflectiveCallable.java:12)
	org.junit.runners.model.FrameworkMethod.invokeExplosively(FrameworkMethod.java:56)
	org.junit.internal.runners.statements.InvokeMethod.evaluate(InvokeMethod.java:17)
	org.junit.internal.runners.statements.RunBefores.evaluate(RunBefores.java:26)
	org.junit.runners.ParentRunner$3.evaluate(ParentRunner.java:305)
	org.junit.runners.BlockJUnit4ClassRunner$1.evaluate(BlockJUnit4ClassRunner.java:100)
	org.junit.runners.ParentRunner.runLeaf(ParentRunner.java:365)
	org.junit.runners.BlockJUnit4ClassRunner.runChild(BlockJUnit4ClassRunner.java:103)
	org.junit.runners.BlockJUnit4ClassRunner.runChild(BlockJUnit4ClassRunner.java:63)
	org.junit.runners.ParentRunner$4.run(ParentRunner.java:330)
	org.junit.runners.ParentRunner$1.schedule(ParentRunner.java:78)
	org.junit.runners.ParentRunner.runChildren(ParentRunner.java:328)
	org.junit.runners.ParentRunner.access$100(ParentRunner.java:65)
	org.junit.runners.ParentRunner$2.evaluate(ParentRunner.java:292)
	org.junit.runners.ParentRunner$3.evaluate(ParentRunner.java:305)
	org.junit.runners.ParentRunner.run(ParentRunner.java:412)
	org.junit.runner.JUnitCore.run(JUnitCore.java:137)
	org.junit.runner.JUnitCore.run(JUnitCore.java:115)
	org.junit.vintage.engine.execution.RunnerExecutor.execute(RunnerExecutor.java:40)
	java.util.stream.ForEachOps$ForEachOp$OfRef.accept(ForEachOps.java:184)
	java.util.stream.ReferencePipeline$3$1.accept(ReferencePipeline.java:193)
	java.util.Iterator.forEachRemaining(Iterator.java:116)
	java.util.Spliterators$IteratorSpliterator.forEachRemaining(Spliterators.java:1801)
	java.util.stream.AbstractPipeline.copyInto(AbstractPipeline.java:481)
	java.util.stream.AbstractPipeline.wrapAndCopyInto(AbstractPipeline.java:471)
	java.util.stream.ForEachOps$ForEachOp.evaluateSequential(ForEachOps.java:151)
	java.util.stream.ForEachOps$ForEachOp$OfRef.evaluateSequential(ForEachOps.java:174)
	java.util.stream.AbstractPipeline.evaluate(AbstractPipeline.java:234)
	java.util.stream.ReferencePipeline.forEach(ReferencePipeline.java:418)
	org.junit.vintage.engine.VintageTestEngine.executeAllChildren(VintageTestEngine.java:80)
	org.junit.vintage.engine.VintageTestEngine.execute(VintageTestEngine.java:71)
	org.junit.platform.launcher.core.DefaultLauncher.execute(DefaultLauncher.java:229)
	org.junit.platform.launcher.core.DefaultLauncher.lambda$execute$6(DefaultLauncher.java:197)
	org.junit.platform.launcher.core.DefaultLauncher.withInterceptedStreams(DefaultLauncher.java:211)
	org.junit.platform.launcher.core.DefaultLauncher.execute(DefaultLauncher.java:191)
	org.junit.platform.launcher.core.DefaultLauncher.execute(DefaultLauncher.java:128)
	org.gradle.api.internal.tasks.testing.junitplatform.JUnitPlatformTestClassProcessor$CollectAllTestClassesExecutor.processAllTestClasses(JUnitPlatformTestClassProcessor.java:102)
	org.gradle.api.internal.tasks.testing.junitplatform.JUnitPlatformTestClassProcessor$CollectAllTestClassesExecutor.access$000(JUnitPlatformTestClassProcessor.java:82)
	org.gradle.api.internal.tasks.testing.junitplatform.JUnitPlatformTestClassProcessor.stop(JUnitPlatformTestClassProcessor.java:78)
	org.gradle.api.internal.tasks.testing.SuiteTestClassProcessor.stop(SuiteTestClassProcessor.java:61)
	sun.reflect.NativeMethodAccessorImpl.invoke0(Native Method)
	sun.reflect.NativeMethodAccessorImpl.invoke(NativeMethodAccessorImpl.java:62)
	sun.reflect.DelegatingMethodAccessorImpl.invoke(DelegatingMethodAccessorImpl.java:43)
	java.lang.reflect.Method.invoke(Method.java:497)
	org.gradle.internal.dispatch.ReflectionDispatch.dispatch(ReflectionDispatch.java:35)
	org.gradle.internal.dispatch.ReflectionDispatch.dispatch(ReflectionDispatch.java:24)
	org.gradle.internal.dispatch.ContextClassLoaderDispatch.dispatch(ContextClassLoaderDispatch.java:32)
	org.gradle.internal.dispatch.ProxyDispatchAdapter$DispatchingInvocationHandler.invoke(ProxyDispatchAdapter.java:93)
	com.sun.proxy.$Proxy2.stop(Unknown Source)
	org.gradle.api.internal.tasks.testing.worker.TestWorker.stop(TestWorker.java:132)
	sun.reflect.NativeMethodAccessorImpl.invoke0(Native Method)
	sun.reflect.NativeMethodAccessorImpl.invoke(NativeMethodAccessorImpl.java:62)
	sun.reflect.DelegatingMethodAccessorImpl.invoke(DelegatingMethodAccessorImpl.java:43)
	java.lang.reflect.Method.invoke(Method.java:497)
	org.gradle.internal.dispatch.ReflectionDispatch.dispatch(ReflectionDispatch.java:35)
	org.gradle.internal.dispatch.ReflectionDispatch.dispatch(ReflectionDispatch.java:24)
	org.gradle.internal.remote.internal.hub.MessageHubBackedObjectConnection$DispatchWrapper.dispatch(MessageHubBackedObjectConnection.java:175)
	org.gradle.internal.remote.internal.hub.MessageHubBackedObjectConnection$DispatchWrapper.dispatch(MessageHubBackedObjectConnection.java:157)
	org.gradle.internal.remote.internal.hub.MessageHub$Handler.run(MessageHub.java:404)
	org.gradle.internal.concurrent.ExecutorPolicy$CatchAndRecordFailures.onExecute(ExecutorPolicy.java:63)
	org.gradle.internal.concurrent.ManagedExecutorImpl$1.run(ManagedExecutorImpl.java:46)
	java.util.concurrent.ThreadPoolExecutor.runWorker(ThreadPoolExecutor.java:1142)
	java.util.concurrent.ThreadPoolExecutor$Worker.run(ThreadPoolExecutor.java:617)
	org.gradle.internal.concurrent.ThreadFactoryImpl$ManagedThreadRunnable.run(ThreadFactoryImpl.java:55)
	java.lang.Thread.run(Thread.java:745)
Created at:
	io.netty.buffer.PooledByteBufAllocator.newDirectBuffer(PooledByteBufAllocator.java:349)
	io.netty.buffer.AbstractByteBufAllocator.directBuffer(AbstractByteBufAllocator.java:187)
	io.netty.buffer.AbstractByteBufAllocator.directBuffer(AbstractByteBufAllocator.java:178)
	io.netty.buffer.AbstractByteBufAllocator.buffer(AbstractByteBufAllocator.java:115)
	org.springframework.core.io.buffer.NettyDataBufferFactory.allocateBuffer(NettyDataBufferFactory.java:71)
	org.springframework.core.io.buffer.NettyDataBufferFactory.allocateBuffer(NettyDataBufferFactory.java:39)
	org.springframework.core.codec.CharSequenceEncoder.encodeValue(CharSequenceEncoder.java:91)
	org.springframework.core.codec.CharSequenceEncoder.encodeValue(CharSequenceEncoder.java:47)
	org.springframework.messaging.rsocket.MetadataEncoder.encodeEntry(MetadataEncoder.java:229)
	org.springframework.messaging.rsocket.MetadataEncoder.encode(MetadataEncoder.java:197)
	org.springframework.messaging.rsocket.DefaultRSocketRequester$DefaultRequestSpec.firstPayload(DefaultRSocketRequester.java:232)
	org.springframework.messaging.rsocket.DefaultRSocketRequester$DefaultRequestSpec.lambda$emptyPayload$58(DefaultRSocketRequester.java:242)
	reactor.core.publisher.MonoCallable.subscribe(MonoCallable.java:56)
	reactor.core.publisher.Mono.subscribe(Mono.java:3920)
	reactor.core.publisher.FluxSwitchIfEmpty$SwitchIfEmptySubscriber.onComplete(FluxSwitchIfEmpty.java:75)
	reactor.core.publisher.FluxContextStart$ContextStartSubscriber.onComplete(FluxContextStart.java:122)
	reactor.core.publisher.FluxSwitchOnFirst$SwitchOnFirstConditionalInnerSubscriber.onComplete(FluxSwitchOnFirst.java:595)
	reactor.core.publisher.FluxMap$MapConditionalSubscriber.onComplete(FluxMap.java:262)
	reactor.core.publisher.Operators.complete(Operators.java:132)
	reactor.core.publisher.FluxSwitchOnFirst$SwitchOnFirstConditionalInner.subscribe(FluxSwitchOnFirst.java:375)
	reactor.core.publisher.Flux.subscribe(Flux.java:8000)
	reactor.core.publisher.FluxSwitchOnFirst$AbstractSwitchOnFirstInner.onComplete(FluxSwitchOnFirst.java:250)
	reactor.core.publisher.FluxMap$MapConditionalSubscriber.onComplete(FluxMap.java:262)
	io.reactivex.internal.util.HalfSerializer.onComplete(HalfSerializer.java:90)
	io.reactivex.internal.subscribers.StrictSubscriber.onComplete(StrictSubscriber.java:109)
	io.reactivex.internal.operators.flowable.FlowableOnBackpressureBuffer$BackpressureBufferSubscriber.checkTerminated(FlowableOnBackpressureBuffer.java:239)
	io.reactivex.internal.operators.flowable.FlowableOnBackpressureBuffer$BackpressureBufferSubscriber.drain(FlowableOnBackpressureBuffer.java:166)
	io.reactivex.internal.operators.flowable.FlowableOnBackpressureBuffer$BackpressureBufferSubscriber.onComplete(FlowableOnBackpressureBuffer.java:133)
	io.reactivex.internal.operators.flowable.FlowableFromObservable$SubscriberObserver.onComplete(FlowableFromObservable.java:44)
	io.reactivex.internal.disposables.EmptyDisposable.complete(EmptyDisposable.java:53)
	io.reactivex.internal.operators.observable.ObservableEmpty.subscribeActual(ObservableEmpty.java:28)
	io.reactivex.Observable.subscribe(Observable.java:12267)
	io.reactivex.internal.operators.flowable.FlowableFromObservable.subscribeActual(FlowableFromObservable.java:29)
	io.reactivex.Flowable.subscribe(Flowable.java:14918)
	io.reactivex.internal.operators.flowable.FlowableOnBackpressureBuffer.subscribeActual(FlowableOnBackpressureBuffer.java:46)
	io.reactivex.Flowable.subscribe(Flowable.java:14918)
	io.reactivex.Flowable.subscribe(Flowable.java:14868)
	reactor.core.publisher.InternalFluxOperator.subscribe(InternalFluxOperator.java:58)
	reactor.core.publisher.FluxSwitchOnFirst.subscribeOrReturn(FluxSwitchOnFirst.java:59)
	reactor.core.publisher.Mono.subscribe(Mono.java:3912)
	reactor.core.publisher.Mono.block(Mono.java:1537)
	org.springframework.messaging.rsocket.DefaultRSocketRequesterTests.testSendFlux(DefaultRSocketRequesterTests.java:119)
	org.springframework.messaging.rsocket.DefaultRSocketRequesterTests.sendFlux(DefaultRSocketRequesterTests.java:107)
	sun.reflect.NativeMethodAccessorImpl.invoke0(Native Method)
	sun.reflect.NativeMethodAccessorImpl.invoke(NativeMethodAccessorImpl.java:62)
	sun.reflect.DelegatingMethodAccessorImpl.invoke(DelegatingMethodAccessorImpl.java:43)
	java.lang.reflect.Method.invoke(Method.java:497)
	org.junit.runners.model.FrameworkMethod$1.runReflectiveCall(FrameworkMethod.java:59)
	org.junit.internal.runners.model.ReflectiveCallable.run(ReflectiveCallable.java:12)
	org.junit.runners.model.FrameworkMethod.invokeExplosively(FrameworkMethod.java:56)
	org.junit.internal.runners.statements.InvokeMethod.evaluate(InvokeMethod.java:17)
	org.junit.internal.runners.statements.RunBefores.evaluate(RunBefores.java:26)
	org.junit.runners.ParentRunner$3.evaluate(ParentRunner.java:305)
	org.junit.runners.BlockJUnit4ClassRunner$1.evaluate(BlockJUnit4ClassRunner.java:100)
	org.junit.runners.ParentRunner.runLeaf(ParentRunner.java:365)
	org.junit.runners.BlockJUnit4ClassRunner.runChild(BlockJUnit4ClassRunner.java:103)
	org.junit.runners.BlockJUnit4ClassRunner.runChild(BlockJUnit4ClassRunner.java:63)
	org.junit.runners.ParentRunner$4.run(ParentRunner.java:330)
	org.junit.runners.ParentRunner$1.schedule(ParentRunner.java:78)
	org.junit.runners.ParentRunner.runChildren(ParentRunner.java:328)
	org.junit.runners.ParentRunner.access$100(ParentRunner.java:65)
	org.junit.runners.ParentRunner$2.evaluate(ParentRunner.java:292)
	org.junit.runners.ParentRunner$3.evaluate(ParentRunner.java:305)
	org.junit.runners.ParentRunner.run(ParentRunner.java:412)
	org.junit.runner.JUnitCore.run(JUnitCore.java:137)
	org.junit.runner.JUnitCore.run(JUnitCore.java:115)
	org.junit.vintage.engine.execution.RunnerExecutor.execute(RunnerExecutor.java:40)
	java.util.stream.ForEachOps$ForEachOp$OfRef.accept(ForEachOps.java:184)
	java.util.stream.ReferencePipeline$3$1.accept(ReferencePipeline.java:193)
	java.util.Iterator.forEachRemaining(Iterator.java:116)
	java.util.Spliterators$IteratorSpliterator.forEachRemaining(Spliterators.java:1801)
	java.util.stream.AbstractPipeline.copyInto(AbstractPipeline.java:481)
	java.util.stream.AbstractPipeline.wrapAndCopyInto(AbstractPipeline.java:471)
	java.util.stream.ForEachOps$ForEachOp.evaluateSequential(ForEachOps.java:151)
	java.util.stream.ForEachOps$ForEachOp$OfRef.evaluateSequential(ForEachOps.java:174)
	java.util.stream.AbstractPipeline.evaluate(AbstractPipeline.java:234)
	java.util.stream.ReferencePipeline.forEach(ReferencePipeline.java:418)
	org.junit.vintage.engine.VintageTestEngine.executeAllChildren(VintageTestEngine.java:80)
	org.junit.vintage.engine.VintageTestEngine.execute(VintageTestEngine.java:71)
	org.junit.platform.launcher.core.DefaultLauncher.execute(DefaultLauncher.java:229)
	org.junit.platform.launcher.core.DefaultLauncher.lambda$execute$6(DefaultLauncher.java:197)
	org.junit.platform.launcher.core.DefaultLauncher.withInterceptedStreams(DefaultLauncher.java:211)
	org.junit.platform.launcher.core.DefaultLauncher.execute(DefaultLauncher.java:191)
	org.junit.platform.launcher.core.DefaultLauncher.execute(DefaultLauncher.java:128)
	org.gradle.api.internal.tasks.testing.junitplatform.JUnitPlatformTestClassProcessor$CollectAllTestClassesExecutor.processAllTestClasses(JUnitPlatformTestClassProcessor.java:102)
	org.gradle.api.internal.tasks.testing.junitplatform.JUnitPlatformTestClassProcessor$CollectAllTestClassesExecutor.access$000(JUnitPlatformTestClassProcessor.java:82)
	org.gradle.api.internal.tasks.testing.junitplatform.JUnitPlatformTestClassProcessor.stop(JUnitPlatformTestClassProcessor.java:78)
	org.gradle.api.internal.tasks.testing.SuiteTestClassProcessor.stop(SuiteTestClassProcessor.java:61)
	sun.reflect.NativeMethodAccessorImpl.invoke0(Native Method)
	sun.reflect.NativeMethodAccessorImpl.invoke(NativeMethodAccessorImpl.java:62)
	sun.reflect.DelegatingMethodAccessorImpl.invoke(DelegatingMethodAccessorImpl.java:43)
	java.lang.reflect.Method.invoke(Method.java:497)
	org.gradle.internal.dispatch.ReflectionDispatch.dispatch(ReflectionDispatch.java:35)
	org.gradle.internal.dispatch.ReflectionDispatch.dispatch(ReflectionDispatch.java:24)
	org.gradle.internal.dispatch.ContextClassLoaderDispatch.dispatch(ContextClassLoaderDispatch.java:32)
	org.gradle.internal.dispatch.ProxyDispatchAdapter$DispatchingInvocationHandler.invoke(ProxyDispatchAdapter.java:93)
	com.sun.proxy.$Proxy2.stop(Unknown Source)
	org.gradle.api.internal.tasks.testing.worker.TestWorker.stop(TestWorker.java:132)
	sun.reflect.NativeMethodAccessorImpl.invoke0(Native Method)
	sun.reflect.NativeMethodAccessorImpl.invoke(NativeMethodAccessorImpl.java:62)
	sun.reflect.DelegatingMethodAccessorImpl.invoke(DelegatingMethodAccessorImpl.java:43)
	java.lang.reflect.Method.invoke(Method.java:497)
	org.gradle.internal.dispatch.ReflectionDispatch.dispatch(ReflectionDispatch.java:35)
	org.gradle.internal.dispatch.ReflectionDispatch.dispatch(ReflectionDispatch.java:24)
	org.gradle.internal.remote.internal.hub.MessageHubBackedObjectConnection$DispatchWrapper.dispatch(MessageHubBackedObjectConnection.java:175)
	org.gradle.internal.remote.internal.hub.MessageHubBackedObjectConnection$DispatchWrapper.dispatch(MessageHubBackedObjectConnection.java:157)
	org.gradle.internal.remote.internal.hub.MessageHub$Handler.run(MessageHub.java:404)
	org.gradle.internal.concurrent.ExecutorPolicy$CatchAndRecordFailures.onExecute(ExecutorPolicy.java:63)
	org.gradle.internal.concurrent.ManagedExecutorImpl$1.run(ManagedExecutorImpl.java:46)
	java.util.concurrent.ThreadPoolExecutor.runWorker(ThreadPoolExecutor.java:1142)
	java.util.concurrent.ThreadPoolExecutor$Worker.run(ThreadPoolExecutor.java:617)
	org.gradle.internal.concurrent.ThreadFactoryImpl$ManagedThreadRunnable.run(ThreadFactoryImpl.java:55)
	java.lang.Thread.run(Thread.java:745)
01:35:01.165 [RxComputationThreadPool-2] ERROR i.n.u.ResourceLeakDetector - LEAK: ByteBuf.release() was not called before it's garbage-collected. See http://netty.io/wiki/reference-counted-objects.html for more information.
Recent access records: 
Created at:
	io.netty.buffer.PooledByteBufAllocator.newDirectBuffer(PooledByteBufAllocator.java:349)
	io.netty.buffer.AbstractByteBufAllocator.directBuffer(AbstractByteBufAllocator.java:187)
	io.netty.buffer.AbstractByteBufAllocator.directBuffer(AbstractByteBufAllocator.java:178)
	io.netty.buffer.AbstractByteBufAllocator.buffer(AbstractByteBufAllocator.java:115)
	org.springframework.core.io.buffer.NettyDataBufferFactory.allocateBuffer(NettyDataBufferFactory.java:71)
	org.springframework.core.io.buffer.NettyDataBufferFactory.allocateBuffer(NettyDataBufferFactory.java:39)
	org.springframework.core.codec.CharSequenceEncoder.encodeValue(CharSequenceEncoder.java:91)
	org.springframework.core.codec.CharSequenceEncoder.encodeValue(CharSequenceEncoder.java:47)
	org.springframework.messaging.rsocket.MetadataEncoder.encodeEntry(MetadataEncoder.java:229)
	org.springframework.messaging.rsocket.MetadataEncoder.encode(MetadataEncoder.java:197)
	org.springframework.messaging.rsocket.DefaultRSocketRequester$DefaultRequestSpec.firstPayload(DefaultRSocketRequester.java:232)
	reactor.core.publisher.FluxMapFuseable$MapFuseableConditionalSubscriber.onNext(FluxMapFuseable.java:273)
	reactor.core.publisher.Operators$MonoSubscriber.complete(Operators.java:1582)
	reactor.core.publisher.MonoCallable.subscribe(MonoCallable.java:61)
	reactor.core.publisher.Flux.subscribe(Flux.java:8000)
	reactor.test.DefaultStepVerifierBuilder$DefaultStepVerifier.verify(DefaultStepVerifierBuilder.java:811)
	org.springframework.messaging.rsocket.DefaultRSocketRequesterTests.retrieveFlux(DefaultRSocketRequesterTests.java:162)
	sun.reflect.NativeMethodAccessorImpl.invoke0(Native Method)
	sun.reflect.NativeMethodAccessorImpl.invoke(NativeMethodAccessorImpl.java:62)
	sun.reflect.DelegatingMethodAccessorImpl.invoke(DelegatingMethodAccessorImpl.java:43)
	java.lang.reflect.Method.invoke(Method.java:497)
	org.junit.runners.model.FrameworkMethod$1.runReflectiveCall(FrameworkMethod.java:59)
	org.junit.internal.runners.model.ReflectiveCallable.run(ReflectiveCallable.java:12)
	org.junit.runners.model.FrameworkMethod.invokeExplosively(FrameworkMethod.java:56)
	org.junit.internal.runners.statements.InvokeMethod.evaluate(InvokeMethod.java:17)
	org.junit.internal.runners.statements.RunBefores.evaluate(RunBefores.java:26)
	org.junit.runners.ParentRunner$3.evaluate(ParentRunner.java:305)
	org.junit.runners.BlockJUnit4ClassRunner$1.evaluate(BlockJUnit4ClassRunner.java:100)
	org.junit.runners.ParentRunner.runLeaf(ParentRunner.java:365)
	org.junit.runners.BlockJUnit4ClassRunner.runChild(BlockJUnit4ClassRunner.java:103)
	org.junit.runners.BlockJUnit4ClassRunner.runChild(BlockJUnit4ClassRunner.java:63)
	org.junit.runners.ParentRunner$4.run(ParentRunner.java:330)
	org.junit.runners.ParentRunner$1.schedule(ParentRunner.java:78)
	org.junit.runners.ParentRunner.runChildren(ParentRunner.java:328)
	org.junit.runners.ParentRunner.access$100(ParentRunner.java:65)
	org.junit.runners.ParentRunner$2.evaluate(ParentRunner.java:292)
	org.junit.runners.ParentRunner$3.evaluate(ParentRunner.java:305)
	org.junit.runners.ParentRunner.run(ParentRunner.java:412)
	org.junit.runner.JUnitCore.run(JUnitCore.java:137)
	org.junit.runner.JUnitCore.run(JUnitCore.java:115)
	org.junit.vintage.engine.execution.RunnerExecutor.execute(RunnerExecutor.java:40)
	java.util.stream.ForEachOps$ForEachOp$OfRef.accept(ForEachOps.java:184)
	java.util.stream.ReferencePipeline$3$1.accept(ReferencePipeline.java:193)
	java.util.Iterator.forEachRemaining(Iterator.java:116)
	java.util.Spliterators$IteratorSpliterator.forEachRemaining(Spliterators.java:1801)
	java.util.stream.AbstractPipeline.copyInto(AbstractPipeline.java:481)
	java.util.stream.AbstractPipeline.wrapAndCopyInto(AbstractPipeline.java:471)
	java.util.stream.ForEachOps$ForEachOp.evaluateSequential(ForEachOps.java:151)
	java.util.stream.ForEachOps$ForEachOp$OfRef.evaluateSequential(ForEachOps.java:174)
	java.util.stream.AbstractPipeline.evaluate(AbstractPipeline.java:234)
	java.util.stream.ReferencePipeline.forEach(ReferencePipeline.java:418)
	org.junit.vintage.engine.VintageTestEngine.executeAllChildren(VintageTestEngine.java:80)
	org.junit.vintage.engine.VintageTestEngine.execute(VintageTestEngine.java:71)
	org.junit.platform.launcher.core.DefaultLauncher.execute(DefaultLauncher.java:229)
	org.junit.platform.launcher.core.DefaultLauncher.lambda$execute$6(DefaultLauncher.java:197)
	org.junit.platform.launcher.core.DefaultLauncher.withInterceptedStreams(DefaultLauncher.java:211)
	org.junit.platform.launcher.core.DefaultLauncher.execute(DefaultLauncher.java:191)
	org.junit.platform.launcher.core.DefaultLauncher.execute(DefaultLauncher.java:128)
	org.gradle.api.internal.tasks.testing.junitplatform.JUnitPlatformTestClassProcessor$CollectAllTestClassesExecutor.processAllTestClasses(JUnitPlatformTestClassProcessor.java:102)
	org.gradle.api.internal.tasks.testing.junitplatform.JUnitPlatformTestClassProcessor$CollectAllTestClassesExecutor.access$000(JUnitPlatformTestClassProcessor.java:82)
	org.gradle.api.internal.tasks.testing.junitplatform.JUnitPlatformTestClassProcessor.stop(JUnitPlatformTestClassProcessor.java:78)
	org.gradle.api.internal.tasks.testing.SuiteTestClassProcessor.stop(SuiteTestClassProcessor.java:61)
	sun.reflect.NativeMethodAccessorImpl.invoke0(Native Method)
	sun.reflect.NativeMethodAccessorImpl.invoke(NativeMethodAccessorImpl.java:62)
	sun.reflect.DelegatingMethodAccessorImpl.invoke(DelegatingMethodAccessorImpl.java:43)
	java.lang.reflect.Method.invoke(Method.java:497)
	org.gradle.internal.dispatch.ReflectionDispatch.dispatch(ReflectionDispatch.java:35)
	org.gradle.internal.dispatch.ReflectionDispatch.dispatch(ReflectionDispatch.java:24)
	org.gradle.internal.dispatch.ContextClassLoaderDispatch.dispatch(ContextClassLoaderDispatch.java:32)
	org.gradle.internal.dispatch.ProxyDispatchAdapter$DispatchingInvocationHandler.invoke(ProxyDispatchAdapter.java:93)
	com.sun.proxy.$Proxy2.stop(Unknown Source)
	org.gradle.api.internal.tasks.testing.worker.TestWorker.stop(TestWorker.java:132)
	sun.reflect.NativeMethodAccessorImpl.invoke0(Native Method)
	sun.reflect.NativeMethodAccessorImpl.invoke(NativeMethodAccessorImpl.java:62)
	sun.reflect.DelegatingMethodAccessorImpl.invoke(DelegatingMethodAccessorImpl.java:43)
	java.lang.reflect.Method.invoke(Method.java:497)
	org.gradle.internal.dispatch.ReflectionDispatch.dispatch(ReflectionDispatch.java:35)
	org.gradle.internal.dispatch.ReflectionDispatch.dispatch(ReflectionDispatch.java:24)
	org.gradle.internal.remote.internal.hub.MessageHubBackedObjectConnection$DispatchWrapper.dispatch(MessageHubBackedObjectConnection.java:175)
	org.gradle.internal.remote.internal.hub.MessageHubBackedObjectConnection$DispatchWrapper.dispatch(MessageHubBackedObjectConnection.java:157)
	org.gradle.internal.remote.internal.hub.MessageHub$Handler.run(MessageHub.java:404)
	org.gradle.internal.concurrent.ExecutorPolicy$CatchAndRecordFailures.onExecute(ExecutorPolicy.java:63)
	org.gradle.internal.concurrent.ManagedExecutorImpl$1.run(ManagedExecutorImpl.java:46)
	java.util.concurrent.ThreadPoolExecutor.runWorker(ThreadPoolExecutor.java:1142)
	java.util.concurrent.ThreadPoolExecutor$Worker.run(ThreadPoolExecutor.java:617)
	org.gradle.internal.concurrent.ThreadFactoryImpl$ManagedThreadRunnable.run(ThreadFactoryImpl.java:55)
	java.lang.Thread.run(Thread.java:745)
01:35:01.165 [RxComputationThreadPool-2] ERROR i.n.u.ResourceLeakDetector - LEAK: ByteBuf.release() was not called before it's garbage-collected. See http://netty.io/wiki/reference-counted-objects.html for more information.
Recent access records: 
Created at:
	io.netty.buffer.PooledByteBufAllocator.newDirectBuffer(PooledByteBufAllocator.java:349)
	io.netty.buffer.AbstractByteBufAllocator.directBuffer(AbstractByteBufAllocator.java:187)
	io.netty.buffer.AbstractByteBufAllocator.directBuffer(AbstractByteBufAllocator.java:178)
	io.netty.buffer.AbstractByteBufAllocator.buffer(AbstractByteBufAllocator.java:115)
	org.springframework.core.io.buffer.NettyDataBufferFactory.allocateBuffer(NettyDataBufferFactory.java:71)
	org.springframework.core.io.buffer.NettyDataBufferFactory.allocateBuffer(NettyDataBufferFactory.java:39)
	org.springframework.core.codec.CharSequenceEncoder.encodeValue(CharSequenceEncoder.java:91)
	org.springframework.core.codec.CharSequenceEncoder.encodeValue(CharSequenceEncoder.java:47)
	org.springframework.messaging.rsocket.DefaultRSocketRequester$DefaultRequestSpec.encodeData(DefaultRSocketRequester.java:225)
	org.springframework.messaging.rsocket.DefaultRSocketRequester$DefaultRequestSpec.lambda$toResponseSpec$53(DefaultRSocketRequester.java:176)
	reactor.core.publisher.MonoCallable.subscribe(MonoCallable.java:56)
	reactor.core.publisher.Flux.subscribe(Flux.java:8000)
	reactor.test.DefaultStepVerifierBuilder$DefaultStepVerifier.verify(DefaultStepVerifierBuilder.java:811)
	org.springframework.messaging.rsocket.DefaultRSocketRequesterTests.retrieveFlux(DefaultRSocketRequesterTests.java:162)
	sun.reflect.NativeMethodAccessorImpl.invoke0(Native Method)
	sun.reflect.NativeMethodAccessorImpl.invoke(NativeMethodAccessorImpl.java:62)
	sun.reflect.DelegatingMethodAccessorImpl.invoke(DelegatingMethodAccessorImpl.java:43)
	java.lang.reflect.Method.invoke(Method.java:497)
	org.junit.runners.model.FrameworkMethod$1.runReflectiveCall(FrameworkMethod.java:59)
	org.junit.internal.runners.model.ReflectiveCallable.run(ReflectiveCallable.java:12)
	org.junit.runners.model.FrameworkMethod.invokeExplosively(FrameworkMethod.java:56)
	org.junit.internal.runners.statements.InvokeMethod.evaluate(InvokeMethod.java:17)
	org.junit.internal.runners.statements.RunBefores.evaluate(RunBefores.java:26)
	org.junit.runners.ParentRunner$3.evaluate(ParentRunner.java:305)
	org.junit.runners.BlockJUnit4ClassRunner$1.evaluate(BlockJUnit4ClassRunner.java:100)
	org.junit.runners.ParentRunner.runLeaf(ParentRunner.java:365)
	org.junit.runners.BlockJUnit4ClassRunner.runChild(BlockJUnit4ClassRunner.java:103)
	org.junit.runners.BlockJUnit4ClassRunner.runChild(BlockJUnit4ClassRunner.java:63)
	org.junit.runners.ParentRunner$4.run(ParentRunner.java:330)
	org.junit.runners.ParentRunner$1.schedule(ParentRunner.java:78)
	org.junit.runners.ParentRunner.runChildren(ParentRunner.java:328)
	org.junit.runners.ParentRunner.access$100(ParentRunner.java:65)
	org.junit.runners.ParentRunner$2.evaluate(ParentRunner.java:292)
	org.junit.runners.ParentRunner$3.evaluate(ParentRunner.java:305)
	org.junit.runners.ParentRunner.run(ParentRunner.java:412)
	org.junit.runner.JUnitCore.run(JUnitCore.java:137)
	org.junit.runner.JUnitCore.run(JUnitCore.java:115)
	org.junit.vintage.engine.execution.RunnerExecutor.execute(RunnerExecutor.java:40)
	java.util.stream.ForEachOps$ForEachOp$OfRef.accept(ForEachOps.java:184)
	java.util.stream.ReferencePipeline$3$1.accept(ReferencePipeline.java:193)
	java.util.Iterator.forEachRemaining(Iterator.java:116)
	java.util.Spliterators$IteratorSpliterator.forEachRemaining(Spliterators.java:1801)
	java.util.stream.AbstractPipeline.copyInto(AbstractPipeline.java:481)
	java.util.stream.AbstractPipeline.wrapAndCopyInto(AbstractPipeline.java:471)
	java.util.stream.ForEachOps$ForEachOp.evaluateSequential(ForEachOps.java:151)
	java.util.stream.ForEachOps$ForEachOp$OfRef.evaluateSequential(ForEachOps.java:174)
	java.util.stream.AbstractPipeline.evaluate(AbstractPipeline.java:234)
	java.util.stream.ReferencePipeline.forEach(ReferencePipeline.java:418)
	org.junit.vintage.engine.VintageTestEngine.executeAllChildren(VintageTestEngine.java:80)
	org.junit.vintage.engine.VintageTestEngine.execute(VintageTestEngine.java:71)
	org.junit.platform.launcher.core.DefaultLauncher.execute(DefaultLauncher.java:229)
	org.junit.platform.launcher.core.DefaultLauncher.lambda$execute$6(DefaultLauncher.java:197)
	org.junit.platform.launcher.core.DefaultLauncher.withInterceptedStreams(DefaultLauncher.java:211)
	org.junit.platform.launcher.core.DefaultLauncher.execute(DefaultLauncher.java:191)
	org.junit.platform.launcher.core.DefaultLauncher.execute(DefaultLauncher.java:128)
	org.gradle.api.internal.tasks.testing.junitplatform.JUnitPlatformTestClassProcessor$CollectAllTestClassesExecutor.processAllTestClasses(JUnitPlatformTestClassProcessor.java:102)
	org.gradle.api.internal.tasks.testing.junitplatform.JUnitPlatformTestClassProcessor$CollectAllTestClassesExecutor.access$000(JUnitPlatformTestClassProcessor.java:82)
	org.gradle.api.internal.tasks.testing.junitplatform.JUnitPlatformTestClassProcessor.stop(JUnitPlatformTestClassProcessor.java:78)
	org.gradle.api.internal.tasks.testing.SuiteTestClassProcessor.stop(SuiteTestClassProcessor.java:61)
	sun.reflect.NativeMethodAccessorImpl.invoke0(Native Method)
	sun.reflect.NativeMethodAccessorImpl.invoke(NativeMethodAccessorImpl.java:62)
	sun.reflect.DelegatingMethodAccessorImpl.invoke(DelegatingMethodAccessorImpl.java:43)
	java.lang.reflect.Method.invoke(Method.java:497)
	org.gradle.internal.dispatch.ReflectionDispatch.dispatch(ReflectionDispatch.java:35)
	org.gradle.internal.dispatch.ReflectionDispatch.dispatch(ReflectionDispatch.java:24)
	org.gradle.internal.dispatch.ContextClassLoaderDispatch.dispatch(ContextClassLoaderDispatch.java:32)
	org.gradle.internal.dispatch.ProxyDispatchAdapter$DispatchingInvocationHandler.invoke(ProxyDispatchAdapter.java:93)
	com.sun.proxy.$Proxy2.stop(Unknown Source)
	org.gradle.api.internal.tasks.testing.worker.TestWorker.stop(TestWorker.java:132)
	sun.reflect.NativeMethodAccessorImpl.invoke0(Native Method)
	sun.reflect.NativeMethodAccessorImpl.invoke(NativeMethodAccessorImpl.java:62)
	sun.reflect.DelegatingMethodAccessorImpl.invoke(DelegatingMethodAccessorImpl.java:43)
	java.lang.reflect.Method.invoke(Method.java:497)
	org.gradle.internal.dispatch.ReflectionDispatch.dispatch(ReflectionDispatch.java:35)
	org.gradle.internal.dispatch.ReflectionDispatch.dispatch(ReflectionDispatch.java:24)
	org.gradle.internal.remote.internal.hub.MessageHubBackedObjectConnection$DispatchWrapper.dispatch(MessageHubBackedObjectConnection.java:175)
	org.gradle.internal.remote.internal.hub.MessageHubBackedObjectConnection$DispatchWrapper.dispatch(MessageHubBackedObjectConnection.java:157)
	org.gradle.internal.remote.internal.hub.MessageHub$Handler.run(MessageHub.java:404)
	org.gradle.internal.concurrent.ExecutorPolicy$CatchAndRecordFailures.onExecute(ExecutorPolicy.java:63)
	org.gradle.internal.concurrent.ManagedExecutorImpl$1.run(ManagedExecutorImpl.java:46)
	java.util.concurrent.ThreadPoolExecutor.runWorker(ThreadPoolExecutor.java:1142)
	java.util.concurrent.ThreadPoolExecutor$Worker.run(ThreadPoolExecutor.java:617)
	org.gradle.internal.concurrent.ThreadFactoryImpl$ManagedThreadRunnable.run(ThreadFactoryImpl.java:55)
	java.lang.Thread.run(Thread.java:745)
01:35:01.166 [RxComputationThreadPool-2] ERROR i.n.u.ResourceLeakDetector - LEAK: ByteBuf.release() was not called before it's garbage-collected. See http://netty.io/wiki/reference-counted-objects.html for more information.
Recent access records: 
#1:
	io.netty.buffer.AdvancedLeakAwareByteBuf.toString(AdvancedLeakAwareByteBuf.java:742)
	io.rsocket.Payload.getMetadataUtf8(Payload.java:98)
	org.springframework.messaging.rsocket.DefaultRSocketRequesterTests.testSendMono(DefaultRSocketRequesterTests.java:94)
	org.springframework.messaging.rsocket.DefaultRSocketRequesterTests.sendMono(DefaultRSocketRequesterTests.java:78)
	sun.reflect.NativeMethodAccessorImpl.invoke0(Native Method)
	sun.reflect.NativeMethodAccessorImpl.invoke(NativeMethodAccessorImpl.java:62)
	sun.reflect.DelegatingMethodAccessorImpl.invoke(DelegatingMethodAccessorImpl.java:43)
	java.lang.reflect.Method.invoke(Method.java:497)
	org.junit.runners.model.FrameworkMethod$1.runReflectiveCall(FrameworkMethod.java:59)
	org.junit.internal.runners.model.ReflectiveCallable.run(ReflectiveCallable.java:12)
	org.junit.runners.model.FrameworkMethod.invokeExplosively(FrameworkMethod.java:56)
	org.junit.internal.runners.statements.InvokeMethod.evaluate(InvokeMethod.java:17)
	org.junit.internal.runners.statements.RunBefores.evaluate(RunBefores.java:26)
	org.junit.runners.ParentRunner$3.evaluate(ParentRunner.java:305)
	org.junit.runners.BlockJUnit4ClassRunner$1.evaluate(BlockJUnit4ClassRunner.java:100)
	org.junit.runners.ParentRunner.runLeaf(ParentRunner.java:365)
	org.junit.runners.BlockJUnit4ClassRunner.runChild(BlockJUnit4ClassRunner.java:103)
	org.junit.runners.BlockJUnit4ClassRunner.runChild(BlockJUnit4ClassRunner.java:63)
	org.junit.runners.ParentRunner$4.run(ParentRunner.java:330)
	org.junit.runners.ParentRunner$1.schedule(ParentRunner.java:78)
	org.junit.runners.ParentRunner.runChildren(ParentRunner.java:328)
	org.junit.runners.ParentRunner.access$100(ParentRunner.java:65)
	org.junit.runners.ParentRunner$2.evaluate(ParentRunner.java:292)
	org.junit.runners.ParentRunner$3.evaluate(ParentRunner.java:305)
	org.junit.runners.ParentRunner.run(ParentRunner.java:412)
	org.junit.runner.JUnitCore.run(JUnitCore.java:137)
	org.junit.runner.JUnitCore.run(JUnitCore.java:115)
	org.junit.vintage.engine.execution.RunnerExecutor.execute(RunnerExecutor.java:40)
	java.util.stream.ForEachOps$ForEachOp$OfRef.accept(ForEachOps.java:184)
	java.util.stream.ReferencePipeline$3$1.accept(ReferencePipeline.java:193)
	java.util.Iterator.forEachRemaining(Iterator.java:116)
	java.util.Spliterators$IteratorSpliterator.forEachRemaining(Spliterators.java:1801)
	java.util.stream.AbstractPipeline.copyInto(AbstractPipeline.java:481)
	java.util.stream.AbstractPipeline.wrapAndCopyInto(AbstractPipeline.java:471)
	java.util.stream.ForEachOps$ForEachOp.evaluateSequential(ForEachOps.java:151)
	java.util.stream.ForEachOps$ForEachOp$OfRef.evaluateSequential(ForEachOps.java:174)
	java.util.stream.AbstractPipeline.evaluate(AbstractPipeline.java:234)
	java.util.stream.ReferencePipeline.forEach(ReferencePipeline.java:418)
	org.junit.vintage.engine.VintageTestEngine.executeAllChildren(VintageTestEngine.java:80)
	org.junit.vintage.engine.VintageTestEngine.execute(VintageTestEngine.java:71)
	org.junit.platform.launcher.core.DefaultLauncher.execute(DefaultLauncher.java:229)
	org.junit.platform.launcher.core.DefaultLauncher.lambda$execute$6(DefaultLauncher.java:197)
	org.junit.platform.launcher.core.DefaultLauncher.withInterceptedStreams(DefaultLauncher.java:211)
	org.junit.platform.launcher.core.DefaultLauncher.execute(DefaultLauncher.java:191)
	org.junit.platform.launcher.core.DefaultLauncher.execute(DefaultLauncher.java:128)
	org.gradle.api.internal.tasks.testing.junitplatform.JUnitPlatformTestClassProcessor$CollectAllTestClassesExecutor.processAllTestClasses(JUnitPlatformTestClassProcessor.java:102)
	org.gradle.api.internal.tasks.testing.junitplatform.JUnitPlatformTestClassProcessor$CollectAllTestClassesExecutor.access$000(JUnitPlatformTestClassProcessor.java:82)
	org.gradle.api.internal.tasks.testing.junitplatform.JUnitPlatformTestClassProcessor.stop(JUnitPlatformTestClassProcessor.java:78)
	org.gradle.api.internal.tasks.testing.SuiteTestClassProcessor.stop(SuiteTestClassProcessor.java:61)
	sun.reflect.NativeMethodAccessorImpl.invoke0(Native Method)
	sun.reflect.NativeMethodAccessorImpl.invoke(NativeMethodAccessorImpl.java:62)
	sun.reflect.DelegatingMethodAccessorImpl.invoke(DelegatingMethodAccessorImpl.java:43)
	java.lang.reflect.Method.invoke(Method.java:497)
	org.gradle.internal.dispatch.ReflectionDispatch.dispatch(ReflectionDispatch.java:35)
	org.gradle.internal.dispatch.ReflectionDispatch.dispatch(ReflectionDispatch.java:24)
	org.gradle.internal.dispatch.ContextClassLoaderDispatch.dispatch(ContextClassLoaderDispatch.java:32)
	org.gradle.internal.dispatch.ProxyDispatchAdapter$DispatchingInvocationHandler.invoke(ProxyDispatchAdapter.java:93)
	com.sun.proxy.$Proxy2.stop(Unknown Source)
	org.gradle.api.internal.tasks.testing.worker.TestWorker.stop(TestWorker.java:132)
	sun.reflect.NativeMethodAccessorImpl.invoke0(Native Method)
	sun.reflect.NativeMethodAccessorImpl.invoke(NativeMethodAccessorImpl.java:62)
	sun.reflect.DelegatingMethodAccessorImpl.invoke(DelegatingMethodAccessorImpl.java:43)
	java.lang.reflect.Method.invoke(Method.java:497)
	org.gradle.internal.dispatch.ReflectionDispatch.dispatch(ReflectionDispatch.java:35)
	org.gradle.internal.dispatch.ReflectionDispatch.dispatch(ReflectionDispatch.java:24)
	org.gradle.internal.remote.internal.hub.MessageHubBackedObjectConnection$DispatchWrapper.dispatch(MessageHubBackedObjectConnection.java:175)
	org.gradle.internal.remote.internal.hub.MessageHubBackedObjectConnection$DispatchWrapper.dispatch(MessageHubBackedObjectConnection.java:157)
	org.gradle.internal.remote.internal.hub.MessageHub$Handler.run(MessageHub.java:404)
	org.gradle.internal.concurrent.ExecutorPolicy$CatchAndRecordFailures.onExecute(ExecutorPolicy.java:63)
	org.gradle.internal.concurrent.ManagedExecutorImpl$1.run(ManagedExecutorImpl.java:46)
	java.util.concurrent.ThreadPoolExecutor.runWorker(ThreadPoolExecutor.java:1142)
	java.util.concurrent.ThreadPoolExecutor$Worker.run(ThreadPoolExecutor.java:617)
	org.gradle.internal.concurrent.ThreadFactoryImpl$ManagedThreadRunnable.run(ThreadFactoryImpl.java:55)
	java.lang.Thread.run(Thread.java:745)
#2:
	io.netty.buffer.AdvancedLeakAwareByteBuf.slice(AdvancedLeakAwareByteBuf.java:76)
	io.rsocket.util.ByteBufPayload.sliceMetadata(ByteBufPayload.java:134)
	io.rsocket.Payload.getMetadataUtf8(Payload.java:98)
	org.springframework.messaging.rsocket.DefaultRSocketRequesterTests.testSendMono(DefaultRSocketRequesterTests.java:94)
	org.springframework.messaging.rsocket.DefaultRSocketRequesterTests.sendMono(DefaultRSocketRequesterTests.java:78)
	sun.reflect.NativeMethodAccessorImpl.invoke0(Native Method)
	sun.reflect.NativeMethodAccessorImpl.invoke(NativeMethodAccessorImpl.java:62)
	sun.reflect.DelegatingMethodAccessorImpl.invoke(DelegatingMethodAccessorImpl.java:43)
	java.lang.reflect.Method.invoke(Method.java:497)
	org.junit.runners.model.FrameworkMethod$1.runReflectiveCall(FrameworkMethod.java:59)
	org.junit.internal.runners.model.ReflectiveCallable.run(ReflectiveCallable.java:12)
	org.junit.runners.model.FrameworkMethod.invokeExplosively(FrameworkMethod.java:56)
	org.junit.internal.runners.statements.InvokeMethod.evaluate(InvokeMethod.java:17)
	org.junit.internal.runners.statements.RunBefores.evaluate(RunBefores.java:26)
	org.junit.runners.ParentRunner$3.evaluate(ParentRunner.java:305)
	org.junit.runners.BlockJUnit4ClassRunner$1.evaluate(BlockJUnit4ClassRunner.java:100)
	org.junit.runners.ParentRunner.runLeaf(ParentRunner.java:365)
	org.junit.runners.BlockJUnit4ClassRunner.runChild(BlockJUnit4ClassRunner.java:103)
	org.junit.runners.BlockJUnit4ClassRunner.runChild(BlockJUnit4ClassRunner.java:63)
	org.junit.runners.ParentRunner$4.run(ParentRunner.java:330)
	org.junit.runners.ParentRunner$1.schedule(ParentRunner.java:78)
	org.junit.runners.ParentRunner.runChildren(ParentRunner.java:328)
	org.junit.runners.ParentRunner.access$100(ParentRunner.java:65)
	org.junit.runners.ParentRunner$2.evaluate(ParentRunner.java:292)
	org.junit.runners.ParentRunner$3.evaluate(ParentRunner.java:305)
	org.junit.runners.ParentRunner.run(ParentRunner.java:412)
	org.junit.runner.JUnitCore.run(JUnitCore.java:137)
	org.junit.runner.JUnitCore.run(JUnitCore.java:115)
	org.junit.vintage.engine.execution.RunnerExecutor.execute(RunnerExecutor.java:40)
	java.util.stream.ForEachOps$ForEachOp$OfRef.accept(ForEachOps.java:184)
	java.util.stream.ReferencePipeline$3$1.accept(ReferencePipeline.java:193)
	java.util.Iterator.forEachRemaining(Iterator.java:116)
	java.util.Spliterators$IteratorSpliterator.forEachRemaining(Spliterators.java:1801)
	java.util.stream.AbstractPipeline.copyInto(AbstractPipeline.java:481)
	java.util.stream.AbstractPipeline.wrapAndCopyInto(AbstractPipeline.java:471)
	java.util.stream.ForEachOps$ForEachOp.evaluateSequential(ForEachOps.java:151)
	java.util.stream.ForEachOps$ForEachOp$OfRef.evaluateSequential(ForEachOps.java:174)
	java.util.stream.AbstractPipeline.evaluate(AbstractPipeline.java:234)
	java.util.stream.ReferencePipeline.forEach(ReferencePipeline.java:418)
	org.junit.vintage.engine.VintageTestEngine.executeAllChildren(VintageTestEngine.java:80)
	org.junit.vintage.engine.VintageTestEngine.execute(VintageTestEngine.java:71)
	org.junit.platform.launcher.core.DefaultLauncher.execute(DefaultLauncher.java:229)
	org.junit.platform.launcher.core.DefaultLauncher.lambda$execute$6(DefaultLauncher.java:197)
	org.junit.platform.launcher.core.DefaultLauncher.withInterceptedStreams(DefaultLauncher.java:211)
	org.junit.platform.launcher.core.DefaultLauncher.execute(DefaultLauncher.java:191)
	org.junit.platform.launcher.core.DefaultLauncher.execute(DefaultLauncher.java:128)
	org.gradle.api.internal.tasks.testing.junitplatform.JUnitPlatformTestClassProcessor$CollectAllTestClassesExecutor.processAllTestClasses(JUnitPlatformTestClassProcessor.java:102)
	org.gradle.api.internal.tasks.testing.junitplatform.JUnitPlatformTestClassProcessor$CollectAllTestClassesExecutor.access$000(JUnitPlatformTestClassProcessor.java:82)
	org.gradle.api.internal.tasks.testing.junitplatform.JUnitPlatformTestClassProcessor.stop(JUnitPlatformTestClassProcessor.java:78)
	org.gradle.api.internal.tasks.testing.SuiteTestClassProcessor.stop(SuiteTestClassProcessor.java:61)
	sun.reflect.NativeMethodAccessorImpl.invoke0(Native Method)
	sun.reflect.NativeMethodAccessorImpl.invoke(NativeMethodAccessorImpl.java:62)
	sun.reflect.DelegatingMethodAccessorImpl.invoke(DelegatingMethodAccessorImpl.java:43)
	java.lang.reflect.Method.invoke(Method.java:497)
	org.gradle.internal.dispatch.ReflectionDispatch.dispatch(ReflectionDispatch.java:35)
	org.gradle.internal.dispatch.ReflectionDispatch.dispatch(ReflectionDispatch.java:24)
	org.gradle.internal.dispatch.ContextClassLoaderDispatch.dispatch(ContextClassLoaderDispatch.java:32)
	org.gradle.internal.dispatch.ProxyDispatchAdapter$DispatchingInvocationHandler.invoke(ProxyDispatchAdapter.java:93)
	com.sun.proxy.$Proxy2.stop(Unknown Source)
	org.gradle.api.internal.tasks.testing.worker.TestWorker.stop(TestWorker.java:132)
	sun.reflect.NativeMethodAccessorImpl.invoke0(Native Method)
	sun.reflect.NativeMethodAccessorImpl.invoke(NativeMethodAccessorImpl.java:62)
	sun.reflect.DelegatingMethodAccessorImpl.invoke(DelegatingMethodAccessorImpl.java:43)
	java.lang.reflect.Method.invoke(Method.java:497)
	org.gradle.internal.dispatch.ReflectionDispatch.dispatch(ReflectionDispatch.java:35)
	org.gradle.internal.dispatch.ReflectionDispatch.dispatch(ReflectionDispatch.java:24)
	org.gradle.internal.remote.internal.hub.MessageHubBackedObjectConnection$DispatchWrapper.dispatch(MessageHubBackedObjectConnection.java:175)
	org.gradle.internal.remote.internal.hub.MessageHubBackedObjectConnection$DispatchWrapper.dispatch(MessageHubBackedObjectConnection.java:157)
	org.gradle.internal.remote.internal.hub.MessageHub$Handler.run(MessageHub.java:404)
	org.gradle.internal.concurrent.ExecutorPolicy$CatchAndRecordFailures.onExecute(ExecutorPolicy.java:63)
	org.gradle.internal.concurrent.ManagedExecutorImpl$1.run(ManagedExecutorImpl.java:46)
	java.util.concurrent.ThreadPoolExecutor.runWorker(ThreadPoolExecutor.java:1142)
	java.util.concurrent.ThreadPoolExecutor$Worker.run(ThreadPoolExecutor.java:617)
	org.gradle.internal.concurrent.ThreadFactoryImpl$ManagedThreadRunnable.run(ThreadFactoryImpl.java:55)
	java.lang.Thread.run(Thread.java:745)
Created at:
	io.netty.buffer.PooledByteBufAllocator.newDirectBuffer(PooledByteBufAllocator.java:349)
	io.netty.buffer.AbstractByteBufAllocator.directBuffer(AbstractByteBufAllocator.java:187)
	io.netty.buffer.AbstractByteBufAllocator.directBuffer(AbstractByteBufAllocator.java:178)
	io.netty.buffer.AbstractByteBufAllocator.buffer(AbstractByteBufAllocator.java:115)
	org.springframework.core.io.buffer.NettyDataBufferFactory.allocateBuffer(NettyDataBufferFactory.java:71)
	org.springframework.core.io.buffer.NettyDataBufferFactory.allocateBuffer(NettyDataBufferFactory.java:39)
	org.springframework.core.codec.CharSequenceEncoder.encodeValue(CharSequenceEncoder.java:91)
	org.springframework.core.codec.CharSequenceEncoder.encodeValue(CharSequenceEncoder.java:47)
	org.springframework.messaging.rsocket.MetadataEncoder.encodeEntry(MetadataEncoder.java:229)
	org.springframework.messaging.rsocket.MetadataEncoder.encode(MetadataEncoder.java:197)
	org.springframework.messaging.rsocket.DefaultRSocketRequester$DefaultRequestSpec.firstPayload(DefaultRSocketRequester.java:232)
	reactor.core.publisher.FluxMapFuseable$MapFuseableConditionalSubscriber.onNext(FluxMapFuseable.java:273)
	reactor.core.publisher.Operators$MonoSubscriber.complete(Operators.java:1582)
	reactor.core.publisher.MonoCallable.subscribe(MonoCallable.java:61)
	reactor.core.publisher.Mono.subscribe(Mono.java:3920)
	reactor.core.publisher.Mono.block(Mono.java:1537)
	org.springframework.messaging.rsocket.DefaultRSocketRequesterTests.testSendMono(DefaultRSocketRequesterTests.java:91)
	org.springframework.messaging.rsocket.DefaultRSocketRequesterTests.sendMono(DefaultRSocketRequesterTests.java:78)
	sun.reflect.NativeMethodAccessorImpl.invoke0(Native Method)
	sun.reflect.NativeMethodAccessorImpl.invoke(NativeMethodAccessorImpl.java:62)
	sun.reflect.DelegatingMethodAccessorImpl.invoke(DelegatingMethodAccessorImpl.java:43)
	java.lang.reflect.Method.invoke(Method.java:497)
	org.junit.runners.model.FrameworkMethod$1.runReflectiveCall(FrameworkMethod.java:59)
	org.junit.internal.runners.model.ReflectiveCallable.run(ReflectiveCallable.java:12)
	org.junit.runners.model.FrameworkMethod.invokeExplosively(FrameworkMethod.java:56)
	org.junit.internal.runners.statements.InvokeMethod.evaluate(InvokeMethod.java:17)
	org.junit.internal.runners.statements.RunBefores.evaluate(RunBefores.java:26)
	org.junit.runners.ParentRunner$3.evaluate(ParentRunner.java:305)
	org.junit.runners.BlockJUnit4ClassRunner$1.evaluate(BlockJUnit4ClassRunner.java:100)
	org.junit.runners.ParentRunner.runLeaf(ParentRunner.java:365)
	org.junit.runners.BlockJUnit4ClassRunner.runChild(BlockJUnit4ClassRunner.java:103)
	org.junit.runners.BlockJUnit4ClassRunner.runChild(BlockJUnit4ClassRunner.java:63)
	org.junit.runners.ParentRunner$4.run(ParentRunner.java:330)
	org.junit.runners.ParentRunner$1.schedule(ParentRunner.java:78)
	org.junit.runners.ParentRunner.runChildren(ParentRunner.java:328)
	org.junit.runners.ParentRunner.access$100(ParentRunner.java:65)
	org.junit.runners.ParentRunner$2.evaluate(ParentRunner.java:292)
	org.junit.runners.ParentRunner$3.evaluate(ParentRunner.java:305)
	org.junit.runners.ParentRunner.run(ParentRunner.java:412)
	org.junit.runner.JUnitCore.run(JUnitCore.java:137)
	org.junit.runner.JUnitCore.run(JUnitCore.java:115)
	org.junit.vintage.engine.execution.RunnerExecutor.execute(RunnerExecutor.java:40)
	java.util.stream.ForEachOps$ForEachOp$OfRef.accept(ForEachOps.java:184)
	java.util.stream.ReferencePipeline$3$1.accept(ReferencePipeline.java:193)
	java.util.Iterator.forEachRemaining(Iterator.java:116)
	java.util.Spliterators$IteratorSpliterator.forEachRemaining(Spliterators.java:1801)
	java.util.stream.AbstractPipeline.copyInto(AbstractPipeline.java:481)
	java.util.stream.AbstractPipeline.wrapAndCopyInto(AbstractPipeline.java:471)
	java.util.stream.ForEachOps$ForEachOp.evaluateSequential(ForEachOps.java:151)
	java.util.stream.ForEachOps$ForEachOp$OfRef.evaluateSequential(ForEachOps.java:174)
	java.util.stream.AbstractPipeline.evaluate(AbstractPipeline.java:234)
	java.util.stream.ReferencePipeline.forEach(ReferencePipeline.java:418)
	org.junit.vintage.engine.VintageTestEngine.executeAllChildren(VintageTestEngine.java:80)
	org.junit.vintage.engine.VintageTestEngine.execute(VintageTestEngine.java:71)
	org.junit.platform.launcher.core.DefaultLauncher.execute(DefaultLauncher.java:229)
	org.junit.platform.launcher.core.DefaultLauncher.lambda$execute$6(DefaultLauncher.java:197)
	org.junit.platform.launcher.core.DefaultLauncher.withInterceptedStreams(DefaultLauncher.java:211)
	org.junit.platform.launcher.core.DefaultLauncher.execute(DefaultLauncher.java:191)
	org.junit.platform.launcher.core.DefaultLauncher.execute(DefaultLauncher.java:128)
	org.gradle.api.internal.tasks.testing.junitplatform.JUnitPlatformTestClassProcessor$CollectAllTestClassesExecutor.processAllTestClasses(JUnitPlatformTestClassProcessor.java:102)
	org.gradle.api.internal.tasks.testing.junitplatform.JUnitPlatformTestClassProcessor$CollectAllTestClassesExecutor.access$000(JUnitPlatformTestClassProcessor.java:82)
	org.gradle.api.internal.tasks.testing.junitplatform.JUnitPlatformTestClassProcessor.stop(JUnitPlatformTestClassProcessor.java:78)
	org.gradle.api.internal.tasks.testing.SuiteTestClassProcessor.stop(SuiteTestClassProcessor.java:61)
	sun.reflect.NativeMethodAccessorImpl.invoke0(Native Method)
	sun.reflect.NativeMethodAccessorImpl.invoke(NativeMethodAccessorImpl.java:62)
	sun.reflect.DelegatingMethodAccessorImpl.invoke(DelegatingMethodAccessorImpl.java:43)
	java.lang.reflect.Method.invoke(Method.java:497)
	org.gradle.internal.dispatch.ReflectionDispatch.dispatch(ReflectionDispatch.java:35)
	org.gradle.internal.dispatch.ReflectionDispatch.dispatch(ReflectionDispatch.java:24)
	org.gradle.internal.dispatch.ContextClassLoaderDispatch.dispatch(ContextClassLoaderDispatch.java:32)
	org.gradle.internal.dispatch.ProxyDispatchAdapter$DispatchingInvocationHandler.invoke(ProxyDispatchAdapter.java:93)
	com.sun.proxy.$Proxy2.stop(Unknown Source)
	org.gradle.api.internal.tasks.testing.worker.TestWorker.stop(TestWorker.java:132)
	sun.reflect.NativeMethodAccessorImpl.invoke0(Native Method)
	sun.reflect.NativeMethodAccessorImpl.invoke(NativeMethodAccessorImpl.java:62)
	sun.reflect.DelegatingMethodAccessorImpl.invoke(DelegatingMethodAccessorImpl.java:43)
	java.lang.reflect.Method.invoke(Method.java:497)
	org.gradle.internal.dispatch.ReflectionDispatch.dispatch(ReflectionDispatch.java:35)
	org.gradle.internal.dispatch.ReflectionDispatch.dispatch(ReflectionDispatch.java:24)
	org.gradle.internal.remote.internal.hub.MessageHubBackedObjectConnection$DispatchWrapper.dispatch(MessageHubBackedObjectConnection.java:175)
	org.gradle.internal.remote.internal.hub.MessageHubBackedObjectConnection$DispatchWrapper.dispatch(MessageHubBackedObjectConnection.java:157)
	org.gradle.internal.remote.internal.hub.MessageHub$Handler.run(MessageHub.java:404)
	org.gradle.internal.concurrent.ExecutorPolicy$CatchAndRecordFailures.onExecute(ExecutorPolicy.java:63)
	org.gradle.internal.concurrent.ManagedExecutorImpl$1.run(ManagedExecutorImpl.java:46)
	java.util.concurrent.ThreadPoolExecutor.runWorker(ThreadPoolExecutor.java:1142)
	java.util.concurrent.ThreadPoolExecutor$Worker.run(ThreadPoolExecutor.java:617)
	org.gradle.internal.concurrent.ThreadFactoryImpl$ManagedThreadRunnable.run(ThreadFactoryImpl.java:55)
	java.lang.Thread.run(Thread.java:745)
01:35:01.167 [RxComputationThreadPool-2] ERROR i.n.u.ResourceLeakDetector - LEAK: ByteBuf.release() was not called before it's garbage-collected. See http://netty.io/wiki/reference-counted-objects.html for more information.
Recent access records: 
#1:
	io.netty.buffer.AdvancedLeakAwareByteBuf.toString(AdvancedLeakAwareByteBuf.java:742)
	io.rsocket.Payload.getDataUtf8(Payload.java:102)
	org.springframework.messaging.rsocket.DefaultRSocketRequesterTests.testSendMono(DefaultRSocketRequesterTests.java:95)
	org.springframework.messaging.rsocket.DefaultRSocketRequesterTests.sendMono(DefaultRSocketRequesterTests.java:78)
	sun.reflect.NativeMethodAccessorImpl.invoke0(Native Method)
	sun.reflect.NativeMethodAccessorImpl.invoke(NativeMethodAccessorImpl.java:62)
	sun.reflect.DelegatingMethodAccessorImpl.invoke(DelegatingMethodAccessorImpl.java:43)
	java.lang.reflect.Method.invoke(Method.java:497)
	org.junit.runners.model.FrameworkMethod$1.runReflectiveCall(FrameworkMethod.java:59)
	org.junit.internal.runners.model.ReflectiveCallable.run(ReflectiveCallable.java:12)
	org.junit.runners.model.FrameworkMethod.invokeExplosively(FrameworkMethod.java:56)
	org.junit.internal.runners.statements.InvokeMethod.evaluate(InvokeMethod.java:17)
	org.junit.internal.runners.statements.RunBefores.evaluate(RunBefores.java:26)
	org.junit.runners.ParentRunner$3.evaluate(ParentRunner.java:305)
	org.junit.runners.BlockJUnit4ClassRunner$1.evaluate(BlockJUnit4ClassRunner.java:100)
	org.junit.runners.ParentRunner.runLeaf(ParentRunner.java:365)
	org.junit.runners.BlockJUnit4ClassRunner.runChild(BlockJUnit4ClassRunner.java:103)
	org.junit.runners.BlockJUnit4ClassRunner.runChild(BlockJUnit4ClassRunner.java:63)
	org.junit.runners.ParentRunner$4.run(ParentRunner.java:330)
	org.junit.runners.ParentRunner$1.schedule(ParentRunner.java:78)
	org.junit.runners.ParentRunner.runChildren(ParentRunner.java:328)
	org.junit.runners.ParentRunner.access$100(ParentRunner.java:65)
	org.junit.runners.ParentRunner$2.evaluate(ParentRunner.java:292)
	org.junit.runners.ParentRunner$3.evaluate(ParentRunner.java:305)
	org.junit.runners.ParentRunner.run(ParentRunner.java:412)
	org.junit.runner.JUnitCore.run(JUnitCore.java:137)
	org.junit.runner.JUnitCore.run(JUnitCore.java:115)
	org.junit.vintage.engine.execution.RunnerExecutor.execute(RunnerExecutor.java:40)
	java.util.stream.ForEachOps$ForEachOp$OfRef.accept(ForEachOps.java:184)
	java.util.stream.ReferencePipeline$3$1.accept(ReferencePipeline.java:193)
	java.util.Iterator.forEachRemaining(Iterator.java:116)
	java.util.Spliterators$IteratorSpliterator.forEachRemaining(Spliterators.java:1801)
	java.util.stream.AbstractPipeline.copyInto(AbstractPipeline.java:481)
	java.util.stream.AbstractPipeline.wrapAndCopyInto(AbstractPipeline.java:471)
	java.util.stream.ForEachOps$ForEachOp.evaluateSequential(ForEachOps.java:151)
	java.util.stream.ForEachOps$ForEachOp$OfRef.evaluateSequential(ForEachOps.java:174)
	java.util.stream.AbstractPipeline.evaluate(AbstractPipeline.java:234)
	java.util.stream.ReferencePipeline.forEach(ReferencePipeline.java:418)
	org.junit.vintage.engine.VintageTestEngine.executeAllChildren(VintageTestEngine.java:80)
	org.junit.vintage.engine.VintageTestEngine.execute(VintageTestEngine.java:71)
	org.junit.platform.launcher.core.DefaultLauncher.execute(DefaultLauncher.java:229)
	org.junit.platform.launcher.core.DefaultLauncher.lambda$execute$6(DefaultLauncher.java:197)
	org.junit.platform.launcher.core.DefaultLauncher.withInterceptedStreams(DefaultLauncher.java:211)
	org.junit.platform.launcher.core.DefaultLauncher.execute(DefaultLauncher.java:191)
	org.junit.platform.launcher.core.DefaultLauncher.execute(DefaultLauncher.java:128)
	org.gradle.api.internal.tasks.testing.junitplatform.JUnitPlatformTestClassProcessor$CollectAllTestClassesExecutor.processAllTestClasses(JUnitPlatformTestClassProcessor.java:102)
	org.gradle.api.internal.tasks.testing.junitplatform.JUnitPlatformTestClassProcessor$CollectAllTestClassesExecutor.access$000(JUnitPlatformTestClassProcessor.java:82)
	org.gradle.api.internal.tasks.testing.junitplatform.JUnitPlatformTestClassProcessor.stop(JUnitPlatformTestClassProcessor.java:78)
	org.gradle.api.internal.tasks.testing.SuiteTestClassProcessor.stop(SuiteTestClassProcessor.java:61)
	sun.reflect.NativeMethodAccessorImpl.invoke0(Native Method)
	sun.reflect.NativeMethodAccessorImpl.invoke(NativeMethodAccessorImpl.java:62)
	sun.reflect.DelegatingMethodAccessorImpl.invoke(DelegatingMethodAccessorImpl.java:43)
	java.lang.reflect.Method.invoke(Method.java:497)
	org.gradle.internal.dispatch.ReflectionDispatch.dispatch(ReflectionDispatch.java:35)
	org.gradle.internal.dispatch.ReflectionDispatch.dispatch(ReflectionDispatch.java:24)
	org.gradle.internal.dispatch.ContextClassLoaderDispatch.dispatch(ContextClassLoaderDispatch.java:32)
	org.gradle.internal.dispatch.ProxyDispatchAdapter$DispatchingInvocationHandler.invoke(ProxyDispatchAdapter.java:93)
	com.sun.proxy.$Proxy2.stop(Unknown Source)
	org.gradle.api.internal.tasks.testing.worker.TestWorker.stop(TestWorker.java:132)
	sun.reflect.NativeMethodAccessorImpl.invoke0(Native Method)
	sun.reflect.NativeMethodAccessorImpl.invoke(NativeMethodAccessorImpl.java:62)
	sun.reflect.DelegatingMethodAccessorImpl.invoke(DelegatingMethodAccessorImpl.java:43)
	java.lang.reflect.Method.invoke(Method.java:497)
	org.gradle.internal.dispatch.ReflectionDispatch.dispatch(ReflectionDispatch.java:35)
	org.gradle.internal.dispatch.ReflectionDispatch.dispatch(ReflectionDispatch.java:24)
	org.gradle.internal.remote.internal.hub.MessageHubBackedObjectConnection$DispatchWrapper.dispatch(MessageHubBackedObjectConnection.java:175)
	org.gradle.internal.remote.internal.hub.MessageHubBackedObjectConnection$DispatchWrapper.dispatch(MessageHubBackedObjectConnection.java:157)
	org.gradle.internal.remote.internal.hub.MessageHub$Handler.run(MessageHub.java:404)
	org.gradle.internal.concurrent.ExecutorPolicy$CatchAndRecordFailures.onExecute(ExecutorPolicy.java:63)
	org.gradle.internal.concurrent.ManagedExecutorImpl$1.run(ManagedExecutorImpl.java:46)
	java.util.concurrent.ThreadPoolExecutor.runWorker(ThreadPoolExecutor.java:1142)
	java.util.concurrent.ThreadPoolExecutor$Worker.run(ThreadPoolExecutor.java:617)
	org.gradle.internal.concurrent.ThreadFactoryImpl$ManagedThreadRunnable.run(ThreadFactoryImpl.java:55)
	java.lang.Thread.run(Thread.java:745)
#2:
	io.netty.buffer.AdvancedLeakAwareByteBuf.slice(AdvancedLeakAwareByteBuf.java:76)
	io.rsocket.util.ByteBufPayload.sliceData(ByteBufPayload.java:149)
	io.rsocket.Payload.getDataUtf8(Payload.java:102)
	org.springframework.messaging.rsocket.DefaultRSocketRequesterTests.testSendMono(DefaultRSocketRequesterTests.java:95)
	org.springframework.messaging.rsocket.DefaultRSocketRequesterTests.sendMono(DefaultRSocketRequesterTests.java:78)
	sun.reflect.NativeMethodAccessorImpl.invoke0(Native Method)
	sun.reflect.NativeMethodAccessorImpl.invoke(NativeMethodAccessorImpl.java:62)
	sun.reflect.DelegatingMethodAccessorImpl.invoke(DelegatingMethodAccessorImpl.java:43)
	java.lang.reflect.Method.invoke(Method.java:497)
	org.junit.runners.model.FrameworkMethod$1.runReflectiveCall(FrameworkMethod.java:59)
	org.junit.internal.runners.model.ReflectiveCallable.run(ReflectiveCallable.java:12)
	org.junit.runners.model.FrameworkMethod.invokeExplosively(FrameworkMethod.java:56)
	org.junit.internal.runners.statements.InvokeMethod.evaluate(InvokeMethod.java:17)
	org.junit.internal.runners.statements.RunBefores.evaluate(RunBefores.java:26)
	org.junit.runners.ParentRunner$3.evaluate(ParentRunner.java:305)
	org.junit.runners.BlockJUnit4ClassRunner$1.evaluate(BlockJUnit4ClassRunner.java:100)
	org.junit.runners.ParentRunner.runLeaf(ParentRunner.java:365)
	org.junit.runners.BlockJUnit4ClassRunner.runChild(BlockJUnit4ClassRunner.java:103)
	org.junit.runners.BlockJUnit4ClassRunner.runChild(BlockJUnit4ClassRunner.java:63)
	org.junit.runners.ParentRunner$4.run(ParentRunner.java:330)
	org.junit.runners.ParentRunner$1.schedule(ParentRunner.java:78)
	org.junit.runners.ParentRunner.runChildren(ParentRunner.java:328)
	org.junit.runners.ParentRunner.access$100(ParentRunner.java:65)
	org.junit.runners.ParentRunner$2.evaluate(ParentRunner.java:292)
	org.junit.runners.ParentRunner$3.evaluate(ParentRunner.java:305)
	org.junit.runners.ParentRunner.run(ParentRunner.java:412)
	org.junit.runner.JUnitCore.run(JUnitCore.java:137)
	org.junit.runner.JUnitCore.run(JUnitCore.java:115)
	org.junit.vintage.engine.execution.RunnerExecutor.execute(RunnerExecutor.java:40)
	java.util.stream.ForEachOps$ForEachOp$OfRef.accept(ForEachOps.java:184)
	java.util.stream.ReferencePipeline$3$1.accept(ReferencePipeline.java:193)
	java.util.Iterator.forEachRemaining(Iterator.java:116)
	java.util.Spliterators$IteratorSpliterator.forEachRemaining(Spliterators.java:1801)
	java.util.stream.AbstractPipeline.copyInto(AbstractPipeline.java:481)
	java.util.stream.AbstractPipeline.wrapAndCopyInto(AbstractPipeline.java:471)
	java.util.stream.ForEachOps$ForEachOp.evaluateSequential(ForEachOps.java:151)
	java.util.stream.ForEachOps$ForEachOp$OfRef.evaluateSequential(ForEachOps.java:174)
	java.util.stream.AbstractPipeline.evaluate(AbstractPipeline.java:234)
	java.util.stream.ReferencePipeline.forEach(ReferencePipeline.java:418)
	org.junit.vintage.engine.VintageTestEngine.executeAllChildren(VintageTestEngine.java:80)
	org.junit.vintage.engine.VintageTestEngine.execute(VintageTestEngine.java:71)
	org.junit.platform.launcher.core.DefaultLauncher.execute(DefaultLauncher.java:229)
	org.junit.platform.launcher.core.DefaultLauncher.lambda$execute$6(DefaultLauncher.java:197)
	org.junit.platform.launcher.core.DefaultLauncher.withInterceptedStreams(DefaultLauncher.java:211)
	org.junit.platform.launcher.core.DefaultLauncher.execute(DefaultLauncher.java:191)
	org.junit.platform.launcher.core.DefaultLauncher.execute(DefaultLauncher.java:128)
	org.gradle.api.internal.tasks.testing.junitplatform.JUnitPlatformTestClassProcessor$CollectAllTestClassesExecutor.processAllTestClasses(JUnitPlatformTestClassProcessor.java:102)
	org.gradle.api.internal.tasks.testing.junitplatform.JUnitPlatformTestClassProcessor$CollectAllTestClassesExecutor.access$000(JUnitPlatformTestClassProcessor.java:82)
	org.gradle.api.internal.tasks.testing.junitplatform.JUnitPlatformTestClassProcessor.stop(JUnitPlatformTestClassProcessor.java:78)
	org.gradle.api.internal.tasks.testing.SuiteTestClassProcessor.stop(SuiteTestClassProcessor.java:61)
	sun.reflect.NativeMethodAccessorImpl.invoke0(Native Method)
	sun.reflect.NativeMethodAccessorImpl.invoke(NativeMethodAccessorImpl.java:62)
	sun.reflect.DelegatingMethodAccessorImpl.invoke(DelegatingMethodAccessorImpl.java:43)
	java.lang.reflect.Method.invoke(Method.java:497)
	org.gradle.internal.dispatch.ReflectionDispatch.dispatch(ReflectionDispatch.java:35)
	org.gradle.internal.dispatch.ReflectionDispatch.dispatch(ReflectionDispatch.java:24)
	org.gradle.internal.dispatch.ContextClassLoaderDispatch.dispatch(ContextClassLoaderDispatch.java:32)
	org.gradle.internal.dispatch.ProxyDispatchAdapter$DispatchingInvocationHandler.invoke(ProxyDispatchAdapter.java:93)
	com.sun.proxy.$Proxy2.stop(Unknown Source)
	org.gradle.api.internal.tasks.testing.worker.TestWorker.stop(TestWorker.java:132)
	sun.reflect.NativeMethodAccessorImpl.invoke0(Native Method)
	sun.reflect.NativeMethodAccessorImpl.invoke(NativeMethodAccessorImpl.java:62)
	sun.reflect.DelegatingMethodAccessorImpl.invoke(DelegatingMethodAccessorImpl.java:43)
	java.lang.reflect.Method.invoke(Method.java:497)
	org.gradle.internal.dispatch.ReflectionDispatch.dispatch(ReflectionDispatch.java:35)
	org.gradle.internal.dispatch.ReflectionDispatch.dispatch(ReflectionDispatch.java:24)
	org.gradle.internal.remote.internal.hub.MessageHubBackedObjectConnection$DispatchWrapper.dispatch(MessageHubBackedObjectConnection.java:175)
	org.gradle.internal.remote.internal.hub.MessageHubBackedObjectConnection$DispatchWrapper.dispatch(MessageHubBackedObjectConnection.java:157)
	org.gradle.internal.remote.internal.hub.MessageHub$Handler.run(MessageHub.java:404)
	org.gradle.internal.concurrent.ExecutorPolicy$CatchAndRecordFailures.onExecute(ExecutorPolicy.java:63)
	org.gradle.internal.concurrent.ManagedExecutorImpl$1.run(ManagedExecutorImpl.java:46)
	java.util.concurrent.ThreadPoolExecutor.runWorker(ThreadPoolExecutor.java:1142)
	java.util.concurrent.ThreadPoolExecutor$Worker.run(ThreadPoolExecutor.java:617)
	org.gradle.internal.concurrent.ThreadFactoryImpl$ManagedThreadRunnable.run(ThreadFactoryImpl.java:55)
	java.lang.Thread.run(Thread.java:745)
Created at:
	io.netty.buffer.PooledByteBufAllocator.newDirectBuffer(PooledByteBufAllocator.java:349)
	io.netty.buffer.AbstractByteBufAllocator.directBuffer(AbstractByteBufAllocator.java:187)
	io.netty.buffer.AbstractByteBufAllocator.directBuffer(AbstractByteBufAllocator.java:178)
	io.netty.buffer.AbstractByteBufAllocator.buffer(AbstractByteBufAllocator.java:115)
	org.springframework.core.io.buffer.NettyDataBufferFactory.allocateBuffer(NettyDataBufferFactory.java:71)
	org.springframework.core.io.buffer.NettyDataBufferFactory.allocateBuffer(NettyDataBufferFactory.java:39)
	org.springframework.core.codec.CharSequenceEncoder.encodeValue(CharSequenceEncoder.java:91)
	org.springframework.core.codec.CharSequenceEncoder.encodeValue(CharSequenceEncoder.java:47)
	org.springframework.messaging.rsocket.DefaultRSocketRequester$DefaultRequestSpec.encodeData(DefaultRSocketRequester.java:225)
	org.springframework.messaging.rsocket.DefaultRSocketRequester$DefaultRequestSpec.lambda$toResponseSpec$53(DefaultRSocketRequester.java:176)
	reactor.core.publisher.MonoCallable.subscribe(MonoCallable.java:56)
	reactor.core.publisher.Mono.subscribe(Mono.java:3920)
	reactor.core.publisher.Mono.block(Mono.java:1537)
	org.springframework.messaging.rsocket.DefaultRSocketRequesterTests.testSendMono(DefaultRSocketRequesterTests.java:91)
	org.springframework.messaging.rsocket.DefaultRSocketRequesterTests.sendMono(DefaultRSocketRequesterTests.java:78)
	sun.reflect.NativeMethodAccessorImpl.invoke0(Native Method)
	sun.reflect.NativeMethodAccessorImpl.invoke(NativeMethodAccessorImpl.java:62)
	sun.reflect.DelegatingMethodAccessorImpl.invoke(DelegatingMethodAccessorImpl.java:43)
	java.lang.reflect.Method.invoke(Method.java:497)
	org.junit.runners.model.FrameworkMethod$1.runReflectiveCall(FrameworkMethod.java:59)
	org.junit.internal.runners.model.ReflectiveCallable.run(ReflectiveCallable.java:12)
	org.junit.runners.model.FrameworkMethod.invokeExplosively(FrameworkMethod.java:56)
	org.junit.internal.runners.statements.InvokeMethod.evaluate(InvokeMethod.java:17)
	org.junit.internal.runners.statements.RunBefores.evaluate(RunBefores.java:26)
	org.junit.runners.ParentRunner$3.evaluate(ParentRunner.java:305)
	org.junit.runners.BlockJUnit4ClassRunner$1.evaluate(BlockJUnit4ClassRunner.java:100)
	org.junit.runners.ParentRunner.runLeaf(ParentRunner.java:365)
	org.junit.runners.BlockJUnit4ClassRunner.runChild(BlockJUnit4ClassRunner.java:103)
	org.junit.runners.BlockJUnit4ClassRunner.runChild(BlockJUnit4ClassRunner.java:63)
	org.junit.runners.ParentRunner$4.run(ParentRunner.java:330)
	org.junit.runners.ParentRunner$1.schedule(ParentRunner.java:78)
	org.junit.runners.ParentRunner.runChildren(ParentRunner.java:328)
	org.junit.runners.ParentRunner.access$100(ParentRunner.java:65)
	org.junit.runners.ParentRunner$2.evaluate(ParentRunner.java:292)
	org.junit.runners.ParentRunner$3.evaluate(ParentRunner.java:305)
	org.junit.runners.ParentRunner.run(ParentRunner.java:412)
	org.junit.runner.JUnitCore.run(JUnitCore.java:137)
	org.junit.runner.JUnitCore.run(JUnitCore.java:115)
	org.junit.vintage.engine.execution.RunnerExecutor.execute(RunnerExecutor.java:40)
	java.util.stream.ForEachOps$ForEachOp$OfRef.accept(ForEachOps.java:184)
	java.util.stream.ReferencePipeline$3$1.accept(ReferencePipeline.java:193)
	java.util.Iterator.forEachRemaining(Iterator.java:116)
	java.util.Spliterators$IteratorSpliterator.forEachRemaining(Spliterators.java:1801)
	java.util.stream.AbstractPipeline.copyInto(AbstractPipeline.java:481)
	java.util.stream.AbstractPipeline.wrapAndCopyInto(AbstractPipeline.java:471)
	java.util.stream.ForEachOps$ForEachOp.evaluateSequential(ForEachOps.java:151)
	java.util.stream.ForEachOps$ForEachOp$OfRef.evaluateSequential(ForEachOps.java:174)
	java.util.stream.AbstractPipeline.evaluate(AbstractPipeline.java:234)
	java.util.stream.ReferencePipeline.forEach(ReferencePipeline.java:418)
	org.junit.vintage.engine.VintageTestEngine.executeAllChildren(VintageTestEngine.java:80)
	org.junit.vintage.engine.VintageTestEngine.execute(VintageTestEngine.java:71)
	org.junit.platform.launcher.core.DefaultLauncher.execute(DefaultLauncher.java:229)
	org.junit.platform.launcher.core.DefaultLauncher.lambda$execute$6(DefaultLauncher.java:197)
	org.junit.platform.launcher.core.DefaultLauncher.withInterceptedStreams(DefaultLauncher.java:211)
	org.junit.platform.launcher.core.DefaultLauncher.execute(DefaultLauncher.java:191)
	org.junit.platform.launcher.core.DefaultLauncher.execute(DefaultLauncher.java:128)
	org.gradle.api.internal.tasks.testing.junitplatform.JUnitPlatformTestClassProcessor$CollectAllTestClassesExecutor.processAllTestClasses(JUnitPlatformTestClassProcessor.java:102)
	org.gradle.api.internal.tasks.testing.junitplatform.JUnitPlatformTestClassProcessor$CollectAllTestClassesExecutor.access$000(JUnitPlatformTestClassProcessor.java:82)
	org.gradle.api.internal.tasks.testing.junitplatform.JUnitPlatformTestClassProcessor.stop(JUnitPlatformTestClassProcessor.java:78)
	org.gradle.api.internal.tasks.testing.SuiteTestClassProcessor.stop(SuiteTestClassProcessor.java:61)
	sun.reflect.NativeMethodAccessorImpl.invoke0(Native Method)
	sun.reflect.NativeMethodAccessorImpl.invoke(NativeMethodAccessorImpl.java:62)
	sun.reflect.DelegatingMethodAccessorImpl.invoke(DelegatingMethodAccessorImpl.java:43)
	java.lang.reflect.Method.invoke(Method.java:497)
	org.gradle.internal.dispatch.ReflectionDispatch.dispatch(ReflectionDispatch.java:35)
	org.gradle.internal.dispatch.ReflectionDispatch.dispatch(ReflectionDispatch.java:24)
	org.gradle.internal.dispatch.ContextClassLoaderDispatch.dispatch(ContextClassLoaderDispatch.java:32)
	org.gradle.internal.dispatch.ProxyDispatchAdapter$DispatchingInvocationHandler.invoke(ProxyDispatchAdapter.java:93)
	com.sun.proxy.$Proxy2.stop(Unknown Source)
	org.gradle.api.internal.tasks.testing.worker.TestWorker.stop(TestWorker.java:132)
	sun.reflect.NativeMethodAccessorImpl.invoke0(Native Method)
	sun.reflect.NativeMethodAccessorImpl.invoke(NativeMethodAccessorImpl.java:62)
	sun.reflect.DelegatingMethodAccessorImpl.invoke(DelegatingMethodAccessorImpl.java:43)
	java.lang.reflect.Method.invoke(Method.java:497)
	org.gradle.internal.dispatch.ReflectionDispatch.dispatch(ReflectionDispatch.java:35)
	org.gradle.internal.dispatch.ReflectionDispatch.dispatch(ReflectionDispatch.java:24)
	org.gradle.internal.remote.internal.hub.MessageHubBackedObjectConnection$DispatchWrapper.dispatch(MessageHubBackedObjectConnection.java:175)
	org.gradle.internal.remote.internal.hub.MessageHubBackedObjectConnection$DispatchWrapper.dispatch(MessageHubBackedObjectConnection.java:157)
	org.gradle.internal.remote.internal.hub.MessageHub$Handler.run(MessageHub.java:404)
	org.gradle.internal.concurrent.ExecutorPolicy$CatchAndRecordFailures.onExecute(ExecutorPolicy.java:63)
	org.gradle.internal.concurrent.ManagedExecutorImpl$1.run(ManagedExecutorImpl.java:46)
	java.util.concurrent.ThreadPoolExecutor.runWorker(ThreadPoolExecutor.java:1142)
	java.util.concurrent.ThreadPoolExecutor$Worker.run(ThreadPoolExecutor.java:617)
	org.gradle.internal.concurrent.ThreadFactoryImpl$ManagedThreadRunnable.run(ThreadFactoryImpl.java:55)
	java.lang.Thread.run(Thread.java:745)
01:35:01.168 [RxComputationThreadPool-2] ERROR i.n.u.ResourceLeakDetector - LEAK: ByteBuf.release() was not called before it's garbage-collected. See http://netty.io/wiki/reference-counted-objects.html for more information.
Recent access records: 
#1:
	io.netty.buffer.AdvancedLeakAwareByteBuf.toString(AdvancedLeakAwareByteBuf.java:742)
	io.rsocket.Payload.getMetadataUtf8(Payload.java:98)
	org.springframework.messaging.rsocket.DefaultRSocketRequesterTests.testSendMono(DefaultRSocketRequesterTests.java:94)
	org.springframework.messaging.rsocket.DefaultRSocketRequesterTests.sendMono(DefaultRSocketRequesterTests.java:79)
	sun.reflect.NativeMethodAccessorImpl.invoke0(Native Method)
	sun.reflect.NativeMethodAccessorImpl.invoke(NativeMethodAccessorImpl.java:62)
	sun.reflect.DelegatingMethodAccessorImpl.invoke(DelegatingMethodAccessorImpl.java:43)
	java.lang.reflect.Method.invoke(Method.java:497)
	org.junit.runners.model.FrameworkMethod$1.runReflectiveCall(FrameworkMethod.java:59)
	org.junit.internal.runners.model.ReflectiveCallable.run(ReflectiveCallable.java:12)
	org.junit.runners.model.FrameworkMethod.invokeExplosively(FrameworkMethod.java:56)
	org.junit.internal.runners.statements.InvokeMethod.evaluate(InvokeMethod.java:17)
	org.junit.internal.runners.statements.RunBefores.evaluate(RunBefores.java:26)
	org.junit.runners.ParentRunner$3.evaluate(ParentRunner.java:305)
	org.junit.runners.BlockJUnit4ClassRunner$1.evaluate(BlockJUnit4ClassRunner.java:100)
	org.junit.runners.ParentRunner.runLeaf(ParentRunner.java:365)
	org.junit.runners.BlockJUnit4ClassRunner.runChild(BlockJUnit4ClassRunner.java:103)
	org.junit.runners.BlockJUnit4ClassRunner.runChild(BlockJUnit4ClassRunner.java:63)
	org.junit.runners.ParentRunner$4.run(ParentRunner.java:330)
	org.junit.runners.ParentRunner$1.schedule(ParentRunner.java:78)
	org.junit.runners.ParentRunner.runChildren(ParentRunner.java:328)
	org.junit.runners.ParentRunner.access$100(ParentRunner.java:65)
	org.junit.runners.ParentRunner$2.evaluate(ParentRunner.java:292)
	org.junit.runners.ParentRunner$3.evaluate(ParentRunner.java:305)
	org.junit.runners.ParentRunner.run(ParentRunner.java:412)
	org.junit.runner.JUnitCore.run(JUnitCore.java:137)
	org.junit.runner.JUnitCore.run(JUnitCore.java:115)
	org.junit.vintage.engine.execution.RunnerExecutor.execute(RunnerExecutor.java:40)
	java.util.stream.ForEachOps$ForEachOp$OfRef.accept(ForEachOps.java:184)
	java.util.stream.ReferencePipeline$3$1.accept(ReferencePipeline.java:193)
	java.util.Iterator.forEachRemaining(Iterator.java:116)
	java.util.Spliterators$IteratorSpliterator.forEachRemaining(Spliterators.java:1801)
	java.util.stream.AbstractPipeline.copyInto(AbstractPipeline.java:481)
	java.util.stream.AbstractPipeline.wrapAndCopyInto(AbstractPipeline.java:471)
	java.util.stream.ForEachOps$ForEachOp.evaluateSequential(ForEachOps.java:151)
	java.util.stream.ForEachOps$ForEachOp$OfRef.evaluateSequential(ForEachOps.java:174)
	java.util.stream.AbstractPipeline.evaluate(AbstractPipeline.java:234)
	java.util.stream.ReferencePipeline.forEach(ReferencePipeline.java:418)
	org.junit.vintage.engine.VintageTestEngine.executeAllChildren(VintageTestEngine.java:80)
	org.junit.vintage.engine.VintageTestEngine.execute(VintageTestEngine.java:71)
	org.junit.platform.launcher.core.DefaultLauncher.execute(DefaultLauncher.java:229)
	org.junit.platform.launcher.core.DefaultLauncher.lambda$execute$6(DefaultLauncher.java:197)
	org.junit.platform.launcher.core.DefaultLauncher.withInterceptedStreams(DefaultLauncher.java:211)
	org.junit.platform.launcher.core.DefaultLauncher.execute(DefaultLauncher.java:191)
	org.junit.platform.launcher.core.DefaultLauncher.execute(DefaultLauncher.java:128)
	org.gradle.api.internal.tasks.testing.junitplatform.JUnitPlatformTestClassProcessor$CollectAllTestClassesExecutor.processAllTestClasses(JUnitPlatformTestClassProcessor.java:102)
	org.gradle.api.internal.tasks.testing.junitplatform.JUnitPlatformTestClassProcessor$CollectAllTestClassesExecutor.access$000(JUnitPlatformTestClassProcessor.java:82)
	org.gradle.api.internal.tasks.testing.junitplatform.JUnitPlatformTestClassProcessor.stop(JUnitPlatformTestClassProcessor.java:78)
	org.gradle.api.internal.tasks.testing.SuiteTestClassProcessor.stop(SuiteTestClassProcessor.java:61)
	sun.reflect.NativeMethodAccessorImpl.invoke0(Native Method)
	sun.reflect.NativeMethodAccessorImpl.invoke(NativeMethodAccessorImpl.java:62)
	sun.reflect.DelegatingMethodAccessorImpl.invoke(DelegatingMethodAccessorImpl.java:43)
	java.lang.reflect.Method.invoke(Method.java:497)
	org.gradle.internal.dispatch.ReflectionDispatch.dispatch(ReflectionDispatch.java:35)
	org.gradle.internal.dispatch.ReflectionDispatch.dispatch(ReflectionDispatch.java:24)
	org.gradle.internal.dispatch.ContextClassLoaderDispatch.dispatch(ContextClassLoaderDispatch.java:32)
	org.gradle.internal.dispatch.ProxyDispatchAdapter$DispatchingInvocationHandler.invoke(ProxyDispatchAdapter.java:93)
	com.sun.proxy.$Proxy2.stop(Unknown Source)
	org.gradle.api.internal.tasks.testing.worker.TestWorker.stop(TestWorker.java:132)
	sun.reflect.NativeMethodAccessorImpl.invoke0(Native Method)
	sun.reflect.NativeMethodAccessorImpl.invoke(NativeMethodAccessorImpl.java:62)
	sun.reflect.DelegatingMethodAccessorImpl.invoke(DelegatingMethodAccessorImpl.java:43)
	java.lang.reflect.Method.invoke(Method.java:497)
	org.gradle.internal.dispatch.ReflectionDispatch.dispatch(ReflectionDispatch.java:35)
	org.gradle.internal.dispatch.ReflectionDispatch.dispatch(ReflectionDispatch.java:24)
	org.gradle.internal.remote.internal.hub.MessageHubBackedObjectConnection$DispatchWrapper.dispatch(MessageHubBackedObjectConnection.java:175)
	org.gradle.internal.remote.internal.hub.MessageHubBackedObjectConnection$DispatchWrapper.dispatch(MessageHubBackedObjectConnection.java:157)
	org.gradle.internal.remote.internal.hub.MessageHub$Handler.run(MessageHub.java:404)
	org.gradle.internal.concurrent.ExecutorPolicy$CatchAndRecordFailures.onExecute(ExecutorPolicy.java:63)
	org.gradle.internal.concurrent.ManagedExecutorImpl$1.run(ManagedExecutorImpl.java:46)
	java.util.concurrent.ThreadPoolExecutor.runWorker(ThreadPoolExecutor.java:1142)
	java.util.concurrent.ThreadPoolExecutor$Worker.run(ThreadPoolExecutor.java:617)
	org.gradle.internal.concurrent.ThreadFactoryImpl$ManagedThreadRunnable.run(ThreadFactoryImpl.java:55)
	java.lang.Thread.run(Thread.java:745)
#2:
	io.netty.buffer.AdvancedLeakAwareByteBuf.slice(AdvancedLeakAwareByteBuf.java:76)
	io.rsocket.util.ByteBufPayload.sliceMetadata(ByteBufPayload.java:134)
	io.rsocket.Payload.getMetadataUtf8(Payload.java:98)
	org.springframework.messaging.rsocket.DefaultRSocketRequesterTests.testSendMono(DefaultRSocketRequesterTests.java:94)
	org.springframework.messaging.rsocket.DefaultRSocketRequesterTests.sendMono(DefaultRSocketRequesterTests.java:79)
	sun.reflect.NativeMethodAccessorImpl.invoke0(Native Method)
	sun.reflect.NativeMethodAccessorImpl.invoke(NativeMethodAccessorImpl.java:62)
	sun.reflect.DelegatingMethodAccessorImpl.invoke(DelegatingMethodAccessorImpl.java:43)
	java.lang.reflect.Method.invoke(Method.java:497)
	org.junit.runners.model.FrameworkMethod$1.runReflectiveCall(FrameworkMethod.java:59)
	org.junit.internal.runners.model.ReflectiveCallable.run(ReflectiveCallable.java:12)
	org.junit.runners.model.FrameworkMethod.invokeExplosively(FrameworkMethod.java:56)
	org.junit.internal.runners.statements.InvokeMethod.evaluate(InvokeMethod.java:17)
	org.junit.internal.runners.statements.RunBefores.evaluate(RunBefores.java:26)
	org.junit.runners.ParentRunner$3.evaluate(ParentRunner.java:305)
	org.junit.runners.BlockJUnit4ClassRunner$1.evaluate(BlockJUnit4ClassRunner.java:100)
	org.junit.runners.ParentRunner.runLeaf(ParentRunner.java:365)
	org.junit.runners.BlockJUnit4ClassRunner.runChild(BlockJUnit4ClassRunner.java:103)
	org.junit.runners.BlockJUnit4ClassRunner.runChild(BlockJUnit4ClassRunner.java:63)
	org.junit.runners.ParentRunner$4.run(ParentRunner.java:330)
	org.junit.runners.ParentRunner$1.schedule(ParentRunner.java:78)
	org.junit.runners.ParentRunner.runChildren(ParentRunner.java:328)
	org.junit.runners.ParentRunner.access$100(ParentRunner.java:65)
	org.junit.runners.ParentRunner$2.evaluate(ParentRunner.java:292)
	org.junit.runners.ParentRunner$3.evaluate(ParentRunner.java:305)
	org.junit.runners.ParentRunner.run(ParentRunner.java:412)
	org.junit.runner.JUnitCore.run(JUnitCore.java:137)
	org.junit.runner.JUnitCore.run(JUnitCore.java:115)
	org.junit.vintage.engine.execution.RunnerExecutor.execute(RunnerExecutor.java:40)
	java.util.stream.ForEachOps$ForEachOp$OfRef.accept(ForEachOps.java:184)
	java.util.stream.ReferencePipeline$3$1.accept(ReferencePipeline.java:193)
	java.util.Iterator.forEachRemaining(Iterator.java:116)
	java.util.Spliterators$IteratorSpliterator.forEachRemaining(Spliterators.java:1801)
	java.util.stream.AbstractPipeline.copyInto(AbstractPipeline.java:481)
	java.util.stream.AbstractPipeline.wrapAndCopyInto(AbstractPipeline.java:471)
	java.util.stream.ForEachOps$ForEachOp.evaluateSequential(ForEachOps.java:151)
	java.util.stream.ForEachOps$ForEachOp$OfRef.evaluateSequential(ForEachOps.java:174)
	java.util.stream.AbstractPipeline.evaluate(AbstractPipeline.java:234)
	java.util.stream.ReferencePipeline.forEach(ReferencePipeline.java:418)
	org.junit.vintage.engine.VintageTestEngine.executeAllChildren(VintageTestEngine.java:80)
	org.junit.vintage.engine.VintageTestEngine.execute(VintageTestEngine.java:71)
	org.junit.platform.launcher.core.DefaultLauncher.execute(DefaultLauncher.java:229)
	org.junit.platform.launcher.core.DefaultLauncher.lambda$execute$6(DefaultLauncher.java:197)
	org.junit.platform.launcher.core.DefaultLauncher.withInterceptedStreams(DefaultLauncher.java:211)
	org.junit.platform.launcher.core.DefaultLauncher.execute(DefaultLauncher.java:191)
	org.junit.platform.launcher.core.DefaultLauncher.execute(DefaultLauncher.java:128)
	org.gradle.api.internal.tasks.testing.junitplatform.JUnitPlatformTestClassProcessor$CollectAllTestClassesExecutor.processAllTestClasses(JUnitPlatformTestClassProcessor.java:102)
	org.gradle.api.internal.tasks.testing.junitplatform.JUnitPlatformTestClassProcessor$CollectAllTestClassesExecutor.access$000(JUnitPlatformTestClassProcessor.java:82)
	org.gradle.api.internal.tasks.testing.junitplatform.JUnitPlatformTestClassProcessor.stop(JUnitPlatformTestClassProcessor.java:78)
	org.gradle.api.internal.tasks.testing.SuiteTestClassProcessor.stop(SuiteTestClassProcessor.java:61)
	sun.reflect.NativeMethodAccessorImpl.invoke0(Native Method)
	sun.reflect.NativeMethodAccessorImpl.invoke(NativeMethodAccessorImpl.java:62)
	sun.reflect.DelegatingMethodAccessorImpl.invoke(DelegatingMethodAccessorImpl.java:43)
	java.lang.reflect.Method.invoke(Method.java:497)
	org.gradle.internal.dispatch.ReflectionDispatch.dispatch(ReflectionDispatch.java:35)
	org.gradle.internal.dispatch.ReflectionDispatch.dispatch(ReflectionDispatch.java:24)
	org.gradle.internal.dispatch.ContextClassLoaderDispatch.dispatch(ContextClassLoaderDispatch.java:32)
	org.gradle.internal.dispatch.ProxyDispatchAdapter$DispatchingInvocationHandler.invoke(ProxyDispatchAdapter.java:93)
	com.sun.proxy.$Proxy2.stop(Unknown Source)
	org.gradle.api.internal.tasks.testing.worker.TestWorker.stop(TestWorker.java:132)
	sun.reflect.NativeMethodAccessorImpl.invoke0(Native Method)
	sun.reflect.NativeMethodAccessorImpl.invoke(NativeMethodAccessorImpl.java:62)
	sun.reflect.DelegatingMethodAccessorImpl.invoke(DelegatingMethodAccessorImpl.java:43)
	java.lang.reflect.Method.invoke(Method.java:497)
	org.gradle.internal.dispatch.ReflectionDispatch.dispatch(ReflectionDispatch.java:35)
	org.gradle.internal.dispatch.ReflectionDispatch.dispatch(ReflectionDispatch.java:24)
	org.gradle.internal.remote.internal.hub.MessageHubBackedObjectConnection$DispatchWrapper.dispatch(MessageHubBackedObjectConnection.java:175)
	org.gradle.internal.remote.internal.hub.MessageHubBackedObjectConnection$DispatchWrapper.dispatch(MessageHubBackedObjectConnection.java:157)
	org.gradle.internal.remote.internal.hub.MessageHub$Handler.run(MessageHub.java:404)
	org.gradle.internal.concurrent.ExecutorPolicy$CatchAndRecordFailures.onExecute(ExecutorPolicy.java:63)
	org.gradle.internal.concurrent.ManagedExecutorImpl$1.run(ManagedExecutorImpl.java:46)
	java.util.concurrent.ThreadPoolExecutor.runWorker(ThreadPoolExecutor.java:1142)
	java.util.concurrent.ThreadPoolExecutor$Worker.run(ThreadPoolExecutor.java:617)
	org.gradle.internal.concurrent.ThreadFactoryImpl$ManagedThreadRunnable.run(ThreadFactoryImpl.java:55)
	java.lang.Thread.run(Thread.java:745)
Created at:
	io.netty.buffer.PooledByteBufAllocator.newDirectBuffer(PooledByteBufAllocator.java:349)
	io.netty.buffer.AbstractByteBufAllocator.directBuffer(AbstractByteBufAllocator.java:187)
	io.netty.buffer.AbstractByteBufAllocator.directBuffer(AbstractByteBufAllocator.java:178)
	io.netty.buffer.AbstractByteBufAllocator.buffer(AbstractByteBufAllocator.java:115)
	org.springframework.core.io.buffer.NettyDataBufferFactory.allocateBuffer(NettyDataBufferFactory.java:71)
	org.springframework.core.io.buffer.NettyDataBufferFactory.allocateBuffer(NettyDataBufferFactory.java:39)
	org.springframework.core.codec.CharSequenceEncoder.encodeValue(CharSequenceEncoder.java:91)
	org.springframework.core.codec.CharSequenceEncoder.encodeValue(CharSequenceEncoder.java:47)
	org.springframework.messaging.rsocket.MetadataEncoder.encodeEntry(MetadataEncoder.java:229)
	org.springframework.messaging.rsocket.MetadataEncoder.encode(MetadataEncoder.java:197)
	org.springframework.messaging.rsocket.DefaultRSocketRequester$DefaultRequestSpec.firstPayload(DefaultRSocketRequester.java:232)
	reactor.core.publisher.FluxMap$MapSubscriber.onNext(FluxMap.java:100)
	reactor.core.publisher.FluxMap$MapSubscriber.onNext(FluxMap.java:114)
	reactor.core.publisher.FluxMap$MapSubscriber.onNext(FluxMap.java:114)
	reactor.core.publisher.MonoDelay$MonoDelayRunnable.run(MonoDelay.java:117)
	reactor.core.scheduler.SchedulerTask.call(SchedulerTask.java:68)
	reactor.core.scheduler.SchedulerTask.call(SchedulerTask.java:28)
	java.util.concurrent.FutureTask.run(FutureTask.java:266)
	java.util.concurrent.ScheduledThreadPoolExecutor$ScheduledFutureTask.access$201(ScheduledThreadPoolExecutor.java:180)
	java.util.concurrent.ScheduledThreadPoolExecutor$ScheduledFutureTask.run(ScheduledThreadPoolExecutor.java:293)
	java.util.concurrent.ThreadPoolExecutor.runWorker(ThreadPoolExecutor.java:1142)
	java.util.concurrent.ThreadPoolExecutor$Worker.run(ThreadPoolExecutor.java:617)
	java.lang.Thread.run(Thread.java:745)
01:35:01.169 [RxComputationThreadPool-2] ERROR i.n.u.ResourceLeakDetector - LEAK: ByteBuf.release() was not called before it's garbage-collected. See http://netty.io/wiki/reference-counted-objects.html for more information.
Recent access records: 
#1:
	io.netty.buffer.AdvancedLeakAwareByteBuf.toString(AdvancedLeakAwareByteBuf.java:742)
	io.rsocket.Payload.getMetadataUtf8(Payload.java:98)
	java.util.stream.ReferencePipeline$3$1.accept(ReferencePipeline.java:193)
	java.util.ArrayList$ArrayListSpliterator.forEachRemaining(ArrayList.java:1374)
	java.util.stream.AbstractPipeline.copyInto(AbstractPipeline.java:481)
	java.util.stream.AbstractPipeline.wrapAndCopyInto(AbstractPipeline.java:471)
	java.util.stream.AbstractPipeline.evaluate(AbstractPipeline.java:545)
	java.util.stream.AbstractPipeline.evaluateToArrayNode(AbstractPipeline.java:260)
	java.util.stream.ReferencePipeline.toArray(ReferencePipeline.java:438)
	org.springframework.messaging.rsocket.DefaultRSocketRequesterTests.testSendFlux(DefaultRSocketRequesterTests.java:128)
	org.springframework.messaging.rsocket.DefaultRSocketRequesterTests.sendFlux(DefaultRSocketRequesterTests.java:110)
	sun.reflect.NativeMethodAccessorImpl.invoke0(Native Method)
	sun.reflect.NativeMethodAccessorImpl.invoke(NativeMethodAccessorImpl.java:62)
	sun.reflect.DelegatingMethodAccessorImpl.invoke(DelegatingMethodAccessorImpl.java:43)
	java.lang.reflect.Method.invoke(Method.java:497)
	org.junit.runners.model.FrameworkMethod$1.runReflectiveCall(FrameworkMethod.java:59)
	org.junit.internal.runners.model.ReflectiveCallable.run(ReflectiveCallable.java:12)
	org.junit.runners.model.FrameworkMethod.invokeExplosively(FrameworkMethod.java:56)
	org.junit.internal.runners.statements.InvokeMethod.evaluate(InvokeMethod.java:17)
	org.junit.internal.runners.statements.RunBefores.evaluate(RunBefores.java:26)
	org.junit.runners.ParentRunner$3.evaluate(ParentRunner.java:305)
	org.junit.runners.BlockJUnit4ClassRunner$1.evaluate(BlockJUnit4ClassRunner.java:100)
	org.junit.runners.ParentRunner.runLeaf(ParentRunner.java:365)
	org.junit.runners.BlockJUnit4ClassRunner.runChild(BlockJUnit4ClassRunner.java:103)
	org.junit.runners.BlockJUnit4ClassRunner.runChild(BlockJUnit4ClassRunner.java:63)
	org.junit.runners.ParentRunner$4.run(ParentRunner.java:330)
	org.junit.runners.ParentRunner$1.schedule(ParentRunner.java:78)
	org.junit.runners.ParentRunner.runChildren(ParentRunner.java:328)
	org.junit.runners.ParentRunner.access$100(ParentRunner.java:65)
	org.junit.runners.ParentRunner$2.evaluate(ParentRunner.java:292)
	org.junit.runners.ParentRunner$3.evaluate(ParentRunner.java:305)
	org.junit.runners.ParentRunner.run(ParentRunner.java:412)
	org.junit.runner.JUnitCore.run(JUnitCore.java:137)
	org.junit.runner.JUnitCore.run(JUnitCore.java:115)
	org.junit.vintage.engine.execution.RunnerExecutor.execute(RunnerExecutor.java:40)
	java.util.stream.ForEachOps$ForEachOp$OfRef.accept(ForEachOps.java:184)
	java.util.stream.ReferencePipeline$3$1.accept(ReferencePipeline.java:193)
	java.util.Iterator.forEachRemaining(Iterator.java:116)
	java.util.Spliterators$IteratorSpliterator.forEachRemaining(Spliterators.java:1801)
	java.util.stream.AbstractPipeline.copyInto(AbstractPipeline.java:481)
	java.util.stream.AbstractPipeline.wrapAndCopyInto(AbstractPipeline.java:471)
	java.util.stream.ForEachOps$ForEachOp.evaluateSequential(ForEachOps.java:151)
	java.util.stream.ForEachOps$ForEachOp$OfRef.evaluateSequential(ForEachOps.java:174)
	java.util.stream.AbstractPipeline.evaluate(AbstractPipeline.java:234)
	java.util.stream.ReferencePipeline.forEach(ReferencePipeline.java:418)
	org.junit.vintage.engine.VintageTestEngine.executeAllChildren(VintageTestEngine.java:80)
	org.junit.vintage.engine.VintageTestEngine.execute(VintageTestEngine.java:71)
	org.junit.platform.launcher.core.DefaultLauncher.execute(DefaultLauncher.java:229)
	org.junit.platform.launcher.core.DefaultLauncher.lambda$execute$6(DefaultLauncher.java:197)
	org.junit.platform.launcher.core.DefaultLauncher.withInterceptedStreams(DefaultLauncher.java:211)
	org.junit.platform.launcher.core.DefaultLauncher.execute(DefaultLauncher.java:191)
	org.junit.platform.launcher.core.DefaultLauncher.execute(DefaultLauncher.java:128)
	org.gradle.api.internal.tasks.testing.junitplatform.JUnitPlatformTestClassProcessor$CollectAllTestClassesExecutor.processAllTestClasses(JUnitPlatformTestClassProcessor.java:102)
	org.gradle.api.internal.tasks.testing.junitplatform.JUnitPlatformTestClassProcessor$CollectAllTestClassesExecutor.access$000(JUnitPlatformTestClassProcessor.java:82)
	org.gradle.api.internal.tasks.testing.junitplatform.JUnitPlatformTestClassProcessor.stop(JUnitPlatformTestClassProcessor.java:78)
	org.gradle.api.internal.tasks.testing.SuiteTestClassProcessor.stop(SuiteTestClassProcessor.java:61)
	sun.reflect.NativeMethodAccessorImpl.invoke0(Native Method)
	sun.reflect.NativeMethodAccessorImpl.invoke(NativeMethodAccessorImpl.java:62)
	sun.reflect.DelegatingMethodAccessorImpl.invoke(DelegatingMethodAccessorImpl.java:43)
	java.lang.reflect.Method.invoke(Method.java:497)
	org.gradle.internal.dispatch.ReflectionDispatch.dispatch(ReflectionDispatch.java:35)
	org.gradle.internal.dispatch.ReflectionDispatch.dispatch(ReflectionDispatch.java:24)
	org.gradle.internal.dispatch.ContextClassLoaderDispatch.dispatch(ContextClassLoaderDispatch.java:32)
	org.gradle.internal.dispatch.ProxyDispatchAdapter$DispatchingInvocationHandler.invoke(ProxyDispatchAdapter.java:93)
	com.sun.proxy.$Proxy2.stop(Unknown Source)
	org.gradle.api.internal.tasks.testing.worker.TestWorker.stop(TestWorker.java:132)
	sun.reflect.NativeMethodAccessorImpl.invoke0(Native Method)
	sun.reflect.NativeMethodAccessorImpl.invoke(NativeMethodAccessorImpl.java:62)
	sun.reflect.DelegatingMethodAccessorImpl.invoke(DelegatingMethodAccessorImpl.java:43)
	java.lang.reflect.Method.invoke(Method.java:497)
	org.gradle.internal.dispatch.ReflectionDispatch.dispatch(ReflectionDispatch.java:35)
	org.gradle.internal.dispatch.ReflectionDispatch.dispatch(ReflectionDispatch.java:24)
	org.gradle.internal.remote.internal.hub.MessageHubBackedObjectConnection$DispatchWrapper.dispatch(MessageHubBackedObjectConnection.java:175)
	org.gradle.internal.remote.internal.hub.MessageHubBackedObjectConnection$DispatchWrapper.dispatch(MessageHubBackedObjectConnection.java:157)
	org.gradle.internal.remote.internal.hub.MessageHub$Handler.run(MessageHub.java:404)
	org.gradle.internal.concurrent.ExecutorPolicy$CatchAndRecordFailures.onExecute(ExecutorPolicy.java:63)
	org.gradle.internal.concurrent.ManagedExecutorImpl$1.run(ManagedExecutorImpl.java:46)
	java.util.concurrent.ThreadPoolExecutor.runWorker(ThreadPoolExecutor.java:1142)
	java.util.concurrent.ThreadPoolExecutor$Worker.run(ThreadPoolExecutor.java:617)
	org.gradle.internal.concurrent.ThreadFactoryImpl$ManagedThreadRunnable.run(ThreadFactoryImpl.java:55)
	java.lang.Thread.run(Thread.java:745)
#2:
	io.netty.buffer.AdvancedLeakAwareByteBuf.slice(AdvancedLeakAwareByteBuf.java:76)
	io.rsocket.util.ByteBufPayload.sliceMetadata(ByteBufPayload.java:134)
	io.rsocket.Payload.getMetadataUtf8(Payload.java:98)
	java.util.stream.ReferencePipeline$3$1.accept(ReferencePipeline.java:193)
	java.util.ArrayList$ArrayListSpliterator.forEachRemaining(ArrayList.java:1374)
	java.util.stream.AbstractPipeline.copyInto(AbstractPipeline.java:481)
	java.util.stream.AbstractPipeline.wrapAndCopyInto(AbstractPipeline.java:471)
	java.util.stream.AbstractPipeline.evaluate(AbstractPipeline.java:545)
	java.util.stream.AbstractPipeline.evaluateToArrayNode(AbstractPipeline.java:260)
	java.util.stream.ReferencePipeline.toArray(ReferencePipeline.java:438)
	org.springframework.messaging.rsocket.DefaultRSocketRequesterTests.testSendFlux(DefaultRSocketRequesterTests.java:128)
	org.springframework.messaging.rsocket.DefaultRSocketRequesterTests.sendFlux(DefaultRSocketRequesterTests.java:110)
	sun.reflect.NativeMethodAccessorImpl.invoke0(Native Method)
	sun.reflect.NativeMethodAccessorImpl.invoke(NativeMethodAccessorImpl.java:62)
	sun.reflect.DelegatingMethodAccessorImpl.invoke(DelegatingMethodAccessorImpl.java:43)
	java.lang.reflect.Method.invoke(Method.java:497)
	org.junit.runners.model.FrameworkMethod$1.runReflectiveCall(FrameworkMethod.java:59)
	org.junit.internal.runners.model.ReflectiveCallable.run(ReflectiveCallable.java:12)
	org.junit.runners.model.FrameworkMethod.invokeExplosively(FrameworkMethod.java:56)
	org.junit.internal.runners.statements.InvokeMethod.evaluate(InvokeMethod.java:17)
	org.junit.internal.runners.statements.RunBefores.evaluate(RunBefores.java:26)
	org.junit.runners.ParentRunner$3.evaluate(ParentRunner.java:305)
	org.junit.runners.BlockJUnit4ClassRunner$1.evaluate(BlockJUnit4ClassRunner.java:100)
	org.junit.runners.ParentRunner.runLeaf(ParentRunner.java:365)
	org.junit.runners.BlockJUnit4ClassRunner.runChild(BlockJUnit4ClassRunner.java:103)
	org.junit.runners.BlockJUnit4ClassRunner.runChild(BlockJUnit4ClassRunner.java:63)
	org.junit.runners.ParentRunner$4.run(ParentRunner.java:330)
	org.junit.runners.ParentRunner$1.schedule(ParentRunner.java:78)
	org.junit.runners.ParentRunner.runChildren(ParentRunner.java:328)
	org.junit.runners.ParentRunner.access$100(ParentRunner.java:65)
	org.junit.runners.ParentRunner$2.evaluate(ParentRunner.java:292)
	org.junit.runners.ParentRunner$3.evaluate(ParentRunner.java:305)
	org.junit.runners.ParentRunner.run(ParentRunner.java:412)
	org.junit.runner.JUnitCore.run(JUnitCore.java:137)
	org.junit.runner.JUnitCore.run(JUnitCore.java:115)
	org.junit.vintage.engine.execution.RunnerExecutor.execute(RunnerExecutor.java:40)
	java.util.stream.ForEachOps$ForEachOp$OfRef.accept(ForEachOps.java:184)
	java.util.stream.ReferencePipeline$3$1.accept(ReferencePipeline.java:193)
	java.util.Iterator.forEachRemaining(Iterator.java:116)
	java.util.Spliterators$IteratorSpliterator.forEachRemaining(Spliterators.java:1801)
	java.util.stream.AbstractPipeline.copyInto(AbstractPipeline.java:481)
	java.util.stream.AbstractPipeline.wrapAndCopyInto(AbstractPipeline.java:471)
	java.util.stream.ForEachOps$ForEachOp.evaluateSequential(ForEachOps.java:151)
	java.util.stream.ForEachOps$ForEachOp$OfRef.evaluateSequential(ForEachOps.java:174)
	java.util.stream.AbstractPipeline.evaluate(AbstractPipeline.java:234)
	java.util.stream.ReferencePipeline.forEach(ReferencePipeline.java:418)
	org.junit.vintage.engine.VintageTestEngine.executeAllChildren(VintageTestEngine.java:80)
	org.junit.vintage.engine.VintageTestEngine.execute(VintageTestEngine.java:71)
	org.junit.platform.launcher.core.DefaultLauncher.execute(DefaultLauncher.java:229)
	org.junit.platform.launcher.core.DefaultLauncher.lambda$execute$6(DefaultLauncher.java:197)
	org.junit.platform.launcher.core.DefaultLauncher.withInterceptedStreams(DefaultLauncher.java:211)
	org.junit.platform.launcher.core.DefaultLauncher.execute(DefaultLauncher.java:191)
	org.junit.platform.launcher.core.DefaultLauncher.execute(DefaultLauncher.java:128)
	org.gradle.api.internal.tasks.testing.junitplatform.JUnitPlatformTestClassProcessor$CollectAllTestClassesExecutor.processAllTestClasses(JUnitPlatformTestClassProcessor.java:102)
	org.gradle.api.internal.tasks.testing.junitplatform.JUnitPlatformTestClassProcessor$CollectAllTestClassesExecutor.access$000(JUnitPlatformTestClassProcessor.java:82)
	org.gradle.api.internal.tasks.testing.junitplatform.JUnitPlatformTestClassProcessor.stop(JUnitPlatformTestClassProcessor.java:78)
	org.gradle.api.internal.tasks.testing.SuiteTestClassProcessor.stop(SuiteTestClassProcessor.java:61)
	sun.reflect.NativeMethodAccessorImpl.invoke0(Native Method)
	sun.reflect.NativeMethodAccessorImpl.invoke(NativeMethodAccessorImpl.java:62)
	sun.reflect.DelegatingMethodAccessorImpl.invoke(DelegatingMethodAccessorImpl.java:43)
	java.lang.reflect.Method.invoke(Method.java:497)
	org.gradle.internal.dispatch.ReflectionDispatch.dispatch(ReflectionDispatch.java:35)
	org.gradle.internal.dispatch.ReflectionDispatch.dispatch(ReflectionDispatch.java:24)
	org.gradle.internal.dispatch.ContextClassLoaderDispatch.dispatch(ContextClassLoaderDispatch.java:32)
	org.gradle.internal.dispatch.ProxyDispatchAdapter$DispatchingInvocationHandler.invoke(ProxyDispatchAdapter.java:93)
	com.sun.proxy.$Proxy2.stop(Unknown Source)
	org.gradle.api.internal.tasks.testing.worker.TestWorker.stop(TestWorker.java:132)
	sun.reflect.NativeMethodAccessorImpl.invoke0(Native Method)
	sun.reflect.NativeMethodAccessorImpl.invoke(NativeMethodAccessorImpl.java:62)
	sun.reflect.DelegatingMethodAccessorImpl.invoke(DelegatingMethodAccessorImpl.java:43)
	java.lang.reflect.Method.invoke(Method.java:497)
	org.gradle.internal.dispatch.ReflectionDispatch.dispatch(ReflectionDispatch.java:35)
	org.gradle.internal.dispatch.ReflectionDispatch.dispatch(ReflectionDispatch.java:24)
	org.gradle.internal.remote.internal.hub.MessageHubBackedObjectConnection$DispatchWrapper.dispatch(MessageHubBackedObjectConnection.java:175)
	org.gradle.internal.remote.internal.hub.MessageHubBackedObjectConnection$DispatchWrapper.dispatch(MessageHubBackedObjectConnection.java:157)
	org.gradle.internal.remote.internal.hub.MessageHub$Handler.run(MessageHub.java:404)
	org.gradle.internal.concurrent.ExecutorPolicy$CatchAndRecordFailures.onExecute(ExecutorPolicy.java:63)
	org.gradle.internal.concurrent.ManagedExecutorImpl$1.run(ManagedExecutorImpl.java:46)
	java.util.concurrent.ThreadPoolExecutor.runWorker(ThreadPoolExecutor.java:1142)
	java.util.concurrent.ThreadPoolExecutor$Worker.run(ThreadPoolExecutor.java:617)
	org.gradle.internal.concurrent.ThreadFactoryImpl$ManagedThreadRunnable.run(ThreadFactoryImpl.java:55)
	java.lang.Thread.run(Thread.java:745)
Created at:
	io.netty.buffer.PooledByteBufAllocator.newDirectBuffer(PooledByteBufAllocator.java:349)
	io.netty.buffer.AbstractByteBufAllocator.directBuffer(AbstractByteBufAllocator.java:187)
	io.netty.buffer.AbstractByteBufAllocator.directBuffer(AbstractByteBufAllocator.java:178)
	io.netty.buffer.AbstractByteBufAllocator.buffer(AbstractByteBufAllocator.java:115)
	org.springframework.core.io.buffer.NettyDataBufferFactory.allocateBuffer(NettyDataBufferFactory.java:71)
	org.springframework.core.io.buffer.NettyDataBufferFactory.allocateBuffer(NettyDataBufferFactory.java:39)
	org.springframework.core.codec.CharSequenceEncoder.encodeValue(CharSequenceEncoder.java:91)
	org.springframework.core.codec.CharSequenceEncoder.encodeValue(CharSequenceEncoder.java:47)
	org.springframework.messaging.rsocket.MetadataEncoder.encodeEntry(MetadataEncoder.java:229)
	org.springframework.messaging.rsocket.MetadataEncoder.encode(MetadataEncoder.java:197)
	org.springframework.messaging.rsocket.DefaultRSocketRequester$DefaultRequestSpec.firstPayload(DefaultRSocketRequester.java:232)
	org.springframework.messaging.rsocket.DefaultRSocketRequester$DefaultRequestSpec.lambda$null$56(DefaultRSocketRequester.java:204)
	reactor.core.publisher.MonoCallable.subscribe(MonoCallable.java:56)
	reactor.core.publisher.Mono.subscribe(Mono.java:3920)
	reactor.core.publisher.FluxConcatArray$ConcatArraySubscriber.onComplete(FluxConcatArray.java:207)
	reactor.core.publisher.FluxConcatArray.subscribe(FluxConcatArray.java:80)
	reactor.core.publisher.Flux.subscribe(Flux.java:8000)
	reactor.core.publisher.FluxSwitchOnFirst$AbstractSwitchOnFirstInner.onNext(FluxSwitchOnFirst.java:180)
	reactor.core.publisher.FluxMap$MapConditionalSubscriber.onNext(FluxMap.java:213)
	reactor.core.publisher.FluxConcatMap$ConcatMapImmediate.innerNext(FluxConcatMap.java:274)
	reactor.core.publisher.FluxConcatMap$ConcatMapInner.onNext(FluxConcatMap.java:851)
	reactor.core.publisher.Operators$MonoSubscriber.complete(Operators.java:1582)
	reactor.core.publisher.MonoDelayUntil$DelayUntilCoordinator.signal(MonoDelayUntil.java:231)
	reactor.core.publisher.MonoDelayUntil$DelayUntilTrigger.onComplete(MonoDelayUntil.java:310)
	reactor.core.publisher.MonoDelay$MonoDelayRunnable.run(MonoDelay.java:118)
	reactor.core.scheduler.SchedulerTask.call(SchedulerTask.java:68)
	reactor.core.scheduler.SchedulerTask.call(SchedulerTask.java:28)
	java.util.concurrent.FutureTask.run(FutureTask.java:266)
	java.util.concurrent.ScheduledThreadPoolExecutor$ScheduledFutureTask.access$201(ScheduledThreadPoolExecutor.java:180)
	java.util.concurrent.ScheduledThreadPoolExecutor$ScheduledFutureTask.run(ScheduledThreadPoolExecutor.java:293)
	java.util.concurrent.ThreadPoolExecutor.runWorker(ThreadPoolExecutor.java:1142)
	java.util.concurrent.ThreadPoolExecutor$Worker.run(ThreadPoolExecutor.java:617)
	java.lang.Thread.run(Thread.java:745)
01:35:01.170 [RxComputationThreadPool-2] ERROR i.n.u.ResourceLeakDetector - LEAK: ByteBuf.release() was not called before it's garbage-collected. See http://netty.io/wiki/reference-counted-objects.html for more information.
Recent access records: 
#1:
	io.netty.buffer.AdvancedLeakAwareByteBuf.toString(AdvancedLeakAwareByteBuf.java:742)
	io.rsocket.Payload.getDataUtf8(Payload.java:102)
	org.springframework.messaging.rsocket.DefaultRSocketRequesterTests.testSendMono(DefaultRSocketRequesterTests.java:95)
	org.springframework.messaging.rsocket.DefaultRSocketRequesterTests.sendMono(DefaultRSocketRequesterTests.java:79)
	sun.reflect.NativeMethodAccessorImpl.invoke0(Native Method)
	sun.reflect.NativeMethodAccessorImpl.invoke(NativeMethodAccessorImpl.java:62)
	sun.reflect.DelegatingMethodAccessorImpl.invoke(DelegatingMethodAccessorImpl.java:43)
	java.lang.reflect.Method.invoke(Method.java:497)
	org.junit.runners.model.FrameworkMethod$1.runReflectiveCall(FrameworkMethod.java:59)
	org.junit.internal.runners.model.ReflectiveCallable.run(ReflectiveCallable.java:12)
	org.junit.runners.model.FrameworkMethod.invokeExplosively(FrameworkMethod.java:56)
	org.junit.internal.runners.statements.InvokeMethod.evaluate(InvokeMethod.java:17)
	org.junit.internal.runners.statements.RunBefores.evaluate(RunBefores.java:26)
	org.junit.runners.ParentRunner$3.evaluate(ParentRunner.java:305)
	org.junit.runners.BlockJUnit4ClassRunner$1.evaluate(BlockJUnit4ClassRunner.java:100)
	org.junit.runners.ParentRunner.runLeaf(ParentRunner.java:365)
	org.junit.runners.BlockJUnit4ClassRunner.runChild(BlockJUnit4ClassRunner.java:103)
	org.junit.runners.BlockJUnit4ClassRunner.runChild(BlockJUnit4ClassRunner.java:63)
	org.junit.runners.ParentRunner$4.run(ParentRunner.java:330)
	org.junit.runners.ParentRunner$1.schedule(ParentRunner.java:78)
	org.junit.runners.ParentRunner.runChildren(ParentRunner.java:328)
	org.junit.runners.ParentRunner.access$100(ParentRunner.java:65)
	org.junit.runners.ParentRunner$2.evaluate(ParentRunner.java:292)
	org.junit.runners.ParentRunner$3.evaluate(ParentRunner.java:305)
	org.junit.runners.ParentRunner.run(ParentRunner.java:412)
	org.junit.runner.JUnitCore.run(JUnitCore.java:137)
	org.junit.runner.JUnitCore.run(JUnitCore.java:115)
	org.junit.vintage.engine.execution.RunnerExecutor.execute(RunnerExecutor.java:40)
	java.util.stream.ForEachOps$ForEachOp$OfRef.accept(ForEachOps.java:184)
	java.util.stream.ReferencePipeline$3$1.accept(ReferencePipeline.java:193)
	java.util.Iterator.forEachRemaining(Iterator.java:116)
	java.util.Spliterators$IteratorSpliterator.forEachRemaining(Spliterators.java:1801)
	java.util.stream.AbstractPipeline.copyInto(AbstractPipeline.java:481)
	java.util.stream.AbstractPipeline.wrapAndCopyInto(AbstractPipeline.java:471)
	java.util.stream.ForEachOps$ForEachOp.evaluateSequential(ForEachOps.java:151)
	java.util.stream.ForEachOps$ForEachOp$OfRef.evaluateSequential(ForEachOps.java:174)
	java.util.stream.AbstractPipeline.evaluate(AbstractPipeline.java:234)
	java.util.stream.ReferencePipeline.forEach(ReferencePipeline.java:418)
	org.junit.vintage.engine.VintageTestEngine.executeAllChildren(VintageTestEngine.java:80)
	org.junit.vintage.engine.VintageTestEngine.execute(VintageTestEngine.java:71)
	org.junit.platform.launcher.core.DefaultLauncher.execute(DefaultLauncher.java:229)
	org.junit.platform.launcher.core.DefaultLauncher.lambda$execute$6(DefaultLauncher.java:197)
	org.junit.platform.launcher.core.DefaultLauncher.withInterceptedStreams(DefaultLauncher.java:211)
	org.junit.platform.launcher.core.DefaultLauncher.execute(DefaultLauncher.java:191)
	org.junit.platform.launcher.core.DefaultLauncher.execute(DefaultLauncher.java:128)
	org.gradle.api.internal.tasks.testing.junitplatform.JUnitPlatformTestClassProcessor$CollectAllTestClassesExecutor.processAllTestClasses(JUnitPlatformTestClassProcessor.java:102)
	org.gradle.api.internal.tasks.testing.junitplatform.JUnitPlatformTestClassProcessor$CollectAllTestClassesExecutor.access$000(JUnitPlatformTestClassProcessor.java:82)
	org.gradle.api.internal.tasks.testing.junitplatform.JUnitPlatformTestClassProcessor.stop(JUnitPlatformTestClassProcessor.java:78)
	org.gradle.api.internal.tasks.testing.SuiteTestClassProcessor.stop(SuiteTestClassProcessor.java:61)
	sun.reflect.NativeMethodAccessorImpl.invoke0(Native Method)
	sun.reflect.NativeMethodAccessorImpl.invoke(NativeMethodAccessorImpl.java:62)
	sun.reflect.DelegatingMethodAccessorImpl.invoke(DelegatingMethodAccessorImpl.java:43)
	java.lang.reflect.Method.invoke(Method.java:497)
	org.gradle.internal.dispatch.ReflectionDispatch.dispatch(ReflectionDispatch.java:35)
	org.gradle.internal.dispatch.ReflectionDispatch.dispatch(ReflectionDispatch.java:24)
	org.gradle.internal.dispatch.ContextClassLoaderDispatch.dispatch(ContextClassLoaderDispatch.java:32)
	org.gradle.internal.dispatch.ProxyDispatchAdapter$DispatchingInvocationHandler.invoke(ProxyDispatchAdapter.java:93)
	com.sun.proxy.$Proxy2.stop(Unknown Source)
	org.gradle.api.internal.tasks.testing.worker.TestWorker.stop(TestWorker.java:132)
	sun.reflect.NativeMethodAccessorImpl.invoke0(Native Method)
	sun.reflect.NativeMethodAccessorImpl.invoke(NativeMethodAccessorImpl.java:62)
	sun.reflect.DelegatingMethodAccessorImpl.invoke(DelegatingMethodAccessorImpl.java:43)
	java.lang.reflect.Method.invoke(Method.java:497)
	org.gradle.internal.dispatch.ReflectionDispatch.dispatch(ReflectionDispatch.java:35)
	org.gradle.internal.dispatch.ReflectionDispatch.dispatch(ReflectionDispatch.java:24)
	org.gradle.internal.remote.internal.hub.MessageHubBackedObjectConnection$DispatchWrapper.dispatch(MessageHubBackedObjectConnection.java:175)
	org.gradle.internal.remote.internal.hub.MessageHubBackedObjectConnection$DispatchWrapper.dispatch(MessageHubBackedObjectConnection.java:157)
	org.gradle.internal.remote.internal.hub.MessageHub$Handler.run(MessageHub.java:404)
	org.gradle.internal.concurrent.ExecutorPolicy$CatchAndRecordFailures.onExecute(ExecutorPolicy.java:63)
	org.gradle.internal.concurrent.ManagedExecutorImpl$1.run(ManagedExecutorImpl.java:46)
	java.util.concurrent.ThreadPoolExecutor.runWorker(ThreadPoolExecutor.java:1142)
	java.util.concurrent.ThreadPoolExecutor$Worker.run(ThreadPoolExecutor.java:617)
	org.gradle.internal.concurrent.ThreadFactoryImpl$ManagedThreadRunnable.run(ThreadFactoryImpl.java:55)
	java.lang.Thread.run(Thread.java:745)
#2:
	io.netty.buffer.AdvancedLeakAwareByteBuf.slice(AdvancedLeakAwareByteBuf.java:76)
	io.rsocket.util.ByteBufPayload.sliceData(ByteBufPayload.java:149)
	io.rsocket.Payload.getDataUtf8(Payload.java:102)
	org.springframework.messaging.rsocket.DefaultRSocketRequesterTests.testSendMono(DefaultRSocketRequesterTests.java:95)
	org.springframework.messaging.rsocket.DefaultRSocketRequesterTests.sendMono(DefaultRSocketRequesterTests.java:79)
	sun.reflect.NativeMethodAccessorImpl.invoke0(Native Method)
	sun.reflect.NativeMethodAccessorImpl.invoke(NativeMethodAccessorImpl.java:62)
	sun.reflect.DelegatingMethodAccessorImpl.invoke(DelegatingMethodAccessorImpl.java:43)
	java.lang.reflect.Method.invoke(Method.java:497)
	org.junit.runners.model.FrameworkMethod$1.runReflectiveCall(FrameworkMethod.java:59)
	org.junit.internal.runners.model.ReflectiveCallable.run(ReflectiveCallable.java:12)
	org.junit.runners.model.FrameworkMethod.invokeExplosively(FrameworkMethod.java:56)
	org.junit.internal.runners.statements.InvokeMethod.evaluate(InvokeMethod.java:17)
	org.junit.internal.runners.statements.RunBefores.evaluate(RunBefores.java:26)
	org.junit.runners.ParentRunner$3.evaluate(ParentRunner.java:305)
	org.junit.runners.BlockJUnit4ClassRunner$1.evaluate(BlockJUnit4ClassRunner.java:100)
	org.junit.runners.ParentRunner.runLeaf(ParentRunner.java:365)
	org.junit.runners.BlockJUnit4ClassRunner.runChild(BlockJUnit4ClassRunner.java:103)
	org.junit.runners.BlockJUnit4ClassRunner.runChild(BlockJUnit4ClassRunner.java:63)
	org.junit.runners.ParentRunner$4.run(ParentRunner.java:330)
	org.junit.runners.ParentRunner$1.schedule(ParentRunner.java:78)
	org.junit.runners.ParentRunner.runChildren(ParentRunner.java:328)
	org.junit.runners.ParentRunner.access$100(ParentRunner.java:65)
	org.junit.runners.ParentRunner$2.evaluate(ParentRunner.java:292)
	org.junit.runners.ParentRunner$3.evaluate(ParentRunner.java:305)
	org.junit.runners.ParentRunner.run(ParentRunner.java:412)
	org.junit.runner.JUnitCore.run(JUnitCore.java:137)
	org.junit.runner.JUnitCore.run(JUnitCore.java:115)
	org.junit.vintage.engine.execution.RunnerExecutor.execute(RunnerExecutor.java:40)
	java.util.stream.ForEachOps$ForEachOp$OfRef.accept(ForEachOps.java:184)
	java.util.stream.ReferencePipeline$3$1.accept(ReferencePipeline.java:193)
	java.util.Iterator.forEachRemaining(Iterator.java:116)
	java.util.Spliterators$IteratorSpliterator.forEachRemaining(Spliterators.java:1801)
	java.util.stream.AbstractPipeline.copyInto(AbstractPipeline.java:481)
	java.util.stream.AbstractPipeline.wrapAndCopyInto(AbstractPipeline.java:471)
	java.util.stream.ForEachOps$ForEachOp.evaluateSequential(ForEachOps.java:151)
	java.util.stream.ForEachOps$ForEachOp$OfRef.evaluateSequential(ForEachOps.java:174)
	java.util.stream.AbstractPipeline.evaluate(AbstractPipeline.java:234)
	java.util.stream.ReferencePipeline.forEach(ReferencePipeline.java:418)
	org.junit.vintage.engine.VintageTestEngine.executeAllChildren(VintageTestEngine.java:80)
	org.junit.vintage.engine.VintageTestEngine.execute(VintageTestEngine.java:71)
	org.junit.platform.launcher.core.DefaultLauncher.execute(DefaultLauncher.java:229)
	org.junit.platform.launcher.core.DefaultLauncher.lambda$execute$6(DefaultLauncher.java:197)
	org.junit.platform.launcher.core.DefaultLauncher.withInterceptedStreams(DefaultLauncher.java:211)
	org.junit.platform.launcher.core.DefaultLauncher.execute(DefaultLauncher.java:191)
	org.junit.platform.launcher.core.DefaultLauncher.execute(DefaultLauncher.java:128)
	org.gradle.api.internal.tasks.testing.junitplatform.JUnitPlatformTestClassProcessor$CollectAllTestClassesExecutor.processAllTestClasses(JUnitPlatformTestClassProcessor.java:102)
	org.gradle.api.internal.tasks.testing.junitplatform.JUnitPlatformTestClassProcessor$CollectAllTestClassesExecutor.access$000(JUnitPlatformTestClassProcessor.java:82)
	org.gradle.api.internal.tasks.testing.junitplatform.JUnitPlatformTestClassProcessor.stop(JUnitPlatformTestClassProcessor.java:78)
	org.gradle.api.internal.tasks.testing.SuiteTestClassProcessor.stop(SuiteTestClassProcessor.java:61)
	sun.reflect.NativeMethodAccessorImpl.invoke0(Native Method)
	sun.reflect.NativeMethodAccessorImpl.invoke(NativeMethodAccessorImpl.java:62)
	sun.reflect.DelegatingMethodAccessorImpl.invoke(DelegatingMethodAccessorImpl.java:43)
	java.lang.reflect.Method.invoke(Method.java:497)
	org.gradle.internal.dispatch.ReflectionDispatch.dispatch(ReflectionDispatch.java:35)
	org.gradle.internal.dispatch.ReflectionDispatch.dispatch(ReflectionDispatch.java:24)
	org.gradle.internal.dispatch.ContextClassLoaderDispatch.dispatch(ContextClassLoaderDispatch.java:32)
	org.gradle.internal.dispatch.ProxyDispatchAdapter$DispatchingInvocationHandler.invoke(ProxyDispatchAdapter.java:93)
	com.sun.proxy.$Proxy2.stop(Unknown Source)
	org.gradle.api.internal.tasks.testing.worker.TestWorker.stop(TestWorker.java:132)
	sun.reflect.NativeMethodAccessorImpl.invoke0(Native Method)
	sun.reflect.NativeMethodAccessorImpl.invoke(NativeMethodAccessorImpl.java:62)
	sun.reflect.DelegatingMethodAccessorImpl.invoke(DelegatingMethodAccessorImpl.java:43)
	java.lang.reflect.Method.invoke(Method.java:497)
	org.gradle.internal.dispatch.ReflectionDispatch.dispatch(ReflectionDispatch.java:35)
	org.gradle.internal.dispatch.ReflectionDispatch.dispatch(ReflectionDispatch.java:24)
	org.gradle.internal.remote.internal.hub.MessageHubBackedObjectConnection$DispatchWrapper.dispatch(MessageHubBackedObjectConnection.java:175)
	org.gradle.internal.remote.internal.hub.MessageHubBackedObjectConnection$DispatchWrapper.dispatch(MessageHubBackedObjectConnection.java:157)
	org.gradle.internal.remote.internal.hub.MessageHub$Handler.run(MessageHub.java:404)
	org.gradle.internal.concurrent.ExecutorPolicy$CatchAndRecordFailures.onExecute(ExecutorPolicy.java:63)
	org.gradle.internal.concurrent.ManagedExecutorImpl$1.run(ManagedExecutorImpl.java:46)
	java.util.concurrent.ThreadPoolExecutor.runWorker(ThreadPoolExecutor.java:1142)
	java.util.concurrent.ThreadPoolExecutor$Worker.run(ThreadPoolExecutor.java:617)
	org.gradle.internal.concurrent.ThreadFactoryImpl$ManagedThreadRunnable.run(ThreadFactoryImpl.java:55)
	java.lang.Thread.run(Thread.java:745)
Created at:
	io.netty.buffer.PooledByteBufAllocator.newDirectBuffer(PooledByteBufAllocator.java:349)
	io.netty.buffer.AbstractByteBufAllocator.directBuffer(AbstractByteBufAllocator.java:187)
	io.netty.buffer.AbstractByteBufAllocator.directBuffer(AbstractByteBufAllocator.java:178)
	io.netty.buffer.AbstractByteBufAllocator.buffer(AbstractByteBufAllocator.java:115)
	org.springframework.core.io.buffer.NettyDataBufferFactory.allocateBuffer(NettyDataBufferFactory.java:71)
	org.springframework.core.io.buffer.NettyDataBufferFactory.allocateBuffer(NettyDataBufferFactory.java:39)
	org.springframework.core.codec.CharSequenceEncoder.encodeValue(CharSequenceEncoder.java:91)
	org.springframework.core.codec.CharSequenceEncoder.encodeValue(CharSequenceEncoder.java:47)
	org.springframework.messaging.rsocket.DefaultRSocketRequester$DefaultRequestSpec.encodeData(DefaultRSocketRequester.java:225)
	org.springframework.messaging.rsocket.DefaultRSocketRequester$DefaultRequestSpec.lambda$toResponseSpec$54(DefaultRSocketRequester.java:193)
	reactor.core.publisher.FluxMap$MapSubscriber.onNext(FluxMap.java:100)
	reactor.core.publisher.FluxMap$MapSubscriber.onNext(FluxMap.java:114)
	reactor.core.publisher.MonoDelay$MonoDelayRunnable.run(MonoDelay.java:117)
	reactor.core.scheduler.SchedulerTask.call(SchedulerTask.java:68)
	reactor.core.scheduler.SchedulerTask.call(SchedulerTask.java:28)
	java.util.concurrent.FutureTask.run(FutureTask.java:266)
	java.util.concurrent.ScheduledThreadPoolExecutor$ScheduledFutureTask.access$201(ScheduledThreadPoolExecutor.java:180)
	java.util.concurrent.ScheduledThreadPoolExecutor$ScheduledFutureTask.run(ScheduledThreadPoolExecutor.java:293)
	java.util.concurrent.ThreadPoolExecutor.runWorker(ThreadPoolExecutor.java:1142)
	java.util.concurrent.ThreadPoolExecutor$Worker.run(ThreadPoolExecutor.java:617)
	java.lang.Thread.run(Thread.java:745)
01:35:01.171 [RxComputationThreadPool-2] ERROR i.n.u.ResourceLeakDetector - LEAK: ByteBuf.release() was not called before it's garbage-collected. See http://netty.io/wiki/reference-counted-objects.html for more information.
Recent access records: 
#1:
	io.netty.buffer.AdvancedLeakAwareByteBuf.toString(AdvancedLeakAwareByteBuf.java:742)
	io.rsocket.Payload.getMetadataUtf8(Payload.java:98)
	java.util.stream.ReferencePipeline$3$1.accept(ReferencePipeline.java:193)
	java.util.ArrayList$ArrayListSpliterator.forEachRemaining(ArrayList.java:1374)
	java.util.stream.AbstractPipeline.copyInto(AbstractPipeline.java:481)
	java.util.stream.AbstractPipeline.wrapAndCopyInto(AbstractPipeline.java:471)
	java.util.stream.AbstractPipeline.evaluate(AbstractPipeline.java:545)
	java.util.stream.AbstractPipeline.evaluateToArrayNode(AbstractPipeline.java:260)
	java.util.stream.ReferencePipeline.toArray(ReferencePipeline.java:438)
	org.springframework.messaging.rsocket.DefaultRSocketRequesterTests.testSendFlux(DefaultRSocketRequesterTests.java:128)
	org.springframework.messaging.rsocket.DefaultRSocketRequesterTests.sendFlux(DefaultRSocketRequesterTests.java:111)
	sun.reflect.NativeMethodAccessorImpl.invoke0(Native Method)
	sun.reflect.NativeMethodAccessorImpl.invoke(NativeMethodAccessorImpl.java:62)
	sun.reflect.DelegatingMethodAccessorImpl.invoke(DelegatingMethodAccessorImpl.java:43)
	java.lang.reflect.Method.invoke(Method.java:497)
	org.junit.runners.model.FrameworkMethod$1.runReflectiveCall(FrameworkMethod.java:59)
	org.junit.internal.runners.model.ReflectiveCallable.run(ReflectiveCallable.java:12)
	org.junit.runners.model.FrameworkMethod.invokeExplosively(FrameworkMethod.java:56)
	org.junit.internal.runners.statements.InvokeMethod.evaluate(InvokeMethod.java:17)
	org.junit.internal.runners.statements.RunBefores.evaluate(RunBefores.java:26)
	org.junit.runners.ParentRunner$3.evaluate(ParentRunner.java:305)
	org.junit.runners.BlockJUnit4ClassRunner$1.evaluate(BlockJUnit4ClassRunner.java:100)
	org.junit.runners.ParentRunner.runLeaf(ParentRunner.java:365)
	org.junit.runners.BlockJUnit4ClassRunner.runChild(BlockJUnit4ClassRunner.java:103)
	org.junit.runners.BlockJUnit4ClassRunner.runChild(BlockJUnit4ClassRunner.java:63)
	org.junit.runners.ParentRunner$4.run(ParentRunner.java:330)
	org.junit.runners.ParentRunner$1.schedule(ParentRunner.java:78)
	org.junit.runners.ParentRunner.runChildren(ParentRunner.java:328)
	org.junit.runners.ParentRunner.access$100(ParentRunner.java:65)
	org.junit.runners.ParentRunner$2.evaluate(ParentRunner.java:292)
	org.junit.runners.ParentRunner$3.evaluate(ParentRunner.java:305)
	org.junit.runners.ParentRunner.run(ParentRunner.java:412)
	org.junit.runner.JUnitCore.run(JUnitCore.java:137)
	org.junit.runner.JUnitCore.run(JUnitCore.java:115)
	org.junit.vintage.engine.execution.RunnerExecutor.execute(RunnerExecutor.java:40)
	java.util.stream.ForEachOps$ForEachOp$OfRef.accept(ForEachOps.java:184)
	java.util.stream.ReferencePipeline$3$1.accept(ReferencePipeline.java:193)
	java.util.Iterator.forEachRemaining(Iterator.java:116)
	java.util.Spliterators$IteratorSpliterator.forEachRemaining(Spliterators.java:1801)
	java.util.stream.AbstractPipeline.copyInto(AbstractPipeline.java:481)
	java.util.stream.AbstractPipeline.wrapAndCopyInto(AbstractPipeline.java:471)
	java.util.stream.ForEachOps$ForEachOp.evaluateSequential(ForEachOps.java:151)
	java.util.stream.ForEachOps$ForEachOp$OfRef.evaluateSequential(ForEachOps.java:174)
	java.util.stream.AbstractPipeline.evaluate(AbstractPipeline.java:234)
	java.util.stream.ReferencePipeline.forEach(ReferencePipeline.java:418)
	org.junit.vintage.engine.VintageTestEngine.executeAllChildren(VintageTestEngine.java:80)
	org.junit.vintage.engine.VintageTestEngine.execute(VintageTestEngine.java:71)
	org.junit.platform.launcher.core.DefaultLauncher.execute(DefaultLauncher.java:229)
	org.junit.platform.launcher.core.DefaultLauncher.lambda$execute$6(DefaultLauncher.java:197)
	org.junit.platform.launcher.core.DefaultLauncher.withInterceptedStreams(DefaultLauncher.java:211)
	org.junit.platform.launcher.core.DefaultLauncher.execute(DefaultLauncher.java:191)
	org.junit.platform.launcher.core.DefaultLauncher.execute(DefaultLauncher.java:128)
	org.gradle.api.internal.tasks.testing.junitplatform.JUnitPlatformTestClassProcessor$CollectAllTestClassesExecutor.processAllTestClasses(JUnitPlatformTestClassProcessor.java:102)
	org.gradle.api.internal.tasks.testing.junitplatform.JUnitPlatformTestClassProcessor$CollectAllTestClassesExecutor.access$000(JUnitPlatformTestClassProcessor.java:82)
	org.gradle.api.internal.tasks.testing.junitplatform.JUnitPlatformTestClassProcessor.stop(JUnitPlatformTestClassProcessor.java:78)
	org.gradle.api.internal.tasks.testing.SuiteTestClassProcessor.stop(SuiteTestClassProcessor.java:61)
	sun.reflect.NativeMethodAccessorImpl.invoke0(Native Method)
	sun.reflect.NativeMethodAccessorImpl.invoke(NativeMethodAccessorImpl.java:62)
	sun.reflect.DelegatingMethodAccessorImpl.invoke(DelegatingMethodAccessorImpl.java:43)
	java.lang.reflect.Method.invoke(Method.java:497)
	org.gradle.internal.dispatch.ReflectionDispatch.dispatch(ReflectionDispatch.java:35)
	org.gradle.internal.dispatch.ReflectionDispatch.dispatch(ReflectionDispatch.java:24)
	org.gradle.internal.dispatch.ContextClassLoaderDispatch.dispatch(ContextClassLoaderDispatch.java:32)
	org.gradle.internal.dispatch.ProxyDispatchAdapter$DispatchingInvocationHandler.invoke(ProxyDispatchAdapter.java:93)
	com.sun.proxy.$Proxy2.stop(Unknown Source)
	org.gradle.api.internal.tasks.testing.worker.TestWorker.stop(TestWorker.java:132)
	sun.reflect.NativeMethodAccessorImpl.invoke0(Native Method)
	sun.reflect.NativeMethodAccessorImpl.invoke(NativeMethodAccessorImpl.java:62)
	sun.reflect.DelegatingMethodAccessorImpl.invoke(DelegatingMethodAccessorImpl.java:43)
	java.lang.reflect.Method.invoke(Method.java:497)
	org.gradle.internal.dispatch.ReflectionDispatch.dispatch(ReflectionDispatch.java:35)
	org.gradle.internal.dispatch.ReflectionDispatch.dispatch(ReflectionDispatch.java:24)
	org.gradle.internal.remote.internal.hub.MessageHubBackedObjectConnection$DispatchWrapper.dispatch(MessageHubBackedObjectConnection.java:175)
	org.gradle.internal.remote.internal.hub.MessageHubBackedObjectConnection$DispatchWrapper.dispatch(MessageHubBackedObjectConnection.java:157)
	org.gradle.internal.remote.internal.hub.MessageHub$Handler.run(MessageHub.java:404)
	org.gradle.internal.concurrent.ExecutorPolicy$CatchAndRecordFailures.onExecute(ExecutorPolicy.java:63)
	org.gradle.internal.concurrent.ManagedExecutorImpl$1.run(ManagedExecutorImpl.java:46)
	java.util.concurrent.ThreadPoolExecutor.runWorker(ThreadPoolExecutor.java:1142)
	java.util.concurrent.ThreadPoolExecutor$Worker.run(ThreadPoolExecutor.java:617)
	org.gradle.internal.concurrent.ThreadFactoryImpl$ManagedThreadRunnable.run(ThreadFactoryImpl.java:55)
	java.lang.Thread.run(Thread.java:745)
#2:
	io.netty.buffer.AdvancedLeakAwareByteBuf.slice(AdvancedLeakAwareByteBuf.java:76)
	io.rsocket.util.ByteBufPayload.sliceMetadata(ByteBufPayload.java:134)
	io.rsocket.Payload.getMetadataUtf8(Payload.java:98)
	java.util.stream.ReferencePipeline$3$1.accept(ReferencePipeline.java:193)
	java.util.ArrayList$ArrayListSpliterator.forEachRemaining(ArrayList.java:1374)
	java.util.stream.AbstractPipeline.copyInto(AbstractPipeline.java:481)
	java.util.stream.AbstractPipeline.wrapAndCopyInto(AbstractPipeline.java:471)
	java.util.stream.AbstractPipeline.evaluate(AbstractPipeline.java:545)
	java.util.stream.AbstractPipeline.evaluateToArrayNode(AbstractPipeline.java:260)
	java.util.stream.ReferencePipeline.toArray(ReferencePipeline.java:438)
	org.springframework.messaging.rsocket.DefaultRSocketRequesterTests.testSendFlux(DefaultRSocketRequesterTests.java:128)
	org.springframework.messaging.rsocket.DefaultRSocketRequesterTests.sendFlux(DefaultRSocketRequesterTests.java:111)
	sun.reflect.NativeMethodAccessorImpl.invoke0(Native Method)
	sun.reflect.NativeMethodAccessorImpl.invoke(NativeMethodAccessorImpl.java:62)
	sun.reflect.DelegatingMethodAccessorImpl.invoke(DelegatingMethodAccessorImpl.java:43)
	java.lang.reflect.Method.invoke(Method.java:497)
	org.junit.runners.model.FrameworkMethod$1.runReflectiveCall(FrameworkMethod.java:59)
	org.junit.internal.runners.model.ReflectiveCallable.run(ReflectiveCallable.java:12)
	org.junit.runners.model.FrameworkMethod.invokeExplosively(FrameworkMethod.java:56)
	org.junit.internal.runners.statements.InvokeMethod.evaluate(InvokeMethod.java:17)
	org.junit.internal.runners.statements.RunBefores.evaluate(RunBefores.java:26)
	org.junit.runners.ParentRunner$3.evaluate(ParentRunner.java:305)
	org.junit.runners.BlockJUnit4ClassRunner$1.evaluate(BlockJUnit4ClassRunner.java:100)
	org.junit.runners.ParentRunner.runLeaf(ParentRunner.java:365)
	org.junit.runners.BlockJUnit4ClassRunner.runChild(BlockJUnit4ClassRunner.java:103)
	org.junit.runners.BlockJUnit4ClassRunner.runChild(BlockJUnit4ClassRunner.java:63)
	org.junit.runners.ParentRunner$4.run(ParentRunner.java:330)
	org.junit.runners.ParentRunner$1.schedule(ParentRunner.java:78)
	org.junit.runners.ParentRunner.runChildren(ParentRunner.java:328)
	org.junit.runners.ParentRunner.access$100(ParentRunner.java:65)
	org.junit.runners.ParentRunner$2.evaluate(ParentRunner.java:292)
	org.junit.runners.ParentRunner$3.evaluate(ParentRunner.java:305)
	org.junit.runners.ParentRunner.run(ParentRunner.java:412)
	org.junit.runner.JUnitCore.run(JUnitCore.java:137)
	org.junit.runner.JUnitCore.run(JUnitCore.java:115)
	org.junit.vintage.engine.execution.RunnerExecutor.execute(RunnerExecutor.java:40)
	java.util.stream.ForEachOps$ForEachOp$OfRef.accept(ForEachOps.java:184)
	java.util.stream.ReferencePipeline$3$1.accept(ReferencePipeline.java:193)
	java.util.Iterator.forEachRemaining(Iterator.java:116)
	java.util.Spliterators$IteratorSpliterator.forEachRemaining(Spliterators.java:1801)
	java.util.stream.AbstractPipeline.copyInto(AbstractPipeline.java:481)
	java.util.stream.AbstractPipeline.wrapAndCopyInto(AbstractPipeline.java:471)
	java.util.stream.ForEachOps$ForEachOp.evaluateSequential(ForEachOps.java:151)
	java.util.stream.ForEachOps$ForEachOp$OfRef.evaluateSequential(ForEachOps.java:174)
	java.util.stream.AbstractPipeline.evaluate(AbstractPipeline.java:234)
	java.util.stream.ReferencePipeline.forEach(ReferencePipeline.java:418)
	org.junit.vintage.engine.VintageTestEngine.executeAllChildren(VintageTestEngine.java:80)
	org.junit.vintage.engine.VintageTestEngine.execute(VintageTestEngine.java:71)
	org.junit.platform.launcher.core.DefaultLauncher.execute(DefaultLauncher.java:229)
	org.junit.platform.launcher.core.DefaultLauncher.lambda$execute$6(DefaultLauncher.java:197)
	org.junit.platform.launcher.core.DefaultLauncher.withInterceptedStreams(DefaultLauncher.java:211)
	org.junit.platform.launcher.core.DefaultLauncher.execute(DefaultLauncher.java:191)
	org.junit.platform.launcher.core.DefaultLauncher.execute(DefaultLauncher.java:128)
	org.gradle.api.internal.tasks.testing.junitplatform.JUnitPlatformTestClassProcessor$CollectAllTestClassesExecutor.processAllTestClasses(JUnitPlatformTestClassProcessor.java:102)
	org.gradle.api.internal.tasks.testing.junitplatform.JUnitPlatformTestClassProcessor$CollectAllTestClassesExecutor.access$000(JUnitPlatformTestClassProcessor.java:82)
	org.gradle.api.internal.tasks.testing.junitplatform.JUnitPlatformTestClassProcessor.stop(JUnitPlatformTestClassProcessor.java:78)
	org.gradle.api.internal.tasks.testing.SuiteTestClassProcessor.stop(SuiteTestClassProcessor.java:61)
	sun.reflect.NativeMethodAccessorImpl.invoke0(Native Method)
	sun.reflect.NativeMethodAccessorImpl.invoke(NativeMethodAccessorImpl.java:62)
	sun.reflect.DelegatingMethodAccessorImpl.invoke(DelegatingMethodAccessorImpl.java:43)
	java.lang.reflect.Method.invoke(Method.java:497)
	org.gradle.internal.dispatch.ReflectionDispatch.dispatch(ReflectionDispatch.java:35)
	org.gradle.internal.dispatch.ReflectionDispatch.dispatch(ReflectionDispatch.java:24)
	org.gradle.internal.dispatch.ContextClassLoaderDispatch.dispatch(ContextClassLoaderDispatch.java:32)
	org.gradle.internal.dispatch.ProxyDispatchAdapter$DispatchingInvocationHandler.invoke(ProxyDispatchAdapter.java:93)
	com.sun.proxy.$Proxy2.stop(Unknown Source)
	org.gradle.api.internal.tasks.testing.worker.TestWorker.stop(TestWorker.java:132)
	sun.reflect.NativeMethodAccessorImpl.invoke0(Native Method)
	sun.reflect.NativeMethodAccessorImpl.invoke(NativeMethodAccessorImpl.java:62)
	sun.reflect.DelegatingMethodAccessorImpl.invoke(DelegatingMethodAccessorImpl.java:43)
	java.lang.reflect.Method.invoke(Method.java:497)
	org.gradle.internal.dispatch.ReflectionDispatch.dispatch(ReflectionDispatch.java:35)
	org.gradle.internal.dispatch.ReflectionDispatch.dispatch(ReflectionDispatch.java:24)
	org.gradle.internal.remote.internal.hub.MessageHubBackedObjectConnection$DispatchWrapper.dispatch(MessageHubBackedObjectConnection.java:175)
	org.gradle.internal.remote.internal.hub.MessageHubBackedObjectConnection$DispatchWrapper.dispatch(MessageHubBackedObjectConnection.java:157)
	org.gradle.internal.remote.internal.hub.MessageHub$Handler.run(MessageHub.java:404)
	org.gradle.internal.concurrent.ExecutorPolicy$CatchAndRecordFailures.onExecute(ExecutorPolicy.java:63)
	org.gradle.internal.concurrent.ManagedExecutorImpl$1.run(ManagedExecutorImpl.java:46)
	java.util.concurrent.ThreadPoolExecutor.runWorker(ThreadPoolExecutor.java:1142)
	java.util.concurrent.ThreadPoolExecutor$Worker.run(ThreadPoolExecutor.java:617)
	org.gradle.internal.concurrent.ThreadFactoryImpl$ManagedThreadRunnable.run(ThreadFactoryImpl.java:55)
	java.lang.Thread.run(Thread.java:745)
Created at:
	io.netty.buffer.PooledByteBufAllocator.newDirectBuffer(PooledByteBufAllocator.java:349)
	io.netty.buffer.AbstractByteBufAllocator.directBuffer(AbstractByteBufAllocator.java:187)
	io.netty.buffer.AbstractByteBufAllocator.directBuffer(AbstractByteBufAllocator.java:178)
	io.netty.buffer.AbstractByteBufAllocator.buffer(AbstractByteBufAllocator.java:115)
	org.springframework.core.io.buffer.NettyDataBufferFactory.allocateBuffer(NettyDataBufferFactory.java:71)
	org.springframework.core.io.buffer.NettyDataBufferFactory.allocateBuffer(NettyDataBufferFactory.java:39)
	org.springframework.core.codec.CharSequenceEncoder.encodeValue(CharSequenceEncoder.java:91)
	org.springframework.core.codec.CharSequenceEncoder.encodeValue(CharSequenceEncoder.java:47)
	org.springframework.messaging.rsocket.MetadataEncoder.encodeEntry(MetadataEncoder.java:229)
	org.springframework.messaging.rsocket.MetadataEncoder.encode(MetadataEncoder.java:197)
	org.springframework.messaging.rsocket.DefaultRSocketRequester$DefaultRequestSpec.firstPayload(DefaultRSocketRequester.java:232)
	org.springframework.messaging.rsocket.DefaultRSocketRequester$DefaultRequestSpec.lambda$null$56(DefaultRSocketRequester.java:204)
	reactor.core.publisher.MonoCallable.subscribe(MonoCallable.java:56)
	reactor.core.publisher.Mono.subscribe(Mono.java:3920)
	reactor.core.publisher.FluxConcatArray$ConcatArraySubscriber.onComplete(FluxConcatArray.java:207)
	reactor.core.publisher.FluxConcatArray.subscribe(FluxConcatArray.java:80)
	reactor.core.publisher.Flux.subscribe(Flux.java:8000)
	reactor.core.publisher.FluxSwitchOnFirst$AbstractSwitchOnFirstInner.onNext(FluxSwitchOnFirst.java:180)
	reactor.core.publisher.FluxMap$MapConditionalSubscriber.onNext(FluxMap.java:213)
	reactor.core.publisher.FluxMap$MapConditionalSubscriber.onNext(FluxMap.java:213)
	reactor.core.publisher.FluxConcatMap$ConcatMapImmediate.innerNext(FluxConcatMap.java:274)
	reactor.core.publisher.FluxConcatMap$ConcatMapInner.onNext(FluxConcatMap.java:851)
	reactor.core.publisher.Operators$MonoSubscriber.complete(Operators.java:1582)
	reactor.core.publisher.MonoDelayUntil$DelayUntilCoordinator.signal(MonoDelayUntil.java:231)
	reactor.core.publisher.MonoDelayUntil$DelayUntilTrigger.onComplete(MonoDelayUntil.java:310)
	reactor.core.publisher.MonoDelay$MonoDelayRunnable.run(MonoDelay.java:118)
	reactor.core.scheduler.SchedulerTask.call(SchedulerTask.java:68)
	reactor.core.scheduler.SchedulerTask.call(SchedulerTask.java:28)
	java.util.concurrent.FutureTask.run(FutureTask.java:266)
	java.util.concurrent.ScheduledThreadPoolExecutor$ScheduledFutureTask.access$201(ScheduledThreadPoolExecutor.java:180)
	java.util.concurrent.ScheduledThreadPoolExecutor$ScheduledFutureTask.run(ScheduledThreadPoolExecutor.java:293)
	java.util.concurrent.ThreadPoolExecutor.runWorker(ThreadPoolExecutor.java:1142)
	java.util.concurrent.ThreadPoolExecutor$Worker.run(ThreadPoolExecutor.java:617)
	java.lang.Thread.run(Thread.java:745)
]]></system-out>
  <system-err><![CDATA[]]></system-err>
</testsuite>
