<?xml version="1.0" encoding="UTF-8"?>
<testsuite name="org.springframework.messaging.handler.annotation.reactive.DestinationVariableMethodArgumentResolverTests" tests="3" skipped="0" failures="0" errors="0" timestamp="2020-12-16T17:34:59" hostname="DESKTOP-EMRC5FU" time="0.09">
  <properties/>
  <testcase name="resolveArgumentNotFound" classname="org.springframework.messaging.handler.annotation.reactive.DestinationVariableMethodArgumentResolverTests" time="0.024"/>
  <testcase name="resolveArgument" classname="org.springframework.messaging.handler.annotation.reactive.DestinationVariableMethodArgumentResolverTests" time="0.065"/>
  <testcase name="supportsParameter" classname="org.springframework.messaging.handler.annotation.reactive.DestinationVariableMethodArgumentResolverTests" time="0.001"/>
  <system-out><![CDATA[]]></system-out>
  <system-err><![CDATA[]]></system-err>
</testsuite>
