<?xml version="1.0" encoding="UTF-8"?>
<testsuite name="org.springframework.messaging.handler.annotation.support.DefaultMessageHandlerMethodFactoryTests" tests="7" skipped="0" failures="0" errors="0" timestamp="2020-12-16T17:35:00" hostname="DESKTOP-EMRC5FU" time="0.01">
  <properties/>
  <testcase name="customConversion" classname="org.springframework.messaging.handler.annotation.support.DefaultMessageHandlerMethodFactoryTests" time="0.006"/>
  <testcase name="overrideArgumentResolvers" classname="org.springframework.messaging.handler.annotation.support.DefaultMessageHandlerMethodFactoryTests" time="0.001"/>
  <testcase name="customArgumentResolver" classname="org.springframework.messaging.handler.annotation.support.DefaultMessageHandlerMethodFactoryTests" time="0.0"/>
  <testcase name="customConversionServiceFailure" classname="org.springframework.messaging.handler.annotation.support.DefaultMessageHandlerMethodFactoryTests" time="0.001"/>
  <testcase name="customValidation" classname="org.springframework.messaging.handler.annotation.support.DefaultMessageHandlerMethodFactoryTests" time="0.001"/>
  <testcase name="customMessageConverterFailure" classname="org.springframework.messaging.handler.annotation.support.DefaultMessageHandlerMethodFactoryTests" time="0.001"/>
  <testcase name="noValidationByDefault" classname="org.springframework.messaging.handler.annotation.support.DefaultMessageHandlerMethodFactoryTests" time="0.0"/>
  <system-out><![CDATA[]]></system-out>
  <system-err><![CDATA[]]></system-err>
</testsuite>
