<?xml version="1.0" encoding="UTF-8"?>
<testsuite name="org.springframework.messaging.rsocket.RSocketBufferLeakTests" tests="5" skipped="0" failures="0" errors="0" timestamp="2020-12-16T17:35:01" hostname="DESKTOP-EMRC5FU" time="0.112">
  <properties/>
  <testcase name="retrieveMonoFromFluxResponderMethod" classname="org.springframework.messaging.rsocket.RSocketBufferLeakTests" time="0.078"/>
  <testcase name="assemblyTimeErrorForHandleAndReply" classname="org.springframework.messaging.rsocket.RSocketBufferLeakTests" time="0.006"/>
  <testcase name="errorSignalWithExceptionHandler" classname="org.springframework.messaging.rsocket.RSocketBufferLeakTests" time="0.004"/>
  <testcase name="subscriptionTimeErrorForHandleAndReply" classname="org.springframework.messaging.rsocket.RSocketBufferLeakTests" time="0.004"/>
  <testcase name="ignoreInput" classname="org.springframework.messaging.rsocket.RSocketBufferLeakTests" time="0.02"/>
  <system-out><![CDATA[01:35:01.893 [reactor-tcp-nio-2] ERROR i.n.u.ResourceLeakDetector - LEAK: ByteBuf.release() was not called before it's garbage-collected. See http://netty.io/wiki/reference-counted-objects.html for more information.
Recent access records: 
#1:
	io.netty.buffer.AdvancedLeakAwareByteBuf.toString(AdvancedLeakAwareByteBuf.java:742)
	org.springframework.messaging.rsocket.MetadataEncoderTests.compositeMetadataWithRouteAndText(MetadataEncoderTests.java:85)
	sun.reflect.NativeMethodAccessorImpl.invoke0(Native Method)
	sun.reflect.NativeMethodAccessorImpl.invoke(NativeMethodAccessorImpl.java:62)
	sun.reflect.DelegatingMethodAccessorImpl.invoke(DelegatingMethodAccessorImpl.java:43)
	java.lang.reflect.Method.invoke(Method.java:497)
	org.junit.runners.model.FrameworkMethod$1.runReflectiveCall(FrameworkMethod.java:59)
	org.junit.internal.runners.model.ReflectiveCallable.run(ReflectiveCallable.java:12)
	org.junit.runners.model.FrameworkMethod.invokeExplosively(FrameworkMethod.java:56)
	org.junit.internal.runners.statements.InvokeMethod.evaluate(InvokeMethod.java:17)
	org.junit.runners.ParentRunner$3.evaluate(ParentRunner.java:305)
	org.junit.runners.BlockJUnit4ClassRunner$1.evaluate(BlockJUnit4ClassRunner.java:100)
	org.junit.runners.ParentRunner.runLeaf(ParentRunner.java:365)
	org.junit.runners.BlockJUnit4ClassRunner.runChild(BlockJUnit4ClassRunner.java:103)
	org.junit.runners.BlockJUnit4ClassRunner.runChild(BlockJUnit4ClassRunner.java:63)
	org.junit.runners.ParentRunner$4.run(ParentRunner.java:330)
	org.junit.runners.ParentRunner$1.schedule(ParentRunner.java:78)
	org.junit.runners.ParentRunner.runChildren(ParentRunner.java:328)
	org.junit.runners.ParentRunner.access$100(ParentRunner.java:65)
	org.junit.runners.ParentRunner$2.evaluate(ParentRunner.java:292)
	org.junit.runners.ParentRunner$3.evaluate(ParentRunner.java:305)
	org.junit.runners.ParentRunner.run(ParentRunner.java:412)
	org.junit.runner.JUnitCore.run(JUnitCore.java:137)
	org.junit.runner.JUnitCore.run(JUnitCore.java:115)
	org.junit.vintage.engine.execution.RunnerExecutor.execute(RunnerExecutor.java:40)
	java.util.stream.ForEachOps$ForEachOp$OfRef.accept(ForEachOps.java:184)
	java.util.stream.ReferencePipeline$3$1.accept(ReferencePipeline.java:193)
	java.util.Iterator.forEachRemaining(Iterator.java:116)
	java.util.Spliterators$IteratorSpliterator.forEachRemaining(Spliterators.java:1801)
	java.util.stream.AbstractPipeline.copyInto(AbstractPipeline.java:481)
	java.util.stream.AbstractPipeline.wrapAndCopyInto(AbstractPipeline.java:471)
	java.util.stream.ForEachOps$ForEachOp.evaluateSequential(ForEachOps.java:151)
	java.util.stream.ForEachOps$ForEachOp$OfRef.evaluateSequential(ForEachOps.java:174)
	java.util.stream.AbstractPipeline.evaluate(AbstractPipeline.java:234)
	java.util.stream.ReferencePipeline.forEach(ReferencePipeline.java:418)
	org.junit.vintage.engine.VintageTestEngine.executeAllChildren(VintageTestEngine.java:80)
	org.junit.vintage.engine.VintageTestEngine.execute(VintageTestEngine.java:71)
	org.junit.platform.launcher.core.DefaultLauncher.execute(DefaultLauncher.java:229)
	org.junit.platform.launcher.core.DefaultLauncher.lambda$execute$6(DefaultLauncher.java:197)
	org.junit.platform.launcher.core.DefaultLauncher.withInterceptedStreams(DefaultLauncher.java:211)
	org.junit.platform.launcher.core.DefaultLauncher.execute(DefaultLauncher.java:191)
	org.junit.platform.launcher.core.DefaultLauncher.execute(DefaultLauncher.java:128)
	org.gradle.api.internal.tasks.testing.junitplatform.JUnitPlatformTestClassProcessor$CollectAllTestClassesExecutor.processAllTestClasses(JUnitPlatformTestClassProcessor.java:102)
	org.gradle.api.internal.tasks.testing.junitplatform.JUnitPlatformTestClassProcessor$CollectAllTestClassesExecutor.access$000(JUnitPlatformTestClassProcessor.java:82)
	org.gradle.api.internal.tasks.testing.junitplatform.JUnitPlatformTestClassProcessor.stop(JUnitPlatformTestClassProcessor.java:78)
	org.gradle.api.internal.tasks.testing.SuiteTestClassProcessor.stop(SuiteTestClassProcessor.java:61)
	sun.reflect.NativeMethodAccessorImpl.invoke0(Native Method)
	sun.reflect.NativeMethodAccessorImpl.invoke(NativeMethodAccessorImpl.java:62)
	sun.reflect.DelegatingMethodAccessorImpl.invoke(DelegatingMethodAccessorImpl.java:43)
	java.lang.reflect.Method.invoke(Method.java:497)
	org.gradle.internal.dispatch.ReflectionDispatch.dispatch(ReflectionDispatch.java:35)
	org.gradle.internal.dispatch.ReflectionDispatch.dispatch(ReflectionDispatch.java:24)
	org.gradle.internal.dispatch.ContextClassLoaderDispatch.dispatch(ContextClassLoaderDispatch.java:32)
	org.gradle.internal.dispatch.ProxyDispatchAdapter$DispatchingInvocationHandler.invoke(ProxyDispatchAdapter.java:93)
	com.sun.proxy.$Proxy2.stop(Unknown Source)
	org.gradle.api.internal.tasks.testing.worker.TestWorker.stop(TestWorker.java:132)
	sun.reflect.NativeMethodAccessorImpl.invoke0(Native Method)
	sun.reflect.NativeMethodAccessorImpl.invoke(NativeMethodAccessorImpl.java:62)
	sun.reflect.DelegatingMethodAccessorImpl.invoke(DelegatingMethodAccessorImpl.java:43)
	java.lang.reflect.Method.invoke(Method.java:497)
	org.gradle.internal.dispatch.ReflectionDispatch.dispatch(ReflectionDispatch.java:35)
	org.gradle.internal.dispatch.ReflectionDispatch.dispatch(ReflectionDispatch.java:24)
	org.gradle.internal.remote.internal.hub.MessageHubBackedObjectConnection$DispatchWrapper.dispatch(MessageHubBackedObjectConnection.java:175)
	org.gradle.internal.remote.internal.hub.MessageHubBackedObjectConnection$DispatchWrapper.dispatch(MessageHubBackedObjectConnection.java:157)
	org.gradle.internal.remote.internal.hub.MessageHub$Handler.run(MessageHub.java:404)
	org.gradle.internal.concurrent.ExecutorPolicy$CatchAndRecordFailures.onExecute(ExecutorPolicy.java:63)
	org.gradle.internal.concurrent.ManagedExecutorImpl$1.run(ManagedExecutorImpl.java:46)
	java.util.concurrent.ThreadPoolExecutor.runWorker(ThreadPoolExecutor.java:1142)
	java.util.concurrent.ThreadPoolExecutor$Worker.run(ThreadPoolExecutor.java:617)
	org.gradle.internal.concurrent.ThreadFactoryImpl$ManagedThreadRunnable.run(ThreadFactoryImpl.java:55)
	java.lang.Thread.run(Thread.java:745)
#2:
	io.netty.buffer.AdvancedLeakAwareCompositeByteBuf.readUnsignedMedium(AdvancedLeakAwareCompositeByteBuf.java:410)
	io.rsocket.metadata.CompositeMetadataFlyweight.decodeMimeAndContentBuffersSlices(CompositeMetadataFlyweight.java:121)
	io.rsocket.metadata.CompositeMetadata$1.next(CompositeMetadata.java:79)
	io.rsocket.metadata.CompositeMetadata$1.next(CompositeMetadata.java:67)
	org.springframework.messaging.rsocket.MetadataEncoderTests.compositeMetadataWithRouteAndText(MetadataEncoderTests.java:78)
	sun.reflect.NativeMethodAccessorImpl.invoke0(Native Method)
	sun.reflect.NativeMethodAccessorImpl.invoke(NativeMethodAccessorImpl.java:62)
	sun.reflect.DelegatingMethodAccessorImpl.invoke(DelegatingMethodAccessorImpl.java:43)
	java.lang.reflect.Method.invoke(Method.java:497)
	org.junit.runners.model.FrameworkMethod$1.runReflectiveCall(FrameworkMethod.java:59)
	org.junit.internal.runners.model.ReflectiveCallable.run(ReflectiveCallable.java:12)
	org.junit.runners.model.FrameworkMethod.invokeExplosively(FrameworkMethod.java:56)
	org.junit.internal.runners.statements.InvokeMethod.evaluate(InvokeMethod.java:17)
	org.junit.runners.ParentRunner$3.evaluate(ParentRunner.java:305)
	org.junit.runners.BlockJUnit4ClassRunner$1.evaluate(BlockJUnit4ClassRunner.java:100)
	org.junit.runners.ParentRunner.runLeaf(ParentRunner.java:365)
	org.junit.runners.BlockJUnit4ClassRunner.runChild(BlockJUnit4ClassRunner.java:103)
	org.junit.runners.BlockJUnit4ClassRunner.runChild(BlockJUnit4ClassRunner.java:63)
	org.junit.runners.ParentRunner$4.run(ParentRunner.java:330)
	org.junit.runners.ParentRunner$1.schedule(ParentRunner.java:78)
	org.junit.runners.ParentRunner.runChildren(ParentRunner.java:328)
	org.junit.runners.ParentRunner.access$100(ParentRunner.java:65)
	org.junit.runners.ParentRunner$2.evaluate(ParentRunner.java:292)
	org.junit.runners.ParentRunner$3.evaluate(ParentRunner.java:305)
	org.junit.runners.ParentRunner.run(ParentRunner.java:412)
	org.junit.runner.JUnitCore.run(JUnitCore.java:137)
	org.junit.runner.JUnitCore.run(JUnitCore.java:115)
	org.junit.vintage.engine.execution.RunnerExecutor.execute(RunnerExecutor.java:40)
	java.util.stream.ForEachOps$ForEachOp$OfRef.accept(ForEachOps.java:184)
	java.util.stream.ReferencePipeline$3$1.accept(ReferencePipeline.java:193)
	java.util.Iterator.forEachRemaining(Iterator.java:116)
	java.util.Spliterators$IteratorSpliterator.forEachRemaining(Spliterators.java:1801)
	java.util.stream.AbstractPipeline.copyInto(AbstractPipeline.java:481)
	java.util.stream.AbstractPipeline.wrapAndCopyInto(AbstractPipeline.java:471)
	java.util.stream.ForEachOps$ForEachOp.evaluateSequential(ForEachOps.java:151)
	java.util.stream.ForEachOps$ForEachOp$OfRef.evaluateSequential(ForEachOps.java:174)
	java.util.stream.AbstractPipeline.evaluate(AbstractPipeline.java:234)
	java.util.stream.ReferencePipeline.forEach(ReferencePipeline.java:418)
	org.junit.vintage.engine.VintageTestEngine.executeAllChildren(VintageTestEngine.java:80)
	org.junit.vintage.engine.VintageTestEngine.execute(VintageTestEngine.java:71)
	org.junit.platform.launcher.core.DefaultLauncher.execute(DefaultLauncher.java:229)
	org.junit.platform.launcher.core.DefaultLauncher.lambda$execute$6(DefaultLauncher.java:197)
	org.junit.platform.launcher.core.DefaultLauncher.withInterceptedStreams(DefaultLauncher.java:211)
	org.junit.platform.launcher.core.DefaultLauncher.execute(DefaultLauncher.java:191)
	org.junit.platform.launcher.core.DefaultLauncher.execute(DefaultLauncher.java:128)
	org.gradle.api.internal.tasks.testing.junitplatform.JUnitPlatformTestClassProcessor$CollectAllTestClassesExecutor.processAllTestClasses(JUnitPlatformTestClassProcessor.java:102)
	org.gradle.api.internal.tasks.testing.junitplatform.JUnitPlatformTestClassProcessor$CollectAllTestClassesExecutor.access$000(JUnitPlatformTestClassProcessor.java:82)
	org.gradle.api.internal.tasks.testing.junitplatform.JUnitPlatformTestClassProcessor.stop(JUnitPlatformTestClassProcessor.java:78)
	org.gradle.api.internal.tasks.testing.SuiteTestClassProcessor.stop(SuiteTestClassProcessor.java:61)
	sun.reflect.NativeMethodAccessorImpl.invoke0(Native Method)
	sun.reflect.NativeMethodAccessorImpl.invoke(NativeMethodAccessorImpl.java:62)
	sun.reflect.DelegatingMethodAccessorImpl.invoke(DelegatingMethodAccessorImpl.java:43)
	java.lang.reflect.Method.invoke(Method.java:497)
	org.gradle.internal.dispatch.ReflectionDispatch.dispatch(ReflectionDispatch.java:35)
	org.gradle.internal.dispatch.ReflectionDispatch.dispatch(ReflectionDispatch.java:24)
	org.gradle.internal.dispatch.ContextClassLoaderDispatch.dispatch(ContextClassLoaderDispatch.java:32)
	org.gradle.internal.dispatch.ProxyDispatchAdapter$DispatchingInvocationHandler.invoke(ProxyDispatchAdapter.java:93)
	com.sun.proxy.$Proxy2.stop(Unknown Source)
	org.gradle.api.internal.tasks.testing.worker.TestWorker.stop(TestWorker.java:132)
	sun.reflect.NativeMethodAccessorImpl.invoke0(Native Method)
	sun.reflect.NativeMethodAccessorImpl.invoke(NativeMethodAccessorImpl.java:62)
	sun.reflect.DelegatingMethodAccessorImpl.invoke(DelegatingMethodAccessorImpl.java:43)
	java.lang.reflect.Method.invoke(Method.java:497)
	org.gradle.internal.dispatch.ReflectionDispatch.dispatch(ReflectionDispatch.java:35)
	org.gradle.internal.dispatch.ReflectionDispatch.dispatch(ReflectionDispatch.java:24)
	org.gradle.internal.remote.internal.hub.MessageHubBackedObjectConnection$DispatchWrapper.dispatch(MessageHubBackedObjectConnection.java:175)
	org.gradle.internal.remote.internal.hub.MessageHubBackedObjectConnection$DispatchWrapper.dispatch(MessageHubBackedObjectConnection.java:157)
	org.gradle.internal.remote.internal.hub.MessageHub$Handler.run(MessageHub.java:404)
	org.gradle.internal.concurrent.ExecutorPolicy$CatchAndRecordFailures.onExecute(ExecutorPolicy.java:63)
	org.gradle.internal.concurrent.ManagedExecutorImpl$1.run(ManagedExecutorImpl.java:46)
	java.util.concurrent.ThreadPoolExecutor.runWorker(ThreadPoolExecutor.java:1142)
	java.util.concurrent.ThreadPoolExecutor$Worker.run(ThreadPoolExecutor.java:617)
	org.gradle.internal.concurrent.ThreadFactoryImpl$ManagedThreadRunnable.run(ThreadFactoryImpl.java:55)
	java.lang.Thread.run(Thread.java:745)
#3:
	io.netty.buffer.AdvancedLeakAwareCompositeByteBuf.skipBytes(AdvancedLeakAwareCompositeByteBuf.java:512)
	io.netty.buffer.AdvancedLeakAwareCompositeByteBuf.skipBytes(AdvancedLeakAwareCompositeByteBuf.java:36)
	io.rsocket.metadata.CompositeMetadataFlyweight.decodeMimeAndContentBuffersSlices(CompositeMetadataFlyweight.java:112)
	io.rsocket.metadata.CompositeMetadata$1.next(CompositeMetadata.java:79)
	io.rsocket.metadata.CompositeMetadata$1.next(CompositeMetadata.java:67)
	org.springframework.messaging.rsocket.MetadataEncoderTests.compositeMetadataWithRouteAndText(MetadataEncoderTests.java:78)
	sun.reflect.NativeMethodAccessorImpl.invoke0(Native Method)
	sun.reflect.NativeMethodAccessorImpl.invoke(NativeMethodAccessorImpl.java:62)
	sun.reflect.DelegatingMethodAccessorImpl.invoke(DelegatingMethodAccessorImpl.java:43)
	java.lang.reflect.Method.invoke(Method.java:497)
	org.junit.runners.model.FrameworkMethod$1.runReflectiveCall(FrameworkMethod.java:59)
	org.junit.internal.runners.model.ReflectiveCallable.run(ReflectiveCallable.java:12)
	org.junit.runners.model.FrameworkMethod.invokeExplosively(FrameworkMethod.java:56)
	org.junit.internal.runners.statements.InvokeMethod.evaluate(InvokeMethod.java:17)
	org.junit.runners.ParentRunner$3.evaluate(ParentRunner.java:305)
	org.junit.runners.BlockJUnit4ClassRunner$1.evaluate(BlockJUnit4ClassRunner.java:100)
	org.junit.runners.ParentRunner.runLeaf(ParentRunner.java:365)
	org.junit.runners.BlockJUnit4ClassRunner.runChild(BlockJUnit4ClassRunner.java:103)
	org.junit.runners.BlockJUnit4ClassRunner.runChild(BlockJUnit4ClassRunner.java:63)
	org.junit.runners.ParentRunner$4.run(ParentRunner.java:330)
	org.junit.runners.ParentRunner$1.schedule(ParentRunner.java:78)
	org.junit.runners.ParentRunner.runChildren(ParentRunner.java:328)
	org.junit.runners.ParentRunner.access$100(ParentRunner.java:65)
	org.junit.runners.ParentRunner$2.evaluate(ParentRunner.java:292)
	org.junit.runners.ParentRunner$3.evaluate(ParentRunner.java:305)
	org.junit.runners.ParentRunner.run(ParentRunner.java:412)
	org.junit.runner.JUnitCore.run(JUnitCore.java:137)
	org.junit.runner.JUnitCore.run(JUnitCore.java:115)
	org.junit.vintage.engine.execution.RunnerExecutor.execute(RunnerExecutor.java:40)
	java.util.stream.ForEachOps$ForEachOp$OfRef.accept(ForEachOps.java:184)
	java.util.stream.ReferencePipeline$3$1.accept(ReferencePipeline.java:193)
	java.util.Iterator.forEachRemaining(Iterator.java:116)
	java.util.Spliterators$IteratorSpliterator.forEachRemaining(Spliterators.java:1801)
	java.util.stream.AbstractPipeline.copyInto(AbstractPipeline.java:481)
	java.util.stream.AbstractPipeline.wrapAndCopyInto(AbstractPipeline.java:471)
	java.util.stream.ForEachOps$ForEachOp.evaluateSequential(ForEachOps.java:151)
	java.util.stream.ForEachOps$ForEachOp$OfRef.evaluateSequential(ForEachOps.java:174)
	java.util.stream.AbstractPipeline.evaluate(AbstractPipeline.java:234)
	java.util.stream.ReferencePipeline.forEach(ReferencePipeline.java:418)
	org.junit.vintage.engine.VintageTestEngine.executeAllChildren(VintageTestEngine.java:80)
	org.junit.vintage.engine.VintageTestEngine.execute(VintageTestEngine.java:71)
	org.junit.platform.launcher.core.DefaultLauncher.execute(DefaultLauncher.java:229)
	org.junit.platform.launcher.core.DefaultLauncher.lambda$execute$6(DefaultLauncher.java:197)
	org.junit.platform.launcher.core.DefaultLauncher.withInterceptedStreams(DefaultLauncher.java:211)
	org.junit.platform.launcher.core.DefaultLauncher.execute(DefaultLauncher.java:191)
	org.junit.platform.launcher.core.DefaultLauncher.execute(DefaultLauncher.java:128)
	org.gradle.api.internal.tasks.testing.junitplatform.JUnitPlatformTestClassProcessor$CollectAllTestClassesExecutor.processAllTestClasses(JUnitPlatformTestClassProcessor.java:102)
	org.gradle.api.internal.tasks.testing.junitplatform.JUnitPlatformTestClassProcessor$CollectAllTestClassesExecutor.access$000(JUnitPlatformTestClassProcessor.java:82)
	org.gradle.api.internal.tasks.testing.junitplatform.JUnitPlatformTestClassProcessor.stop(JUnitPlatformTestClassProcessor.java:78)
	org.gradle.api.internal.tasks.testing.SuiteTestClassProcessor.stop(SuiteTestClassProcessor.java:61)
	sun.reflect.NativeMethodAccessorImpl.invoke0(Native Method)
	sun.reflect.NativeMethodAccessorImpl.invoke(NativeMethodAccessorImpl.java:62)
	sun.reflect.DelegatingMethodAccessorImpl.invoke(DelegatingMethodAccessorImpl.java:43)
	java.lang.reflect.Method.invoke(Method.java:497)
	org.gradle.internal.dispatch.ReflectionDispatch.dispatch(ReflectionDispatch.java:35)
	org.gradle.internal.dispatch.ReflectionDispatch.dispatch(ReflectionDispatch.java:24)
	org.gradle.internal.dispatch.ContextClassLoaderDispatch.dispatch(ContextClassLoaderDispatch.java:32)
	org.gradle.internal.dispatch.ProxyDispatchAdapter$DispatchingInvocationHandler.invoke(ProxyDispatchAdapter.java:93)
	com.sun.proxy.$Proxy2.stop(Unknown Source)
	org.gradle.api.internal.tasks.testing.worker.TestWorker.stop(TestWorker.java:132)
	sun.reflect.NativeMethodAccessorImpl.invoke0(Native Method)
	sun.reflect.NativeMethodAccessorImpl.invoke(NativeMethodAccessorImpl.java:62)
	sun.reflect.DelegatingMethodAccessorImpl.invoke(DelegatingMethodAccessorImpl.java:43)
	java.lang.reflect.Method.invoke(Method.java:497)
	org.gradle.internal.dispatch.ReflectionDispatch.dispatch(ReflectionDispatch.java:35)
	org.gradle.internal.dispatch.ReflectionDispatch.dispatch(ReflectionDispatch.java:24)
	org.gradle.internal.remote.internal.hub.MessageHubBackedObjectConnection$DispatchWrapper.dispatch(MessageHubBackedObjectConnection.java:175)
	org.gradle.internal.remote.internal.hub.MessageHubBackedObjectConnection$DispatchWrapper.dispatch(MessageHubBackedObjectConnection.java:157)
	org.gradle.internal.remote.internal.hub.MessageHub$Handler.run(MessageHub.java:404)
	org.gradle.internal.concurrent.ExecutorPolicy$CatchAndRecordFailures.onExecute(ExecutorPolicy.java:63)
	org.gradle.internal.concurrent.ManagedExecutorImpl$1.run(ManagedExecutorImpl.java:46)
	java.util.concurrent.ThreadPoolExecutor.runWorker(ThreadPoolExecutor.java:1142)
	java.util.concurrent.ThreadPoolExecutor$Worker.run(ThreadPoolExecutor.java:617)
	org.gradle.internal.concurrent.ThreadFactoryImpl$ManagedThreadRunnable.run(ThreadFactoryImpl.java:55)
	java.lang.Thread.run(Thread.java:745)
#4:
	io.netty.buffer.AdvancedLeakAwareCompositeByteBuf.touch(AdvancedLeakAwareCompositeByteBuf.java:36)
	org.springframework.core.io.buffer.NettyDataBufferFactory.wrap(NettyDataBufferFactory.java:93)
	org.springframework.messaging.rsocket.MetadataEncoder.encode(MetadataEncoder.java:175)
	org.springframework.messaging.rsocket.MetadataEncoderTests.compositeMetadataWithRouteAndText(MetadataEncoderTests.java:72)
	sun.reflect.NativeMethodAccessorImpl.invoke0(Native Method)
	sun.reflect.NativeMethodAccessorImpl.invoke(NativeMethodAccessorImpl.java:62)
	sun.reflect.DelegatingMethodAccessorImpl.invoke(DelegatingMethodAccessorImpl.java:43)
	java.lang.reflect.Method.invoke(Method.java:497)
	org.junit.runners.model.FrameworkMethod$1.runReflectiveCall(FrameworkMethod.java:59)
	org.junit.internal.runners.model.ReflectiveCallable.run(ReflectiveCallable.java:12)
	org.junit.runners.model.FrameworkMethod.invokeExplosively(FrameworkMethod.java:56)
	org.junit.internal.runners.statements.InvokeMethod.evaluate(InvokeMethod.java:17)
	org.junit.runners.ParentRunner$3.evaluate(ParentRunner.java:305)
	org.junit.runners.BlockJUnit4ClassRunner$1.evaluate(BlockJUnit4ClassRunner.java:100)
	org.junit.runners.ParentRunner.runLeaf(ParentRunner.java:365)
	org.junit.runners.BlockJUnit4ClassRunner.runChild(BlockJUnit4ClassRunner.java:103)
	org.junit.runners.BlockJUnit4ClassRunner.runChild(BlockJUnit4ClassRunner.java:63)
	org.junit.runners.ParentRunner$4.run(ParentRunner.java:330)
	org.junit.runners.ParentRunner$1.schedule(ParentRunner.java:78)
	org.junit.runners.ParentRunner.runChildren(ParentRunner.java:328)
	org.junit.runners.ParentRunner.access$100(ParentRunner.java:65)
	org.junit.runners.ParentRunner$2.evaluate(ParentRunner.java:292)
	org.junit.runners.ParentRunner$3.evaluate(ParentRunner.java:305)
	org.junit.runners.ParentRunner.run(ParentRunner.java:412)
	org.junit.runner.JUnitCore.run(JUnitCore.java:137)
	org.junit.runner.JUnitCore.run(JUnitCore.java:115)
	org.junit.vintage.engine.execution.RunnerExecutor.execute(RunnerExecutor.java:40)
	java.util.stream.ForEachOps$ForEachOp$OfRef.accept(ForEachOps.java:184)
	java.util.stream.ReferencePipeline$3$1.accept(ReferencePipeline.java:193)
	java.util.Iterator.forEachRemaining(Iterator.java:116)
	java.util.Spliterators$IteratorSpliterator.forEachRemaining(Spliterators.java:1801)
	java.util.stream.AbstractPipeline.copyInto(AbstractPipeline.java:481)
	java.util.stream.AbstractPipeline.wrapAndCopyInto(AbstractPipeline.java:471)
	java.util.stream.ForEachOps$ForEachOp.evaluateSequential(ForEachOps.java:151)
	java.util.stream.ForEachOps$ForEachOp$OfRef.evaluateSequential(ForEachOps.java:174)
	java.util.stream.AbstractPipeline.evaluate(AbstractPipeline.java:234)
	java.util.stream.ReferencePipeline.forEach(ReferencePipeline.java:418)
	org.junit.vintage.engine.VintageTestEngine.executeAllChildren(VintageTestEngine.java:80)
	org.junit.vintage.engine.VintageTestEngine.execute(VintageTestEngine.java:71)
	org.junit.platform.launcher.core.DefaultLauncher.execute(DefaultLauncher.java:229)
	org.junit.platform.launcher.core.DefaultLauncher.lambda$execute$6(DefaultLauncher.java:197)
	org.junit.platform.launcher.core.DefaultLauncher.withInterceptedStreams(DefaultLauncher.java:211)
	org.junit.platform.launcher.core.DefaultLauncher.execute(DefaultLauncher.java:191)
	org.junit.platform.launcher.core.DefaultLauncher.execute(DefaultLauncher.java:128)
	org.gradle.api.internal.tasks.testing.junitplatform.JUnitPlatformTestClassProcessor$CollectAllTestClassesExecutor.processAllTestClasses(JUnitPlatformTestClassProcessor.java:102)
	org.gradle.api.internal.tasks.testing.junitplatform.JUnitPlatformTestClassProcessor$CollectAllTestClassesExecutor.access$000(JUnitPlatformTestClassProcessor.java:82)
	org.gradle.api.internal.tasks.testing.junitplatform.JUnitPlatformTestClassProcessor.stop(JUnitPlatformTestClassProcessor.java:78)
	org.gradle.api.internal.tasks.testing.SuiteTestClassProcessor.stop(SuiteTestClassProcessor.java:61)
	sun.reflect.NativeMethodAccessorImpl.invoke0(Native Method)
	sun.reflect.NativeMethodAccessorImpl.invoke(NativeMethodAccessorImpl.java:62)
	sun.reflect.DelegatingMethodAccessorImpl.invoke(DelegatingMethodAccessorImpl.java:43)
	java.lang.reflect.Method.invoke(Method.java:497)
	org.gradle.internal.dispatch.ReflectionDispatch.dispatch(ReflectionDispatch.java:35)
	org.gradle.internal.dispatch.ReflectionDispatch.dispatch(ReflectionDispatch.java:24)
	org.gradle.internal.dispatch.ContextClassLoaderDispatch.dispatch(ContextClassLoaderDispatch.java:32)
	org.gradle.internal.dispatch.ProxyDispatchAdapter$DispatchingInvocationHandler.invoke(ProxyDispatchAdapter.java:93)
	com.sun.proxy.$Proxy2.stop(Unknown Source)
	org.gradle.api.internal.tasks.testing.worker.TestWorker.stop(TestWorker.java:132)
	sun.reflect.NativeMethodAccessorImpl.invoke0(Native Method)
	sun.reflect.NativeMethodAccessorImpl.invoke(NativeMethodAccessorImpl.java:62)
	sun.reflect.DelegatingMethodAccessorImpl.invoke(DelegatingMethodAccessorImpl.java:43)
	java.lang.reflect.Method.invoke(Method.java:497)
	org.gradle.internal.dispatch.ReflectionDispatch.dispatch(ReflectionDispatch.java:35)
	org.gradle.internal.dispatch.ReflectionDispatch.dispatch(ReflectionDispatch.java:24)
	org.gradle.internal.remote.internal.hub.MessageHubBackedObjectConnection$DispatchWrapper.dispatch(MessageHubBackedObjectConnection.java:175)
	org.gradle.internal.remote.internal.hub.MessageHubBackedObjectConnection$DispatchWrapper.dispatch(MessageHubBackedObjectConnection.java:157)
	org.gradle.internal.remote.internal.hub.MessageHub$Handler.run(MessageHub.java:404)
	org.gradle.internal.concurrent.ExecutorPolicy$CatchAndRecordFailures.onExecute(ExecutorPolicy.java:63)
	org.gradle.internal.concurrent.ManagedExecutorImpl$1.run(ManagedExecutorImpl.java:46)
	java.util.concurrent.ThreadPoolExecutor.runWorker(ThreadPoolExecutor.java:1142)
	java.util.concurrent.ThreadPoolExecutor$Worker.run(ThreadPoolExecutor.java:617)
	org.gradle.internal.concurrent.ThreadFactoryImpl$ManagedThreadRunnable.run(ThreadFactoryImpl.java:55)
	java.lang.Thread.run(Thread.java:745)
#5:
	io.netty.buffer.AdvancedLeakAwareCompositeByteBuf.addComponents(AdvancedLeakAwareCompositeByteBuf.java:926)
	io.rsocket.metadata.CompositeMetadataFlyweight.encodeAndAddMetadata(CompositeMetadataFlyweight.java:215)
	org.springframework.messaging.rsocket.MetadataEncoder.lambda$encode$62(MetadataEncoder.java:168)
	java.util.LinkedHashMap.forEach(LinkedHashMap.java:676)
	org.springframework.messaging.rsocket.MetadataEncoder.encode(MetadataEncoder.java:166)
	org.springframework.messaging.rsocket.MetadataEncoderTests.compositeMetadataWithRouteAndText(MetadataEncoderTests.java:72)
	sun.reflect.NativeMethodAccessorImpl.invoke0(Native Method)
	sun.reflect.NativeMethodAccessorImpl.invoke(NativeMethodAccessorImpl.java:62)
	sun.reflect.DelegatingMethodAccessorImpl.invoke(DelegatingMethodAccessorImpl.java:43)
	java.lang.reflect.Method.invoke(Method.java:497)
	org.junit.runners.model.FrameworkMethod$1.runReflectiveCall(FrameworkMethod.java:59)
	org.junit.internal.runners.model.ReflectiveCallable.run(ReflectiveCallable.java:12)
	org.junit.runners.model.FrameworkMethod.invokeExplosively(FrameworkMethod.java:56)
	org.junit.internal.runners.statements.InvokeMethod.evaluate(InvokeMethod.java:17)
	org.junit.runners.ParentRunner$3.evaluate(ParentRunner.java:305)
	org.junit.runners.BlockJUnit4ClassRunner$1.evaluate(BlockJUnit4ClassRunner.java:100)
	org.junit.runners.ParentRunner.runLeaf(ParentRunner.java:365)
	org.junit.runners.BlockJUnit4ClassRunner.runChild(BlockJUnit4ClassRunner.java:103)
	org.junit.runners.BlockJUnit4ClassRunner.runChild(BlockJUnit4ClassRunner.java:63)
	org.junit.runners.ParentRunner$4.run(ParentRunner.java:330)
	org.junit.runners.ParentRunner$1.schedule(ParentRunner.java:78)
	org.junit.runners.ParentRunner.runChildren(ParentRunner.java:328)
	org.junit.runners.ParentRunner.access$100(ParentRunner.java:65)
	org.junit.runners.ParentRunner$2.evaluate(ParentRunner.java:292)
	org.junit.runners.ParentRunner$3.evaluate(ParentRunner.java:305)
	org.junit.runners.ParentRunner.run(ParentRunner.java:412)
	org.junit.runner.JUnitCore.run(JUnitCore.java:137)
	org.junit.runner.JUnitCore.run(JUnitCore.java:115)
	org.junit.vintage.engine.execution.RunnerExecutor.execute(RunnerExecutor.java:40)
	java.util.stream.ForEachOps$ForEachOp$OfRef.accept(ForEachOps.java:184)
	java.util.stream.ReferencePipeline$3$1.accept(ReferencePipeline.java:193)
	java.util.Iterator.forEachRemaining(Iterator.java:116)
	java.util.Spliterators$IteratorSpliterator.forEachRemaining(Spliterators.java:1801)
	java.util.stream.AbstractPipeline.copyInto(AbstractPipeline.java:481)
	java.util.stream.AbstractPipeline.wrapAndCopyInto(AbstractPipeline.java:471)
	java.util.stream.ForEachOps$ForEachOp.evaluateSequential(ForEachOps.java:151)
	java.util.stream.ForEachOps$ForEachOp$OfRef.evaluateSequential(ForEachOps.java:174)
	java.util.stream.AbstractPipeline.evaluate(AbstractPipeline.java:234)
	java.util.stream.ReferencePipeline.forEach(ReferencePipeline.java:418)
	org.junit.vintage.engine.VintageTestEngine.executeAllChildren(VintageTestEngine.java:80)
	org.junit.vintage.engine.VintageTestEngine.execute(VintageTestEngine.java:71)
	org.junit.platform.launcher.core.DefaultLauncher.execute(DefaultLauncher.java:229)
	org.junit.platform.launcher.core.DefaultLauncher.lambda$execute$6(DefaultLauncher.java:197)
	org.junit.platform.launcher.core.DefaultLauncher.withInterceptedStreams(DefaultLauncher.java:211)
	org.junit.platform.launcher.core.DefaultLauncher.execute(DefaultLauncher.java:191)
	org.junit.platform.launcher.core.DefaultLauncher.execute(DefaultLauncher.java:128)
	org.gradle.api.internal.tasks.testing.junitplatform.JUnitPlatformTestClassProcessor$CollectAllTestClassesExecutor.processAllTestClasses(JUnitPlatformTestClassProcessor.java:102)
	org.gradle.api.internal.tasks.testing.junitplatform.JUnitPlatformTestClassProcessor$CollectAllTestClassesExecutor.access$000(JUnitPlatformTestClassProcessor.java:82)
	org.gradle.api.internal.tasks.testing.junitplatform.JUnitPlatformTestClassProcessor.stop(JUnitPlatformTestClassProcessor.java:78)
	org.gradle.api.internal.tasks.testing.SuiteTestClassProcessor.stop(SuiteTestClassProcessor.java:61)
	sun.reflect.NativeMethodAccessorImpl.invoke0(Native Method)
	sun.reflect.NativeMethodAccessorImpl.invoke(NativeMethodAccessorImpl.java:62)
	sun.reflect.DelegatingMethodAccessorImpl.invoke(DelegatingMethodAccessorImpl.java:43)
	java.lang.reflect.Method.invoke(Method.java:497)
	org.gradle.internal.dispatch.ReflectionDispatch.dispatch(ReflectionDispatch.java:35)
	org.gradle.internal.dispatch.ReflectionDispatch.dispatch(ReflectionDispatch.java:24)
	org.gradle.internal.dispatch.ContextClassLoaderDispatch.dispatch(ContextClassLoaderDispatch.java:32)
	org.gradle.internal.dispatch.ProxyDispatchAdapter$DispatchingInvocationHandler.invoke(ProxyDispatchAdapter.java:93)
	com.sun.proxy.$Proxy2.stop(Unknown Source)
	org.gradle.api.internal.tasks.testing.worker.TestWorker.stop(TestWorker.java:132)
	sun.reflect.NativeMethodAccessorImpl.invoke0(Native Method)
	sun.reflect.NativeMethodAccessorImpl.invoke(NativeMethodAccessorImpl.java:62)
	sun.reflect.DelegatingMethodAccessorImpl.invoke(DelegatingMethodAccessorImpl.java:43)
	java.lang.reflect.Method.invoke(Method.java:497)
	org.gradle.internal.dispatch.ReflectionDispatch.dispatch(ReflectionDispatch.java:35)
	org.gradle.internal.dispatch.ReflectionDispatch.dispatch(ReflectionDispatch.java:24)
	org.gradle.internal.remote.internal.hub.MessageHubBackedObjectConnection$DispatchWrapper.dispatch(MessageHubBackedObjectConnection.java:175)
	org.gradle.internal.remote.internal.hub.MessageHubBackedObjectConnection$DispatchWrapper.dispatch(MessageHubBackedObjectConnection.java:157)
	org.gradle.internal.remote.internal.hub.MessageHub$Handler.run(MessageHub.java:404)
	org.gradle.internal.concurrent.ExecutorPolicy$CatchAndRecordFailures.onExecute(ExecutorPolicy.java:63)
	org.gradle.internal.concurrent.ManagedExecutorImpl$1.run(ManagedExecutorImpl.java:46)
	java.util.concurrent.ThreadPoolExecutor.runWorker(ThreadPoolExecutor.java:1142)
	java.util.concurrent.ThreadPoolExecutor$Worker.run(ThreadPoolExecutor.java:617)
	org.gradle.internal.concurrent.ThreadFactoryImpl$ManagedThreadRunnable.run(ThreadFactoryImpl.java:55)
	java.lang.Thread.run(Thread.java:745)
Created at:
	io.netty.buffer.AbstractByteBufAllocator.compositeDirectBuffer(AbstractByteBufAllocator.java:223)
	io.netty.buffer.AbstractByteBufAllocator.compositeDirectBuffer(AbstractByteBufAllocator.java:218)
	io.netty.buffer.AbstractByteBufAllocator.compositeBuffer(AbstractByteBufAllocator.java:193)
	org.springframework.messaging.rsocket.MetadataEncoder.encode(MetadataEncoder.java:164)
	org.springframework.messaging.rsocket.MetadataEncoderTests.compositeMetadataWithRouteAndText(MetadataEncoderTests.java:72)
	sun.reflect.NativeMethodAccessorImpl.invoke0(Native Method)
	sun.reflect.NativeMethodAccessorImpl.invoke(NativeMethodAccessorImpl.java:62)
	sun.reflect.DelegatingMethodAccessorImpl.invoke(DelegatingMethodAccessorImpl.java:43)
	java.lang.reflect.Method.invoke(Method.java:497)
	org.junit.runners.model.FrameworkMethod$1.runReflectiveCall(FrameworkMethod.java:59)
	org.junit.internal.runners.model.ReflectiveCallable.run(ReflectiveCallable.java:12)
	org.junit.runners.model.FrameworkMethod.invokeExplosively(FrameworkMethod.java:56)
	org.junit.internal.runners.statements.InvokeMethod.evaluate(InvokeMethod.java:17)
	org.junit.runners.ParentRunner$3.evaluate(ParentRunner.java:305)
	org.junit.runners.BlockJUnit4ClassRunner$1.evaluate(BlockJUnit4ClassRunner.java:100)
	org.junit.runners.ParentRunner.runLeaf(ParentRunner.java:365)
	org.junit.runners.BlockJUnit4ClassRunner.runChild(BlockJUnit4ClassRunner.java:103)
	org.junit.runners.BlockJUnit4ClassRunner.runChild(BlockJUnit4ClassRunner.java:63)
	org.junit.runners.ParentRunner$4.run(ParentRunner.java:330)
	org.junit.runners.ParentRunner$1.schedule(ParentRunner.java:78)
	org.junit.runners.ParentRunner.runChildren(ParentRunner.java:328)
	org.junit.runners.ParentRunner.access$100(ParentRunner.java:65)
	org.junit.runners.ParentRunner$2.evaluate(ParentRunner.java:292)
	org.junit.runners.ParentRunner$3.evaluate(ParentRunner.java:305)
	org.junit.runners.ParentRunner.run(ParentRunner.java:412)
	org.junit.runner.JUnitCore.run(JUnitCore.java:137)
	org.junit.runner.JUnitCore.run(JUnitCore.java:115)
	org.junit.vintage.engine.execution.RunnerExecutor.execute(RunnerExecutor.java:40)
	java.util.stream.ForEachOps$ForEachOp$OfRef.accept(ForEachOps.java:184)
	java.util.stream.ReferencePipeline$3$1.accept(ReferencePipeline.java:193)
	java.util.Iterator.forEachRemaining(Iterator.java:116)
	java.util.Spliterators$IteratorSpliterator.forEachRemaining(Spliterators.java:1801)
	java.util.stream.AbstractPipeline.copyInto(AbstractPipeline.java:481)
	java.util.stream.AbstractPipeline.wrapAndCopyInto(AbstractPipeline.java:471)
	java.util.stream.ForEachOps$ForEachOp.evaluateSequential(ForEachOps.java:151)
	java.util.stream.ForEachOps$ForEachOp$OfRef.evaluateSequential(ForEachOps.java:174)
	java.util.stream.AbstractPipeline.evaluate(AbstractPipeline.java:234)
	java.util.stream.ReferencePipeline.forEach(ReferencePipeline.java:418)
	org.junit.vintage.engine.VintageTestEngine.executeAllChildren(VintageTestEngine.java:80)
	org.junit.vintage.engine.VintageTestEngine.execute(VintageTestEngine.java:71)
	org.junit.platform.launcher.core.DefaultLauncher.execute(DefaultLauncher.java:229)
	org.junit.platform.launcher.core.DefaultLauncher.lambda$execute$6(DefaultLauncher.java:197)
	org.junit.platform.launcher.core.DefaultLauncher.withInterceptedStreams(DefaultLauncher.java:211)
	org.junit.platform.launcher.core.DefaultLauncher.execute(DefaultLauncher.java:191)
	org.junit.platform.launcher.core.DefaultLauncher.execute(DefaultLauncher.java:128)
	org.gradle.api.internal.tasks.testing.junitplatform.JUnitPlatformTestClassProcessor$CollectAllTestClassesExecutor.processAllTestClasses(JUnitPlatformTestClassProcessor.java:102)
	org.gradle.api.internal.tasks.testing.junitplatform.JUnitPlatformTestClassProcessor$CollectAllTestClassesExecutor.access$000(JUnitPlatformTestClassProcessor.java:82)
	org.gradle.api.internal.tasks.testing.junitplatform.JUnitPlatformTestClassProcessor.stop(JUnitPlatformTestClassProcessor.java:78)
	org.gradle.api.internal.tasks.testing.SuiteTestClassProcessor.stop(SuiteTestClassProcessor.java:61)
	sun.reflect.NativeMethodAccessorImpl.invoke0(Native Method)
	sun.reflect.NativeMethodAccessorImpl.invoke(NativeMethodAccessorImpl.java:62)
	sun.reflect.DelegatingMethodAccessorImpl.invoke(DelegatingMethodAccessorImpl.java:43)
	java.lang.reflect.Method.invoke(Method.java:497)
	org.gradle.internal.dispatch.ReflectionDispatch.dispatch(ReflectionDispatch.java:35)
	org.gradle.internal.dispatch.ReflectionDispatch.dispatch(ReflectionDispatch.java:24)
	org.gradle.internal.dispatch.ContextClassLoaderDispatch.dispatch(ContextClassLoaderDispatch.java:32)
	org.gradle.internal.dispatch.ProxyDispatchAdapter$DispatchingInvocationHandler.invoke(ProxyDispatchAdapter.java:93)
	com.sun.proxy.$Proxy2.stop(Unknown Source)
	org.gradle.api.internal.tasks.testing.worker.TestWorker.stop(TestWorker.java:132)
	sun.reflect.NativeMethodAccessorImpl.invoke0(Native Method)
	sun.reflect.NativeMethodAccessorImpl.invoke(NativeMethodAccessorImpl.java:62)
	sun.reflect.DelegatingMethodAccessorImpl.invoke(DelegatingMethodAccessorImpl.java:43)
	java.lang.reflect.Method.invoke(Method.java:497)
	org.gradle.internal.dispatch.ReflectionDispatch.dispatch(ReflectionDispatch.java:35)
	org.gradle.internal.dispatch.ReflectionDispatch.dispatch(ReflectionDispatch.java:24)
	org.gradle.internal.remote.internal.hub.MessageHubBackedObjectConnection$DispatchWrapper.dispatch(MessageHubBackedObjectConnection.java:175)
	org.gradle.internal.remote.internal.hub.MessageHubBackedObjectConnection$DispatchWrapper.dispatch(MessageHubBackedObjectConnection.java:157)
	org.gradle.internal.remote.internal.hub.MessageHub$Handler.run(MessageHub.java:404)
	org.gradle.internal.concurrent.ExecutorPolicy$CatchAndRecordFailures.onExecute(ExecutorPolicy.java:63)
	org.gradle.internal.concurrent.ManagedExecutorImpl$1.run(ManagedExecutorImpl.java:46)
	java.util.concurrent.ThreadPoolExecutor.runWorker(ThreadPoolExecutor.java:1142)
	java.util.concurrent.ThreadPoolExecutor$Worker.run(ThreadPoolExecutor.java:617)
	org.gradle.internal.concurrent.ThreadFactoryImpl$ManagedThreadRunnable.run(ThreadFactoryImpl.java:55)
	java.lang.Thread.run(Thread.java:745)
: 1 leak records were discarded because they were duplicates
: 13 leak records were discarded because the leak record count is targeted to 4. Use system property io.netty.leakDetection.targetRecords to increase the limit.
01:35:01.895 [reactor-tcp-nio-2] ERROR i.n.u.ResourceLeakDetector - LEAK: ByteBuf.release() was not called before it's garbage-collected. See http://netty.io/wiki/reference-counted-objects.html for more information.
Recent access records: 
#1:
	io.netty.buffer.AdvancedLeakAwareByteBuf.getBytes(AdvancedLeakAwareByteBuf.java:250)
	io.netty.buffer.CompositeByteBuf.getBytes(CompositeByteBuf.java:1029)
	io.netty.buffer.CompositeByteBuf.getBytes(CompositeByteBuf.java:1984)
	io.netty.buffer.CompositeByteBuf.getBytes(CompositeByteBuf.java:48)
	io.netty.buffer.ByteBufUtil.getBytes(ByteBufUtil.java:907)
	io.netty.buffer.AbstractByteBuf.getCharSequence(AbstractByteBuf.java:517)
	io.netty.buffer.AbstractUnpooledSlicedByteBuf.getCharSequence(AbstractUnpooledSlicedByteBuf.java:264)
	io.netty.buffer.AbstractByteBuf.readCharSequence(AbstractByteBuf.java:524)
	io.netty.buffer.WrappedByteBuf.readCharSequence(WrappedByteBuf.java:688)
	io.netty.buffer.AdvancedLeakAwareByteBuf.readCharSequence(AdvancedLeakAwareByteBuf.java:527)
	io.rsocket.metadata.CompositeMetadataFlyweight.decodeMimeTypeFromMimeBuffer(CompositeMetadataFlyweight.java:193)
	io.rsocket.metadata.CompositeMetadata$1.next(CompositeMetadata.java:90)
	io.rsocket.metadata.CompositeMetadata$1.next(CompositeMetadata.java:67)
	org.springframework.messaging.rsocket.MetadataEncoderTests.compositeMetadataWithRouteAndText(MetadataEncoderTests.java:83)
	sun.reflect.NativeMethodAccessorImpl.invoke0(Native Method)
	sun.reflect.NativeMethodAccessorImpl.invoke(NativeMethodAccessorImpl.java:62)
	sun.reflect.DelegatingMethodAccessorImpl.invoke(DelegatingMethodAccessorImpl.java:43)
	java.lang.reflect.Method.invoke(Method.java:497)
	org.junit.runners.model.FrameworkMethod$1.runReflectiveCall(FrameworkMethod.java:59)
	org.junit.internal.runners.model.ReflectiveCallable.run(ReflectiveCallable.java:12)
	org.junit.runners.model.FrameworkMethod.invokeExplosively(FrameworkMethod.java:56)
	org.junit.internal.runners.statements.InvokeMethod.evaluate(InvokeMethod.java:17)
	org.junit.runners.ParentRunner$3.evaluate(ParentRunner.java:305)
	org.junit.runners.BlockJUnit4ClassRunner$1.evaluate(BlockJUnit4ClassRunner.java:100)
	org.junit.runners.ParentRunner.runLeaf(ParentRunner.java:365)
	org.junit.runners.BlockJUnit4ClassRunner.runChild(BlockJUnit4ClassRunner.java:103)
	org.junit.runners.BlockJUnit4ClassRunner.runChild(BlockJUnit4ClassRunner.java:63)
	org.junit.runners.ParentRunner$4.run(ParentRunner.java:330)
	org.junit.runners.ParentRunner$1.schedule(ParentRunner.java:78)
	org.junit.runners.ParentRunner.runChildren(ParentRunner.java:328)
	org.junit.runners.ParentRunner.access$100(ParentRunner.java:65)
	org.junit.runners.ParentRunner$2.evaluate(ParentRunner.java:292)
	org.junit.runners.ParentRunner$3.evaluate(ParentRunner.java:305)
	org.junit.runners.ParentRunner.run(ParentRunner.java:412)
	org.junit.runner.JUnitCore.run(JUnitCore.java:137)
	org.junit.runner.JUnitCore.run(JUnitCore.java:115)
	org.junit.vintage.engine.execution.RunnerExecutor.execute(RunnerExecutor.java:40)
	java.util.stream.ForEachOps$ForEachOp$OfRef.accept(ForEachOps.java:184)
	java.util.stream.ReferencePipeline$3$1.accept(ReferencePipeline.java:193)
	java.util.Iterator.forEachRemaining(Iterator.java:116)
	java.util.Spliterators$IteratorSpliterator.forEachRemaining(Spliterators.java:1801)
	java.util.stream.AbstractPipeline.copyInto(AbstractPipeline.java:481)
	java.util.stream.AbstractPipeline.wrapAndCopyInto(AbstractPipeline.java:471)
	java.util.stream.ForEachOps$ForEachOp.evaluateSequential(ForEachOps.java:151)
	java.util.stream.ForEachOps$ForEachOp$OfRef.evaluateSequential(ForEachOps.java:174)
	java.util.stream.AbstractPipeline.evaluate(AbstractPipeline.java:234)
	java.util.stream.ReferencePipeline.forEach(ReferencePipeline.java:418)
	org.junit.vintage.engine.VintageTestEngine.executeAllChildren(VintageTestEngine.java:80)
	org.junit.vintage.engine.VintageTestEngine.execute(VintageTestEngine.java:71)
	org.junit.platform.launcher.core.DefaultLauncher.execute(DefaultLauncher.java:229)
	org.junit.platform.launcher.core.DefaultLauncher.lambda$execute$6(DefaultLauncher.java:197)
	org.junit.platform.launcher.core.DefaultLauncher.withInterceptedStreams(DefaultLauncher.java:211)
	org.junit.platform.launcher.core.DefaultLauncher.execute(DefaultLauncher.java:191)
	org.junit.platform.launcher.core.DefaultLauncher.execute(DefaultLauncher.java:128)
	org.gradle.api.internal.tasks.testing.junitplatform.JUnitPlatformTestClassProcessor$CollectAllTestClassesExecutor.processAllTestClasses(JUnitPlatformTestClassProcessor.java:102)
	org.gradle.api.internal.tasks.testing.junitplatform.JUnitPlatformTestClassProcessor$CollectAllTestClassesExecutor.access$000(JUnitPlatformTestClassProcessor.java:82)
	org.gradle.api.internal.tasks.testing.junitplatform.JUnitPlatformTestClassProcessor.stop(JUnitPlatformTestClassProcessor.java:78)
	org.gradle.api.internal.tasks.testing.SuiteTestClassProcessor.stop(SuiteTestClassProcessor.java:61)
	sun.reflect.NativeMethodAccessorImpl.invoke0(Native Method)
	sun.reflect.NativeMethodAccessorImpl.invoke(NativeMethodAccessorImpl.java:62)
	sun.reflect.DelegatingMethodAccessorImpl.invoke(DelegatingMethodAccessorImpl.java:43)
	java.lang.reflect.Method.invoke(Method.java:497)
	org.gradle.internal.dispatch.ReflectionDispatch.dispatch(ReflectionDispatch.java:35)
	org.gradle.internal.dispatch.ReflectionDispatch.dispatch(ReflectionDispatch.java:24)
	org.gradle.internal.dispatch.ContextClassLoaderDispatch.dispatch(ContextClassLoaderDispatch.java:32)
	org.gradle.internal.dispatch.ProxyDispatchAdapter$DispatchingInvocationHandler.invoke(ProxyDispatchAdapter.java:93)
	com.sun.proxy.$Proxy2.stop(Unknown Source)
	org.gradle.api.internal.tasks.testing.worker.TestWorker.stop(TestWorker.java:132)
	sun.reflect.NativeMethodAccessorImpl.invoke0(Native Method)
	sun.reflect.NativeMethodAccessorImpl.invoke(NativeMethodAccessorImpl.java:62)
	sun.reflect.DelegatingMethodAccessorImpl.invoke(DelegatingMethodAccessorImpl.java:43)
	java.lang.reflect.Method.invoke(Method.java:497)
	org.gradle.internal.dispatch.ReflectionDispatch.dispatch(ReflectionDispatch.java:35)
	org.gradle.internal.dispatch.ReflectionDispatch.dispatch(ReflectionDispatch.java:24)
	org.gradle.internal.remote.internal.hub.MessageHubBackedObjectConnection$DispatchWrapper.dispatch(MessageHubBackedObjectConnection.java:175)
	org.gradle.internal.remote.internal.hub.MessageHubBackedObjectConnection$DispatchWrapper.dispatch(MessageHubBackedObjectConnection.java:157)
	org.gradle.internal.remote.internal.hub.MessageHub$Handler.run(MessageHub.java:404)
	org.gradle.internal.concurrent.ExecutorPolicy$CatchAndRecordFailures.onExecute(ExecutorPolicy.java:63)
	org.gradle.internal.concurrent.ManagedExecutorImpl$1.run(ManagedExecutorImpl.java:46)
	java.util.concurrent.ThreadPoolExecutor.runWorker(ThreadPoolExecutor.java:1142)
	java.util.concurrent.ThreadPoolExecutor$Worker.run(ThreadPoolExecutor.java:617)
	org.gradle.internal.concurrent.ThreadFactoryImpl$ManagedThreadRunnable.run(ThreadFactoryImpl.java:55)
	java.lang.Thread.run(Thread.java:745)
#2:
	io.netty.buffer.AdvancedLeakAwareByteBuf.writeByte(AdvancedLeakAwareByteBuf.java:544)
	io.rsocket.util.NumberUtils.encodeUnsignedMedium(NumberUtils.java:161)
	io.rsocket.metadata.CompositeMetadataFlyweight.encodeMetadataHeader(CompositeMetadataFlyweight.java:357)
	io.rsocket.metadata.CompositeMetadataFlyweight.encodeAndAddMetadata(CompositeMetadataFlyweight.java:216)
	org.springframework.messaging.rsocket.MetadataEncoder.lambda$encode$62(MetadataEncoder.java:168)
	java.util.LinkedHashMap.forEach(LinkedHashMap.java:676)
	org.springframework.messaging.rsocket.MetadataEncoder.encode(MetadataEncoder.java:166)
	org.springframework.messaging.rsocket.MetadataEncoderTests.compositeMetadataWithRouteAndText(MetadataEncoderTests.java:72)
	sun.reflect.NativeMethodAccessorImpl.invoke0(Native Method)
	sun.reflect.NativeMethodAccessorImpl.invoke(NativeMethodAccessorImpl.java:62)
	sun.reflect.DelegatingMethodAccessorImpl.invoke(DelegatingMethodAccessorImpl.java:43)
	java.lang.reflect.Method.invoke(Method.java:497)
	org.junit.runners.model.FrameworkMethod$1.runReflectiveCall(FrameworkMethod.java:59)
	org.junit.internal.runners.model.ReflectiveCallable.run(ReflectiveCallable.java:12)
	org.junit.runners.model.FrameworkMethod.invokeExplosively(FrameworkMethod.java:56)
	org.junit.internal.runners.statements.InvokeMethod.evaluate(InvokeMethod.java:17)
	org.junit.runners.ParentRunner$3.evaluate(ParentRunner.java:305)
	org.junit.runners.BlockJUnit4ClassRunner$1.evaluate(BlockJUnit4ClassRunner.java:100)
	org.junit.runners.ParentRunner.runLeaf(ParentRunner.java:365)
	org.junit.runners.BlockJUnit4ClassRunner.runChild(BlockJUnit4ClassRunner.java:103)
	org.junit.runners.BlockJUnit4ClassRunner.runChild(BlockJUnit4ClassRunner.java:63)
	org.junit.runners.ParentRunner$4.run(ParentRunner.java:330)
	org.junit.runners.ParentRunner$1.schedule(ParentRunner.java:78)
	org.junit.runners.ParentRunner.runChildren(ParentRunner.java:328)
	org.junit.runners.ParentRunner.access$100(ParentRunner.java:65)
	org.junit.runners.ParentRunner$2.evaluate(ParentRunner.java:292)
	org.junit.runners.ParentRunner$3.evaluate(ParentRunner.java:305)
	org.junit.runners.ParentRunner.run(ParentRunner.java:412)
	org.junit.runner.JUnitCore.run(JUnitCore.java:137)
	org.junit.runner.JUnitCore.run(JUnitCore.java:115)
	org.junit.vintage.engine.execution.RunnerExecutor.execute(RunnerExecutor.java:40)
	java.util.stream.ForEachOps$ForEachOp$OfRef.accept(ForEachOps.java:184)
	java.util.stream.ReferencePipeline$3$1.accept(ReferencePipeline.java:193)
	java.util.Iterator.forEachRemaining(Iterator.java:116)
	java.util.Spliterators$IteratorSpliterator.forEachRemaining(Spliterators.java:1801)
	java.util.stream.AbstractPipeline.copyInto(AbstractPipeline.java:481)
	java.util.stream.AbstractPipeline.wrapAndCopyInto(AbstractPipeline.java:471)
	java.util.stream.ForEachOps$ForEachOp.evaluateSequential(ForEachOps.java:151)
	java.util.stream.ForEachOps$ForEachOp$OfRef.evaluateSequential(ForEachOps.java:174)
	java.util.stream.AbstractPipeline.evaluate(AbstractPipeline.java:234)
	java.util.stream.ReferencePipeline.forEach(ReferencePipeline.java:418)
	org.junit.vintage.engine.VintageTestEngine.executeAllChildren(VintageTestEngine.java:80)
	org.junit.vintage.engine.VintageTestEngine.execute(VintageTestEngine.java:71)
	org.junit.platform.launcher.core.DefaultLauncher.execute(DefaultLauncher.java:229)
	org.junit.platform.launcher.core.DefaultLauncher.lambda$execute$6(DefaultLauncher.java:197)
	org.junit.platform.launcher.core.DefaultLauncher.withInterceptedStreams(DefaultLauncher.java:211)
	org.junit.platform.launcher.core.DefaultLauncher.execute(DefaultLauncher.java:191)
	org.junit.platform.launcher.core.DefaultLauncher.execute(DefaultLauncher.java:128)
	org.gradle.api.internal.tasks.testing.junitplatform.JUnitPlatformTestClassProcessor$CollectAllTestClassesExecutor.processAllTestClasses(JUnitPlatformTestClassProcessor.java:102)
	org.gradle.api.internal.tasks.testing.junitplatform.JUnitPlatformTestClassProcessor$CollectAllTestClassesExecutor.access$000(JUnitPlatformTestClassProcessor.java:82)
	org.gradle.api.internal.tasks.testing.junitplatform.JUnitPlatformTestClassProcessor.stop(JUnitPlatformTestClassProcessor.java:78)
	org.gradle.api.internal.tasks.testing.SuiteTestClassProcessor.stop(SuiteTestClassProcessor.java:61)
	sun.reflect.NativeMethodAccessorImpl.invoke0(Native Method)
	sun.reflect.NativeMethodAccessorImpl.invoke(NativeMethodAccessorImpl.java:62)
	sun.reflect.DelegatingMethodAccessorImpl.invoke(DelegatingMethodAccessorImpl.java:43)
	java.lang.reflect.Method.invoke(Method.java:497)
	org.gradle.internal.dispatch.ReflectionDispatch.dispatch(ReflectionDispatch.java:35)
	org.gradle.internal.dispatch.ReflectionDispatch.dispatch(ReflectionDispatch.java:24)
	org.gradle.internal.dispatch.ContextClassLoaderDispatch.dispatch(ContextClassLoaderDispatch.java:32)
	org.gradle.internal.dispatch.ProxyDispatchAdapter$DispatchingInvocationHandler.invoke(ProxyDispatchAdapter.java:93)
	com.sun.proxy.$Proxy2.stop(Unknown Source)
	org.gradle.api.internal.tasks.testing.worker.TestWorker.stop(TestWorker.java:132)
	sun.reflect.NativeMethodAccessorImpl.invoke0(Native Method)
	sun.reflect.NativeMethodAccessorImpl.invoke(NativeMethodAccessorImpl.java:62)
	sun.reflect.DelegatingMethodAccessorImpl.invoke(DelegatingMethodAccessorImpl.java:43)
	java.lang.reflect.Method.invoke(Method.java:497)
	org.gradle.internal.dispatch.ReflectionDispatch.dispatch(ReflectionDispatch.java:35)
	org.gradle.internal.dispatch.ReflectionDispatch.dispatch(ReflectionDispatch.java:24)
	org.gradle.internal.remote.internal.hub.MessageHubBackedObjectConnection$DispatchWrapper.dispatch(MessageHubBackedObjectConnection.java:175)
	org.gradle.internal.remote.internal.hub.MessageHubBackedObjectConnection$DispatchWrapper.dispatch(MessageHubBackedObjectConnection.java:157)
	org.gradle.internal.remote.internal.hub.MessageHub$Handler.run(MessageHub.java:404)
	org.gradle.internal.concurrent.ExecutorPolicy$CatchAndRecordFailures.onExecute(ExecutorPolicy.java:63)
	org.gradle.internal.concurrent.ManagedExecutorImpl$1.run(ManagedExecutorImpl.java:46)
	java.util.concurrent.ThreadPoolExecutor.runWorker(ThreadPoolExecutor.java:1142)
	java.util.concurrent.ThreadPoolExecutor$Worker.run(ThreadPoolExecutor.java:617)
	org.gradle.internal.concurrent.ThreadFactoryImpl$ManagedThreadRunnable.run(ThreadFactoryImpl.java:55)
	java.lang.Thread.run(Thread.java:745)
#3:
	io.netty.buffer.AdvancedLeakAwareByteBuf.writeByte(AdvancedLeakAwareByteBuf.java:544)
	io.rsocket.util.NumberUtils.encodeUnsignedMedium(NumberUtils.java:160)
	io.rsocket.metadata.CompositeMetadataFlyweight.encodeMetadataHeader(CompositeMetadataFlyweight.java:357)
	io.rsocket.metadata.CompositeMetadataFlyweight.encodeAndAddMetadata(CompositeMetadataFlyweight.java:216)
	org.springframework.messaging.rsocket.MetadataEncoder.lambda$encode$62(MetadataEncoder.java:168)
	java.util.LinkedHashMap.forEach(LinkedHashMap.java:676)
	org.springframework.messaging.rsocket.MetadataEncoder.encode(MetadataEncoder.java:166)
	org.springframework.messaging.rsocket.MetadataEncoderTests.compositeMetadataWithRouteAndText(MetadataEncoderTests.java:72)
	sun.reflect.NativeMethodAccessorImpl.invoke0(Native Method)
	sun.reflect.NativeMethodAccessorImpl.invoke(NativeMethodAccessorImpl.java:62)
	sun.reflect.DelegatingMethodAccessorImpl.invoke(DelegatingMethodAccessorImpl.java:43)
	java.lang.reflect.Method.invoke(Method.java:497)
	org.junit.runners.model.FrameworkMethod$1.runReflectiveCall(FrameworkMethod.java:59)
	org.junit.internal.runners.model.ReflectiveCallable.run(ReflectiveCallable.java:12)
	org.junit.runners.model.FrameworkMethod.invokeExplosively(FrameworkMethod.java:56)
	org.junit.internal.runners.statements.InvokeMethod.evaluate(InvokeMethod.java:17)
	org.junit.runners.ParentRunner$3.evaluate(ParentRunner.java:305)
	org.junit.runners.BlockJUnit4ClassRunner$1.evaluate(BlockJUnit4ClassRunner.java:100)
	org.junit.runners.ParentRunner.runLeaf(ParentRunner.java:365)
	org.junit.runners.BlockJUnit4ClassRunner.runChild(BlockJUnit4ClassRunner.java:103)
	org.junit.runners.BlockJUnit4ClassRunner.runChild(BlockJUnit4ClassRunner.java:63)
	org.junit.runners.ParentRunner$4.run(ParentRunner.java:330)
	org.junit.runners.ParentRunner$1.schedule(ParentRunner.java:78)
	org.junit.runners.ParentRunner.runChildren(ParentRunner.java:328)
	org.junit.runners.ParentRunner.access$100(ParentRunner.java:65)
	org.junit.runners.ParentRunner$2.evaluate(ParentRunner.java:292)
	org.junit.runners.ParentRunner$3.evaluate(ParentRunner.java:305)
	org.junit.runners.ParentRunner.run(ParentRunner.java:412)
	org.junit.runner.JUnitCore.run(JUnitCore.java:137)
	org.junit.runner.JUnitCore.run(JUnitCore.java:115)
	org.junit.vintage.engine.execution.RunnerExecutor.execute(RunnerExecutor.java:40)
	java.util.stream.ForEachOps$ForEachOp$OfRef.accept(ForEachOps.java:184)
	java.util.stream.ReferencePipeline$3$1.accept(ReferencePipeline.java:193)
	java.util.Iterator.forEachRemaining(Iterator.java:116)
	java.util.Spliterators$IteratorSpliterator.forEachRemaining(Spliterators.java:1801)
	java.util.stream.AbstractPipeline.copyInto(AbstractPipeline.java:481)
	java.util.stream.AbstractPipeline.wrapAndCopyInto(AbstractPipeline.java:471)
	java.util.stream.ForEachOps$ForEachOp.evaluateSequential(ForEachOps.java:151)
	java.util.stream.ForEachOps$ForEachOp$OfRef.evaluateSequential(ForEachOps.java:174)
	java.util.stream.AbstractPipeline.evaluate(AbstractPipeline.java:234)
	java.util.stream.ReferencePipeline.forEach(ReferencePipeline.java:418)
	org.junit.vintage.engine.VintageTestEngine.executeAllChildren(VintageTestEngine.java:80)
	org.junit.vintage.engine.VintageTestEngine.execute(VintageTestEngine.java:71)
	org.junit.platform.launcher.core.DefaultLauncher.execute(DefaultLauncher.java:229)
	org.junit.platform.launcher.core.DefaultLauncher.lambda$execute$6(DefaultLauncher.java:197)
	org.junit.platform.launcher.core.DefaultLauncher.withInterceptedStreams(DefaultLauncher.java:211)
	org.junit.platform.launcher.core.DefaultLauncher.execute(DefaultLauncher.java:191)
	org.junit.platform.launcher.core.DefaultLauncher.execute(DefaultLauncher.java:128)
	org.gradle.api.internal.tasks.testing.junitplatform.JUnitPlatformTestClassProcessor$CollectAllTestClassesExecutor.processAllTestClasses(JUnitPlatformTestClassProcessor.java:102)
	org.gradle.api.internal.tasks.testing.junitplatform.JUnitPlatformTestClassProcessor$CollectAllTestClassesExecutor.access$000(JUnitPlatformTestClassProcessor.java:82)
	org.gradle.api.internal.tasks.testing.junitplatform.JUnitPlatformTestClassProcessor.stop(JUnitPlatformTestClassProcessor.java:78)
	org.gradle.api.internal.tasks.testing.SuiteTestClassProcessor.stop(SuiteTestClassProcessor.java:61)
	sun.reflect.NativeMethodAccessorImpl.invoke0(Native Method)
	sun.reflect.NativeMethodAccessorImpl.invoke(NativeMethodAccessorImpl.java:62)
	sun.reflect.DelegatingMethodAccessorImpl.invoke(DelegatingMethodAccessorImpl.java:43)
	java.lang.reflect.Method.invoke(Method.java:497)
	org.gradle.internal.dispatch.ReflectionDispatch.dispatch(ReflectionDispatch.java:35)
	org.gradle.internal.dispatch.ReflectionDispatch.dispatch(ReflectionDispatch.java:24)
	org.gradle.internal.dispatch.ContextClassLoaderDispatch.dispatch(ContextClassLoaderDispatch.java:32)
	org.gradle.internal.dispatch.ProxyDispatchAdapter$DispatchingInvocationHandler.invoke(ProxyDispatchAdapter.java:93)
	com.sun.proxy.$Proxy2.stop(Unknown Source)
	org.gradle.api.internal.tasks.testing.worker.TestWorker.stop(TestWorker.java:132)
	sun.reflect.NativeMethodAccessorImpl.invoke0(Native Method)
	sun.reflect.NativeMethodAccessorImpl.invoke(NativeMethodAccessorImpl.java:62)
	sun.reflect.DelegatingMethodAccessorImpl.invoke(DelegatingMethodAccessorImpl.java:43)
	java.lang.reflect.Method.invoke(Method.java:497)
	org.gradle.internal.dispatch.ReflectionDispatch.dispatch(ReflectionDispatch.java:35)
	org.gradle.internal.dispatch.ReflectionDispatch.dispatch(ReflectionDispatch.java:24)
	org.gradle.internal.remote.internal.hub.MessageHubBackedObjectConnection$DispatchWrapper.dispatch(MessageHubBackedObjectConnection.java:175)
	org.gradle.internal.remote.internal.hub.MessageHubBackedObjectConnection$DispatchWrapper.dispatch(MessageHubBackedObjectConnection.java:157)
	org.gradle.internal.remote.internal.hub.MessageHub$Handler.run(MessageHub.java:404)
	org.gradle.internal.concurrent.ExecutorPolicy$CatchAndRecordFailures.onExecute(ExecutorPolicy.java:63)
	org.gradle.internal.concurrent.ManagedExecutorImpl$1.run(ManagedExecutorImpl.java:46)
	java.util.concurrent.ThreadPoolExecutor.runWorker(ThreadPoolExecutor.java:1142)
	java.util.concurrent.ThreadPoolExecutor$Worker.run(ThreadPoolExecutor.java:617)
	org.gradle.internal.concurrent.ThreadFactoryImpl$ManagedThreadRunnable.run(ThreadFactoryImpl.java:55)
	java.lang.Thread.run(Thread.java:745)
#4:
	io.netty.buffer.AdvancedLeakAwareByteBuf.writeByte(AdvancedLeakAwareByteBuf.java:544)
	io.rsocket.metadata.CompositeMetadataFlyweight.encodeMetadataHeader(CompositeMetadataFlyweight.java:353)
	io.rsocket.metadata.CompositeMetadataFlyweight.encodeAndAddMetadata(CompositeMetadataFlyweight.java:216)
	org.springframework.messaging.rsocket.MetadataEncoder.lambda$encode$62(MetadataEncoder.java:168)
	java.util.LinkedHashMap.forEach(LinkedHashMap.java:676)
	org.springframework.messaging.rsocket.MetadataEncoder.encode(MetadataEncoder.java:166)
	org.springframework.messaging.rsocket.MetadataEncoderTests.compositeMetadataWithRouteAndText(MetadataEncoderTests.java:72)
	sun.reflect.NativeMethodAccessorImpl.invoke0(Native Method)
	sun.reflect.NativeMethodAccessorImpl.invoke(NativeMethodAccessorImpl.java:62)
	sun.reflect.DelegatingMethodAccessorImpl.invoke(DelegatingMethodAccessorImpl.java:43)
	java.lang.reflect.Method.invoke(Method.java:497)
	org.junit.runners.model.FrameworkMethod$1.runReflectiveCall(FrameworkMethod.java:59)
	org.junit.internal.runners.model.ReflectiveCallable.run(ReflectiveCallable.java:12)
	org.junit.runners.model.FrameworkMethod.invokeExplosively(FrameworkMethod.java:56)
	org.junit.internal.runners.statements.InvokeMethod.evaluate(InvokeMethod.java:17)
	org.junit.runners.ParentRunner$3.evaluate(ParentRunner.java:305)
	org.junit.runners.BlockJUnit4ClassRunner$1.evaluate(BlockJUnit4ClassRunner.java:100)
	org.junit.runners.ParentRunner.runLeaf(ParentRunner.java:365)
	org.junit.runners.BlockJUnit4ClassRunner.runChild(BlockJUnit4ClassRunner.java:103)
	org.junit.runners.BlockJUnit4ClassRunner.runChild(BlockJUnit4ClassRunner.java:63)
	org.junit.runners.ParentRunner$4.run(ParentRunner.java:330)
	org.junit.runners.ParentRunner$1.schedule(ParentRunner.java:78)
	org.junit.runners.ParentRunner.runChildren(ParentRunner.java:328)
	org.junit.runners.ParentRunner.access$100(ParentRunner.java:65)
	org.junit.runners.ParentRunner$2.evaluate(ParentRunner.java:292)
	org.junit.runners.ParentRunner$3.evaluate(ParentRunner.java:305)
	org.junit.runners.ParentRunner.run(ParentRunner.java:412)
	org.junit.runner.JUnitCore.run(JUnitCore.java:137)
	org.junit.runner.JUnitCore.run(JUnitCore.java:115)
	org.junit.vintage.engine.execution.RunnerExecutor.execute(RunnerExecutor.java:40)
	java.util.stream.ForEachOps$ForEachOp$OfRef.accept(ForEachOps.java:184)
	java.util.stream.ReferencePipeline$3$1.accept(ReferencePipeline.java:193)
	java.util.Iterator.forEachRemaining(Iterator.java:116)
	java.util.Spliterators$IteratorSpliterator.forEachRemaining(Spliterators.java:1801)
	java.util.stream.AbstractPipeline.copyInto(AbstractPipeline.java:481)
	java.util.stream.AbstractPipeline.wrapAndCopyInto(AbstractPipeline.java:471)
	java.util.stream.ForEachOps$ForEachOp.evaluateSequential(ForEachOps.java:151)
	java.util.stream.ForEachOps$ForEachOp$OfRef.evaluateSequential(ForEachOps.java:174)
	java.util.stream.AbstractPipeline.evaluate(AbstractPipeline.java:234)
	java.util.stream.ReferencePipeline.forEach(ReferencePipeline.java:418)
	org.junit.vintage.engine.VintageTestEngine.executeAllChildren(VintageTestEngine.java:80)
	org.junit.vintage.engine.VintageTestEngine.execute(VintageTestEngine.java:71)
	org.junit.platform.launcher.core.DefaultLauncher.execute(DefaultLauncher.java:229)
	org.junit.platform.launcher.core.DefaultLauncher.lambda$execute$6(DefaultLauncher.java:197)
	org.junit.platform.launcher.core.DefaultLauncher.withInterceptedStreams(DefaultLauncher.java:211)
	org.junit.platform.launcher.core.DefaultLauncher.execute(DefaultLauncher.java:191)
	org.junit.platform.launcher.core.DefaultLauncher.execute(DefaultLauncher.java:128)
	org.gradle.api.internal.tasks.testing.junitplatform.JUnitPlatformTestClassProcessor$CollectAllTestClassesExecutor.processAllTestClasses(JUnitPlatformTestClassProcessor.java:102)
	org.gradle.api.internal.tasks.testing.junitplatform.JUnitPlatformTestClassProcessor$CollectAllTestClassesExecutor.access$000(JUnitPlatformTestClassProcessor.java:82)
	org.gradle.api.internal.tasks.testing.junitplatform.JUnitPlatformTestClassProcessor.stop(JUnitPlatformTestClassProcessor.java:78)
	org.gradle.api.internal.tasks.testing.SuiteTestClassProcessor.stop(SuiteTestClassProcessor.java:61)
	sun.reflect.NativeMethodAccessorImpl.invoke0(Native Method)
	sun.reflect.NativeMethodAccessorImpl.invoke(NativeMethodAccessorImpl.java:62)
	sun.reflect.DelegatingMethodAccessorImpl.invoke(DelegatingMethodAccessorImpl.java:43)
	java.lang.reflect.Method.invoke(Method.java:497)
	org.gradle.internal.dispatch.ReflectionDispatch.dispatch(ReflectionDispatch.java:35)
	org.gradle.internal.dispatch.ReflectionDispatch.dispatch(ReflectionDispatch.java:24)
	org.gradle.internal.dispatch.ContextClassLoaderDispatch.dispatch(ContextClassLoaderDispatch.java:32)
	org.gradle.internal.dispatch.ProxyDispatchAdapter$DispatchingInvocationHandler.invoke(ProxyDispatchAdapter.java:93)
	com.sun.proxy.$Proxy2.stop(Unknown Source)
	org.gradle.api.internal.tasks.testing.worker.TestWorker.stop(TestWorker.java:132)
	sun.reflect.NativeMethodAccessorImpl.invoke0(Native Method)
	sun.reflect.NativeMethodAccessorImpl.invoke(NativeMethodAccessorImpl.java:62)
	sun.reflect.DelegatingMethodAccessorImpl.invoke(DelegatingMethodAccessorImpl.java:43)
	java.lang.reflect.Method.invoke(Method.java:497)
	org.gradle.internal.dispatch.ReflectionDispatch.dispatch(ReflectionDispatch.java:35)
	org.gradle.internal.dispatch.ReflectionDispatch.dispatch(ReflectionDispatch.java:24)
	org.gradle.internal.remote.internal.hub.MessageHubBackedObjectConnection$DispatchWrapper.dispatch(MessageHubBackedObjectConnection.java:175)
	org.gradle.internal.remote.internal.hub.MessageHubBackedObjectConnection$DispatchWrapper.dispatch(MessageHubBackedObjectConnection.java:157)
	org.gradle.internal.remote.internal.hub.MessageHub$Handler.run(MessageHub.java:404)
	org.gradle.internal.concurrent.ExecutorPolicy$CatchAndRecordFailures.onExecute(ExecutorPolicy.java:63)
	org.gradle.internal.concurrent.ManagedExecutorImpl$1.run(ManagedExecutorImpl.java:46)
	java.util.concurrent.ThreadPoolExecutor.runWorker(ThreadPoolExecutor.java:1142)
	java.util.concurrent.ThreadPoolExecutor$Worker.run(ThreadPoolExecutor.java:617)
	org.gradle.internal.concurrent.ThreadFactoryImpl$ManagedThreadRunnable.run(ThreadFactoryImpl.java:55)
	java.lang.Thread.run(Thread.java:745)
#5:
	io.netty.buffer.AdvancedLeakAwareByteBuf.forEachByte(AdvancedLeakAwareByteBuf.java:676)
	io.netty.buffer.ByteBufUtil.isAscii(ByteBufUtil.java:1321)
	io.netty.buffer.ByteBufUtil.isText(ByteBufUtil.java:1280)
	io.netty.buffer.ByteBufUtil.isText(ByteBufUtil.java:1256)
	io.rsocket.metadata.CompositeMetadataFlyweight.encodeMetadataHeader(CompositeMetadataFlyweight.java:338)
	io.rsocket.metadata.CompositeMetadataFlyweight.encodeAndAddMetadata(CompositeMetadataFlyweight.java:216)
	org.springframework.messaging.rsocket.MetadataEncoder.lambda$encode$62(MetadataEncoder.java:168)
	java.util.LinkedHashMap.forEach(LinkedHashMap.java:676)
	org.springframework.messaging.rsocket.MetadataEncoder.encode(MetadataEncoder.java:166)
	org.springframework.messaging.rsocket.MetadataEncoderTests.compositeMetadataWithRouteAndText(MetadataEncoderTests.java:72)
	sun.reflect.NativeMethodAccessorImpl.invoke0(Native Method)
	sun.reflect.NativeMethodAccessorImpl.invoke(NativeMethodAccessorImpl.java:62)
	sun.reflect.DelegatingMethodAccessorImpl.invoke(DelegatingMethodAccessorImpl.java:43)
	java.lang.reflect.Method.invoke(Method.java:497)
	org.junit.runners.model.FrameworkMethod$1.runReflectiveCall(FrameworkMethod.java:59)
	org.junit.internal.runners.model.ReflectiveCallable.run(ReflectiveCallable.java:12)
	org.junit.runners.model.FrameworkMethod.invokeExplosively(FrameworkMethod.java:56)
	org.junit.internal.runners.statements.InvokeMethod.evaluate(InvokeMethod.java:17)
	org.junit.runners.ParentRunner$3.evaluate(ParentRunner.java:305)
	org.junit.runners.BlockJUnit4ClassRunner$1.evaluate(BlockJUnit4ClassRunner.java:100)
	org.junit.runners.ParentRunner.runLeaf(ParentRunner.java:365)
	org.junit.runners.BlockJUnit4ClassRunner.runChild(BlockJUnit4ClassRunner.java:103)
	org.junit.runners.BlockJUnit4ClassRunner.runChild(BlockJUnit4ClassRunner.java:63)
	org.junit.runners.ParentRunner$4.run(ParentRunner.java:330)
	org.junit.runners.ParentRunner$1.schedule(ParentRunner.java:78)
	org.junit.runners.ParentRunner.runChildren(ParentRunner.java:328)
	org.junit.runners.ParentRunner.access$100(ParentRunner.java:65)
	org.junit.runners.ParentRunner$2.evaluate(ParentRunner.java:292)
	org.junit.runners.ParentRunner$3.evaluate(ParentRunner.java:305)
	org.junit.runners.ParentRunner.run(ParentRunner.java:412)
	org.junit.runner.JUnitCore.run(JUnitCore.java:137)
	org.junit.runner.JUnitCore.run(JUnitCore.java:115)
	org.junit.vintage.engine.execution.RunnerExecutor.execute(RunnerExecutor.java:40)
	java.util.stream.ForEachOps$ForEachOp$OfRef.accept(ForEachOps.java:184)
	java.util.stream.ReferencePipeline$3$1.accept(ReferencePipeline.java:193)
	java.util.Iterator.forEachRemaining(Iterator.java:116)
	java.util.Spliterators$IteratorSpliterator.forEachRemaining(Spliterators.java:1801)
	java.util.stream.AbstractPipeline.copyInto(AbstractPipeline.java:481)
	java.util.stream.AbstractPipeline.wrapAndCopyInto(AbstractPipeline.java:471)
	java.util.stream.ForEachOps$ForEachOp.evaluateSequential(ForEachOps.java:151)
	java.util.stream.ForEachOps$ForEachOp$OfRef.evaluateSequential(ForEachOps.java:174)
	java.util.stream.AbstractPipeline.evaluate(AbstractPipeline.java:234)
	java.util.stream.ReferencePipeline.forEach(ReferencePipeline.java:418)
	org.junit.vintage.engine.VintageTestEngine.executeAllChildren(VintageTestEngine.java:80)
	org.junit.vintage.engine.VintageTestEngine.execute(VintageTestEngine.java:71)
	org.junit.platform.launcher.core.DefaultLauncher.execute(DefaultLauncher.java:229)
	org.junit.platform.launcher.core.DefaultLauncher.lambda$execute$6(DefaultLauncher.java:197)
	org.junit.platform.launcher.core.DefaultLauncher.withInterceptedStreams(DefaultLauncher.java:211)
	org.junit.platform.launcher.core.DefaultLauncher.execute(DefaultLauncher.java:191)
	org.junit.platform.launcher.core.DefaultLauncher.execute(DefaultLauncher.java:128)
	org.gradle.api.internal.tasks.testing.junitplatform.JUnitPlatformTestClassProcessor$CollectAllTestClassesExecutor.processAllTestClasses(JUnitPlatformTestClassProcessor.java:102)
	org.gradle.api.internal.tasks.testing.junitplatform.JUnitPlatformTestClassProcessor$CollectAllTestClassesExecutor.access$000(JUnitPlatformTestClassProcessor.java:82)
	org.gradle.api.internal.tasks.testing.junitplatform.JUnitPlatformTestClassProcessor.stop(JUnitPlatformTestClassProcessor.java:78)
	org.gradle.api.internal.tasks.testing.SuiteTestClassProcessor.stop(SuiteTestClassProcessor.java:61)
	sun.reflect.NativeMethodAccessorImpl.invoke0(Native Method)
	sun.reflect.NativeMethodAccessorImpl.invoke(NativeMethodAccessorImpl.java:62)
	sun.reflect.DelegatingMethodAccessorImpl.invoke(DelegatingMethodAccessorImpl.java:43)
	java.lang.reflect.Method.invoke(Method.java:497)
	org.gradle.internal.dispatch.ReflectionDispatch.dispatch(ReflectionDispatch.java:35)
	org.gradle.internal.dispatch.ReflectionDispatch.dispatch(ReflectionDispatch.java:24)
	org.gradle.internal.dispatch.ContextClassLoaderDispatch.dispatch(ContextClassLoaderDispatch.java:32)
	org.gradle.internal.dispatch.ProxyDispatchAdapter$DispatchingInvocationHandler.invoke(ProxyDispatchAdapter.java:93)
	com.sun.proxy.$Proxy2.stop(Unknown Source)
	org.gradle.api.internal.tasks.testing.worker.TestWorker.stop(TestWorker.java:132)
	sun.reflect.NativeMethodAccessorImpl.invoke0(Native Method)
	sun.reflect.NativeMethodAccessorImpl.invoke(NativeMethodAccessorImpl.java:62)
	sun.reflect.DelegatingMethodAccessorImpl.invoke(DelegatingMethodAccessorImpl.java:43)
	java.lang.reflect.Method.invoke(Method.java:497)
	org.gradle.internal.dispatch.ReflectionDispatch.dispatch(ReflectionDispatch.java:35)
	org.gradle.internal.dispatch.ReflectionDispatch.dispatch(ReflectionDispatch.java:24)
	org.gradle.internal.remote.internal.hub.MessageHubBackedObjectConnection$DispatchWrapper.dispatch(MessageHubBackedObjectConnection.java:175)
	org.gradle.internal.remote.internal.hub.MessageHubBackedObjectConnection$DispatchWrapper.dispatch(MessageHubBackedObjectConnection.java:157)
	org.gradle.internal.remote.internal.hub.MessageHub$Handler.run(MessageHub.java:404)
	org.gradle.internal.concurrent.ExecutorPolicy$CatchAndRecordFailures.onExecute(ExecutorPolicy.java:63)
	org.gradle.internal.concurrent.ManagedExecutorImpl$1.run(ManagedExecutorImpl.java:46)
	java.util.concurrent.ThreadPoolExecutor.runWorker(ThreadPoolExecutor.java:1142)
	java.util.concurrent.ThreadPoolExecutor$Worker.run(ThreadPoolExecutor.java:617)
	org.gradle.internal.concurrent.ThreadFactoryImpl$ManagedThreadRunnable.run(ThreadFactoryImpl.java:55)
	java.lang.Thread.run(Thread.java:745)
Created at:
	io.netty.buffer.PooledByteBufAllocator.newDirectBuffer(PooledByteBufAllocator.java:349)
	io.netty.buffer.AbstractByteBufAllocator.directBuffer(AbstractByteBufAllocator.java:187)
	io.netty.buffer.AbstractByteBufAllocator.directBuffer(AbstractByteBufAllocator.java:178)
	io.netty.buffer.AbstractByteBufAllocator.buffer(AbstractByteBufAllocator.java:115)
	io.rsocket.metadata.CompositeMetadataFlyweight.encodeMetadataHeader(CompositeMetadataFlyweight.java:330)
	io.rsocket.metadata.CompositeMetadataFlyweight.encodeAndAddMetadata(CompositeMetadataFlyweight.java:216)
	org.springframework.messaging.rsocket.MetadataEncoder.lambda$encode$62(MetadataEncoder.java:168)
	java.util.LinkedHashMap.forEach(LinkedHashMap.java:676)
	org.springframework.messaging.rsocket.MetadataEncoder.encode(MetadataEncoder.java:166)
	org.springframework.messaging.rsocket.MetadataEncoderTests.compositeMetadataWithRouteAndText(MetadataEncoderTests.java:72)
	sun.reflect.NativeMethodAccessorImpl.invoke0(Native Method)
	sun.reflect.NativeMethodAccessorImpl.invoke(NativeMethodAccessorImpl.java:62)
	sun.reflect.DelegatingMethodAccessorImpl.invoke(DelegatingMethodAccessorImpl.java:43)
	java.lang.reflect.Method.invoke(Method.java:497)
	org.junit.runners.model.FrameworkMethod$1.runReflectiveCall(FrameworkMethod.java:59)
	org.junit.internal.runners.model.ReflectiveCallable.run(ReflectiveCallable.java:12)
	org.junit.runners.model.FrameworkMethod.invokeExplosively(FrameworkMethod.java:56)
	org.junit.internal.runners.statements.InvokeMethod.evaluate(InvokeMethod.java:17)
	org.junit.runners.ParentRunner$3.evaluate(ParentRunner.java:305)
	org.junit.runners.BlockJUnit4ClassRunner$1.evaluate(BlockJUnit4ClassRunner.java:100)
	org.junit.runners.ParentRunner.runLeaf(ParentRunner.java:365)
	org.junit.runners.BlockJUnit4ClassRunner.runChild(BlockJUnit4ClassRunner.java:103)
	org.junit.runners.BlockJUnit4ClassRunner.runChild(BlockJUnit4ClassRunner.java:63)
	org.junit.runners.ParentRunner$4.run(ParentRunner.java:330)
	org.junit.runners.ParentRunner$1.schedule(ParentRunner.java:78)
	org.junit.runners.ParentRunner.runChildren(ParentRunner.java:328)
	org.junit.runners.ParentRunner.access$100(ParentRunner.java:65)
	org.junit.runners.ParentRunner$2.evaluate(ParentRunner.java:292)
	org.junit.runners.ParentRunner$3.evaluate(ParentRunner.java:305)
	org.junit.runners.ParentRunner.run(ParentRunner.java:412)
	org.junit.runner.JUnitCore.run(JUnitCore.java:137)
	org.junit.runner.JUnitCore.run(JUnitCore.java:115)
	org.junit.vintage.engine.execution.RunnerExecutor.execute(RunnerExecutor.java:40)
	java.util.stream.ForEachOps$ForEachOp$OfRef.accept(ForEachOps.java:184)
	java.util.stream.ReferencePipeline$3$1.accept(ReferencePipeline.java:193)
	java.util.Iterator.forEachRemaining(Iterator.java:116)
	java.util.Spliterators$IteratorSpliterator.forEachRemaining(Spliterators.java:1801)
	java.util.stream.AbstractPipeline.copyInto(AbstractPipeline.java:481)
	java.util.stream.AbstractPipeline.wrapAndCopyInto(AbstractPipeline.java:471)
	java.util.stream.ForEachOps$ForEachOp.evaluateSequential(ForEachOps.java:151)
	java.util.stream.ForEachOps$ForEachOp$OfRef.evaluateSequential(ForEachOps.java:174)
	java.util.stream.AbstractPipeline.evaluate(AbstractPipeline.java:234)
	java.util.stream.ReferencePipeline.forEach(ReferencePipeline.java:418)
	org.junit.vintage.engine.VintageTestEngine.executeAllChildren(VintageTestEngine.java:80)
	org.junit.vintage.engine.VintageTestEngine.execute(VintageTestEngine.java:71)
	org.junit.platform.launcher.core.DefaultLauncher.execute(DefaultLauncher.java:229)
	org.junit.platform.launcher.core.DefaultLauncher.lambda$execute$6(DefaultLauncher.java:197)
	org.junit.platform.launcher.core.DefaultLauncher.withInterceptedStreams(DefaultLauncher.java:211)
	org.junit.platform.launcher.core.DefaultLauncher.execute(DefaultLauncher.java:191)
	org.junit.platform.launcher.core.DefaultLauncher.execute(DefaultLauncher.java:128)
	org.gradle.api.internal.tasks.testing.junitplatform.JUnitPlatformTestClassProcessor$CollectAllTestClassesExecutor.processAllTestClasses(JUnitPlatformTestClassProcessor.java:102)
	org.gradle.api.internal.tasks.testing.junitplatform.JUnitPlatformTestClassProcessor$CollectAllTestClassesExecutor.access$000(JUnitPlatformTestClassProcessor.java:82)
	org.gradle.api.internal.tasks.testing.junitplatform.JUnitPlatformTestClassProcessor.stop(JUnitPlatformTestClassProcessor.java:78)
	org.gradle.api.internal.tasks.testing.SuiteTestClassProcessor.stop(SuiteTestClassProcessor.java:61)
	sun.reflect.NativeMethodAccessorImpl.invoke0(Native Method)
	sun.reflect.NativeMethodAccessorImpl.invoke(NativeMethodAccessorImpl.java:62)
	sun.reflect.DelegatingMethodAccessorImpl.invoke(DelegatingMethodAccessorImpl.java:43)
	java.lang.reflect.Method.invoke(Method.java:497)
	org.gradle.internal.dispatch.ReflectionDispatch.dispatch(ReflectionDispatch.java:35)
	org.gradle.internal.dispatch.ReflectionDispatch.dispatch(ReflectionDispatch.java:24)
	org.gradle.internal.dispatch.ContextClassLoaderDispatch.dispatch(ContextClassLoaderDispatch.java:32)
	org.gradle.internal.dispatch.ProxyDispatchAdapter$DispatchingInvocationHandler.invoke(ProxyDispatchAdapter.java:93)
	com.sun.proxy.$Proxy2.stop(Unknown Source)
	org.gradle.api.internal.tasks.testing.worker.TestWorker.stop(TestWorker.java:132)
	sun.reflect.NativeMethodAccessorImpl.invoke0(Native Method)
	sun.reflect.NativeMethodAccessorImpl.invoke(NativeMethodAccessorImpl.java:62)
	sun.reflect.DelegatingMethodAccessorImpl.invoke(DelegatingMethodAccessorImpl.java:43)
	java.lang.reflect.Method.invoke(Method.java:497)
	org.gradle.internal.dispatch.ReflectionDispatch.dispatch(ReflectionDispatch.java:35)
	org.gradle.internal.dispatch.ReflectionDispatch.dispatch(ReflectionDispatch.java:24)
	org.gradle.internal.remote.internal.hub.MessageHubBackedObjectConnection$DispatchWrapper.dispatch(MessageHubBackedObjectConnection.java:175)
	org.gradle.internal.remote.internal.hub.MessageHubBackedObjectConnection$DispatchWrapper.dispatch(MessageHubBackedObjectConnection.java:157)
	org.gradle.internal.remote.internal.hub.MessageHub$Handler.run(MessageHub.java:404)
	org.gradle.internal.concurrent.ExecutorPolicy$CatchAndRecordFailures.onExecute(ExecutorPolicy.java:63)
	org.gradle.internal.concurrent.ManagedExecutorImpl$1.run(ManagedExecutorImpl.java:46)
	java.util.concurrent.ThreadPoolExecutor.runWorker(ThreadPoolExecutor.java:1142)
	java.util.concurrent.ThreadPoolExecutor$Worker.run(ThreadPoolExecutor.java:617)
	org.gradle.internal.concurrent.ThreadFactoryImpl$ManagedThreadRunnable.run(ThreadFactoryImpl.java:55)
	java.lang.Thread.run(Thread.java:745)
: 4 leak records were discarded because the leak record count is targeted to 4. Use system property io.netty.leakDetection.targetRecords to increase the limit.
01:35:01.898 [reactor-tcp-nio-2] ERROR i.n.u.ResourceLeakDetector - LEAK: ByteBuf.release() was not called before it's garbage-collected. See http://netty.io/wiki/reference-counted-objects.html for more information.
Recent access records: 
#1:
	io.netty.buffer.AdvancedLeakAwareByteBuf.readBytes(AdvancedLeakAwareByteBuf.java:496)
	org.springframework.core.io.buffer.NettyDataBuffer.read(NettyDataBuffer.java:159)
	org.springframework.core.io.buffer.NettyDataBuffer.read(NettyDataBuffer.java:43)
	org.springframework.core.io.buffer.support.DataBufferTestUtils.dumpBytes(DataBufferTestUtils.java:44)
	org.springframework.core.io.buffer.support.DataBufferTestUtils.dumpString(DataBufferTestUtils.java:58)
	org.springframework.messaging.rsocket.MetadataEncoderTests.dumpString(MetadataEncoderTests.java:198)
	org.springframework.messaging.rsocket.MetadataEncoderTests.routeWithTextPlainMimeType(MetadataEncoderTests.java:107)
	sun.reflect.NativeMethodAccessorImpl.invoke0(Native Method)
	sun.reflect.NativeMethodAccessorImpl.invoke(NativeMethodAccessorImpl.java:62)
	sun.reflect.DelegatingMethodAccessorImpl.invoke(DelegatingMethodAccessorImpl.java:43)
	java.lang.reflect.Method.invoke(Method.java:497)
	org.junit.runners.model.FrameworkMethod$1.runReflectiveCall(FrameworkMethod.java:59)
	org.junit.internal.runners.model.ReflectiveCallable.run(ReflectiveCallable.java:12)
	org.junit.runners.model.FrameworkMethod.invokeExplosively(FrameworkMethod.java:56)
	org.junit.internal.runners.statements.InvokeMethod.evaluate(InvokeMethod.java:17)
	org.junit.runners.ParentRunner$3.evaluate(ParentRunner.java:305)
	org.junit.runners.BlockJUnit4ClassRunner$1.evaluate(BlockJUnit4ClassRunner.java:100)
	org.junit.runners.ParentRunner.runLeaf(ParentRunner.java:365)
	org.junit.runners.BlockJUnit4ClassRunner.runChild(BlockJUnit4ClassRunner.java:103)
	org.junit.runners.BlockJUnit4ClassRunner.runChild(BlockJUnit4ClassRunner.java:63)
	org.junit.runners.ParentRunner$4.run(ParentRunner.java:330)
	org.junit.runners.ParentRunner$1.schedule(ParentRunner.java:78)
	org.junit.runners.ParentRunner.runChildren(ParentRunner.java:328)
	org.junit.runners.ParentRunner.access$100(ParentRunner.java:65)
	org.junit.runners.ParentRunner$2.evaluate(ParentRunner.java:292)
	org.junit.runners.ParentRunner$3.evaluate(ParentRunner.java:305)
	org.junit.runners.ParentRunner.run(ParentRunner.java:412)
	org.junit.runner.JUnitCore.run(JUnitCore.java:137)
	org.junit.runner.JUnitCore.run(JUnitCore.java:115)
	org.junit.vintage.engine.execution.RunnerExecutor.execute(RunnerExecutor.java:40)
	java.util.stream.ForEachOps$ForEachOp$OfRef.accept(ForEachOps.java:184)
	java.util.stream.ReferencePipeline$3$1.accept(ReferencePipeline.java:193)
	java.util.Iterator.forEachRemaining(Iterator.java:116)
	java.util.Spliterators$IteratorSpliterator.forEachRemaining(Spliterators.java:1801)
	java.util.stream.AbstractPipeline.copyInto(AbstractPipeline.java:481)
	java.util.stream.AbstractPipeline.wrapAndCopyInto(AbstractPipeline.java:471)
	java.util.stream.ForEachOps$ForEachOp.evaluateSequential(ForEachOps.java:151)
	java.util.stream.ForEachOps$ForEachOp$OfRef.evaluateSequential(ForEachOps.java:174)
	java.util.stream.AbstractPipeline.evaluate(AbstractPipeline.java:234)
	java.util.stream.ReferencePipeline.forEach(ReferencePipeline.java:418)
	org.junit.vintage.engine.VintageTestEngine.executeAllChildren(VintageTestEngine.java:80)
	org.junit.vintage.engine.VintageTestEngine.execute(VintageTestEngine.java:71)
	org.junit.platform.launcher.core.DefaultLauncher.execute(DefaultLauncher.java:229)
	org.junit.platform.launcher.core.DefaultLauncher.lambda$execute$6(DefaultLauncher.java:197)
	org.junit.platform.launcher.core.DefaultLauncher.withInterceptedStreams(DefaultLauncher.java:211)
	org.junit.platform.launcher.core.DefaultLauncher.execute(DefaultLauncher.java:191)
	org.junit.platform.launcher.core.DefaultLauncher.execute(DefaultLauncher.java:128)
	org.gradle.api.internal.tasks.testing.junitplatform.JUnitPlatformTestClassProcessor$CollectAllTestClassesExecutor.processAllTestClasses(JUnitPlatformTestClassProcessor.java:102)
	org.gradle.api.internal.tasks.testing.junitplatform.JUnitPlatformTestClassProcessor$CollectAllTestClassesExecutor.access$000(JUnitPlatformTestClassProcessor.java:82)
	org.gradle.api.internal.tasks.testing.junitplatform.JUnitPlatformTestClassProcessor.stop(JUnitPlatformTestClassProcessor.java:78)
	org.gradle.api.internal.tasks.testing.SuiteTestClassProcessor.stop(SuiteTestClassProcessor.java:61)
	sun.reflect.NativeMethodAccessorImpl.invoke0(Native Method)
	sun.reflect.NativeMethodAccessorImpl.invoke(NativeMethodAccessorImpl.java:62)
	sun.reflect.DelegatingMethodAccessorImpl.invoke(DelegatingMethodAccessorImpl.java:43)
	java.lang.reflect.Method.invoke(Method.java:497)
	org.gradle.internal.dispatch.ReflectionDispatch.dispatch(ReflectionDispatch.java:35)
	org.gradle.internal.dispatch.ReflectionDispatch.dispatch(ReflectionDispatch.java:24)
	org.gradle.internal.dispatch.ContextClassLoaderDispatch.dispatch(ContextClassLoaderDispatch.java:32)
	org.gradle.internal.dispatch.ProxyDispatchAdapter$DispatchingInvocationHandler.invoke(ProxyDispatchAdapter.java:93)
	com.sun.proxy.$Proxy2.stop(Unknown Source)
	org.gradle.api.internal.tasks.testing.worker.TestWorker.stop(TestWorker.java:132)
	sun.reflect.NativeMethodAccessorImpl.invoke0(Native Method)
	sun.reflect.NativeMethodAccessorImpl.invoke(NativeMethodAccessorImpl.java:62)
	sun.reflect.DelegatingMethodAccessorImpl.invoke(DelegatingMethodAccessorImpl.java:43)
	java.lang.reflect.Method.invoke(Method.java:497)
	org.gradle.internal.dispatch.ReflectionDispatch.dispatch(ReflectionDispatch.java:35)
	org.gradle.internal.dispatch.ReflectionDispatch.dispatch(ReflectionDispatch.java:24)
	org.gradle.internal.remote.internal.hub.MessageHubBackedObjectConnection$DispatchWrapper.dispatch(MessageHubBackedObjectConnection.java:175)
	org.gradle.internal.remote.internal.hub.MessageHubBackedObjectConnection$DispatchWrapper.dispatch(MessageHubBackedObjectConnection.java:157)
	org.gradle.internal.remote.internal.hub.MessageHub$Handler.run(MessageHub.java:404)
	org.gradle.internal.concurrent.ExecutorPolicy$CatchAndRecordFailures.onExecute(ExecutorPolicy.java:63)
	org.gradle.internal.concurrent.ManagedExecutorImpl$1.run(ManagedExecutorImpl.java:46)
	java.util.concurrent.ThreadPoolExecutor.runWorker(ThreadPoolExecutor.java:1142)
	java.util.concurrent.ThreadPoolExecutor$Worker.run(ThreadPoolExecutor.java:617)
	org.gradle.internal.concurrent.ThreadFactoryImpl$ManagedThreadRunnable.run(ThreadFactoryImpl.java:55)
	java.lang.Thread.run(Thread.java:745)
Created at:
	io.netty.buffer.PooledByteBufAllocator.newDirectBuffer(PooledByteBufAllocator.java:349)
	io.netty.buffer.AbstractByteBufAllocator.directBuffer(AbstractByteBufAllocator.java:187)
	io.netty.buffer.AbstractByteBufAllocator.directBuffer(AbstractByteBufAllocator.java:178)
	io.netty.buffer.AbstractByteBufAllocator.buffer(AbstractByteBufAllocator.java:115)
	org.springframework.core.io.buffer.NettyDataBufferFactory.allocateBuffer(NettyDataBufferFactory.java:71)
	org.springframework.core.io.buffer.NettyDataBufferFactory.allocateBuffer(NettyDataBufferFactory.java:39)
	org.springframework.core.codec.CharSequenceEncoder.encodeValue(CharSequenceEncoder.java:91)
	org.springframework.core.codec.CharSequenceEncoder.encodeValue(CharSequenceEncoder.java:47)
	org.springframework.messaging.rsocket.MetadataEncoder.encodeEntry(MetadataEncoder.java:229)
	org.springframework.messaging.rsocket.MetadataEncoder.encode(MetadataEncoder.java:197)
	org.springframework.messaging.rsocket.MetadataEncoderTests.routeWithTextPlainMimeType(MetadataEncoderTests.java:105)
	sun.reflect.NativeMethodAccessorImpl.invoke0(Native Method)
	sun.reflect.NativeMethodAccessorImpl.invoke(NativeMethodAccessorImpl.java:62)
	sun.reflect.DelegatingMethodAccessorImpl.invoke(DelegatingMethodAccessorImpl.java:43)
	java.lang.reflect.Method.invoke(Method.java:497)
	org.junit.runners.model.FrameworkMethod$1.runReflectiveCall(FrameworkMethod.java:59)
	org.junit.internal.runners.model.ReflectiveCallable.run(ReflectiveCallable.java:12)
	org.junit.runners.model.FrameworkMethod.invokeExplosively(FrameworkMethod.java:56)
	org.junit.internal.runners.statements.InvokeMethod.evaluate(InvokeMethod.java:17)
	org.junit.runners.ParentRunner$3.evaluate(ParentRunner.java:305)
	org.junit.runners.BlockJUnit4ClassRunner$1.evaluate(BlockJUnit4ClassRunner.java:100)
	org.junit.runners.ParentRunner.runLeaf(ParentRunner.java:365)
	org.junit.runners.BlockJUnit4ClassRunner.runChild(BlockJUnit4ClassRunner.java:103)
	org.junit.runners.BlockJUnit4ClassRunner.runChild(BlockJUnit4ClassRunner.java:63)
	org.junit.runners.ParentRunner$4.run(ParentRunner.java:330)
	org.junit.runners.ParentRunner$1.schedule(ParentRunner.java:78)
	org.junit.runners.ParentRunner.runChildren(ParentRunner.java:328)
	org.junit.runners.ParentRunner.access$100(ParentRunner.java:65)
	org.junit.runners.ParentRunner$2.evaluate(ParentRunner.java:292)
	org.junit.runners.ParentRunner$3.evaluate(ParentRunner.java:305)
	org.junit.runners.ParentRunner.run(ParentRunner.java:412)
	org.junit.runner.JUnitCore.run(JUnitCore.java:137)
	org.junit.runner.JUnitCore.run(JUnitCore.java:115)
	org.junit.vintage.engine.execution.RunnerExecutor.execute(RunnerExecutor.java:40)
	java.util.stream.ForEachOps$ForEachOp$OfRef.accept(ForEachOps.java:184)
	java.util.stream.ReferencePipeline$3$1.accept(ReferencePipeline.java:193)
	java.util.Iterator.forEachRemaining(Iterator.java:116)
	java.util.Spliterators$IteratorSpliterator.forEachRemaining(Spliterators.java:1801)
	java.util.stream.AbstractPipeline.copyInto(AbstractPipeline.java:481)
	java.util.stream.AbstractPipeline.wrapAndCopyInto(AbstractPipeline.java:471)
	java.util.stream.ForEachOps$ForEachOp.evaluateSequential(ForEachOps.java:151)
	java.util.stream.ForEachOps$ForEachOp$OfRef.evaluateSequential(ForEachOps.java:174)
	java.util.stream.AbstractPipeline.evaluate(AbstractPipeline.java:234)
	java.util.stream.ReferencePipeline.forEach(ReferencePipeline.java:418)
	org.junit.vintage.engine.VintageTestEngine.executeAllChildren(VintageTestEngine.java:80)
	org.junit.vintage.engine.VintageTestEngine.execute(VintageTestEngine.java:71)
	org.junit.platform.launcher.core.DefaultLauncher.execute(DefaultLauncher.java:229)
	org.junit.platform.launcher.core.DefaultLauncher.lambda$execute$6(DefaultLauncher.java:197)
	org.junit.platform.launcher.core.DefaultLauncher.withInterceptedStreams(DefaultLauncher.java:211)
	org.junit.platform.launcher.core.DefaultLauncher.execute(DefaultLauncher.java:191)
	org.junit.platform.launcher.core.DefaultLauncher.execute(DefaultLauncher.java:128)
	org.gradle.api.internal.tasks.testing.junitplatform.JUnitPlatformTestClassProcessor$CollectAllTestClassesExecutor.processAllTestClasses(JUnitPlatformTestClassProcessor.java:102)
	org.gradle.api.internal.tasks.testing.junitplatform.JUnitPlatformTestClassProcessor$CollectAllTestClassesExecutor.access$000(JUnitPlatformTestClassProcessor.java:82)
	org.gradle.api.internal.tasks.testing.junitplatform.JUnitPlatformTestClassProcessor.stop(JUnitPlatformTestClassProcessor.java:78)
	org.gradle.api.internal.tasks.testing.SuiteTestClassProcessor.stop(SuiteTestClassProcessor.java:61)
	sun.reflect.NativeMethodAccessorImpl.invoke0(Native Method)
	sun.reflect.NativeMethodAccessorImpl.invoke(NativeMethodAccessorImpl.java:62)
	sun.reflect.DelegatingMethodAccessorImpl.invoke(DelegatingMethodAccessorImpl.java:43)
	java.lang.reflect.Method.invoke(Method.java:497)
	org.gradle.internal.dispatch.ReflectionDispatch.dispatch(ReflectionDispatch.java:35)
	org.gradle.internal.dispatch.ReflectionDispatch.dispatch(ReflectionDispatch.java:24)
	org.gradle.internal.dispatch.ContextClassLoaderDispatch.dispatch(ContextClassLoaderDispatch.java:32)
	org.gradle.internal.dispatch.ProxyDispatchAdapter$DispatchingInvocationHandler.invoke(ProxyDispatchAdapter.java:93)
	com.sun.proxy.$Proxy2.stop(Unknown Source)
	org.gradle.api.internal.tasks.testing.worker.TestWorker.stop(TestWorker.java:132)
	sun.reflect.NativeMethodAccessorImpl.invoke0(Native Method)
	sun.reflect.NativeMethodAccessorImpl.invoke(NativeMethodAccessorImpl.java:62)
	sun.reflect.DelegatingMethodAccessorImpl.invoke(DelegatingMethodAccessorImpl.java:43)
	java.lang.reflect.Method.invoke(Method.java:497)
	org.gradle.internal.dispatch.ReflectionDispatch.dispatch(ReflectionDispatch.java:35)
	org.gradle.internal.dispatch.ReflectionDispatch.dispatch(ReflectionDispatch.java:24)
	org.gradle.internal.remote.internal.hub.MessageHubBackedObjectConnection$DispatchWrapper.dispatch(MessageHubBackedObjectConnection.java:175)
	org.gradle.internal.remote.internal.hub.MessageHubBackedObjectConnection$DispatchWrapper.dispatch(MessageHubBackedObjectConnection.java:157)
	org.gradle.internal.remote.internal.hub.MessageHub$Handler.run(MessageHub.java:404)
	org.gradle.internal.concurrent.ExecutorPolicy$CatchAndRecordFailures.onExecute(ExecutorPolicy.java:63)
	org.gradle.internal.concurrent.ManagedExecutorImpl$1.run(ManagedExecutorImpl.java:46)
	java.util.concurrent.ThreadPoolExecutor.runWorker(ThreadPoolExecutor.java:1142)
	java.util.concurrent.ThreadPoolExecutor$Worker.run(ThreadPoolExecutor.java:617)
	org.gradle.internal.concurrent.ThreadFactoryImpl$ManagedThreadRunnable.run(ThreadFactoryImpl.java:55)
	java.lang.Thread.run(Thread.java:745)
01:35:01.899 [reactor-tcp-nio-2] ERROR i.n.u.ResourceLeakDetector - LEAK: ByteBuf.release() was not called before it's garbage-collected. See http://netty.io/wiki/reference-counted-objects.html for more information.
Recent access records: 
#1:
	io.netty.buffer.AdvancedLeakAwareByteBuf.readBytes(AdvancedLeakAwareByteBuf.java:496)
	org.springframework.core.io.buffer.NettyDataBuffer.read(NettyDataBuffer.java:159)
	org.springframework.core.io.buffer.NettyDataBuffer.read(NettyDataBuffer.java:43)
	org.springframework.core.io.buffer.support.DataBufferTestUtils.dumpBytes(DataBufferTestUtils.java:44)
	org.springframework.core.io.buffer.support.DataBufferTestUtils.dumpString(DataBufferTestUtils.java:58)
	org.springframework.messaging.rsocket.MetadataEncoderTests.dumpString(MetadataEncoderTests.java:198)
	org.springframework.messaging.rsocket.MetadataEncoderTests.metadataWithTextPlainMimeType(MetadataEncoderTests.java:127)
	sun.reflect.NativeMethodAccessorImpl.invoke0(Native Method)
	sun.reflect.NativeMethodAccessorImpl.invoke(NativeMethodAccessorImpl.java:62)
	sun.reflect.DelegatingMethodAccessorImpl.invoke(DelegatingMethodAccessorImpl.java:43)
	java.lang.reflect.Method.invoke(Method.java:497)
	org.junit.runners.model.FrameworkMethod$1.runReflectiveCall(FrameworkMethod.java:59)
	org.junit.internal.runners.model.ReflectiveCallable.run(ReflectiveCallable.java:12)
	org.junit.runners.model.FrameworkMethod.invokeExplosively(FrameworkMethod.java:56)
	org.junit.internal.runners.statements.InvokeMethod.evaluate(InvokeMethod.java:17)
	org.junit.runners.ParentRunner$3.evaluate(ParentRunner.java:305)
	org.junit.runners.BlockJUnit4ClassRunner$1.evaluate(BlockJUnit4ClassRunner.java:100)
	org.junit.runners.ParentRunner.runLeaf(ParentRunner.java:365)
	org.junit.runners.BlockJUnit4ClassRunner.runChild(BlockJUnit4ClassRunner.java:103)
	org.junit.runners.BlockJUnit4ClassRunner.runChild(BlockJUnit4ClassRunner.java:63)
	org.junit.runners.ParentRunner$4.run(ParentRunner.java:330)
	org.junit.runners.ParentRunner$1.schedule(ParentRunner.java:78)
	org.junit.runners.ParentRunner.runChildren(ParentRunner.java:328)
	org.junit.runners.ParentRunner.access$100(ParentRunner.java:65)
	org.junit.runners.ParentRunner$2.evaluate(ParentRunner.java:292)
	org.junit.runners.ParentRunner$3.evaluate(ParentRunner.java:305)
	org.junit.runners.ParentRunner.run(ParentRunner.java:412)
	org.junit.runner.JUnitCore.run(JUnitCore.java:137)
	org.junit.runner.JUnitCore.run(JUnitCore.java:115)
	org.junit.vintage.engine.execution.RunnerExecutor.execute(RunnerExecutor.java:40)
	java.util.stream.ForEachOps$ForEachOp$OfRef.accept(ForEachOps.java:184)
	java.util.stream.ReferencePipeline$3$1.accept(ReferencePipeline.java:193)
	java.util.Iterator.forEachRemaining(Iterator.java:116)
	java.util.Spliterators$IteratorSpliterator.forEachRemaining(Spliterators.java:1801)
	java.util.stream.AbstractPipeline.copyInto(AbstractPipeline.java:481)
	java.util.stream.AbstractPipeline.wrapAndCopyInto(AbstractPipeline.java:471)
	java.util.stream.ForEachOps$ForEachOp.evaluateSequential(ForEachOps.java:151)
	java.util.stream.ForEachOps$ForEachOp$OfRef.evaluateSequential(ForEachOps.java:174)
	java.util.stream.AbstractPipeline.evaluate(AbstractPipeline.java:234)
	java.util.stream.ReferencePipeline.forEach(ReferencePipeline.java:418)
	org.junit.vintage.engine.VintageTestEngine.executeAllChildren(VintageTestEngine.java:80)
	org.junit.vintage.engine.VintageTestEngine.execute(VintageTestEngine.java:71)
	org.junit.platform.launcher.core.DefaultLauncher.execute(DefaultLauncher.java:229)
	org.junit.platform.launcher.core.DefaultLauncher.lambda$execute$6(DefaultLauncher.java:197)
	org.junit.platform.launcher.core.DefaultLauncher.withInterceptedStreams(DefaultLauncher.java:211)
	org.junit.platform.launcher.core.DefaultLauncher.execute(DefaultLauncher.java:191)
	org.junit.platform.launcher.core.DefaultLauncher.execute(DefaultLauncher.java:128)
	org.gradle.api.internal.tasks.testing.junitplatform.JUnitPlatformTestClassProcessor$CollectAllTestClassesExecutor.processAllTestClasses(JUnitPlatformTestClassProcessor.java:102)
	org.gradle.api.internal.tasks.testing.junitplatform.JUnitPlatformTestClassProcessor$CollectAllTestClassesExecutor.access$000(JUnitPlatformTestClassProcessor.java:82)
	org.gradle.api.internal.tasks.testing.junitplatform.JUnitPlatformTestClassProcessor.stop(JUnitPlatformTestClassProcessor.java:78)
	org.gradle.api.internal.tasks.testing.SuiteTestClassProcessor.stop(SuiteTestClassProcessor.java:61)
	sun.reflect.NativeMethodAccessorImpl.invoke0(Native Method)
	sun.reflect.NativeMethodAccessorImpl.invoke(NativeMethodAccessorImpl.java:62)
	sun.reflect.DelegatingMethodAccessorImpl.invoke(DelegatingMethodAccessorImpl.java:43)
	java.lang.reflect.Method.invoke(Method.java:497)
	org.gradle.internal.dispatch.ReflectionDispatch.dispatch(ReflectionDispatch.java:35)
	org.gradle.internal.dispatch.ReflectionDispatch.dispatch(ReflectionDispatch.java:24)
	org.gradle.internal.dispatch.ContextClassLoaderDispatch.dispatch(ContextClassLoaderDispatch.java:32)
	org.gradle.internal.dispatch.ProxyDispatchAdapter$DispatchingInvocationHandler.invoke(ProxyDispatchAdapter.java:93)
	com.sun.proxy.$Proxy2.stop(Unknown Source)
	org.gradle.api.internal.tasks.testing.worker.TestWorker.stop(TestWorker.java:132)
	sun.reflect.NativeMethodAccessorImpl.invoke0(Native Method)
	sun.reflect.NativeMethodAccessorImpl.invoke(NativeMethodAccessorImpl.java:62)
	sun.reflect.DelegatingMethodAccessorImpl.invoke(DelegatingMethodAccessorImpl.java:43)
	java.lang.reflect.Method.invoke(Method.java:497)
	org.gradle.internal.dispatch.ReflectionDispatch.dispatch(ReflectionDispatch.java:35)
	org.gradle.internal.dispatch.ReflectionDispatch.dispatch(ReflectionDispatch.java:24)
	org.gradle.internal.remote.internal.hub.MessageHubBackedObjectConnection$DispatchWrapper.dispatch(MessageHubBackedObjectConnection.java:175)
	org.gradle.internal.remote.internal.hub.MessageHubBackedObjectConnection$DispatchWrapper.dispatch(MessageHubBackedObjectConnection.java:157)
	org.gradle.internal.remote.internal.hub.MessageHub$Handler.run(MessageHub.java:404)
	org.gradle.internal.concurrent.ExecutorPolicy$CatchAndRecordFailures.onExecute(ExecutorPolicy.java:63)
	org.gradle.internal.concurrent.ManagedExecutorImpl$1.run(ManagedExecutorImpl.java:46)
	java.util.concurrent.ThreadPoolExecutor.runWorker(ThreadPoolExecutor.java:1142)
	java.util.concurrent.ThreadPoolExecutor$Worker.run(ThreadPoolExecutor.java:617)
	org.gradle.internal.concurrent.ThreadFactoryImpl$ManagedThreadRunnable.run(ThreadFactoryImpl.java:55)
	java.lang.Thread.run(Thread.java:745)
Created at:
	io.netty.buffer.PooledByteBufAllocator.newDirectBuffer(PooledByteBufAllocator.java:349)
	io.netty.buffer.AbstractByteBufAllocator.directBuffer(AbstractByteBufAllocator.java:187)
	io.netty.buffer.AbstractByteBufAllocator.directBuffer(AbstractByteBufAllocator.java:178)
	io.netty.buffer.AbstractByteBufAllocator.buffer(AbstractByteBufAllocator.java:115)
	org.springframework.core.io.buffer.NettyDataBufferFactory.allocateBuffer(NettyDataBufferFactory.java:71)
	org.springframework.core.io.buffer.NettyDataBufferFactory.allocateBuffer(NettyDataBufferFactory.java:39)
	org.springframework.core.codec.CharSequenceEncoder.encodeValue(CharSequenceEncoder.java:91)
	org.springframework.core.codec.CharSequenceEncoder.encodeValue(CharSequenceEncoder.java:47)
	org.springframework.messaging.rsocket.MetadataEncoder.encodeEntry(MetadataEncoder.java:229)
	org.springframework.messaging.rsocket.MetadataEncoder.encode(MetadataEncoder.java:197)
	org.springframework.messaging.rsocket.MetadataEncoderTests.metadataWithTextPlainMimeType(MetadataEncoderTests.java:125)
	sun.reflect.NativeMethodAccessorImpl.invoke0(Native Method)
	sun.reflect.NativeMethodAccessorImpl.invoke(NativeMethodAccessorImpl.java:62)
	sun.reflect.DelegatingMethodAccessorImpl.invoke(DelegatingMethodAccessorImpl.java:43)
	java.lang.reflect.Method.invoke(Method.java:497)
	org.junit.runners.model.FrameworkMethod$1.runReflectiveCall(FrameworkMethod.java:59)
	org.junit.internal.runners.model.ReflectiveCallable.run(ReflectiveCallable.java:12)
	org.junit.runners.model.FrameworkMethod.invokeExplosively(FrameworkMethod.java:56)
	org.junit.internal.runners.statements.InvokeMethod.evaluate(InvokeMethod.java:17)
	org.junit.runners.ParentRunner$3.evaluate(ParentRunner.java:305)
	org.junit.runners.BlockJUnit4ClassRunner$1.evaluate(BlockJUnit4ClassRunner.java:100)
	org.junit.runners.ParentRunner.runLeaf(ParentRunner.java:365)
	org.junit.runners.BlockJUnit4ClassRunner.runChild(BlockJUnit4ClassRunner.java:103)
	org.junit.runners.BlockJUnit4ClassRunner.runChild(BlockJUnit4ClassRunner.java:63)
	org.junit.runners.ParentRunner$4.run(ParentRunner.java:330)
	org.junit.runners.ParentRunner$1.schedule(ParentRunner.java:78)
	org.junit.runners.ParentRunner.runChildren(ParentRunner.java:328)
	org.junit.runners.ParentRunner.access$100(ParentRunner.java:65)
	org.junit.runners.ParentRunner$2.evaluate(ParentRunner.java:292)
	org.junit.runners.ParentRunner$3.evaluate(ParentRunner.java:305)
	org.junit.runners.ParentRunner.run(ParentRunner.java:412)
	org.junit.runner.JUnitCore.run(JUnitCore.java:137)
	org.junit.runner.JUnitCore.run(JUnitCore.java:115)
	org.junit.vintage.engine.execution.RunnerExecutor.execute(RunnerExecutor.java:40)
	java.util.stream.ForEachOps$ForEachOp$OfRef.accept(ForEachOps.java:184)
	java.util.stream.ReferencePipeline$3$1.accept(ReferencePipeline.java:193)
	java.util.Iterator.forEachRemaining(Iterator.java:116)
	java.util.Spliterators$IteratorSpliterator.forEachRemaining(Spliterators.java:1801)
	java.util.stream.AbstractPipeline.copyInto(AbstractPipeline.java:481)
	java.util.stream.AbstractPipeline.wrapAndCopyInto(AbstractPipeline.java:471)
	java.util.stream.ForEachOps$ForEachOp.evaluateSequential(ForEachOps.java:151)
	java.util.stream.ForEachOps$ForEachOp$OfRef.evaluateSequential(ForEachOps.java:174)
	java.util.stream.AbstractPipeline.evaluate(AbstractPipeline.java:234)
	java.util.stream.ReferencePipeline.forEach(ReferencePipeline.java:418)
	org.junit.vintage.engine.VintageTestEngine.executeAllChildren(VintageTestEngine.java:80)
	org.junit.vintage.engine.VintageTestEngine.execute(VintageTestEngine.java:71)
	org.junit.platform.launcher.core.DefaultLauncher.execute(DefaultLauncher.java:229)
	org.junit.platform.launcher.core.DefaultLauncher.lambda$execute$6(DefaultLauncher.java:197)
	org.junit.platform.launcher.core.DefaultLauncher.withInterceptedStreams(DefaultLauncher.java:211)
	org.junit.platform.launcher.core.DefaultLauncher.execute(DefaultLauncher.java:191)
	org.junit.platform.launcher.core.DefaultLauncher.execute(DefaultLauncher.java:128)
	org.gradle.api.internal.tasks.testing.junitplatform.JUnitPlatformTestClassProcessor$CollectAllTestClassesExecutor.processAllTestClasses(JUnitPlatformTestClassProcessor.java:102)
	org.gradle.api.internal.tasks.testing.junitplatform.JUnitPlatformTestClassProcessor$CollectAllTestClassesExecutor.access$000(JUnitPlatformTestClassProcessor.java:82)
	org.gradle.api.internal.tasks.testing.junitplatform.JUnitPlatformTestClassProcessor.stop(JUnitPlatformTestClassProcessor.java:78)
	org.gradle.api.internal.tasks.testing.SuiteTestClassProcessor.stop(SuiteTestClassProcessor.java:61)
	sun.reflect.NativeMethodAccessorImpl.invoke0(Native Method)
	sun.reflect.NativeMethodAccessorImpl.invoke(NativeMethodAccessorImpl.java:62)
	sun.reflect.DelegatingMethodAccessorImpl.invoke(DelegatingMethodAccessorImpl.java:43)
	java.lang.reflect.Method.invoke(Method.java:497)
	org.gradle.internal.dispatch.ReflectionDispatch.dispatch(ReflectionDispatch.java:35)
	org.gradle.internal.dispatch.ReflectionDispatch.dispatch(ReflectionDispatch.java:24)
	org.gradle.internal.dispatch.ContextClassLoaderDispatch.dispatch(ContextClassLoaderDispatch.java:32)
	org.gradle.internal.dispatch.ProxyDispatchAdapter$DispatchingInvocationHandler.invoke(ProxyDispatchAdapter.java:93)
	com.sun.proxy.$Proxy2.stop(Unknown Source)
	org.gradle.api.internal.tasks.testing.worker.TestWorker.stop(TestWorker.java:132)
	sun.reflect.NativeMethodAccessorImpl.invoke0(Native Method)
	sun.reflect.NativeMethodAccessorImpl.invoke(NativeMethodAccessorImpl.java:62)
	sun.reflect.DelegatingMethodAccessorImpl.invoke(DelegatingMethodAccessorImpl.java:43)
	java.lang.reflect.Method.invoke(Method.java:497)
	org.gradle.internal.dispatch.ReflectionDispatch.dispatch(ReflectionDispatch.java:35)
	org.gradle.internal.dispatch.ReflectionDispatch.dispatch(ReflectionDispatch.java:24)
	org.gradle.internal.remote.internal.hub.MessageHubBackedObjectConnection$DispatchWrapper.dispatch(MessageHubBackedObjectConnection.java:175)
	org.gradle.internal.remote.internal.hub.MessageHubBackedObjectConnection$DispatchWrapper.dispatch(MessageHubBackedObjectConnection.java:157)
	org.gradle.internal.remote.internal.hub.MessageHub$Handler.run(MessageHub.java:404)
	org.gradle.internal.concurrent.ExecutorPolicy$CatchAndRecordFailures.onExecute(ExecutorPolicy.java:63)
	org.gradle.internal.concurrent.ManagedExecutorImpl$1.run(ManagedExecutorImpl.java:46)
	java.util.concurrent.ThreadPoolExecutor.runWorker(ThreadPoolExecutor.java:1142)
	java.util.concurrent.ThreadPoolExecutor$Worker.run(ThreadPoolExecutor.java:617)
	org.gradle.internal.concurrent.ThreadFactoryImpl$ManagedThreadRunnable.run(ThreadFactoryImpl.java:55)
	java.lang.Thread.run(Thread.java:745)
01:35:01.899 [reactor-tcp-nio-2] ERROR i.n.u.ResourceLeakDetector - LEAK: ByteBuf.release() was not called before it's garbage-collected. See http://netty.io/wiki/reference-counted-objects.html for more information.
Recent access records: 
#1:
	io.netty.buffer.AdvancedLeakAwareByteBuf.getBytes(AdvancedLeakAwareByteBuf.java:250)
	io.netty.buffer.CompositeByteBuf.getBytes(CompositeByteBuf.java:1029)
	io.netty.buffer.CompositeByteBuf.getBytes(CompositeByteBuf.java:48)
	io.netty.buffer.AbstractUnpooledSlicedByteBuf.getBytes(AbstractUnpooledSlicedByteBuf.java:243)
	io.netty.buffer.ByteBufUtil.decodeString(ByteBufUtil.java:842)
	io.netty.buffer.AbstractByteBuf.toString(AbstractByteBuf.java:1254)
	io.netty.buffer.AbstractByteBuf.toString(AbstractByteBuf.java:1249)
	io.netty.buffer.WrappedByteBuf.toString(WrappedByteBuf.java:964)
	io.netty.buffer.AdvancedLeakAwareByteBuf.toString(AdvancedLeakAwareByteBuf.java:743)
	org.springframework.messaging.rsocket.MetadataEncoderTests.compositeMetadataWithRouteAndText(MetadataEncoderTests.java:85)
	sun.reflect.NativeMethodAccessorImpl.invoke0(Native Method)
	sun.reflect.NativeMethodAccessorImpl.invoke(NativeMethodAccessorImpl.java:62)
	sun.reflect.DelegatingMethodAccessorImpl.invoke(DelegatingMethodAccessorImpl.java:43)
	java.lang.reflect.Method.invoke(Method.java:497)
	org.junit.runners.model.FrameworkMethod$1.runReflectiveCall(FrameworkMethod.java:59)
	org.junit.internal.runners.model.ReflectiveCallable.run(ReflectiveCallable.java:12)
	org.junit.runners.model.FrameworkMethod.invokeExplosively(FrameworkMethod.java:56)
	org.junit.internal.runners.statements.InvokeMethod.evaluate(InvokeMethod.java:17)
	org.junit.runners.ParentRunner$3.evaluate(ParentRunner.java:305)
	org.junit.runners.BlockJUnit4ClassRunner$1.evaluate(BlockJUnit4ClassRunner.java:100)
	org.junit.runners.ParentRunner.runLeaf(ParentRunner.java:365)
	org.junit.runners.BlockJUnit4ClassRunner.runChild(BlockJUnit4ClassRunner.java:103)
	org.junit.runners.BlockJUnit4ClassRunner.runChild(BlockJUnit4ClassRunner.java:63)
	org.junit.runners.ParentRunner$4.run(ParentRunner.java:330)
	org.junit.runners.ParentRunner$1.schedule(ParentRunner.java:78)
	org.junit.runners.ParentRunner.runChildren(ParentRunner.java:328)
	org.junit.runners.ParentRunner.access$100(ParentRunner.java:65)
	org.junit.runners.ParentRunner$2.evaluate(ParentRunner.java:292)
	org.junit.runners.ParentRunner$3.evaluate(ParentRunner.java:305)
	org.junit.runners.ParentRunner.run(ParentRunner.java:412)
	org.junit.runner.JUnitCore.run(JUnitCore.java:137)
	org.junit.runner.JUnitCore.run(JUnitCore.java:115)
	org.junit.vintage.engine.execution.RunnerExecutor.execute(RunnerExecutor.java:40)
	java.util.stream.ForEachOps$ForEachOp$OfRef.accept(ForEachOps.java:184)
	java.util.stream.ReferencePipeline$3$1.accept(ReferencePipeline.java:193)
	java.util.Iterator.forEachRemaining(Iterator.java:116)
	java.util.Spliterators$IteratorSpliterator.forEachRemaining(Spliterators.java:1801)
	java.util.stream.AbstractPipeline.copyInto(AbstractPipeline.java:481)
	java.util.stream.AbstractPipeline.wrapAndCopyInto(AbstractPipeline.java:471)
	java.util.stream.ForEachOps$ForEachOp.evaluateSequential(ForEachOps.java:151)
	java.util.stream.ForEachOps$ForEachOp$OfRef.evaluateSequential(ForEachOps.java:174)
	java.util.stream.AbstractPipeline.evaluate(AbstractPipeline.java:234)
	java.util.stream.ReferencePipeline.forEach(ReferencePipeline.java:418)
	org.junit.vintage.engine.VintageTestEngine.executeAllChildren(VintageTestEngine.java:80)
	org.junit.vintage.engine.VintageTestEngine.execute(VintageTestEngine.java:71)
	org.junit.platform.launcher.core.DefaultLauncher.execute(DefaultLauncher.java:229)
	org.junit.platform.launcher.core.DefaultLauncher.lambda$execute$6(DefaultLauncher.java:197)
	org.junit.platform.launcher.core.DefaultLauncher.withInterceptedStreams(DefaultLauncher.java:211)
	org.junit.platform.launcher.core.DefaultLauncher.execute(DefaultLauncher.java:191)
	org.junit.platform.launcher.core.DefaultLauncher.execute(DefaultLauncher.java:128)
	org.gradle.api.internal.tasks.testing.junitplatform.JUnitPlatformTestClassProcessor$CollectAllTestClassesExecutor.processAllTestClasses(JUnitPlatformTestClassProcessor.java:102)
	org.gradle.api.internal.tasks.testing.junitplatform.JUnitPlatformTestClassProcessor$CollectAllTestClassesExecutor.access$000(JUnitPlatformTestClassProcessor.java:82)
	org.gradle.api.internal.tasks.testing.junitplatform.JUnitPlatformTestClassProcessor.stop(JUnitPlatformTestClassProcessor.java:78)
	org.gradle.api.internal.tasks.testing.SuiteTestClassProcessor.stop(SuiteTestClassProcessor.java:61)
	sun.reflect.NativeMethodAccessorImpl.invoke0(Native Method)
	sun.reflect.NativeMethodAccessorImpl.invoke(NativeMethodAccessorImpl.java:62)
	sun.reflect.DelegatingMethodAccessorImpl.invoke(DelegatingMethodAccessorImpl.java:43)
	java.lang.reflect.Method.invoke(Method.java:497)
	org.gradle.internal.dispatch.ReflectionDispatch.dispatch(ReflectionDispatch.java:35)
	org.gradle.internal.dispatch.ReflectionDispatch.dispatch(ReflectionDispatch.java:24)
	org.gradle.internal.dispatch.ContextClassLoaderDispatch.dispatch(ContextClassLoaderDispatch.java:32)
	org.gradle.internal.dispatch.ProxyDispatchAdapter$DispatchingInvocationHandler.invoke(ProxyDispatchAdapter.java:93)
	com.sun.proxy.$Proxy2.stop(Unknown Source)
	org.gradle.api.internal.tasks.testing.worker.TestWorker.stop(TestWorker.java:132)
	sun.reflect.NativeMethodAccessorImpl.invoke0(Native Method)
	sun.reflect.NativeMethodAccessorImpl.invoke(NativeMethodAccessorImpl.java:62)
	sun.reflect.DelegatingMethodAccessorImpl.invoke(DelegatingMethodAccessorImpl.java:43)
	java.lang.reflect.Method.invoke(Method.java:497)
	org.gradle.internal.dispatch.ReflectionDispatch.dispatch(ReflectionDispatch.java:35)
	org.gradle.internal.dispatch.ReflectionDispatch.dispatch(ReflectionDispatch.java:24)
	org.gradle.internal.remote.internal.hub.MessageHubBackedObjectConnection$DispatchWrapper.dispatch(MessageHubBackedObjectConnection.java:175)
	org.gradle.internal.remote.internal.hub.MessageHubBackedObjectConnection$DispatchWrapper.dispatch(MessageHubBackedObjectConnection.java:157)
	org.gradle.internal.remote.internal.hub.MessageHub$Handler.run(MessageHub.java:404)
	org.gradle.internal.concurrent.ExecutorPolicy$CatchAndRecordFailures.onExecute(ExecutorPolicy.java:63)
	org.gradle.internal.concurrent.ManagedExecutorImpl$1.run(ManagedExecutorImpl.java:46)
	java.util.concurrent.ThreadPoolExecutor.runWorker(ThreadPoolExecutor.java:1142)
	java.util.concurrent.ThreadPoolExecutor$Worker.run(ThreadPoolExecutor.java:617)
	org.gradle.internal.concurrent.ThreadFactoryImpl$ManagedThreadRunnable.run(ThreadFactoryImpl.java:55)
	java.lang.Thread.run(Thread.java:745)
#2:
	io.netty.buffer.AdvancedLeakAwareByteBuf.order(AdvancedLeakAwareByteBuf.java:70)
	io.netty.buffer.CompositeByteBuf.newComponent(CompositeByteBuf.java:318)
	io.netty.buffer.CompositeByteBuf.addComponents0(CompositeByteBuf.java:356)
	io.netty.buffer.CompositeByteBuf.addComponents(CompositeByteBuf.java:236)
	io.netty.buffer.WrappedCompositeByteBuf.addComponents(WrappedCompositeByteBuf.java:540)
	io.netty.buffer.AdvancedLeakAwareCompositeByteBuf.addComponents(AdvancedLeakAwareCompositeByteBuf.java:927)
	io.rsocket.metadata.CompositeMetadataFlyweight.encodeAndAddMetadata(CompositeMetadataFlyweight.java:215)
	org.springframework.messaging.rsocket.MetadataEncoder.lambda$encode$62(MetadataEncoder.java:168)
	java.util.LinkedHashMap.forEach(LinkedHashMap.java:676)
	org.springframework.messaging.rsocket.MetadataEncoder.encode(MetadataEncoder.java:166)
	org.springframework.messaging.rsocket.MetadataEncoderTests.compositeMetadataWithRouteAndText(MetadataEncoderTests.java:72)
	sun.reflect.NativeMethodAccessorImpl.invoke0(Native Method)
	sun.reflect.NativeMethodAccessorImpl.invoke(NativeMethodAccessorImpl.java:62)
	sun.reflect.DelegatingMethodAccessorImpl.invoke(DelegatingMethodAccessorImpl.java:43)
	java.lang.reflect.Method.invoke(Method.java:497)
	org.junit.runners.model.FrameworkMethod$1.runReflectiveCall(FrameworkMethod.java:59)
	org.junit.internal.runners.model.ReflectiveCallable.run(ReflectiveCallable.java:12)
	org.junit.runners.model.FrameworkMethod.invokeExplosively(FrameworkMethod.java:56)
	org.junit.internal.runners.statements.InvokeMethod.evaluate(InvokeMethod.java:17)
	org.junit.runners.ParentRunner$3.evaluate(ParentRunner.java:305)
	org.junit.runners.BlockJUnit4ClassRunner$1.evaluate(BlockJUnit4ClassRunner.java:100)
	org.junit.runners.ParentRunner.runLeaf(ParentRunner.java:365)
	org.junit.runners.BlockJUnit4ClassRunner.runChild(BlockJUnit4ClassRunner.java:103)
	org.junit.runners.BlockJUnit4ClassRunner.runChild(BlockJUnit4ClassRunner.java:63)
	org.junit.runners.ParentRunner$4.run(ParentRunner.java:330)
	org.junit.runners.ParentRunner$1.schedule(ParentRunner.java:78)
	org.junit.runners.ParentRunner.runChildren(ParentRunner.java:328)
	org.junit.runners.ParentRunner.access$100(ParentRunner.java:65)
	org.junit.runners.ParentRunner$2.evaluate(ParentRunner.java:292)
	org.junit.runners.ParentRunner$3.evaluate(ParentRunner.java:305)
	org.junit.runners.ParentRunner.run(ParentRunner.java:412)
	org.junit.runner.JUnitCore.run(JUnitCore.java:137)
	org.junit.runner.JUnitCore.run(JUnitCore.java:115)
	org.junit.vintage.engine.execution.RunnerExecutor.execute(RunnerExecutor.java:40)
	java.util.stream.ForEachOps$ForEachOp$OfRef.accept(ForEachOps.java:184)
	java.util.stream.ReferencePipeline$3$1.accept(ReferencePipeline.java:193)
	java.util.Iterator.forEachRemaining(Iterator.java:116)
	java.util.Spliterators$IteratorSpliterator.forEachRemaining(Spliterators.java:1801)
	java.util.stream.AbstractPipeline.copyInto(AbstractPipeline.java:481)
	java.util.stream.AbstractPipeline.wrapAndCopyInto(AbstractPipeline.java:471)
	java.util.stream.ForEachOps$ForEachOp.evaluateSequential(ForEachOps.java:151)
	java.util.stream.ForEachOps$ForEachOp$OfRef.evaluateSequential(ForEachOps.java:174)
	java.util.stream.AbstractPipeline.evaluate(AbstractPipeline.java:234)
	java.util.stream.ReferencePipeline.forEach(ReferencePipeline.java:418)
	org.junit.vintage.engine.VintageTestEngine.executeAllChildren(VintageTestEngine.java:80)
	org.junit.vintage.engine.VintageTestEngine.execute(VintageTestEngine.java:71)
	org.junit.platform.launcher.core.DefaultLauncher.execute(DefaultLauncher.java:229)
	org.junit.platform.launcher.core.DefaultLauncher.lambda$execute$6(DefaultLauncher.java:197)
	org.junit.platform.launcher.core.DefaultLauncher.withInterceptedStreams(DefaultLauncher.java:211)
	org.junit.platform.launcher.core.DefaultLauncher.execute(DefaultLauncher.java:191)
	org.junit.platform.launcher.core.DefaultLauncher.execute(DefaultLauncher.java:128)
	org.gradle.api.internal.tasks.testing.junitplatform.JUnitPlatformTestClassProcessor$CollectAllTestClassesExecutor.processAllTestClasses(JUnitPlatformTestClassProcessor.java:102)
	org.gradle.api.internal.tasks.testing.junitplatform.JUnitPlatformTestClassProcessor$CollectAllTestClassesExecutor.access$000(JUnitPlatformTestClassProcessor.java:82)
	org.gradle.api.internal.tasks.testing.junitplatform.JUnitPlatformTestClassProcessor.stop(JUnitPlatformTestClassProcessor.java:78)
	org.gradle.api.internal.tasks.testing.SuiteTestClassProcessor.stop(SuiteTestClassProcessor.java:61)
	sun.reflect.NativeMethodAccessorImpl.invoke0(Native Method)
	sun.reflect.NativeMethodAccessorImpl.invoke(NativeMethodAccessorImpl.java:62)
	sun.reflect.DelegatingMethodAccessorImpl.invoke(DelegatingMethodAccessorImpl.java:43)
	java.lang.reflect.Method.invoke(Method.java:497)
	org.gradle.internal.dispatch.ReflectionDispatch.dispatch(ReflectionDispatch.java:35)
	org.gradle.internal.dispatch.ReflectionDispatch.dispatch(ReflectionDispatch.java:24)
	org.gradle.internal.dispatch.ContextClassLoaderDispatch.dispatch(ContextClassLoaderDispatch.java:32)
	org.gradle.internal.dispatch.ProxyDispatchAdapter$DispatchingInvocationHandler.invoke(ProxyDispatchAdapter.java:93)
	com.sun.proxy.$Proxy2.stop(Unknown Source)
	org.gradle.api.internal.tasks.testing.worker.TestWorker.stop(TestWorker.java:132)
	sun.reflect.NativeMethodAccessorImpl.invoke0(Native Method)
	sun.reflect.NativeMethodAccessorImpl.invoke(NativeMethodAccessorImpl.java:62)
	sun.reflect.DelegatingMethodAccessorImpl.invoke(DelegatingMethodAccessorImpl.java:43)
	java.lang.reflect.Method.invoke(Method.java:497)
	org.gradle.internal.dispatch.ReflectionDispatch.dispatch(ReflectionDispatch.java:35)
	org.gradle.internal.dispatch.ReflectionDispatch.dispatch(ReflectionDispatch.java:24)
	org.gradle.internal.remote.internal.hub.MessageHubBackedObjectConnection$DispatchWrapper.dispatch(MessageHubBackedObjectConnection.java:175)
	org.gradle.internal.remote.internal.hub.MessageHubBackedObjectConnection$DispatchWrapper.dispatch(MessageHubBackedObjectConnection.java:157)
	org.gradle.internal.remote.internal.hub.MessageHub$Handler.run(MessageHub.java:404)
	org.gradle.internal.concurrent.ExecutorPolicy$CatchAndRecordFailures.onExecute(ExecutorPolicy.java:63)
	org.gradle.internal.concurrent.ManagedExecutorImpl$1.run(ManagedExecutorImpl.java:46)
	java.util.concurrent.ThreadPoolExecutor.runWorker(ThreadPoolExecutor.java:1142)
	java.util.concurrent.ThreadPoolExecutor$Worker.run(ThreadPoolExecutor.java:617)
	org.gradle.internal.concurrent.ThreadFactoryImpl$ManagedThreadRunnable.run(ThreadFactoryImpl.java:55)
	java.lang.Thread.run(Thread.java:745)
Created at:
	io.netty.buffer.PooledByteBufAllocator.newDirectBuffer(PooledByteBufAllocator.java:349)
	io.netty.buffer.AbstractByteBufAllocator.directBuffer(AbstractByteBufAllocator.java:187)
	io.netty.buffer.AbstractByteBufAllocator.directBuffer(AbstractByteBufAllocator.java:178)
	io.netty.buffer.AbstractByteBufAllocator.buffer(AbstractByteBufAllocator.java:115)
	org.springframework.core.io.buffer.NettyDataBufferFactory.allocateBuffer(NettyDataBufferFactory.java:71)
	org.springframework.core.io.buffer.NettyDataBufferFactory.allocateBuffer(NettyDataBufferFactory.java:39)
	org.springframework.core.codec.CharSequenceEncoder.encodeValue(CharSequenceEncoder.java:91)
	org.springframework.core.codec.CharSequenceEncoder.encodeValue(CharSequenceEncoder.java:47)
	org.springframework.messaging.rsocket.MetadataEncoder.encodeEntry(MetadataEncoder.java:229)
	org.springframework.messaging.rsocket.MetadataEncoder.lambda$encode$62(MetadataEncoder.java:167)
	java.util.LinkedHashMap.forEach(LinkedHashMap.java:676)
	org.springframework.messaging.rsocket.MetadataEncoder.encode(MetadataEncoder.java:166)
	org.springframework.messaging.rsocket.MetadataEncoderTests.compositeMetadataWithRouteAndText(MetadataEncoderTests.java:72)
	sun.reflect.NativeMethodAccessorImpl.invoke0(Native Method)
	sun.reflect.NativeMethodAccessorImpl.invoke(NativeMethodAccessorImpl.java:62)
	sun.reflect.DelegatingMethodAccessorImpl.invoke(DelegatingMethodAccessorImpl.java:43)
	java.lang.reflect.Method.invoke(Method.java:497)
	org.junit.runners.model.FrameworkMethod$1.runReflectiveCall(FrameworkMethod.java:59)
	org.junit.internal.runners.model.ReflectiveCallable.run(ReflectiveCallable.java:12)
	org.junit.runners.model.FrameworkMethod.invokeExplosively(FrameworkMethod.java:56)
	org.junit.internal.runners.statements.InvokeMethod.evaluate(InvokeMethod.java:17)
	org.junit.runners.ParentRunner$3.evaluate(ParentRunner.java:305)
	org.junit.runners.BlockJUnit4ClassRunner$1.evaluate(BlockJUnit4ClassRunner.java:100)
	org.junit.runners.ParentRunner.runLeaf(ParentRunner.java:365)
	org.junit.runners.BlockJUnit4ClassRunner.runChild(BlockJUnit4ClassRunner.java:103)
	org.junit.runners.BlockJUnit4ClassRunner.runChild(BlockJUnit4ClassRunner.java:63)
	org.junit.runners.ParentRunner$4.run(ParentRunner.java:330)
	org.junit.runners.ParentRunner$1.schedule(ParentRunner.java:78)
	org.junit.runners.ParentRunner.runChildren(ParentRunner.java:328)
	org.junit.runners.ParentRunner.access$100(ParentRunner.java:65)
	org.junit.runners.ParentRunner$2.evaluate(ParentRunner.java:292)
	org.junit.runners.ParentRunner$3.evaluate(ParentRunner.java:305)
	org.junit.runners.ParentRunner.run(ParentRunner.java:412)
	org.junit.runner.JUnitCore.run(JUnitCore.java:137)
	org.junit.runner.JUnitCore.run(JUnitCore.java:115)
	org.junit.vintage.engine.execution.RunnerExecutor.execute(RunnerExecutor.java:40)
	java.util.stream.ForEachOps$ForEachOp$OfRef.accept(ForEachOps.java:184)
	java.util.stream.ReferencePipeline$3$1.accept(ReferencePipeline.java:193)
	java.util.Iterator.forEachRemaining(Iterator.java:116)
	java.util.Spliterators$IteratorSpliterator.forEachRemaining(Spliterators.java:1801)
	java.util.stream.AbstractPipeline.copyInto(AbstractPipeline.java:481)
	java.util.stream.AbstractPipeline.wrapAndCopyInto(AbstractPipeline.java:471)
	java.util.stream.ForEachOps$ForEachOp.evaluateSequential(ForEachOps.java:151)
	java.util.stream.ForEachOps$ForEachOp$OfRef.evaluateSequential(ForEachOps.java:174)
	java.util.stream.AbstractPipeline.evaluate(AbstractPipeline.java:234)
	java.util.stream.ReferencePipeline.forEach(ReferencePipeline.java:418)
	org.junit.vintage.engine.VintageTestEngine.executeAllChildren(VintageTestEngine.java:80)
	org.junit.vintage.engine.VintageTestEngine.execute(VintageTestEngine.java:71)
	org.junit.platform.launcher.core.DefaultLauncher.execute(DefaultLauncher.java:229)
	org.junit.platform.launcher.core.DefaultLauncher.lambda$execute$6(DefaultLauncher.java:197)
	org.junit.platform.launcher.core.DefaultLauncher.withInterceptedStreams(DefaultLauncher.java:211)
	org.junit.platform.launcher.core.DefaultLauncher.execute(DefaultLauncher.java:191)
	org.junit.platform.launcher.core.DefaultLauncher.execute(DefaultLauncher.java:128)
	org.gradle.api.internal.tasks.testing.junitplatform.JUnitPlatformTestClassProcessor$CollectAllTestClassesExecutor.processAllTestClasses(JUnitPlatformTestClassProcessor.java:102)
	org.gradle.api.internal.tasks.testing.junitplatform.JUnitPlatformTestClassProcessor$CollectAllTestClassesExecutor.access$000(JUnitPlatformTestClassProcessor.java:82)
	org.gradle.api.internal.tasks.testing.junitplatform.JUnitPlatformTestClassProcessor.stop(JUnitPlatformTestClassProcessor.java:78)
	org.gradle.api.internal.tasks.testing.SuiteTestClassProcessor.stop(SuiteTestClassProcessor.java:61)
	sun.reflect.NativeMethodAccessorImpl.invoke0(Native Method)
	sun.reflect.NativeMethodAccessorImpl.invoke(NativeMethodAccessorImpl.java:62)
	sun.reflect.DelegatingMethodAccessorImpl.invoke(DelegatingMethodAccessorImpl.java:43)
	java.lang.reflect.Method.invoke(Method.java:497)
	org.gradle.internal.dispatch.ReflectionDispatch.dispatch(ReflectionDispatch.java:35)
	org.gradle.internal.dispatch.ReflectionDispatch.dispatch(ReflectionDispatch.java:24)
	org.gradle.internal.dispatch.ContextClassLoaderDispatch.dispatch(ContextClassLoaderDispatch.java:32)
	org.gradle.internal.dispatch.ProxyDispatchAdapter$DispatchingInvocationHandler.invoke(ProxyDispatchAdapter.java:93)
	com.sun.proxy.$Proxy2.stop(Unknown Source)
	org.gradle.api.internal.tasks.testing.worker.TestWorker.stop(TestWorker.java:132)
	sun.reflect.NativeMethodAccessorImpl.invoke0(Native Method)
	sun.reflect.NativeMethodAccessorImpl.invoke(NativeMethodAccessorImpl.java:62)
	sun.reflect.DelegatingMethodAccessorImpl.invoke(DelegatingMethodAccessorImpl.java:43)
	java.lang.reflect.Method.invoke(Method.java:497)
	org.gradle.internal.dispatch.ReflectionDispatch.dispatch(ReflectionDispatch.java:35)
	org.gradle.internal.dispatch.ReflectionDispatch.dispatch(ReflectionDispatch.java:24)
	org.gradle.internal.remote.internal.hub.MessageHubBackedObjectConnection$DispatchWrapper.dispatch(MessageHubBackedObjectConnection.java:175)
	org.gradle.internal.remote.internal.hub.MessageHubBackedObjectConnection$DispatchWrapper.dispatch(MessageHubBackedObjectConnection.java:157)
	org.gradle.internal.remote.internal.hub.MessageHub$Handler.run(MessageHub.java:404)
	org.gradle.internal.concurrent.ExecutorPolicy$CatchAndRecordFailures.onExecute(ExecutorPolicy.java:63)
	org.gradle.internal.concurrent.ManagedExecutorImpl$1.run(ManagedExecutorImpl.java:46)
	java.util.concurrent.ThreadPoolExecutor.runWorker(ThreadPoolExecutor.java:1142)
	java.util.concurrent.ThreadPoolExecutor$Worker.run(ThreadPoolExecutor.java:617)
	org.gradle.internal.concurrent.ThreadFactoryImpl$ManagedThreadRunnable.run(ThreadFactoryImpl.java:55)
	java.lang.Thread.run(Thread.java:745)
01:35:01.899 [reactor-tcp-nio-2] ERROR i.n.u.ResourceLeakDetector - LEAK: ByteBuf.release() was not called before it's garbage-collected. See http://netty.io/wiki/reference-counted-objects.html for more information.
Recent access records: 
#1:
	io.netty.buffer.AdvancedLeakAwareByteBuf.getBytes(AdvancedLeakAwareByteBuf.java:250)
	io.netty.buffer.CompositeByteBuf.getBytes(CompositeByteBuf.java:1029)
	io.netty.buffer.CompositeByteBuf.getBytes(CompositeByteBuf.java:1984)
	io.netty.buffer.CompositeByteBuf.getBytes(CompositeByteBuf.java:48)
	io.netty.buffer.ByteBufUtil.getBytes(ByteBufUtil.java:907)
	io.netty.buffer.AbstractByteBuf.getCharSequence(AbstractByteBuf.java:517)
	io.netty.buffer.AbstractUnpooledSlicedByteBuf.getCharSequence(AbstractUnpooledSlicedByteBuf.java:264)
	io.netty.buffer.AbstractByteBuf.readCharSequence(AbstractByteBuf.java:524)
	io.netty.buffer.WrappedByteBuf.readCharSequence(WrappedByteBuf.java:688)
	io.netty.buffer.AdvancedLeakAwareByteBuf.readCharSequence(AdvancedLeakAwareByteBuf.java:527)
	io.rsocket.metadata.CompositeMetadataFlyweight.decodeMimeTypeFromMimeBuffer(CompositeMetadataFlyweight.java:193)
	io.rsocket.metadata.CompositeMetadata$1.next(CompositeMetadata.java:90)
	io.rsocket.metadata.CompositeMetadata$1.next(CompositeMetadata.java:67)
	org.springframework.messaging.rsocket.MetadataEncoderTests.compositeMetadataWithRouteAndText(MetadataEncoderTests.java:78)
	sun.reflect.NativeMethodAccessorImpl.invoke0(Native Method)
	sun.reflect.NativeMethodAccessorImpl.invoke(NativeMethodAccessorImpl.java:62)
	sun.reflect.DelegatingMethodAccessorImpl.invoke(DelegatingMethodAccessorImpl.java:43)
	java.lang.reflect.Method.invoke(Method.java:497)
	org.junit.runners.model.FrameworkMethod$1.runReflectiveCall(FrameworkMethod.java:59)
	org.junit.internal.runners.model.ReflectiveCallable.run(ReflectiveCallable.java:12)
	org.junit.runners.model.FrameworkMethod.invokeExplosively(FrameworkMethod.java:56)
	org.junit.internal.runners.statements.InvokeMethod.evaluate(InvokeMethod.java:17)
	org.junit.runners.ParentRunner$3.evaluate(ParentRunner.java:305)
	org.junit.runners.BlockJUnit4ClassRunner$1.evaluate(BlockJUnit4ClassRunner.java:100)
	org.junit.runners.ParentRunner.runLeaf(ParentRunner.java:365)
	org.junit.runners.BlockJUnit4ClassRunner.runChild(BlockJUnit4ClassRunner.java:103)
	org.junit.runners.BlockJUnit4ClassRunner.runChild(BlockJUnit4ClassRunner.java:63)
	org.junit.runners.ParentRunner$4.run(ParentRunner.java:330)
	org.junit.runners.ParentRunner$1.schedule(ParentRunner.java:78)
	org.junit.runners.ParentRunner.runChildren(ParentRunner.java:328)
	org.junit.runners.ParentRunner.access$100(ParentRunner.java:65)
	org.junit.runners.ParentRunner$2.evaluate(ParentRunner.java:292)
	org.junit.runners.ParentRunner$3.evaluate(ParentRunner.java:305)
	org.junit.runners.ParentRunner.run(ParentRunner.java:412)
	org.junit.runner.JUnitCore.run(JUnitCore.java:137)
	org.junit.runner.JUnitCore.run(JUnitCore.java:115)
	org.junit.vintage.engine.execution.RunnerExecutor.execute(RunnerExecutor.java:40)
	java.util.stream.ForEachOps$ForEachOp$OfRef.accept(ForEachOps.java:184)
	java.util.stream.ReferencePipeline$3$1.accept(ReferencePipeline.java:193)
	java.util.Iterator.forEachRemaining(Iterator.java:116)
	java.util.Spliterators$IteratorSpliterator.forEachRemaining(Spliterators.java:1801)
	java.util.stream.AbstractPipeline.copyInto(AbstractPipeline.java:481)
	java.util.stream.AbstractPipeline.wrapAndCopyInto(AbstractPipeline.java:471)
	java.util.stream.ForEachOps$ForEachOp.evaluateSequential(ForEachOps.java:151)
	java.util.stream.ForEachOps$ForEachOp$OfRef.evaluateSequential(ForEachOps.java:174)
	java.util.stream.AbstractPipeline.evaluate(AbstractPipeline.java:234)
	java.util.stream.ReferencePipeline.forEach(ReferencePipeline.java:418)
	org.junit.vintage.engine.VintageTestEngine.executeAllChildren(VintageTestEngine.java:80)
	org.junit.vintage.engine.VintageTestEngine.execute(VintageTestEngine.java:71)
	org.junit.platform.launcher.core.DefaultLauncher.execute(DefaultLauncher.java:229)
	org.junit.platform.launcher.core.DefaultLauncher.lambda$execute$6(DefaultLauncher.java:197)
	org.junit.platform.launcher.core.DefaultLauncher.withInterceptedStreams(DefaultLauncher.java:211)
	org.junit.platform.launcher.core.DefaultLauncher.execute(DefaultLauncher.java:191)
	org.junit.platform.launcher.core.DefaultLauncher.execute(DefaultLauncher.java:128)
	org.gradle.api.internal.tasks.testing.junitplatform.JUnitPlatformTestClassProcessor$CollectAllTestClassesExecutor.processAllTestClasses(JUnitPlatformTestClassProcessor.java:102)
	org.gradle.api.internal.tasks.testing.junitplatform.JUnitPlatformTestClassProcessor$CollectAllTestClassesExecutor.access$000(JUnitPlatformTestClassProcessor.java:82)
	org.gradle.api.internal.tasks.testing.junitplatform.JUnitPlatformTestClassProcessor.stop(JUnitPlatformTestClassProcessor.java:78)
	org.gradle.api.internal.tasks.testing.SuiteTestClassProcessor.stop(SuiteTestClassProcessor.java:61)
	sun.reflect.NativeMethodAccessorImpl.invoke0(Native Method)
	sun.reflect.NativeMethodAccessorImpl.invoke(NativeMethodAccessorImpl.java:62)
	sun.reflect.DelegatingMethodAccessorImpl.invoke(DelegatingMethodAccessorImpl.java:43)
	java.lang.reflect.Method.invoke(Method.java:497)
	org.gradle.internal.dispatch.ReflectionDispatch.dispatch(ReflectionDispatch.java:35)
	org.gradle.internal.dispatch.ReflectionDispatch.dispatch(ReflectionDispatch.java:24)
	org.gradle.internal.dispatch.ContextClassLoaderDispatch.dispatch(ContextClassLoaderDispatch.java:32)
	org.gradle.internal.dispatch.ProxyDispatchAdapter$DispatchingInvocationHandler.invoke(ProxyDispatchAdapter.java:93)
	com.sun.proxy.$Proxy2.stop(Unknown Source)
	org.gradle.api.internal.tasks.testing.worker.TestWorker.stop(TestWorker.java:132)
	sun.reflect.NativeMethodAccessorImpl.invoke0(Native Method)
	sun.reflect.NativeMethodAccessorImpl.invoke(NativeMethodAccessorImpl.java:62)
	sun.reflect.DelegatingMethodAccessorImpl.invoke(DelegatingMethodAccessorImpl.java:43)
	java.lang.reflect.Method.invoke(Method.java:497)
	org.gradle.internal.dispatch.ReflectionDispatch.dispatch(ReflectionDispatch.java:35)
	org.gradle.internal.dispatch.ReflectionDispatch.dispatch(ReflectionDispatch.java:24)
	org.gradle.internal.remote.internal.hub.MessageHubBackedObjectConnection$DispatchWrapper.dispatch(MessageHubBackedObjectConnection.java:175)
	org.gradle.internal.remote.internal.hub.MessageHubBackedObjectConnection$DispatchWrapper.dispatch(MessageHubBackedObjectConnection.java:157)
	org.gradle.internal.remote.internal.hub.MessageHub$Handler.run(MessageHub.java:404)
	org.gradle.internal.concurrent.ExecutorPolicy$CatchAndRecordFailures.onExecute(ExecutorPolicy.java:63)
	org.gradle.internal.concurrent.ManagedExecutorImpl$1.run(ManagedExecutorImpl.java:46)
	java.util.concurrent.ThreadPoolExecutor.runWorker(ThreadPoolExecutor.java:1142)
	java.util.concurrent.ThreadPoolExecutor$Worker.run(ThreadPoolExecutor.java:617)
	org.gradle.internal.concurrent.ThreadFactoryImpl$ManagedThreadRunnable.run(ThreadFactoryImpl.java:55)
	java.lang.Thread.run(Thread.java:745)
#2:
	io.netty.buffer.AdvancedLeakAwareByteBuf.writeByte(AdvancedLeakAwareByteBuf.java:544)
	io.rsocket.util.NumberUtils.encodeUnsignedMedium(NumberUtils.java:162)
	io.rsocket.metadata.CompositeMetadataFlyweight.encodeMetadataHeader(CompositeMetadataFlyweight.java:357)
	io.rsocket.metadata.CompositeMetadataFlyweight.encodeAndAddMetadata(CompositeMetadataFlyweight.java:216)
	org.springframework.messaging.rsocket.MetadataEncoder.lambda$encode$62(MetadataEncoder.java:168)
	java.util.LinkedHashMap.forEach(LinkedHashMap.java:676)
	org.springframework.messaging.rsocket.MetadataEncoder.encode(MetadataEncoder.java:166)
	org.springframework.messaging.rsocket.MetadataEncoderTests.compositeMetadataWithRouteAndText(MetadataEncoderTests.java:72)
	sun.reflect.NativeMethodAccessorImpl.invoke0(Native Method)
	sun.reflect.NativeMethodAccessorImpl.invoke(NativeMethodAccessorImpl.java:62)
	sun.reflect.DelegatingMethodAccessorImpl.invoke(DelegatingMethodAccessorImpl.java:43)
	java.lang.reflect.Method.invoke(Method.java:497)
	org.junit.runners.model.FrameworkMethod$1.runReflectiveCall(FrameworkMethod.java:59)
	org.junit.internal.runners.model.ReflectiveCallable.run(ReflectiveCallable.java:12)
	org.junit.runners.model.FrameworkMethod.invokeExplosively(FrameworkMethod.java:56)
	org.junit.internal.runners.statements.InvokeMethod.evaluate(InvokeMethod.java:17)
	org.junit.runners.ParentRunner$3.evaluate(ParentRunner.java:305)
	org.junit.runners.BlockJUnit4ClassRunner$1.evaluate(BlockJUnit4ClassRunner.java:100)
	org.junit.runners.ParentRunner.runLeaf(ParentRunner.java:365)
	org.junit.runners.BlockJUnit4ClassRunner.runChild(BlockJUnit4ClassRunner.java:103)
	org.junit.runners.BlockJUnit4ClassRunner.runChild(BlockJUnit4ClassRunner.java:63)
	org.junit.runners.ParentRunner$4.run(ParentRunner.java:330)
	org.junit.runners.ParentRunner$1.schedule(ParentRunner.java:78)
	org.junit.runners.ParentRunner.runChildren(ParentRunner.java:328)
	org.junit.runners.ParentRunner.access$100(ParentRunner.java:65)
	org.junit.runners.ParentRunner$2.evaluate(ParentRunner.java:292)
	org.junit.runners.ParentRunner$3.evaluate(ParentRunner.java:305)
	org.junit.runners.ParentRunner.run(ParentRunner.java:412)
	org.junit.runner.JUnitCore.run(JUnitCore.java:137)
	org.junit.runner.JUnitCore.run(JUnitCore.java:115)
	org.junit.vintage.engine.execution.RunnerExecutor.execute(RunnerExecutor.java:40)
	java.util.stream.ForEachOps$ForEachOp$OfRef.accept(ForEachOps.java:184)
	java.util.stream.ReferencePipeline$3$1.accept(ReferencePipeline.java:193)
	java.util.Iterator.forEachRemaining(Iterator.java:116)
	java.util.Spliterators$IteratorSpliterator.forEachRemaining(Spliterators.java:1801)
	java.util.stream.AbstractPipeline.copyInto(AbstractPipeline.java:481)
	java.util.stream.AbstractPipeline.wrapAndCopyInto(AbstractPipeline.java:471)
	java.util.stream.ForEachOps$ForEachOp.evaluateSequential(ForEachOps.java:151)
	java.util.stream.ForEachOps$ForEachOp$OfRef.evaluateSequential(ForEachOps.java:174)
	java.util.stream.AbstractPipeline.evaluate(AbstractPipeline.java:234)
	java.util.stream.ReferencePipeline.forEach(ReferencePipeline.java:418)
	org.junit.vintage.engine.VintageTestEngine.executeAllChildren(VintageTestEngine.java:80)
	org.junit.vintage.engine.VintageTestEngine.execute(VintageTestEngine.java:71)
	org.junit.platform.launcher.core.DefaultLauncher.execute(DefaultLauncher.java:229)
	org.junit.platform.launcher.core.DefaultLauncher.lambda$execute$6(DefaultLauncher.java:197)
	org.junit.platform.launcher.core.DefaultLauncher.withInterceptedStreams(DefaultLauncher.java:211)
	org.junit.platform.launcher.core.DefaultLauncher.execute(DefaultLauncher.java:191)
	org.junit.platform.launcher.core.DefaultLauncher.execute(DefaultLauncher.java:128)
	org.gradle.api.internal.tasks.testing.junitplatform.JUnitPlatformTestClassProcessor$CollectAllTestClassesExecutor.processAllTestClasses(JUnitPlatformTestClassProcessor.java:102)
	org.gradle.api.internal.tasks.testing.junitplatform.JUnitPlatformTestClassProcessor$CollectAllTestClassesExecutor.access$000(JUnitPlatformTestClassProcessor.java:82)
	org.gradle.api.internal.tasks.testing.junitplatform.JUnitPlatformTestClassProcessor.stop(JUnitPlatformTestClassProcessor.java:78)
	org.gradle.api.internal.tasks.testing.SuiteTestClassProcessor.stop(SuiteTestClassProcessor.java:61)
	sun.reflect.NativeMethodAccessorImpl.invoke0(Native Method)
	sun.reflect.NativeMethodAccessorImpl.invoke(NativeMethodAccessorImpl.java:62)
	sun.reflect.DelegatingMethodAccessorImpl.invoke(DelegatingMethodAccessorImpl.java:43)
	java.lang.reflect.Method.invoke(Method.java:497)
	org.gradle.internal.dispatch.ReflectionDispatch.dispatch(ReflectionDispatch.java:35)
	org.gradle.internal.dispatch.ReflectionDispatch.dispatch(ReflectionDispatch.java:24)
	org.gradle.internal.dispatch.ContextClassLoaderDispatch.dispatch(ContextClassLoaderDispatch.java:32)
	org.gradle.internal.dispatch.ProxyDispatchAdapter$DispatchingInvocationHandler.invoke(ProxyDispatchAdapter.java:93)
	com.sun.proxy.$Proxy2.stop(Unknown Source)
	org.gradle.api.internal.tasks.testing.worker.TestWorker.stop(TestWorker.java:132)
	sun.reflect.NativeMethodAccessorImpl.invoke0(Native Method)
	sun.reflect.NativeMethodAccessorImpl.invoke(NativeMethodAccessorImpl.java:62)
	sun.reflect.DelegatingMethodAccessorImpl.invoke(DelegatingMethodAccessorImpl.java:43)
	java.lang.reflect.Method.invoke(Method.java:497)
	org.gradle.internal.dispatch.ReflectionDispatch.dispatch(ReflectionDispatch.java:35)
	org.gradle.internal.dispatch.ReflectionDispatch.dispatch(ReflectionDispatch.java:24)
	org.gradle.internal.remote.internal.hub.MessageHubBackedObjectConnection$DispatchWrapper.dispatch(MessageHubBackedObjectConnection.java:175)
	org.gradle.internal.remote.internal.hub.MessageHubBackedObjectConnection$DispatchWrapper.dispatch(MessageHubBackedObjectConnection.java:157)
	org.gradle.internal.remote.internal.hub.MessageHub$Handler.run(MessageHub.java:404)
	org.gradle.internal.concurrent.ExecutorPolicy$CatchAndRecordFailures.onExecute(ExecutorPolicy.java:63)
	org.gradle.internal.concurrent.ManagedExecutorImpl$1.run(ManagedExecutorImpl.java:46)
	java.util.concurrent.ThreadPoolExecutor.runWorker(ThreadPoolExecutor.java:1142)
	java.util.concurrent.ThreadPoolExecutor$Worker.run(ThreadPoolExecutor.java:617)
	org.gradle.internal.concurrent.ThreadFactoryImpl$ManagedThreadRunnable.run(ThreadFactoryImpl.java:55)
	java.lang.Thread.run(Thread.java:745)
#3:
	io.netty.buffer.AdvancedLeakAwareByteBuf.writeByte(AdvancedLeakAwareByteBuf.java:544)
	io.rsocket.util.NumberUtils.encodeUnsignedMedium(NumberUtils.java:161)
	io.rsocket.metadata.CompositeMetadataFlyweight.encodeMetadataHeader(CompositeMetadataFlyweight.java:357)
	io.rsocket.metadata.CompositeMetadataFlyweight.encodeAndAddMetadata(CompositeMetadataFlyweight.java:216)
	org.springframework.messaging.rsocket.MetadataEncoder.lambda$encode$62(MetadataEncoder.java:168)
	java.util.LinkedHashMap.forEach(LinkedHashMap.java:676)
	org.springframework.messaging.rsocket.MetadataEncoder.encode(MetadataEncoder.java:166)
	org.springframework.messaging.rsocket.MetadataEncoderTests.compositeMetadataWithRouteAndText(MetadataEncoderTests.java:72)
	sun.reflect.NativeMethodAccessorImpl.invoke0(Native Method)
	sun.reflect.NativeMethodAccessorImpl.invoke(NativeMethodAccessorImpl.java:62)
	sun.reflect.DelegatingMethodAccessorImpl.invoke(DelegatingMethodAccessorImpl.java:43)
	java.lang.reflect.Method.invoke(Method.java:497)
	org.junit.runners.model.FrameworkMethod$1.runReflectiveCall(FrameworkMethod.java:59)
	org.junit.internal.runners.model.ReflectiveCallable.run(ReflectiveCallable.java:12)
	org.junit.runners.model.FrameworkMethod.invokeExplosively(FrameworkMethod.java:56)
	org.junit.internal.runners.statements.InvokeMethod.evaluate(InvokeMethod.java:17)
	org.junit.runners.ParentRunner$3.evaluate(ParentRunner.java:305)
	org.junit.runners.BlockJUnit4ClassRunner$1.evaluate(BlockJUnit4ClassRunner.java:100)
	org.junit.runners.ParentRunner.runLeaf(ParentRunner.java:365)
	org.junit.runners.BlockJUnit4ClassRunner.runChild(BlockJUnit4ClassRunner.java:103)
	org.junit.runners.BlockJUnit4ClassRunner.runChild(BlockJUnit4ClassRunner.java:63)
	org.junit.runners.ParentRunner$4.run(ParentRunner.java:330)
	org.junit.runners.ParentRunner$1.schedule(ParentRunner.java:78)
	org.junit.runners.ParentRunner.runChildren(ParentRunner.java:328)
	org.junit.runners.ParentRunner.access$100(ParentRunner.java:65)
	org.junit.runners.ParentRunner$2.evaluate(ParentRunner.java:292)
	org.junit.runners.ParentRunner$3.evaluate(ParentRunner.java:305)
	org.junit.runners.ParentRunner.run(ParentRunner.java:412)
	org.junit.runner.JUnitCore.run(JUnitCore.java:137)
	org.junit.runner.JUnitCore.run(JUnitCore.java:115)
	org.junit.vintage.engine.execution.RunnerExecutor.execute(RunnerExecutor.java:40)
	java.util.stream.ForEachOps$ForEachOp$OfRef.accept(ForEachOps.java:184)
	java.util.stream.ReferencePipeline$3$1.accept(ReferencePipeline.java:193)
	java.util.Iterator.forEachRemaining(Iterator.java:116)
	java.util.Spliterators$IteratorSpliterator.forEachRemaining(Spliterators.java:1801)
	java.util.stream.AbstractPipeline.copyInto(AbstractPipeline.java:481)
	java.util.stream.AbstractPipeline.wrapAndCopyInto(AbstractPipeline.java:471)
	java.util.stream.ForEachOps$ForEachOp.evaluateSequential(ForEachOps.java:151)
	java.util.stream.ForEachOps$ForEachOp$OfRef.evaluateSequential(ForEachOps.java:174)
	java.util.stream.AbstractPipeline.evaluate(AbstractPipeline.java:234)
	java.util.stream.ReferencePipeline.forEach(ReferencePipeline.java:418)
	org.junit.vintage.engine.VintageTestEngine.executeAllChildren(VintageTestEngine.java:80)
	org.junit.vintage.engine.VintageTestEngine.execute(VintageTestEngine.java:71)
	org.junit.platform.launcher.core.DefaultLauncher.execute(DefaultLauncher.java:229)
	org.junit.platform.launcher.core.DefaultLauncher.lambda$execute$6(DefaultLauncher.java:197)
	org.junit.platform.launcher.core.DefaultLauncher.withInterceptedStreams(DefaultLauncher.java:211)
	org.junit.platform.launcher.core.DefaultLauncher.execute(DefaultLauncher.java:191)
	org.junit.platform.launcher.core.DefaultLauncher.execute(DefaultLauncher.java:128)
	org.gradle.api.internal.tasks.testing.junitplatform.JUnitPlatformTestClassProcessor$CollectAllTestClassesExecutor.processAllTestClasses(JUnitPlatformTestClassProcessor.java:102)
	org.gradle.api.internal.tasks.testing.junitplatform.JUnitPlatformTestClassProcessor$CollectAllTestClassesExecutor.access$000(JUnitPlatformTestClassProcessor.java:82)
	org.gradle.api.internal.tasks.testing.junitplatform.JUnitPlatformTestClassProcessor.stop(JUnitPlatformTestClassProcessor.java:78)
	org.gradle.api.internal.tasks.testing.SuiteTestClassProcessor.stop(SuiteTestClassProcessor.java:61)
	sun.reflect.NativeMethodAccessorImpl.invoke0(Native Method)
	sun.reflect.NativeMethodAccessorImpl.invoke(NativeMethodAccessorImpl.java:62)
	sun.reflect.DelegatingMethodAccessorImpl.invoke(DelegatingMethodAccessorImpl.java:43)
	java.lang.reflect.Method.invoke(Method.java:497)
	org.gradle.internal.dispatch.ReflectionDispatch.dispatch(ReflectionDispatch.java:35)
	org.gradle.internal.dispatch.ReflectionDispatch.dispatch(ReflectionDispatch.java:24)
	org.gradle.internal.dispatch.ContextClassLoaderDispatch.dispatch(ContextClassLoaderDispatch.java:32)
	org.gradle.internal.dispatch.ProxyDispatchAdapter$DispatchingInvocationHandler.invoke(ProxyDispatchAdapter.java:93)
	com.sun.proxy.$Proxy2.stop(Unknown Source)
	org.gradle.api.internal.tasks.testing.worker.TestWorker.stop(TestWorker.java:132)
	sun.reflect.NativeMethodAccessorImpl.invoke0(Native Method)
	sun.reflect.NativeMethodAccessorImpl.invoke(NativeMethodAccessorImpl.java:62)
	sun.reflect.DelegatingMethodAccessorImpl.invoke(DelegatingMethodAccessorImpl.java:43)
	java.lang.reflect.Method.invoke(Method.java:497)
	org.gradle.internal.dispatch.ReflectionDispatch.dispatch(ReflectionDispatch.java:35)
	org.gradle.internal.dispatch.ReflectionDispatch.dispatch(ReflectionDispatch.java:24)
	org.gradle.internal.remote.internal.hub.MessageHubBackedObjectConnection$DispatchWrapper.dispatch(MessageHubBackedObjectConnection.java:175)
	org.gradle.internal.remote.internal.hub.MessageHubBackedObjectConnection$DispatchWrapper.dispatch(MessageHubBackedObjectConnection.java:157)
	org.gradle.internal.remote.internal.hub.MessageHub$Handler.run(MessageHub.java:404)
	org.gradle.internal.concurrent.ExecutorPolicy$CatchAndRecordFailures.onExecute(ExecutorPolicy.java:63)
	org.gradle.internal.concurrent.ManagedExecutorImpl$1.run(ManagedExecutorImpl.java:46)
	java.util.concurrent.ThreadPoolExecutor.runWorker(ThreadPoolExecutor.java:1142)
	java.util.concurrent.ThreadPoolExecutor$Worker.run(ThreadPoolExecutor.java:617)
	org.gradle.internal.concurrent.ThreadFactoryImpl$ManagedThreadRunnable.run(ThreadFactoryImpl.java:55)
	java.lang.Thread.run(Thread.java:745)
#4:
	io.netty.buffer.AdvancedLeakAwareByteBuf.writeByte(AdvancedLeakAwareByteBuf.java:544)
	io.rsocket.util.NumberUtils.encodeUnsignedMedium(NumberUtils.java:160)
	io.rsocket.metadata.CompositeMetadataFlyweight.encodeMetadataHeader(CompositeMetadataFlyweight.java:357)
	io.rsocket.metadata.CompositeMetadataFlyweight.encodeAndAddMetadata(CompositeMetadataFlyweight.java:216)
	org.springframework.messaging.rsocket.MetadataEncoder.lambda$encode$62(MetadataEncoder.java:168)
	java.util.LinkedHashMap.forEach(LinkedHashMap.java:676)
	org.springframework.messaging.rsocket.MetadataEncoder.encode(MetadataEncoder.java:166)
	org.springframework.messaging.rsocket.MetadataEncoderTests.compositeMetadataWithRouteAndText(MetadataEncoderTests.java:72)
	sun.reflect.NativeMethodAccessorImpl.invoke0(Native Method)
	sun.reflect.NativeMethodAccessorImpl.invoke(NativeMethodAccessorImpl.java:62)
	sun.reflect.DelegatingMethodAccessorImpl.invoke(DelegatingMethodAccessorImpl.java:43)
	java.lang.reflect.Method.invoke(Method.java:497)
	org.junit.runners.model.FrameworkMethod$1.runReflectiveCall(FrameworkMethod.java:59)
	org.junit.internal.runners.model.ReflectiveCallable.run(ReflectiveCallable.java:12)
	org.junit.runners.model.FrameworkMethod.invokeExplosively(FrameworkMethod.java:56)
	org.junit.internal.runners.statements.InvokeMethod.evaluate(InvokeMethod.java:17)
	org.junit.runners.ParentRunner$3.evaluate(ParentRunner.java:305)
	org.junit.runners.BlockJUnit4ClassRunner$1.evaluate(BlockJUnit4ClassRunner.java:100)
	org.junit.runners.ParentRunner.runLeaf(ParentRunner.java:365)
	org.junit.runners.BlockJUnit4ClassRunner.runChild(BlockJUnit4ClassRunner.java:103)
	org.junit.runners.BlockJUnit4ClassRunner.runChild(BlockJUnit4ClassRunner.java:63)
	org.junit.runners.ParentRunner$4.run(ParentRunner.java:330)
	org.junit.runners.ParentRunner$1.schedule(ParentRunner.java:78)
	org.junit.runners.ParentRunner.runChildren(ParentRunner.java:328)
	org.junit.runners.ParentRunner.access$100(ParentRunner.java:65)
	org.junit.runners.ParentRunner$2.evaluate(ParentRunner.java:292)
	org.junit.runners.ParentRunner$3.evaluate(ParentRunner.java:305)
	org.junit.runners.ParentRunner.run(ParentRunner.java:412)
	org.junit.runner.JUnitCore.run(JUnitCore.java:137)
	org.junit.runner.JUnitCore.run(JUnitCore.java:115)
	org.junit.vintage.engine.execution.RunnerExecutor.execute(RunnerExecutor.java:40)
	java.util.stream.ForEachOps$ForEachOp$OfRef.accept(ForEachOps.java:184)
	java.util.stream.ReferencePipeline$3$1.accept(ReferencePipeline.java:193)
	java.util.Iterator.forEachRemaining(Iterator.java:116)
	java.util.Spliterators$IteratorSpliterator.forEachRemaining(Spliterators.java:1801)
	java.util.stream.AbstractPipeline.copyInto(AbstractPipeline.java:481)
	java.util.stream.AbstractPipeline.wrapAndCopyInto(AbstractPipeline.java:471)
	java.util.stream.ForEachOps$ForEachOp.evaluateSequential(ForEachOps.java:151)
	java.util.stream.ForEachOps$ForEachOp$OfRef.evaluateSequential(ForEachOps.java:174)
	java.util.stream.AbstractPipeline.evaluate(AbstractPipeline.java:234)
	java.util.stream.ReferencePipeline.forEach(ReferencePipeline.java:418)
	org.junit.vintage.engine.VintageTestEngine.executeAllChildren(VintageTestEngine.java:80)
	org.junit.vintage.engine.VintageTestEngine.execute(VintageTestEngine.java:71)
	org.junit.platform.launcher.core.DefaultLauncher.execute(DefaultLauncher.java:229)
	org.junit.platform.launcher.core.DefaultLauncher.lambda$execute$6(DefaultLauncher.java:197)
	org.junit.platform.launcher.core.DefaultLauncher.withInterceptedStreams(DefaultLauncher.java:211)
	org.junit.platform.launcher.core.DefaultLauncher.execute(DefaultLauncher.java:191)
	org.junit.platform.launcher.core.DefaultLauncher.execute(DefaultLauncher.java:128)
	org.gradle.api.internal.tasks.testing.junitplatform.JUnitPlatformTestClassProcessor$CollectAllTestClassesExecutor.processAllTestClasses(JUnitPlatformTestClassProcessor.java:102)
	org.gradle.api.internal.tasks.testing.junitplatform.JUnitPlatformTestClassProcessor$CollectAllTestClassesExecutor.access$000(JUnitPlatformTestClassProcessor.java:82)
	org.gradle.api.internal.tasks.testing.junitplatform.JUnitPlatformTestClassProcessor.stop(JUnitPlatformTestClassProcessor.java:78)
	org.gradle.api.internal.tasks.testing.SuiteTestClassProcessor.stop(SuiteTestClassProcessor.java:61)
	sun.reflect.NativeMethodAccessorImpl.invoke0(Native Method)
	sun.reflect.NativeMethodAccessorImpl.invoke(NativeMethodAccessorImpl.java:62)
	sun.reflect.DelegatingMethodAccessorImpl.invoke(DelegatingMethodAccessorImpl.java:43)
	java.lang.reflect.Method.invoke(Method.java:497)
	org.gradle.internal.dispatch.ReflectionDispatch.dispatch(ReflectionDispatch.java:35)
	org.gradle.internal.dispatch.ReflectionDispatch.dispatch(ReflectionDispatch.java:24)
	org.gradle.internal.dispatch.ContextClassLoaderDispatch.dispatch(ContextClassLoaderDispatch.java:32)
	org.gradle.internal.dispatch.ProxyDispatchAdapter$DispatchingInvocationHandler.invoke(ProxyDispatchAdapter.java:93)
	com.sun.proxy.$Proxy2.stop(Unknown Source)
	org.gradle.api.internal.tasks.testing.worker.TestWorker.stop(TestWorker.java:132)
	sun.reflect.NativeMethodAccessorImpl.invoke0(Native Method)
	sun.reflect.NativeMethodAccessorImpl.invoke(NativeMethodAccessorImpl.java:62)
	sun.reflect.DelegatingMethodAccessorImpl.invoke(DelegatingMethodAccessorImpl.java:43)
	java.lang.reflect.Method.invoke(Method.java:497)
	org.gradle.internal.dispatch.ReflectionDispatch.dispatch(ReflectionDispatch.java:35)
	org.gradle.internal.dispatch.ReflectionDispatch.dispatch(ReflectionDispatch.java:24)
	org.gradle.internal.remote.internal.hub.MessageHubBackedObjectConnection$DispatchWrapper.dispatch(MessageHubBackedObjectConnection.java:175)
	org.gradle.internal.remote.internal.hub.MessageHubBackedObjectConnection$DispatchWrapper.dispatch(MessageHubBackedObjectConnection.java:157)
	org.gradle.internal.remote.internal.hub.MessageHub$Handler.run(MessageHub.java:404)
	org.gradle.internal.concurrent.ExecutorPolicy$CatchAndRecordFailures.onExecute(ExecutorPolicy.java:63)
	org.gradle.internal.concurrent.ManagedExecutorImpl$1.run(ManagedExecutorImpl.java:46)
	java.util.concurrent.ThreadPoolExecutor.runWorker(ThreadPoolExecutor.java:1142)
	java.util.concurrent.ThreadPoolExecutor$Worker.run(ThreadPoolExecutor.java:617)
	org.gradle.internal.concurrent.ThreadFactoryImpl$ManagedThreadRunnable.run(ThreadFactoryImpl.java:55)
	java.lang.Thread.run(Thread.java:745)
#5:
	io.netty.buffer.AdvancedLeakAwareByteBuf.writeByte(AdvancedLeakAwareByteBuf.java:544)
	io.rsocket.metadata.CompositeMetadataFlyweight.encodeMetadataHeader(CompositeMetadataFlyweight.java:353)
	io.rsocket.metadata.CompositeMetadataFlyweight.encodeAndAddMetadata(CompositeMetadataFlyweight.java:216)
	org.springframework.messaging.rsocket.MetadataEncoder.lambda$encode$62(MetadataEncoder.java:168)
	java.util.LinkedHashMap.forEach(LinkedHashMap.java:676)
	org.springframework.messaging.rsocket.MetadataEncoder.encode(MetadataEncoder.java:166)
	org.springframework.messaging.rsocket.MetadataEncoderTests.compositeMetadataWithRouteAndText(MetadataEncoderTests.java:72)
	sun.reflect.NativeMethodAccessorImpl.invoke0(Native Method)
	sun.reflect.NativeMethodAccessorImpl.invoke(NativeMethodAccessorImpl.java:62)
	sun.reflect.DelegatingMethodAccessorImpl.invoke(DelegatingMethodAccessorImpl.java:43)
	java.lang.reflect.Method.invoke(Method.java:497)
	org.junit.runners.model.FrameworkMethod$1.runReflectiveCall(FrameworkMethod.java:59)
	org.junit.internal.runners.model.ReflectiveCallable.run(ReflectiveCallable.java:12)
	org.junit.runners.model.FrameworkMethod.invokeExplosively(FrameworkMethod.java:56)
	org.junit.internal.runners.statements.InvokeMethod.evaluate(InvokeMethod.java:17)
	org.junit.runners.ParentRunner$3.evaluate(ParentRunner.java:305)
	org.junit.runners.BlockJUnit4ClassRunner$1.evaluate(BlockJUnit4ClassRunner.java:100)
	org.junit.runners.ParentRunner.runLeaf(ParentRunner.java:365)
	org.junit.runners.BlockJUnit4ClassRunner.runChild(BlockJUnit4ClassRunner.java:103)
	org.junit.runners.BlockJUnit4ClassRunner.runChild(BlockJUnit4ClassRunner.java:63)
	org.junit.runners.ParentRunner$4.run(ParentRunner.java:330)
	org.junit.runners.ParentRunner$1.schedule(ParentRunner.java:78)
	org.junit.runners.ParentRunner.runChildren(ParentRunner.java:328)
	org.junit.runners.ParentRunner.access$100(ParentRunner.java:65)
	org.junit.runners.ParentRunner$2.evaluate(ParentRunner.java:292)
	org.junit.runners.ParentRunner$3.evaluate(ParentRunner.java:305)
	org.junit.runners.ParentRunner.run(ParentRunner.java:412)
	org.junit.runner.JUnitCore.run(JUnitCore.java:137)
	org.junit.runner.JUnitCore.run(JUnitCore.java:115)
	org.junit.vintage.engine.execution.RunnerExecutor.execute(RunnerExecutor.java:40)
	java.util.stream.ForEachOps$ForEachOp$OfRef.accept(ForEachOps.java:184)
	java.util.stream.ReferencePipeline$3$1.accept(ReferencePipeline.java:193)
	java.util.Iterator.forEachRemaining(Iterator.java:116)
	java.util.Spliterators$IteratorSpliterator.forEachRemaining(Spliterators.java:1801)
	java.util.stream.AbstractPipeline.copyInto(AbstractPipeline.java:481)
	java.util.stream.AbstractPipeline.wrapAndCopyInto(AbstractPipeline.java:471)
	java.util.stream.ForEachOps$ForEachOp.evaluateSequential(ForEachOps.java:151)
	java.util.stream.ForEachOps$ForEachOp$OfRef.evaluateSequential(ForEachOps.java:174)
	java.util.stream.AbstractPipeline.evaluate(AbstractPipeline.java:234)
	java.util.stream.ReferencePipeline.forEach(ReferencePipeline.java:418)
	org.junit.vintage.engine.VintageTestEngine.executeAllChildren(VintageTestEngine.java:80)
	org.junit.vintage.engine.VintageTestEngine.execute(VintageTestEngine.java:71)
	org.junit.platform.launcher.core.DefaultLauncher.execute(DefaultLauncher.java:229)
	org.junit.platform.launcher.core.DefaultLauncher.lambda$execute$6(DefaultLauncher.java:197)
	org.junit.platform.launcher.core.DefaultLauncher.withInterceptedStreams(DefaultLauncher.java:211)
	org.junit.platform.launcher.core.DefaultLauncher.execute(DefaultLauncher.java:191)
	org.junit.platform.launcher.core.DefaultLauncher.execute(DefaultLauncher.java:128)
	org.gradle.api.internal.tasks.testing.junitplatform.JUnitPlatformTestClassProcessor$CollectAllTestClassesExecutor.processAllTestClasses(JUnitPlatformTestClassProcessor.java:102)
	org.gradle.api.internal.tasks.testing.junitplatform.JUnitPlatformTestClassProcessor$CollectAllTestClassesExecutor.access$000(JUnitPlatformTestClassProcessor.java:82)
	org.gradle.api.internal.tasks.testing.junitplatform.JUnitPlatformTestClassProcessor.stop(JUnitPlatformTestClassProcessor.java:78)
	org.gradle.api.internal.tasks.testing.SuiteTestClassProcessor.stop(SuiteTestClassProcessor.java:61)
	sun.reflect.NativeMethodAccessorImpl.invoke0(Native Method)
	sun.reflect.NativeMethodAccessorImpl.invoke(NativeMethodAccessorImpl.java:62)
	sun.reflect.DelegatingMethodAccessorImpl.invoke(DelegatingMethodAccessorImpl.java:43)
	java.lang.reflect.Method.invoke(Method.java:497)
	org.gradle.internal.dispatch.ReflectionDispatch.dispatch(ReflectionDispatch.java:35)
	org.gradle.internal.dispatch.ReflectionDispatch.dispatch(ReflectionDispatch.java:24)
	org.gradle.internal.dispatch.ContextClassLoaderDispatch.dispatch(ContextClassLoaderDispatch.java:32)
	org.gradle.internal.dispatch.ProxyDispatchAdapter$DispatchingInvocationHandler.invoke(ProxyDispatchAdapter.java:93)
	com.sun.proxy.$Proxy2.stop(Unknown Source)
	org.gradle.api.internal.tasks.testing.worker.TestWorker.stop(TestWorker.java:132)
	sun.reflect.NativeMethodAccessorImpl.invoke0(Native Method)
	sun.reflect.NativeMethodAccessorImpl.invoke(NativeMethodAccessorImpl.java:62)
	sun.reflect.DelegatingMethodAccessorImpl.invoke(DelegatingMethodAccessorImpl.java:43)
	java.lang.reflect.Method.invoke(Method.java:497)
	org.gradle.internal.dispatch.ReflectionDispatch.dispatch(ReflectionDispatch.java:35)
	org.gradle.internal.dispatch.ReflectionDispatch.dispatch(ReflectionDispatch.java:24)
	org.gradle.internal.remote.internal.hub.MessageHubBackedObjectConnection$DispatchWrapper.dispatch(MessageHubBackedObjectConnection.java:175)
	org.gradle.internal.remote.internal.hub.MessageHubBackedObjectConnection$DispatchWrapper.dispatch(MessageHubBackedObjectConnection.java:157)
	org.gradle.internal.remote.internal.hub.MessageHub$Handler.run(MessageHub.java:404)
	org.gradle.internal.concurrent.ExecutorPolicy$CatchAndRecordFailures.onExecute(ExecutorPolicy.java:63)
	org.gradle.internal.concurrent.ManagedExecutorImpl$1.run(ManagedExecutorImpl.java:46)
	java.util.concurrent.ThreadPoolExecutor.runWorker(ThreadPoolExecutor.java:1142)
	java.util.concurrent.ThreadPoolExecutor$Worker.run(ThreadPoolExecutor.java:617)
	org.gradle.internal.concurrent.ThreadFactoryImpl$ManagedThreadRunnable.run(ThreadFactoryImpl.java:55)
	java.lang.Thread.run(Thread.java:745)
#6:
	io.netty.buffer.AdvancedLeakAwareByteBuf.forEachByte(AdvancedLeakAwareByteBuf.java:676)
	io.netty.buffer.ByteBufUtil.isAscii(ByteBufUtil.java:1321)
	io.netty.buffer.ByteBufUtil.isText(ByteBufUtil.java:1280)
	io.netty.buffer.ByteBufUtil.isText(ByteBufUtil.java:1256)
	io.rsocket.metadata.CompositeMetadataFlyweight.encodeMetadataHeader(CompositeMetadataFlyweight.java:338)
	io.rsocket.metadata.CompositeMetadataFlyweight.encodeAndAddMetadata(CompositeMetadataFlyweight.java:216)
	org.springframework.messaging.rsocket.MetadataEncoder.lambda$encode$62(MetadataEncoder.java:168)
	java.util.LinkedHashMap.forEach(LinkedHashMap.java:676)
	org.springframework.messaging.rsocket.MetadataEncoder.encode(MetadataEncoder.java:166)
	org.springframework.messaging.rsocket.MetadataEncoderTests.compositeMetadataWithRouteAndText(MetadataEncoderTests.java:72)
	sun.reflect.NativeMethodAccessorImpl.invoke0(Native Method)
	sun.reflect.NativeMethodAccessorImpl.invoke(NativeMethodAccessorImpl.java:62)
	sun.reflect.DelegatingMethodAccessorImpl.invoke(DelegatingMethodAccessorImpl.java:43)
	java.lang.reflect.Method.invoke(Method.java:497)
	org.junit.runners.model.FrameworkMethod$1.runReflectiveCall(FrameworkMethod.java:59)
	org.junit.internal.runners.model.ReflectiveCallable.run(ReflectiveCallable.java:12)
	org.junit.runners.model.FrameworkMethod.invokeExplosively(FrameworkMethod.java:56)
	org.junit.internal.runners.statements.InvokeMethod.evaluate(InvokeMethod.java:17)
	org.junit.runners.ParentRunner$3.evaluate(ParentRunner.java:305)
	org.junit.runners.BlockJUnit4ClassRunner$1.evaluate(BlockJUnit4ClassRunner.java:100)
	org.junit.runners.ParentRunner.runLeaf(ParentRunner.java:365)
	org.junit.runners.BlockJUnit4ClassRunner.runChild(BlockJUnit4ClassRunner.java:103)
	org.junit.runners.BlockJUnit4ClassRunner.runChild(BlockJUnit4ClassRunner.java:63)
	org.junit.runners.ParentRunner$4.run(ParentRunner.java:330)
	org.junit.runners.ParentRunner$1.schedule(ParentRunner.java:78)
	org.junit.runners.ParentRunner.runChildren(ParentRunner.java:328)
	org.junit.runners.ParentRunner.access$100(ParentRunner.java:65)
	org.junit.runners.ParentRunner$2.evaluate(ParentRunner.java:292)
	org.junit.runners.ParentRunner$3.evaluate(ParentRunner.java:305)
	org.junit.runners.ParentRunner.run(ParentRunner.java:412)
	org.junit.runner.JUnitCore.run(JUnitCore.java:137)
	org.junit.runner.JUnitCore.run(JUnitCore.java:115)
	org.junit.vintage.engine.execution.RunnerExecutor.execute(RunnerExecutor.java:40)
	java.util.stream.ForEachOps$ForEachOp$OfRef.accept(ForEachOps.java:184)
	java.util.stream.ReferencePipeline$3$1.accept(ReferencePipeline.java:193)
	java.util.Iterator.forEachRemaining(Iterator.java:116)
	java.util.Spliterators$IteratorSpliterator.forEachRemaining(Spliterators.java:1801)
	java.util.stream.AbstractPipeline.copyInto(AbstractPipeline.java:481)
	java.util.stream.AbstractPipeline.wrapAndCopyInto(AbstractPipeline.java:471)
	java.util.stream.ForEachOps$ForEachOp.evaluateSequential(ForEachOps.java:151)
	java.util.stream.ForEachOps$ForEachOp$OfRef.evaluateSequential(ForEachOps.java:174)
	java.util.stream.AbstractPipeline.evaluate(AbstractPipeline.java:234)
	java.util.stream.ReferencePipeline.forEach(ReferencePipeline.java:418)
	org.junit.vintage.engine.VintageTestEngine.executeAllChildren(VintageTestEngine.java:80)
	org.junit.vintage.engine.VintageTestEngine.execute(VintageTestEngine.java:71)
	org.junit.platform.launcher.core.DefaultLauncher.execute(DefaultLauncher.java:229)
	org.junit.platform.launcher.core.DefaultLauncher.lambda$execute$6(DefaultLauncher.java:197)
	org.junit.platform.launcher.core.DefaultLauncher.withInterceptedStreams(DefaultLauncher.java:211)
	org.junit.platform.launcher.core.DefaultLauncher.execute(DefaultLauncher.java:191)
	org.junit.platform.launcher.core.DefaultLauncher.execute(DefaultLauncher.java:128)
	org.gradle.api.internal.tasks.testing.junitplatform.JUnitPlatformTestClassProcessor$CollectAllTestClassesExecutor.processAllTestClasses(JUnitPlatformTestClassProcessor.java:102)
	org.gradle.api.internal.tasks.testing.junitplatform.JUnitPlatformTestClassProcessor$CollectAllTestClassesExecutor.access$000(JUnitPlatformTestClassProcessor.java:82)
	org.gradle.api.internal.tasks.testing.junitplatform.JUnitPlatformTestClassProcessor.stop(JUnitPlatformTestClassProcessor.java:78)
	org.gradle.api.internal.tasks.testing.SuiteTestClassProcessor.stop(SuiteTestClassProcessor.java:61)
	sun.reflect.NativeMethodAccessorImpl.invoke0(Native Method)
	sun.reflect.NativeMethodAccessorImpl.invoke(NativeMethodAccessorImpl.java:62)
	sun.reflect.DelegatingMethodAccessorImpl.invoke(DelegatingMethodAccessorImpl.java:43)
	java.lang.reflect.Method.invoke(Method.java:497)
	org.gradle.internal.dispatch.ReflectionDispatch.dispatch(ReflectionDispatch.java:35)
	org.gradle.internal.dispatch.ReflectionDispatch.dispatch(ReflectionDispatch.java:24)
	org.gradle.internal.dispatch.ContextClassLoaderDispatch.dispatch(ContextClassLoaderDispatch.java:32)
	org.gradle.internal.dispatch.ProxyDispatchAdapter$DispatchingInvocationHandler.invoke(ProxyDispatchAdapter.java:93)
	com.sun.proxy.$Proxy2.stop(Unknown Source)
	org.gradle.api.internal.tasks.testing.worker.TestWorker.stop(TestWorker.java:132)
	sun.reflect.NativeMethodAccessorImpl.invoke0(Native Method)
	sun.reflect.NativeMethodAccessorImpl.invoke(NativeMethodAccessorImpl.java:62)
	sun.reflect.DelegatingMethodAccessorImpl.invoke(DelegatingMethodAccessorImpl.java:43)
	java.lang.reflect.Method.invoke(Method.java:497)
	org.gradle.internal.dispatch.ReflectionDispatch.dispatch(ReflectionDispatch.java:35)
	org.gradle.internal.dispatch.ReflectionDispatch.dispatch(ReflectionDispatch.java:24)
	org.gradle.internal.remote.internal.hub.MessageHubBackedObjectConnection$DispatchWrapper.dispatch(MessageHubBackedObjectConnection.java:175)
	org.gradle.internal.remote.internal.hub.MessageHubBackedObjectConnection$DispatchWrapper.dispatch(MessageHubBackedObjectConnection.java:157)
	org.gradle.internal.remote.internal.hub.MessageHub$Handler.run(MessageHub.java:404)
	org.gradle.internal.concurrent.ExecutorPolicy$CatchAndRecordFailures.onExecute(ExecutorPolicy.java:63)
	org.gradle.internal.concurrent.ManagedExecutorImpl$1.run(ManagedExecutorImpl.java:46)
	java.util.concurrent.ThreadPoolExecutor.runWorker(ThreadPoolExecutor.java:1142)
	java.util.concurrent.ThreadPoolExecutor$Worker.run(ThreadPoolExecutor.java:617)
	org.gradle.internal.concurrent.ThreadFactoryImpl$ManagedThreadRunnable.run(ThreadFactoryImpl.java:55)
	java.lang.Thread.run(Thread.java:745)
Created at:
	io.netty.buffer.PooledByteBufAllocator.newDirectBuffer(PooledByteBufAllocator.java:349)
	io.netty.buffer.AbstractByteBufAllocator.directBuffer(AbstractByteBufAllocator.java:187)
	io.netty.buffer.AbstractByteBufAllocator.directBuffer(AbstractByteBufAllocator.java:178)
	io.netty.buffer.AbstractByteBufAllocator.buffer(AbstractByteBufAllocator.java:115)
	io.rsocket.metadata.CompositeMetadataFlyweight.encodeMetadataHeader(CompositeMetadataFlyweight.java:330)
	io.rsocket.metadata.CompositeMetadataFlyweight.encodeAndAddMetadata(CompositeMetadataFlyweight.java:216)
	org.springframework.messaging.rsocket.MetadataEncoder.lambda$encode$62(MetadataEncoder.java:168)
	java.util.LinkedHashMap.forEach(LinkedHashMap.java:676)
	org.springframework.messaging.rsocket.MetadataEncoder.encode(MetadataEncoder.java:166)
	org.springframework.messaging.rsocket.MetadataEncoderTests.compositeMetadataWithRouteAndText(MetadataEncoderTests.java:72)
	sun.reflect.NativeMethodAccessorImpl.invoke0(Native Method)
	sun.reflect.NativeMethodAccessorImpl.invoke(NativeMethodAccessorImpl.java:62)
	sun.reflect.DelegatingMethodAccessorImpl.invoke(DelegatingMethodAccessorImpl.java:43)
	java.lang.reflect.Method.invoke(Method.java:497)
	org.junit.runners.model.FrameworkMethod$1.runReflectiveCall(FrameworkMethod.java:59)
	org.junit.internal.runners.model.ReflectiveCallable.run(ReflectiveCallable.java:12)
	org.junit.runners.model.FrameworkMethod.invokeExplosively(FrameworkMethod.java:56)
	org.junit.internal.runners.statements.InvokeMethod.evaluate(InvokeMethod.java:17)
	org.junit.runners.ParentRunner$3.evaluate(ParentRunner.java:305)
	org.junit.runners.BlockJUnit4ClassRunner$1.evaluate(BlockJUnit4ClassRunner.java:100)
	org.junit.runners.ParentRunner.runLeaf(ParentRunner.java:365)
	org.junit.runners.BlockJUnit4ClassRunner.runChild(BlockJUnit4ClassRunner.java:103)
	org.junit.runners.BlockJUnit4ClassRunner.runChild(BlockJUnit4ClassRunner.java:63)
	org.junit.runners.ParentRunner$4.run(ParentRunner.java:330)
	org.junit.runners.ParentRunner$1.schedule(ParentRunner.java:78)
	org.junit.runners.ParentRunner.runChildren(ParentRunner.java:328)
	org.junit.runners.ParentRunner.access$100(ParentRunner.java:65)
	org.junit.runners.ParentRunner$2.evaluate(ParentRunner.java:292)
	org.junit.runners.ParentRunner$3.evaluate(ParentRunner.java:305)
	org.junit.runners.ParentRunner.run(ParentRunner.java:412)
	org.junit.runner.JUnitCore.run(JUnitCore.java:137)
	org.junit.runner.JUnitCore.run(JUnitCore.java:115)
	org.junit.vintage.engine.execution.RunnerExecutor.execute(RunnerExecutor.java:40)
	java.util.stream.ForEachOps$ForEachOp$OfRef.accept(ForEachOps.java:184)
	java.util.stream.ReferencePipeline$3$1.accept(ReferencePipeline.java:193)
	java.util.Iterator.forEachRemaining(Iterator.java:116)
	java.util.Spliterators$IteratorSpliterator.forEachRemaining(Spliterators.java:1801)
	java.util.stream.AbstractPipeline.copyInto(AbstractPipeline.java:481)
	java.util.stream.AbstractPipeline.wrapAndCopyInto(AbstractPipeline.java:471)
	java.util.stream.ForEachOps$ForEachOp.evaluateSequential(ForEachOps.java:151)
	java.util.stream.ForEachOps$ForEachOp$OfRef.evaluateSequential(ForEachOps.java:174)
	java.util.stream.AbstractPipeline.evaluate(AbstractPipeline.java:234)
	java.util.stream.ReferencePipeline.forEach(ReferencePipeline.java:418)
	org.junit.vintage.engine.VintageTestEngine.executeAllChildren(VintageTestEngine.java:80)
	org.junit.vintage.engine.VintageTestEngine.execute(VintageTestEngine.java:71)
	org.junit.platform.launcher.core.DefaultLauncher.execute(DefaultLauncher.java:229)
	org.junit.platform.launcher.core.DefaultLauncher.lambda$execute$6(DefaultLauncher.java:197)
	org.junit.platform.launcher.core.DefaultLauncher.withInterceptedStreams(DefaultLauncher.java:211)
	org.junit.platform.launcher.core.DefaultLauncher.execute(DefaultLauncher.java:191)
	org.junit.platform.launcher.core.DefaultLauncher.execute(DefaultLauncher.java:128)
	org.gradle.api.internal.tasks.testing.junitplatform.JUnitPlatformTestClassProcessor$CollectAllTestClassesExecutor.processAllTestClasses(JUnitPlatformTestClassProcessor.java:102)
	org.gradle.api.internal.tasks.testing.junitplatform.JUnitPlatformTestClassProcessor$CollectAllTestClassesExecutor.access$000(JUnitPlatformTestClassProcessor.java:82)
	org.gradle.api.internal.tasks.testing.junitplatform.JUnitPlatformTestClassProcessor.stop(JUnitPlatformTestClassProcessor.java:78)
	org.gradle.api.internal.tasks.testing.SuiteTestClassProcessor.stop(SuiteTestClassProcessor.java:61)
	sun.reflect.NativeMethodAccessorImpl.invoke0(Native Method)
	sun.reflect.NativeMethodAccessorImpl.invoke(NativeMethodAccessorImpl.java:62)
	sun.reflect.DelegatingMethodAccessorImpl.invoke(DelegatingMethodAccessorImpl.java:43)
	java.lang.reflect.Method.invoke(Method.java:497)
	org.gradle.internal.dispatch.ReflectionDispatch.dispatch(ReflectionDispatch.java:35)
	org.gradle.internal.dispatch.ReflectionDispatch.dispatch(ReflectionDispatch.java:24)
	org.gradle.internal.dispatch.ContextClassLoaderDispatch.dispatch(ContextClassLoaderDispatch.java:32)
	org.gradle.internal.dispatch.ProxyDispatchAdapter$DispatchingInvocationHandler.invoke(ProxyDispatchAdapter.java:93)
	com.sun.proxy.$Proxy2.stop(Unknown Source)
	org.gradle.api.internal.tasks.testing.worker.TestWorker.stop(TestWorker.java:132)
	sun.reflect.NativeMethodAccessorImpl.invoke0(Native Method)
	sun.reflect.NativeMethodAccessorImpl.invoke(NativeMethodAccessorImpl.java:62)
	sun.reflect.DelegatingMethodAccessorImpl.invoke(DelegatingMethodAccessorImpl.java:43)
	java.lang.reflect.Method.invoke(Method.java:497)
	org.gradle.internal.dispatch.ReflectionDispatch.dispatch(ReflectionDispatch.java:35)
	org.gradle.internal.dispatch.ReflectionDispatch.dispatch(ReflectionDispatch.java:24)
	org.gradle.internal.remote.internal.hub.MessageHubBackedObjectConnection$DispatchWrapper.dispatch(MessageHubBackedObjectConnection.java:175)
	org.gradle.internal.remote.internal.hub.MessageHubBackedObjectConnection$DispatchWrapper.dispatch(MessageHubBackedObjectConnection.java:157)
	org.gradle.internal.remote.internal.hub.MessageHub$Handler.run(MessageHub.java:404)
	org.gradle.internal.concurrent.ExecutorPolicy$CatchAndRecordFailures.onExecute(ExecutorPolicy.java:63)
	org.gradle.internal.concurrent.ManagedExecutorImpl$1.run(ManagedExecutorImpl.java:46)
	java.util.concurrent.ThreadPoolExecutor.runWorker(ThreadPoolExecutor.java:1142)
	java.util.concurrent.ThreadPoolExecutor$Worker.run(ThreadPoolExecutor.java:617)
	org.gradle.internal.concurrent.ThreadFactoryImpl$ManagedThreadRunnable.run(ThreadFactoryImpl.java:55)
	java.lang.Thread.run(Thread.java:745)
: 3 leak records were discarded because the leak record count is targeted to 4. Use system property io.netty.leakDetection.targetRecords to increase the limit.
01:35:01.996 [reactor-tcp-nio-3] ERROR o.s.m.h.i.r.InvocableHelper - No exception handling method
org.springframework.messaging.handler.invocation.MethodArgumentResolutionException: Could not resolve method parameter at index 0 in void org.springframework.messaging.rsocket.RSocketBufferLeakTests$ServerController.notDecodable(org.springframework.core.io.Resource): Cannot decode to [org.springframework.core.io.Resource]GenericMessage [payload=FluxPeekFuseable, headers={dataBufferFactory=NettyDataBufferFactory (PooledByteBufAllocator(directByDefault: true)), rsocketRequester=org.springframework.messaging.rsocket.DefaultRSocketRequester@2529dd, rsocketResponse=MonoProcessor, lookupDestination=not-decodable, contentType=text/plain, rsocketFrameType=REQUEST_RESPONSE}]
	at org.springframework.messaging.handler.annotation.reactive.PayloadMethodArgumentResolver.decodeContent(PayloadMethodArgumentResolver.java:261) ~[main/:?]
	at org.springframework.messaging.handler.annotation.reactive.PayloadMethodArgumentResolver.resolveArgument(PayloadMethodArgumentResolver.java:168) ~[main/:?]
	at org.springframework.messaging.handler.invocation.reactive.HandlerMethodArgumentResolverComposite.resolveArgument(HandlerMethodArgumentResolverComposite.java:120) ~[main/:?]
	at org.springframework.messaging.handler.invocation.reactive.InvocableHandlerMethod.getMethodArgumentValues(InvocableHandlerMethod.java:179) ~[main/:?]
	at org.springframework.messaging.handler.invocation.reactive.InvocableHandlerMethod.invoke(InvocableHandlerMethod.java:128) ~[main/:?]
	at org.springframework.messaging.handler.invocation.reactive.InvocableHelper.handleMessage(InvocableHelper.java:186) ~[main/:?]
	at org.springframework.messaging.handler.invocation.reactive.AbstractMethodMessageHandler.handleMatch(AbstractMethodMessageHandler.java:427) ~[main/:?]
	at org.springframework.messaging.handler.annotation.reactive.MessageMappingMessageHandler.handleMatch(MessageMappingMessageHandler.java:319) ~[main/:?]
	at org.springframework.messaging.handler.annotation.reactive.MessageMappingMessageHandler.handleMatch(MessageMappingMessageHandler.java:83) ~[main/:?]
	at org.springframework.messaging.handler.invocation.reactive.AbstractMethodMessageHandler.handleMessage(AbstractMethodMessageHandler.java:422) ~[main/:?]
	at org.springframework.messaging.rsocket.annotation.support.MessagingRSocket.lambda$handleAndReply$42(MessagingRSocket.java:173) ~[main/:?]
	at reactor.core.publisher.MonoDefer.subscribe(MonoDefer.java:44) ~[reactor-core-3.3.0.M3.jar:3.3.0.M3]
	at reactor.core.publisher.Mono.subscribe(Mono.java:3920) ~[reactor-core-3.3.0.M3.jar:3.3.0.M3]
	at reactor.core.publisher.FluxConcatArray$ConcatArraySubscriber.onComplete(FluxConcatArray.java:207) ~[reactor-core-3.3.0.M3.jar:3.3.0.M3]
	at reactor.core.publisher.FluxConcatArray.subscribe(FluxConcatArray.java:80) ~[reactor-core-3.3.0.M3.jar:3.3.0.M3]
	at reactor.core.publisher.InternalMonoOperator.subscribe(InternalMonoOperator.java:56) ~[reactor-core-3.3.0.M3.jar:3.3.0.M3]
	at io.rsocket.RSocketResponder.handleRequestResponse(RSocketResponder.java:401) ~[rsocket-core-0.12.2-RC4.jar:?]
	at io.rsocket.RSocketResponder.handleFrame(RSocketResponder.java:307) ~[rsocket-core-0.12.2-RC4.jar:?]
	at reactor.core.publisher.LambdaSubscriber.onNext(LambdaSubscriber.java:160) [reactor-core-3.3.0.M3.jar:3.3.0.M3]
	at reactor.core.publisher.MonoFlatMapMany$FlatMapManyInner.onNext(MonoFlatMapMany.java:238) [reactor-core-3.3.0.M3.jar:3.3.0.M3]
	at reactor.core.publisher.FluxGroupBy$UnicastGroupedFlux.drainRegular(FluxGroupBy.java:554) [reactor-core-3.3.0.M3.jar:3.3.0.M3]
	at reactor.core.publisher.FluxGroupBy$UnicastGroupedFlux.drain(FluxGroupBy.java:630) [reactor-core-3.3.0.M3.jar:3.3.0.M3]
	at reactor.core.publisher.FluxGroupBy$UnicastGroupedFlux.onNext(FluxGroupBy.java:670) [reactor-core-3.3.0.M3.jar:3.3.0.M3]
	at reactor.core.publisher.FluxGroupBy$GroupByMain.onNext(FluxGroupBy.java:205) [reactor-core-3.3.0.M3.jar:3.3.0.M3]
	at reactor.core.publisher.FluxMap$MapSubscriber.onNext(FluxMap.java:114) [reactor-core-3.3.0.M3.jar:3.3.0.M3]
	at reactor.core.publisher.FluxMap$MapSubscriber.onNext(FluxMap.java:114) [reactor-core-3.3.0.M3.jar:3.3.0.M3]
	at reactor.netty.channel.FluxReceive.drainReceiver(FluxReceive.java:206) [reactor-netty-0.9.0.M3.jar:0.9.0.M3]
	at reactor.netty.channel.FluxReceive.onInboundNext(FluxReceive.java:322) [reactor-netty-0.9.0.M3.jar:0.9.0.M3]
	at reactor.netty.channel.ChannelOperations.onInboundNext(ChannelOperations.java:342) [reactor-netty-0.9.0.M3.jar:0.9.0.M3]
	at reactor.netty.channel.ChannelOperationsHandler.channelRead(ChannelOperationsHandler.java:91) [reactor-netty-0.9.0.M3.jar:0.9.0.M3]
	at io.netty.channel.AbstractChannelHandlerContext.invokeChannelRead(AbstractChannelHandlerContext.java:374) [netty-transport-4.1.37.Final.jar:4.1.37.Final]
	at io.netty.channel.AbstractChannelHandlerContext.invokeChannelRead(AbstractChannelHandlerContext.java:360) [netty-transport-4.1.37.Final.jar:4.1.37.Final]
	at io.netty.channel.AbstractChannelHandlerContext.fireChannelRead(AbstractChannelHandlerContext.java:352) [netty-transport-4.1.37.Final.jar:4.1.37.Final]
	at io.netty.handler.codec.ByteToMessageDecoder.fireChannelRead(ByteToMessageDecoder.java:321) [netty-codec-4.1.37.Final.jar:4.1.37.Final]
	at io.netty.handler.codec.ByteToMessageDecoder.channelRead(ByteToMessageDecoder.java:295) [netty-codec-4.1.37.Final.jar:4.1.37.Final]
	at io.netty.channel.AbstractChannelHandlerContext.invokeChannelRead(AbstractChannelHandlerContext.java:374) [netty-transport-4.1.37.Final.jar:4.1.37.Final]
	at io.netty.channel.AbstractChannelHandlerContext.invokeChannelRead(AbstractChannelHandlerContext.java:360) [netty-transport-4.1.37.Final.jar:4.1.37.Final]
	at io.netty.channel.AbstractChannelHandlerContext.fireChannelRead(AbstractChannelHandlerContext.java:352) [netty-transport-4.1.37.Final.jar:4.1.37.Final]
	at io.netty.channel.DefaultChannelPipeline$HeadContext.channelRead(DefaultChannelPipeline.java:1408) [netty-transport-4.1.37.Final.jar:4.1.37.Final]
	at io.netty.channel.AbstractChannelHandlerContext.invokeChannelRead(AbstractChannelHandlerContext.java:374) [netty-transport-4.1.37.Final.jar:4.1.37.Final]
	at io.netty.channel.AbstractChannelHandlerContext.invokeChannelRead(AbstractChannelHandlerContext.java:360) [netty-transport-4.1.37.Final.jar:4.1.37.Final]
	at io.netty.channel.DefaultChannelPipeline.fireChannelRead(DefaultChannelPipeline.java:930) [netty-transport-4.1.37.Final.jar:4.1.37.Final]
	at io.netty.channel.nio.AbstractNioByteChannel$NioByteUnsafe.read(AbstractNioByteChannel.java:163) [netty-transport-4.1.37.Final.jar:4.1.37.Final]
	at io.netty.channel.nio.NioEventLoop.processSelectedKey(NioEventLoop.java:697) [netty-transport-4.1.37.Final.jar:4.1.37.Final]
	at io.netty.channel.nio.NioEventLoop.processSelectedKeysOptimized(NioEventLoop.java:632) [netty-transport-4.1.37.Final.jar:4.1.37.Final]
	at io.netty.channel.nio.NioEventLoop.processSelectedKeys(NioEventLoop.java:549) [netty-transport-4.1.37.Final.jar:4.1.37.Final]
	at io.netty.channel.nio.NioEventLoop.run(NioEventLoop.java:511) [netty-transport-4.1.37.Final.jar:4.1.37.Final]
	at io.netty.util.concurrent.SingleThreadEventExecutor$5.run(SingleThreadEventExecutor.java:918) [netty-common-4.1.37.Final.jar:4.1.37.Final]
	at io.netty.util.internal.ThreadExecutorMap$2.run(ThreadExecutorMap.java:74) [netty-common-4.1.37.Final.jar:4.1.37.Final]
	at io.netty.util.concurrent.FastThreadLocalRunnable.run(FastThreadLocalRunnable.java:30) [netty-common-4.1.37.Final.jar:4.1.37.Final]
	at java.lang.Thread.run(Thread.java:745) [?:1.8.0_73]
]]></system-out>
  <system-err><![CDATA[java.lang.IllegalStateException: Ambiguous handler methods mapped for destination 'A.B': {ServerController#ambiguousMatchB[1 args], ServerController#ambiguousMatchA[1 args]}
	at org.springframework.messaging.handler.invocation.reactive.AbstractMethodMessageHandler.getHandlerMethod(AbstractMethodMessageHandler.java:461)
	at org.springframework.messaging.handler.invocation.reactive.AbstractMethodMessageHandler.handleMessage(AbstractMethodMessageHandler.java:417)
	at org.springframework.messaging.rsocket.annotation.support.MessagingRSocket.lambda$handleAndReply$42(MessagingRSocket.java:173)
	at reactor.core.publisher.MonoDefer.subscribe(MonoDefer.java:44)
	at reactor.core.publisher.Mono.subscribe(Mono.java:3920)
	at reactor.core.publisher.FluxConcatArray$ConcatArraySubscriber.onComplete(FluxConcatArray.java:207)
	at reactor.core.publisher.FluxConcatArray.subscribe(FluxConcatArray.java:80)
	at reactor.core.publisher.InternalMonoOperator.subscribe(InternalMonoOperator.java:56)
	at io.rsocket.RSocketResponder.handleRequestResponse(RSocketResponder.java:401)
	at io.rsocket.RSocketResponder.handleFrame(RSocketResponder.java:307)
	at reactor.core.publisher.LambdaSubscriber.onNext(LambdaSubscriber.java:160)
	at reactor.core.publisher.MonoFlatMapMany$FlatMapManyInner.onNext(MonoFlatMapMany.java:238)
	at reactor.core.publisher.FluxGroupBy$UnicastGroupedFlux.drainRegular(FluxGroupBy.java:554)
	at reactor.core.publisher.FluxGroupBy$UnicastGroupedFlux.drain(FluxGroupBy.java:630)
	at reactor.core.publisher.FluxGroupBy$UnicastGroupedFlux.onNext(FluxGroupBy.java:670)
	at reactor.core.publisher.FluxGroupBy$GroupByMain.onNext(FluxGroupBy.java:205)
	at reactor.core.publisher.FluxMap$MapSubscriber.onNext(FluxMap.java:114)
	at reactor.core.publisher.FluxMap$MapSubscriber.onNext(FluxMap.java:114)
	at reactor.netty.channel.FluxReceive.drainReceiver(FluxReceive.java:206)
	at reactor.netty.channel.FluxReceive.onInboundNext(FluxReceive.java:322)
	at reactor.netty.channel.ChannelOperations.onInboundNext(ChannelOperations.java:342)
	at reactor.netty.channel.ChannelOperationsHandler.channelRead(ChannelOperationsHandler.java:91)
	at io.netty.channel.AbstractChannelHandlerContext.invokeChannelRead(AbstractChannelHandlerContext.java:374)
	at io.netty.channel.AbstractChannelHandlerContext.invokeChannelRead(AbstractChannelHandlerContext.java:360)
	at io.netty.channel.AbstractChannelHandlerContext.fireChannelRead(AbstractChannelHandlerContext.java:352)
	at io.netty.handler.codec.ByteToMessageDecoder.fireChannelRead(ByteToMessageDecoder.java:321)
	at io.netty.handler.codec.ByteToMessageDecoder.channelRead(ByteToMessageDecoder.java:295)
	at io.netty.channel.AbstractChannelHandlerContext.invokeChannelRead(AbstractChannelHandlerContext.java:374)
	at io.netty.channel.AbstractChannelHandlerContext.invokeChannelRead(AbstractChannelHandlerContext.java:360)
	at io.netty.channel.AbstractChannelHandlerContext.fireChannelRead(AbstractChannelHandlerContext.java:352)
	at io.netty.channel.DefaultChannelPipeline$HeadContext.channelRead(DefaultChannelPipeline.java:1408)
	at io.netty.channel.AbstractChannelHandlerContext.invokeChannelRead(AbstractChannelHandlerContext.java:374)
	at io.netty.channel.AbstractChannelHandlerContext.invokeChannelRead(AbstractChannelHandlerContext.java:360)
	at io.netty.channel.DefaultChannelPipeline.fireChannelRead(DefaultChannelPipeline.java:930)
	at io.netty.channel.nio.AbstractNioByteChannel$NioByteUnsafe.read(AbstractNioByteChannel.java:163)
	at io.netty.channel.nio.NioEventLoop.processSelectedKey(NioEventLoop.java:697)
	at io.netty.channel.nio.NioEventLoop.processSelectedKeysOptimized(NioEventLoop.java:632)
	at io.netty.channel.nio.NioEventLoop.processSelectedKeys(NioEventLoop.java:549)
	at io.netty.channel.nio.NioEventLoop.run(NioEventLoop.java:511)
	at io.netty.util.concurrent.SingleThreadEventExecutor$5.run(SingleThreadEventExecutor.java:918)
	at io.netty.util.internal.ThreadExecutorMap$2.run(ThreadExecutorMap.java:74)
	at io.netty.util.concurrent.FastThreadLocalRunnable.run(FastThreadLocalRunnable.java:30)
	at java.lang.Thread.run(Thread.java:745)
org.springframework.messaging.handler.invocation.MethodArgumentResolutionException: Could not resolve method parameter at index 0 in void org.springframework.messaging.rsocket.RSocketBufferLeakTests$ServerController.notDecodable(org.springframework.core.io.Resource): Cannot decode to [org.springframework.core.io.Resource]GenericMessage [payload=FluxPeekFuseable, headers={dataBufferFactory=NettyDataBufferFactory (PooledByteBufAllocator(directByDefault: true)), rsocketRequester=org.springframework.messaging.rsocket.DefaultRSocketRequester@2529dd, rsocketResponse=MonoProcessor, lookupDestination=not-decodable, contentType=text/plain, rsocketFrameType=REQUEST_RESPONSE}], failedMessage=GenericMessage [payload=FluxPeekFuseable, headers={dataBufferFactory=NettyDataBufferFactory (PooledByteBufAllocator(directByDefault: true)), rsocketRequester=org.springframework.messaging.rsocket.DefaultRSocketRequester@2529dd, rsocketResponse=MonoProcessor, lookupDestination=not-decodable, contentType=text/plain, rsocketFrameType=REQUEST_RESPONSE}]
	at org.springframework.messaging.handler.annotation.reactive.PayloadMethodArgumentResolver.decodeContent(PayloadMethodArgumentResolver.java:261)
	at org.springframework.messaging.handler.annotation.reactive.PayloadMethodArgumentResolver.resolveArgument(PayloadMethodArgumentResolver.java:168)
	at org.springframework.messaging.handler.invocation.reactive.HandlerMethodArgumentResolverComposite.resolveArgument(HandlerMethodArgumentResolverComposite.java:120)
	at org.springframework.messaging.handler.invocation.reactive.InvocableHandlerMethod.getMethodArgumentValues(InvocableHandlerMethod.java:179)
	at org.springframework.messaging.handler.invocation.reactive.InvocableHandlerMethod.invoke(InvocableHandlerMethod.java:128)
	at org.springframework.messaging.handler.invocation.reactive.InvocableHelper.handleMessage(InvocableHelper.java:186)
	at org.springframework.messaging.handler.invocation.reactive.AbstractMethodMessageHandler.handleMatch(AbstractMethodMessageHandler.java:427)
	at org.springframework.messaging.handler.annotation.reactive.MessageMappingMessageHandler.handleMatch(MessageMappingMessageHandler.java:319)
	at org.springframework.messaging.handler.annotation.reactive.MessageMappingMessageHandler.handleMatch(MessageMappingMessageHandler.java:83)
	at org.springframework.messaging.handler.invocation.reactive.AbstractMethodMessageHandler.handleMessage(AbstractMethodMessageHandler.java:422)
	at org.springframework.messaging.rsocket.annotation.support.MessagingRSocket.lambda$handleAndReply$42(MessagingRSocket.java:173)
	at reactor.core.publisher.MonoDefer.subscribe(MonoDefer.java:44)
	at reactor.core.publisher.Mono.subscribe(Mono.java:3920)
	at reactor.core.publisher.FluxConcatArray$ConcatArraySubscriber.onComplete(FluxConcatArray.java:207)
	at reactor.core.publisher.FluxConcatArray.subscribe(FluxConcatArray.java:80)
	at reactor.core.publisher.InternalMonoOperator.subscribe(InternalMonoOperator.java:56)
	at io.rsocket.RSocketResponder.handleRequestResponse(RSocketResponder.java:401)
	at io.rsocket.RSocketResponder.handleFrame(RSocketResponder.java:307)
	at reactor.core.publisher.LambdaSubscriber.onNext(LambdaSubscriber.java:160)
	at reactor.core.publisher.MonoFlatMapMany$FlatMapManyInner.onNext(MonoFlatMapMany.java:238)
	at reactor.core.publisher.FluxGroupBy$UnicastGroupedFlux.drainRegular(FluxGroupBy.java:554)
	at reactor.core.publisher.FluxGroupBy$UnicastGroupedFlux.drain(FluxGroupBy.java:630)
	at reactor.core.publisher.FluxGroupBy$UnicastGroupedFlux.onNext(FluxGroupBy.java:670)
	at reactor.core.publisher.FluxGroupBy$GroupByMain.onNext(FluxGroupBy.java:205)
	at reactor.core.publisher.FluxMap$MapSubscriber.onNext(FluxMap.java:114)
	at reactor.core.publisher.FluxMap$MapSubscriber.onNext(FluxMap.java:114)
	at reactor.netty.channel.FluxReceive.drainReceiver(FluxReceive.java:206)
	at reactor.netty.channel.FluxReceive.onInboundNext(FluxReceive.java:322)
	at reactor.netty.channel.ChannelOperations.onInboundNext(ChannelOperations.java:342)
	at reactor.netty.channel.ChannelOperationsHandler.channelRead(ChannelOperationsHandler.java:91)
	at io.netty.channel.AbstractChannelHandlerContext.invokeChannelRead(AbstractChannelHandlerContext.java:374)
	at io.netty.channel.AbstractChannelHandlerContext.invokeChannelRead(AbstractChannelHandlerContext.java:360)
	at io.netty.channel.AbstractChannelHandlerContext.fireChannelRead(AbstractChannelHandlerContext.java:352)
	at io.netty.handler.codec.ByteToMessageDecoder.fireChannelRead(ByteToMessageDecoder.java:321)
	at io.netty.handler.codec.ByteToMessageDecoder.channelRead(ByteToMessageDecoder.java:295)
	at io.netty.channel.AbstractChannelHandlerContext.invokeChannelRead(AbstractChannelHandlerContext.java:374)
	at io.netty.channel.AbstractChannelHandlerContext.invokeChannelRead(AbstractChannelHandlerContext.java:360)
	at io.netty.channel.AbstractChannelHandlerContext.fireChannelRead(AbstractChannelHandlerContext.java:352)
	at io.netty.channel.DefaultChannelPipeline$HeadContext.channelRead(DefaultChannelPipeline.java:1408)
	at io.netty.channel.AbstractChannelHandlerContext.invokeChannelRead(AbstractChannelHandlerContext.java:374)
	at io.netty.channel.AbstractChannelHandlerContext.invokeChannelRead(AbstractChannelHandlerContext.java:360)
	at io.netty.channel.DefaultChannelPipeline.fireChannelRead(DefaultChannelPipeline.java:930)
	at io.netty.channel.nio.AbstractNioByteChannel$NioByteUnsafe.read(AbstractNioByteChannel.java:163)
	at io.netty.channel.nio.NioEventLoop.processSelectedKey(NioEventLoop.java:697)
	at io.netty.channel.nio.NioEventLoop.processSelectedKeysOptimized(NioEventLoop.java:632)
	at io.netty.channel.nio.NioEventLoop.processSelectedKeys(NioEventLoop.java:549)
	at io.netty.channel.nio.NioEventLoop.run(NioEventLoop.java:511)
	at io.netty.util.concurrent.SingleThreadEventExecutor$5.run(SingleThreadEventExecutor.java:918)
	at io.netty.util.internal.ThreadExecutorMap$2.run(ThreadExecutorMap.java:74)
	at io.netty.util.concurrent.FastThreadLocalRunnable.run(FastThreadLocalRunnable.java:30)
	at java.lang.Thread.run(Thread.java:745)
]]></system-err>
</testsuite>
