<?xml version="1.0" encoding="UTF-8"?>
<testsuite name="org.springframework.messaging.rsocket.DefaultRSocketRequesterBuilderTests" tests="8" skipped="0" failures="0" errors="0" timestamp="2020-12-16T17:35:00" hostname="DESKTOP-EMRC5FU" time="0.062">
  <properties/>
  <testcase name="defaultDataMimeTypeWithCustomDecoderRegistered" classname="org.springframework.messaging.rsocket.DefaultRSocketRequesterBuilderTests" time="0.049"/>
  <testcase name="dataMimeTypeExplicitlySet" classname="org.springframework.messaging.rsocket.DefaultRSocketRequesterBuilderTests" time="0.002"/>
  <testcase name="frameDecoderMatchesDataBufferFactory" classname="org.springframework.messaging.rsocket.DefaultRSocketRequesterBuilderTests" time="0.001"/>
  <testcase name="mimeTypesCannotBeChangedAtRSocketFactoryLevel" classname="org.springframework.messaging.rsocket.DefaultRSocketRequesterBuilderTests" time="0.001"/>
  <testcase name="defaultDataMimeType" classname="org.springframework.messaging.rsocket.DefaultRSocketRequesterBuilderTests" time="0.001"/>
  <testcase name="setupRoute" classname="org.springframework.messaging.rsocket.DefaultRSocketRequesterBuilderTests" time="0.001"/>
  <testcase name="rsocketFactoryConfigurer" classname="org.springframework.messaging.rsocket.DefaultRSocketRequesterBuilderTests" time="0.007"/>
  <testcase name="rsocketFactoryConfigurerAppliesAtSubscription" classname="org.springframework.messaging.rsocket.DefaultRSocketRequesterBuilderTests" time="0.0"/>
  <system-out><![CDATA[]]></system-out>
  <system-err><![CDATA[]]></system-err>
</testsuite>
