<?xml version="1.0" encoding="UTF-8"?>
<testsuite name="org.springframework.messaging.core.CachingDestinationResolverTests" tests="3" skipped="0" failures="0" errors="0" timestamp="2020-12-16T17:34:57" hostname="DESKTOP-EMRC5FU" time="0.468">
  <properties/>
  <testcase name="nullTargetThroughConstructor" classname="org.springframework.messaging.core.CachingDestinationResolverTests" time="0.001"/>
  <testcase name="noTargetSet" classname="org.springframework.messaging.core.CachingDestinationResolverTests" time="0.0"/>
  <testcase name="cachedDestination" classname="org.springframework.messaging.core.CachingDestinationResolverTests" time="0.467"/>
  <system-out><![CDATA[]]></system-out>
  <system-err><![CDATA[]]></system-err>
</testsuite>
