<?xml version="1.0" encoding="UTF-8"?>
<testsuite name="org.springframework.messaging.rsocket.RSocketClientToServerCoroutinesIntegrationTests" tests="6" skipped="0" failures="0" errors="0" timestamp="2020-12-16T17:35:38" hostname="DESKTOP-EMRC5FU" time="0.432">
  <properties/>
  <testcase name="unitReturnValueFromExceptionHandler" classname="org.springframework.messaging.rsocket.RSocketClientToServerCoroutinesIntegrationTests" time="0.1"/>
  <testcase name="handleWithThrownException" classname="org.springframework.messaging.rsocket.RSocketClientToServerCoroutinesIntegrationTests" time="0.029"/>
  <testcase name="echoAsync" classname="org.springframework.messaging.rsocket.RSocketClientToServerCoroutinesIntegrationTests" time="0.039"/>
  <testcase name="echoChannel" classname="org.springframework.messaging.rsocket.RSocketClientToServerCoroutinesIntegrationTests" time="0.147"/>
  <testcase name="echoStream" classname="org.springframework.messaging.rsocket.RSocketClientToServerCoroutinesIntegrationTests" time="0.102"/>
  <testcase name="unitReturnValue" classname="org.springframework.messaging.rsocket.RSocketClientToServerCoroutinesIntegrationTests" time="0.015"/>
  <system-out><![CDATA[]]></system-out>
  <system-err><![CDATA[]]></system-err>
</testsuite>
