<?xml version="1.0" encoding="UTF-8"?>
<testsuite name="org.springframework.messaging.core.GenericMessagingTemplateTests" tests="7" skipped="0" failures="0" errors="0" timestamp="2020-12-16T17:34:57" hostname="DESKTOP-EMRC5FU" time="1.558">
  <properties/>
  <testcase name="sendAndReceiveVariableTimeoutCustomHeaders" classname="org.springframework.messaging.core.GenericMessagingTemplateTests" time="0.554"/>
  <testcase name="sendAndReceive" classname="org.springframework.messaging.core.GenericMessagingTemplateTests" time="0.001"/>
  <testcase name="sendAndReceiveVariableTimeout" classname="org.springframework.messaging.core.GenericMessagingTemplateTests" time="0.501"/>
  <testcase name="sendWithTimeout" classname="org.springframework.messaging.core.GenericMessagingTemplateTests" time="0.0"/>
  <testcase name="convertAndSendWithSimpMessageHeaders" classname="org.springframework.messaging.core.GenericMessagingTemplateTests" time="0.001"/>
  <testcase name="sendWithTimeoutMutable" classname="org.springframework.messaging.core.GenericMessagingTemplateTests" time="0.0"/>
  <testcase name="sendAndReceiveTimeout" classname="org.springframework.messaging.core.GenericMessagingTemplateTests" time="0.501"/>
  <system-out><![CDATA[01:34:58.399 [ThreadPoolTaskExecutor-1] WARN  o.s.m.c.GenericMessagingTemplate$TemporaryReplyChannel - Reply message received but the receiving thread has exited due to a timeout: GenericMessage [payload=response, headers={id=5c6ef0e3-8e2b-3510-e9f9-45464aa7bc78, timestamp=1608140098397}]
01:34:58.909 [ThreadPoolTaskExecutor-1] WARN  o.s.m.c.GenericMessagingTemplate$TemporaryReplyChannel - Reply message received but the receiving thread has exited due to a timeout: GenericMessage [payload=response, headers={id=88c7855a-b6e1-88f6-b979-704a257d4d8d, timestamp=1608140098909}]
01:34:59.411 [ThreadPoolTaskExecutor-1] WARN  o.s.m.c.GenericMessagingTemplate$TemporaryReplyChannel - Reply message received but the receiving thread has exited due to a timeout: GenericMessage [payload=response, headers={id=05ad167f-1e9a-f648-95f9-1656152f3f84, timestamp=1608140099411}]
]]></system-out>
  <system-err><![CDATA[]]></system-err>
</testsuite>
