<?xml version="1.0" encoding="UTF-8"?>
<testsuite name="org.springframework.messaging.rsocket.annotation.support.RSocketMessageHandlerTests" tests="6" skipped="0" failures="0" errors="0" timestamp="2020-12-16T17:35:00" hostname="DESKTOP-EMRC5FU" time="0.082">
  <properties/>
  <testcase name="handleNoMatch" classname="org.springframework.messaging.rsocket.annotation.support.RSocketMessageHandlerTests" time="0.073"/>
  <testcase name="mappings" classname="org.springframework.messaging.rsocket.annotation.support.RSocketMessageHandlerTests" time="0.003"/>
  <testcase name="metadataExtractorWithExplicitlySetDecoders" classname="org.springframework.messaging.rsocket.annotation.support.RSocketMessageHandlerTests" time="0.0"/>
  <testcase name="getRSocketStrategiesReflectsCurrentState" classname="org.springframework.messaging.rsocket.annotation.support.RSocketMessageHandlerTests" time="0.003"/>
  <testcase name="setRSocketStrategies" classname="org.springframework.messaging.rsocket.annotation.support.RSocketMessageHandlerTests" time="0.001"/>
  <testcase name="getRSocketStrategies" classname="org.springframework.messaging.rsocket.annotation.support.RSocketMessageHandlerTests" time="0.002"/>
  <system-out><![CDATA[01:35:00.692 [Test worker] WARN  o.s.m.r.a.s.RSocketMessageHandler - No ApplicationContext for auto-detection of beans with message handling methods.
01:35:00.692 [Test worker] WARN  o.s.m.r.a.s.RSocketMessageHandler - No ApplicationContext for auto-detection of beans with message handling methods.
01:35:00.693 [Test worker] WARN  o.s.m.r.a.s.RSocketMessageHandler - No ApplicationContext for auto-detection of beans with message handling methods.
01:35:00.693 [Test worker] WARN  o.s.m.r.a.s.RSocketMessageHandler - No handler for fireAndForget to 'path'
01:35:00.693 [Test worker] WARN  o.s.m.r.a.s.RSocketMessageHandler - No ApplicationContext for auto-detection of beans with message handling methods.
01:35:00.696 [Test worker] WARN  o.s.m.r.a.s.RSocketMessageHandler - No ApplicationContext for auto-detection of beans with message handling methods.
01:35:00.699 [Test worker] WARN  o.s.m.r.a.s.RSocketMessageHandler - No ApplicationContext for auto-detection of beans with message handling methods.
]]></system-out>
  <system-err><![CDATA[]]></system-err>
</testsuite>
