<?xml version="1.0" encoding="UTF-8"?>
<testsuite name="org.springframework.expression.spel.ast.FormatHelperTests" tests="2" skipped="0" failures="0" errors="0" timestamp="2020-12-16T17:34:36" hostname="DESKTOP-EMRC5FU" time="0.0">
  <properties/>
  <testcase name="formatMethodWithMultipleArgumentsForMessage" classname="org.springframework.expression.spel.ast.FormatHelperTests" time="0.0"/>
  <testcase name="formatMethodWithSingleArgumentForMessage" classname="org.springframework.expression.spel.ast.FormatHelperTests" time="0.0"/>
  <system-out><![CDATA[]]></system-out>
  <system-err><![CDATA[]]></system-err>
</testsuite>
