<?xml version="1.0" encoding="UTF-8"?>
<testsuite name="org.springframework.expression.spel.ExpressionStateTests" tests="15" skipped="0" failures="0" errors="0" timestamp="2020-12-16T17:34:36" hostname="DESKTOP-EMRC5FU" time="0.007">
  <properties/>
  <testcase name="testPopulatedNestedScopes" classname="org.springframework.expression.spel.ExpressionStateTests" time="0.0"/>
  <testcase name="testOperators" classname="org.springframework.expression.spel.ExpressionStateTests" time="0.001"/>
  <testcase name="testRootObjectConstructor" classname="org.springframework.expression.spel.ExpressionStateTests" time="0.0"/>
  <testcase name="testComparator" classname="org.springframework.expression.spel.ExpressionStateTests" time="0.0"/>
  <testcase name="testRootContextObject" classname="org.springframework.expression.spel.ExpressionStateTests" time="0.0"/>
  <testcase name="testLocalVariableNestedScopes" classname="org.springframework.expression.spel.ExpressionStateTests" time="0.001"/>
  <testcase name="testConstruction" classname="org.springframework.expression.spel.ExpressionStateTests" time="0.0"/>
  <testcase name="testTypeConversion" classname="org.springframework.expression.spel.ExpressionStateTests" time="0.0"/>
  <testcase name="testPopulatedNestedScopesMap" classname="org.springframework.expression.spel.ExpressionStateTests" time="0.0"/>
  <testcase name="testTypeLocator" classname="org.springframework.expression.spel.ExpressionStateTests" time="0.001"/>
  <testcase name="testVariables" classname="org.springframework.expression.spel.ExpressionStateTests" time="0.0"/>
  <testcase name="testNoVariableInterference" classname="org.springframework.expression.spel.ExpressionStateTests" time="0.0"/>
  <testcase name="testActiveContextObject" classname="org.springframework.expression.spel.ExpressionStateTests" time="0.001"/>
  <testcase name="testLocalVariables" classname="org.springframework.expression.spel.ExpressionStateTests" time="0.0"/>
  <testcase name="testPropertyAccessors" classname="org.springframework.expression.spel.ExpressionStateTests" time="0.003"/>
  <system-out><![CDATA[]]></system-out>
  <system-err><![CDATA[]]></system-err>
</testsuite>
