<?xml version="1.0" encoding="UTF-8"?>
<testsuite name="org.springframework.expression.spel.support.ReflectionHelperTests" tests="12" skipped="0" failures="0" errors="0" timestamp="2020-12-16T17:34:37" hostname="DESKTOP-EMRC5FU" time="0.004">
  <properties/>
  <testcase name="testTypedValue" classname="org.springframework.expression.spel.support.ReflectionHelperTests" time="0.0"/>
  <testcase name="testReflectionHelperCompareArguments_RequiresConversionMatching" classname="org.springframework.expression.spel.support.ReflectionHelperTests" time="0.0"/>
  <testcase name="testSetupArguments" classname="org.springframework.expression.spel.support.ReflectionHelperTests" time="0.0"/>
  <testcase name="testReflectionHelperCompareArguments_ExactMatching" classname="org.springframework.expression.spel.support.ReflectionHelperTests" time="0.001"/>
  <testcase name="testConvertArguments2" classname="org.springframework.expression.spel.support.ReflectionHelperTests" time="0.0"/>
  <testcase name="testConvertArguments" classname="org.springframework.expression.spel.support.ReflectionHelperTests" time="0.0"/>
  <testcase name="testReflectionHelperCompareArguments_Varargs_ExactMatching" classname="org.springframework.expression.spel.support.ReflectionHelperTests" time="0.001"/>
  <testcase name="testReflectionHelperCompareArguments_NotAMatch" classname="org.springframework.expression.spel.support.ReflectionHelperTests" time="0.0"/>
  <testcase name="testReflectivePropertyAccessor" classname="org.springframework.expression.spel.support.ReflectionHelperTests" time="0.0"/>
  <testcase name="testOptimalReflectivePropertyAccessor" classname="org.springframework.expression.spel.support.ReflectionHelperTests" time="0.001"/>
  <testcase name="testReflectionHelperCompareArguments_CloseMatching" classname="org.springframework.expression.spel.support.ReflectionHelperTests" time="0.001"/>
  <testcase name="testUtilities" classname="org.springframework.expression.spel.support.ReflectionHelperTests" time="0.0"/>
  <system-out><![CDATA[]]></system-out>
  <system-err><![CDATA[]]></system-err>
</testsuite>
