<?xml version="1.0" encoding="UTF-8"?>
<testsuite name="org.springframework.expression.spel.StandardTypeLocatorTests" tests="1" skipped="0" failures="0" errors="0" timestamp="2020-12-16T17:34:37" hostname="DESKTOP-EMRC5FU" time="0.002">
  <properties/>
  <testcase name="testImports" classname="org.springframework.expression.spel.StandardTypeLocatorTests" time="0.002"/>
  <system-out><![CDATA[]]></system-out>
  <system-err><![CDATA[]]></system-err>
</testsuite>
