<?xml version="1.0" encoding="UTF-8"?>
<testsuite name="org.springframework.aop.interceptor.ConcurrencyThrottleInterceptorTests" tests="3" skipped="0" failures="0" errors="0" timestamp="2020-12-16T17:20:39" hostname="DESKTOP-EMRC5FU" time="0.162">
  <properties/>
  <testcase name="testMultipleThreadsWithLimit1" classname="org.springframework.aop.interceptor.ConcurrencyThrottleInterceptorTests" time="0.096"/>
  <testcase name="testMultipleThreadsWithLimit10" classname="org.springframework.aop.interceptor.ConcurrencyThrottleInterceptorTests" time="0.064"/>
  <testcase name="testSerializable" classname="org.springframework.aop.interceptor.ConcurrencyThrottleInterceptorTests" time="0.002"/>
  <system-out><![CDATA[]]></system-out>
  <system-err><![CDATA[]]></system-err>
</testsuite>
