<?xml version="1.0" encoding="UTF-8"?>
<testsuite name="org.springframework.aop.target.ThreadLocalTargetSourceTests" tests="5" skipped="0" failures="0" errors="0" timestamp="2020-12-16T17:20:39" hostname="DESKTOP-EMRC5FU" time="0.031">
  <properties/>
  <testcase name="testUseDifferentManagedInstancesInSameThread" classname="org.springframework.aop.target.ThreadLocalTargetSourceTests" time="0.018"/>
  <testcase name="testNewThreadHasOwnInstance" classname="org.springframework.aop.target.ThreadLocalTargetSourceTests" time="0.003"/>
  <testcase name="testReuseDestroyedTarget" classname="org.springframework.aop.target.ThreadLocalTargetSourceTests" time="0.002"/>
  <testcase name="testReuseInSameThread" classname="org.springframework.aop.target.ThreadLocalTargetSourceTests" time="0.003"/>
  <testcase name="testCanGetStatsViaMixin" classname="org.springframework.aop.target.ThreadLocalTargetSourceTests" time="0.003"/>
  <system-out><![CDATA[]]></system-out>
  <system-err><![CDATA[]]></system-err>
</testsuite>
