<?xml version="1.0" encoding="UTF-8"?>
<testsuite name="org.springframework.aop.framework.IntroductionBenchmarkTests" tests="1" skipped="0" failures="0" errors="0" timestamp="2020-12-16T17:20:39" hostname="DESKTOP-EMRC5FU" time="0.055">
  <properties/>
  <testcase name="timeManyInvocations" classname="org.springframework.aop.framework.IntroductionBenchmarkTests" time="0.055"/>
  <system-out><![CDATA[StopWatch '': running time (millis) = 51
-----------------------------------------
ms     %     Task name
-----------------------------------------
00025  049%  100000 invocations on proxy, not hitting introduction
00025  049%  100000 invocations on proxy, hitting introduction
00001  002%  100000 invocations on target

]]></system-out>
  <system-err><![CDATA[]]></system-err>
</testsuite>
