<?xml version="1.0" encoding="UTF-8"?>
<testsuite name="org.springframework.aop.framework.MethodInvocationTests" tests="2" skipped="0" failures="0" errors="0" timestamp="2020-12-16T17:20:39" hostname="DESKTOP-EMRC5FU" time="0.0">
  <properties/>
  <testcase name="testToStringDoesntHitTarget" classname="org.springframework.aop.framework.MethodInvocationTests" time="0.0"/>
  <testcase name="testValidInvocation" classname="org.springframework.aop.framework.MethodInvocationTests" time="0.0"/>
  <system-out><![CDATA[]]></system-out>
  <system-err><![CDATA[]]></system-err>
</testsuite>
