<?xml version="1.0" encoding="UTF-8"?>
<testsuite name="org.springframework.aop.target.LazyCreationTargetSourceTests" tests="1" skipped="0" failures="0" errors="0" timestamp="2020-12-16T17:20:39" hostname="DESKTOP-EMRC5FU" time="0.005">
  <properties/>
  <testcase name="testCreateLazy" classname="org.springframework.aop.target.LazyCreationTargetSourceTests" time="0.005"/>
  <system-out><![CDATA[]]></system-out>
  <system-err><![CDATA[]]></system-err>
</testsuite>
