<?xml version="1.0" encoding="UTF-8"?>
<testsuite name="org.springframework.aop.interceptor.JamonPerformanceMonitorInterceptorTests" tests="2" skipped="0" failures="0" errors="0" timestamp="2020-12-16T17:20:39" hostname="DESKTOP-EMRC5FU" time="0.024">
  <properties/>
  <testcase name="testInvokeUnderTraceWithNormalProcessing" classname="org.springframework.aop.interceptor.JamonPerformanceMonitorInterceptorTests" time="0.022"/>
  <testcase name="testInvokeUnderTraceWithExceptionTracking" classname="org.springframework.aop.interceptor.JamonPerformanceMonitorInterceptorTests" time="0.002"/>
  <system-out><![CDATA[]]></system-out>
  <system-err><![CDATA[]]></system-err>
</testsuite>
