<?xml version="1.0" encoding="UTF-8"?>
<testsuite name="org.springframework.aop.aspectj.autoproxy.AspectJNamespaceHandlerTests" tests="4" skipped="0" failures="0" errors="0" timestamp="2020-12-16T17:20:38" hostname="DESKTOP-EMRC5FU" time="0.037">
  <properties/>
  <testcase name="testRegisterAutoProxyCreatorWhenAspectJAutoProxyCreatorAlreadyExists" classname="org.springframework.aop.aspectj.autoproxy.AspectJNamespaceHandlerTests" time="0.036"/>
  <testcase name="testRegisterAspectJAutoProxyCreatorWithExistingAutoProxyCreator" classname="org.springframework.aop.aspectj.autoproxy.AspectJNamespaceHandlerTests" time="0.0"/>
  <testcase name="testRegisterAspectJAutoProxyCreator" classname="org.springframework.aop.aspectj.autoproxy.AspectJNamespaceHandlerTests" time="0.0"/>
  <testcase name="testRegisterAutoProxyCreator" classname="org.springframework.aop.aspectj.autoproxy.AspectJNamespaceHandlerTests" time="0.001"/>
  <system-out><![CDATA[]]></system-out>
  <system-err><![CDATA[]]></system-err>
</testsuite>
