<?xml version="1.0" encoding="UTF-8"?>
<testsuite name="org.springframework.aop.framework.NullPrimitiveTests" tests="2" skipped="0" failures="0" errors="0" timestamp="2020-12-16T17:20:39" hostname="DESKTOP-EMRC5FU" time="0.004">
  <properties/>
  <testcase name="testNullPrimitiveWithCglibProxy" classname="org.springframework.aop.framework.NullPrimitiveTests" time="0.003"/>
  <testcase name="testNullPrimitiveWithJdkProxy" classname="org.springframework.aop.framework.NullPrimitiveTests" time="0.001"/>
  <system-out><![CDATA[]]></system-out>
  <system-err><![CDATA[]]></system-err>
</testsuite>
