<?xml version="1.0" encoding="UTF-8"?>
<testsuite name="org.springframework.aop.config.AopNamespaceHandlerPointcutErrorTests" tests="2" skipped="0" failures="0" errors="0" timestamp="2020-12-16T17:20:38" hostname="DESKTOP-EMRC5FU" time="0.018">
  <properties/>
  <testcase name="testMissingPointcutConfig" classname="org.springframework.aop.config.AopNamespaceHandlerPointcutErrorTests" time="0.01"/>
  <testcase name="testDuplicatePointcutConfig" classname="org.springframework.aop.config.AopNamespaceHandlerPointcutErrorTests" time="0.008"/>
  <system-out><![CDATA[]]></system-out>
  <system-err><![CDATA[]]></system-err>
</testsuite>
