<?xml version="1.0" encoding="UTF-8"?>
<testsuite name="org.springframework.aop.support.RegexpMethodPointcutAdvisorIntegrationTests" tests="3" skipped="0" failures="0" errors="0" timestamp="2020-12-16T17:20:39" hostname="DESKTOP-EMRC5FU" time="0.06">
  <properties/>
  <testcase name="testSerialization" classname="org.springframework.aop.support.RegexpMethodPointcutAdvisorIntegrationTests" time="0.032"/>
  <testcase name="testSinglePattern" classname="org.springframework.aop.support.RegexpMethodPointcutAdvisorIntegrationTests" time="0.012"/>
  <testcase name="testMultiplePatterns" classname="org.springframework.aop.support.RegexpMethodPointcutAdvisorIntegrationTests" time="0.015"/>
  <system-out><![CDATA[]]></system-out>
  <system-err><![CDATA[]]></system-err>
</testsuite>
