<?xml version="1.0" encoding="UTF-8"?>
<testsuite name="org.springframework.aop.support.DelegatingIntroductionInterceptorTests" tests="10" skipped="0" failures="0" errors="0" timestamp="2020-12-16T17:20:39" hostname="DESKTOP-EMRC5FU" time="0.03">
  <properties/>
  <testcase name="testIntroductionInterceptorWithSuperInterface" classname="org.springframework.aop.support.DelegatingIntroductionInterceptorTests" time="0.004"/>
  <testcase name="testIntroductionMasksTargetImplementation" classname="org.springframework.aop.support.DelegatingIntroductionInterceptorTests" time="0.002"/>
  <testcase name="testIntroductionInterceptorWithInterfaceHierarchy" classname="org.springframework.aop.support.DelegatingIntroductionInterceptorTests" time="0.002"/>
  <testcase name="testIntroductionInterceptorDoesntReplaceToString" classname="org.springframework.aop.support.DelegatingIntroductionInterceptorTests" time="0.002"/>
  <testcase name="testSerializableDelegatingIntroductionInterceptorSerializable" classname="org.springframework.aop.support.DelegatingIntroductionInterceptorTests" time="0.005"/>
  <testcase name="testDelegateReturnsThisIsMassagedToReturnProxy" classname="org.springframework.aop.support.DelegatingIntroductionInterceptorTests" time="0.003"/>
  <testcase name="testAutomaticInterfaceRecognitionInDelegate" classname="org.springframework.aop.support.DelegatingIntroductionInterceptorTests" time="0.002"/>
  <testcase name="testNullTarget" classname="org.springframework.aop.support.DelegatingIntroductionInterceptorTests" time="0.0"/>
  <testcase name="testIntroductionInterceptorWithDelegation" classname="org.springframework.aop.support.DelegatingIntroductionInterceptorTests" time="0.005"/>
  <testcase name="testAutomaticInterfaceRecognitionInSubclass" classname="org.springframework.aop.support.DelegatingIntroductionInterceptorTests" time="0.004"/>
  <system-out><![CDATA[]]></system-out>
  <system-err><![CDATA[]]></system-err>
</testsuite>
