<?xml version="1.0" encoding="UTF-8"?>
<testsuite name="org.springframework.aop.scope.ScopedProxyAutowireTests" tests="2" skipped="0" failures="0" errors="0" timestamp="2020-12-16T17:20:39" hostname="DESKTOP-EMRC5FU" time="0.028">
  <properties/>
  <testcase name="testScopedProxyInheritsAutowireCandidateFalse" classname="org.springframework.aop.scope.ScopedProxyAutowireTests" time="0.014"/>
  <testcase name="testScopedProxyReplacesAutowireCandidateTrue" classname="org.springframework.aop.scope.ScopedProxyAutowireTests" time="0.014"/>
  <system-out><![CDATA[]]></system-out>
  <system-err><![CDATA[]]></system-err>
</testsuite>
